#
# There is insufficient memory for the Java Runtime Environment to continue.
# Native memory allocation (mmap) failed to map 204472320 bytes for G1 virtual space
# Possible reasons:
#   The system is out of physical RAM or swap space
#   The process is running with CompressedOops enabled, and the Java Heap may be blocking the growth of the native heap
# Possible solutions:
#   Reduce memory load on the system
#   Increase physical memory or swap space
#   Check if swap backing store is full
#   Decrease Java heap size (-Xmx/-Xms)
#   Decrease number of Java threads
#   Decrease Java thread stack sizes (-Xss)
#   Set larger code cache with -XX:ReservedCodeCacheSize=
#   JVM is running with Unscaled Compressed Oops mode in which the Java heap is
#     placed in the first 4GB address space. The Java Heap base address is the
#     maximum limit for the native heap growth. Please use -XX:HeapBaseMinAddress
#     to set the Java Heap base and to place the Java Heap above 4GB virtual address.
# This output file may be truncated or incomplete.
#
#  Out of Memory Error (os_windows.cpp:3825), pid=13564, tid=2784
#
# JRE version: OpenJDK Runtime Environment (17.0.9) (build 17.0.9+0--11185874)
# Java VM: OpenJDK 64-Bit Server VM (17.0.9+0--11185874, mixed mode, tiered, compressed oops, compressed class ptrs, g1 gc, windows-amd64)
# No core dump will be written. Minidumps are not enabled by default on client versions of Windows
#

---------------  S U M M A R Y ------------

Command Line: --add-opens=java.base/java.util=ALL-UNNAMED --add-opens=java.base/java.lang=ALL-UNNAMED --add-opens=java.base/java.lang.invoke=ALL-UNNAMED --add-opens=java.prefs/java.util.prefs=ALL-UNNAMED --add-opens=java.base/java.nio.charset=ALL-UNNAMED --add-opens=java.base/java.net=ALL-UNNAMED --add-opens=java.base/java.util.concurrent.atomic=ALL-UNNAMED -Xmx2048m -Dfile.encoding=UTF-8 -Duser.country=RU -Duser.language=ru -Duser.variant -javaagent:C:\Users\alexeycode\.gradle\wrapper\dists\gradle-8.4-bin\1w5dpkrfk8irigvoxmyhowfim\gradle-8.4\lib\agents\gradle-instrumentation-agent-8.4.jar org.gradle.launcher.daemon.bootstrap.GradleDaemon 8.4

Host: AMD Ryzen 5 5500U with Radeon Graphics         , 12 cores, 7G,  Windows 11 , 64 bit Build 22621 (10.0.22621.3958)
Time: Wed Sep 18 15:52:11 2024 RTZ 2 (s 11 , 64 bit Build 22621 (10.0.22621.3958) elapsed time: 8.929723 seconds (0d 0h 0m 8s)

---------------  T H R E A D  ---------------

Current thread (0x00000204c2683bb0):  VMThread "VM Thread" [stack: 0x000000b1ac800000,0x000000b1ac900000] [id=2784]

Stack: [0x000000b1ac800000,0x000000b1ac900000]
Native frames: (J=compiled Java code, j=interpreted, Vv=VM code, C=native code)
V  [jvm.dll+0x6886e9]
V  [jvm.dll+0x841e4a]
V  [jvm.dll+0x843a8e]
V  [jvm.dll+0x8440f3]
V  [jvm.dll+0x24c14f]
V  [jvm.dll+0x685499]
V  [jvm.dll+0x679c2a]
V  [jvm.dll+0x30cf9b]
V  [jvm.dll+0x314446]
V  [jvm.dll+0x36425e]
V  [jvm.dll+0x36448f]
V  [jvm.dll+0x2e2d68]
V  [jvm.dll+0x2e0f44]
V  [jvm.dll+0x2e054c]
V  [jvm.dll+0x3253fb]
V  [jvm.dll+0x8487eb]
V  [jvm.dll+0x849531]
V  [jvm.dll+0x849a4d]
V  [jvm.dll+0x849e24]
V  [jvm.dll+0x849ef0]
V  [jvm.dll+0x7f06aa]
V  [jvm.dll+0x687565]
C  [ucrtbase.dll+0x29333]
C  [KERNEL32.DLL+0x1257d]
C  [ntdll.dll+0x5af28]

VM_Operation (0x000000b1ae0f0870): G1CollectForAllocation, mode: safepoint, requested by thread 0x00000204c8c4e210


---------------  P R O C E S S  ---------------

Threads class SMR info:
_java_thread_list=0x00000204c7d3be70, length=59, elements={
0x00000204a82719e0, 0x00000204c2696020, 0x00000204c2524410, 0x00000204c254e7d0,
0x00000204c253ffd0, 0x00000204c25409a0, 0x00000204c2541360, 0x00000204c2542050,
0x00000204c2542a50, 0x00000204c26b2400, 0x00000204c24c5620, 0x00000204c290f140,
0x00000204c82c6a00, 0x00000204c7db0070, 0x00000204c8bd9050, 0x00000204c7f11390,
0x00000204c8e54eb0, 0x00000204c8cf0030, 0x00000204c8c4e210, 0x00000204c7635360,
0x00000204c7632ff0, 0x00000204c7634940, 0x00000204c7633f20, 0x00000204c7635870,
0x00000204c94a75c0, 0x00000204c94aa860, 0x00000204c94a5760, 0x00000204c94a7ad0,
0x00000204c94a84f0, 0x00000204c94aa350, 0x00000204c94a5c70, 0x00000204c94a70b0,
0x00000204c94a6690, 0x00000204c94ac6c0, 0x00000204c94a8f10, 0x00000204c94a9e40,
0x00000204c94abca0, 0x00000204c94a9420, 0x00000204c94a8a00, 0x00000204c94ac1b0,
0x00000204c94a9930, 0x00000204c94a5250, 0x00000204c94a6ba0, 0x00000204c94ab280,
0x00000204c94acbd0, 0x00000204ca185670, 0x00000204ca184c50, 0x00000204ca1814a0,
0x00000204ca1823d0, 0x00000204ca1874d0, 0x00000204ca180060, 0x00000204ca182df0,
0x00000204ca186090, 0x00000204ca185160, 0x00000204ca1879e0, 0x00000204ca185b80,
0x00000204ca183300, 0x00000204ca1828e0, 0x00000204ca183810
}

Java Threads: ( => current thread )
  0x00000204a82719e0 JavaThread "main" [_thread_blocked, id=11596, stack(0x000000b1ac200000,0x000000b1ac300000)]
  0x00000204c2696020 JavaThread "Reference Handler" daemon [_thread_blocked, id=13416, stack(0x000000b1ac900000,0x000000b1aca00000)]
  0x00000204c2524410 JavaThread "Finalizer" daemon [_thread_blocked, id=23728, stack(0x000000b1aca00000,0x000000b1acb00000)]
  0x00000204c254e7d0 JavaThread "Signal Dispatcher" daemon [_thread_blocked, id=13424, stack(0x000000b1acb00000,0x000000b1acc00000)]
  0x00000204c253ffd0 JavaThread "Attach Listener" daemon [_thread_blocked, id=9640, stack(0x000000b1acc00000,0x000000b1acd00000)]
  0x00000204c25409a0 JavaThread "Service Thread" daemon [_thread_blocked, id=7000, stack(0x000000b1acd00000,0x000000b1ace00000)]
  0x00000204c2541360 JavaThread "Monitor Deflation Thread" daemon [_thread_blocked, id=7768, stack(0x000000b1ace00000,0x000000b1acf00000)]
  0x00000204c2542050 JavaThread "C2 CompilerThread0" daemon [_thread_blocked, id=29288, stack(0x000000b1acf00000,0x000000b1ad000000)]
  0x00000204c2542a50 JavaThread "C1 CompilerThread0" daemon [_thread_blocked, id=15540, stack(0x000000b1ad000000,0x000000b1ad100000)]
  0x00000204c26b2400 JavaThread "Sweeper thread" daemon [_thread_blocked, id=24980, stack(0x000000b1ad100000,0x000000b1ad200000)]
  0x00000204c24c5620 JavaThread "Common-Cleaner" daemon [_thread_blocked, id=18300, stack(0x000000b1ad200000,0x000000b1ad300000)]
  0x00000204c290f140 JavaThread "Notification Thread" daemon [_thread_blocked, id=10108, stack(0x000000b1ad300000,0x000000b1ad400000)]
  0x00000204c82c6a00 JavaThread "Daemon health stats" [_thread_blocked, id=5560, stack(0x000000b1adb00000,0x000000b1adc00000)]
  0x00000204c7db0070 JavaThread "Incoming local TCP Connector on port 62451" [_thread_in_native, id=15776, stack(0x000000b1ad600000,0x000000b1ad700000)]
  0x00000204c8bd9050 JavaThread "Daemon periodic checks" [_thread_blocked, id=25592, stack(0x000000b1adc00000,0x000000b1add00000)]
  0x00000204c7f11390 JavaThread "Daemon" [_thread_blocked, id=25348, stack(0x000000b1add00000,0x000000b1ade00000)]
  0x00000204c8e54eb0 JavaThread "Handler for socket connection from /127.0.0.1:62451 to /127.0.0.1:62452" [_thread_in_native, id=24256, stack(0x000000b1ade00000,0x000000b1adf00000)]
  0x00000204c8cf0030 JavaThread "Cancel handler" [_thread_blocked, id=22380, stack(0x000000b1adf00000,0x000000b1ae000000)]
  0x00000204c8c4e210 JavaThread "Daemon worker" [_thread_blocked, id=26632, stack(0x000000b1ae000000,0x000000b1ae100000)]
  0x00000204c7635360 JavaThread "Asynchronous log dispatcher for DefaultDaemonConnection: socket connection from /127.0.0.1:62451 to /127.0.0.1:62452" [_thread_blocked, id=20840, stack(0x000000b1ae100000,0x000000b1ae200000)]
  0x00000204c7632ff0 JavaThread "Stdin handler" [_thread_blocked, id=13548, stack(0x000000b1ae200000,0x000000b1ae300000)]
  0x00000204c7634940 JavaThread "Daemon client event forwarder" [_thread_blocked, id=27372, stack(0x000000b1ae300000,0x000000b1ae400000)]
  0x00000204c7633f20 JavaThread "Cache worker for journal cache (C:\Users\alexeycode\.gradle\caches\journal-1)" [_thread_blocked, id=3488, stack(0x000000b1aeb00000,0x000000b1aec00000)]
  0x00000204c7635870 JavaThread "File lock request listener" [_thread_in_native, id=12816, stack(0x000000b1aec00000,0x000000b1aed00000)]
  0x00000204c94a75c0 JavaThread "Cache worker for file hash cache (C:\Users\alexeycode\.gradle\caches\8.4\fileHashes)" [_thread_blocked, id=28960, stack(0x000000b1aed00000,0x000000b1aee00000)]
  0x00000204c94aa860 JavaThread "File watcher server" daemon [_thread_blocked, id=24948, stack(0x000000b1aee00000,0x000000b1aef00000)]
  0x00000204c94a5760 JavaThread "File watcher consumer" daemon [_thread_blocked, id=2996, stack(0x000000b1aef00000,0x000000b1af000000)]
  0x00000204c94a7ad0 JavaThread "jar transforms" [_thread_blocked, id=19992, stack(0x000000b1af000000,0x000000b1af100000)]
  0x00000204c94a84f0 JavaThread "jar transforms Thread 2" [_thread_blocked, id=17380, stack(0x000000b1af100000,0x000000b1af200000)]
  0x00000204c94aa350 JavaThread "jar transforms Thread 3" [_thread_blocked, id=8648, stack(0x000000b1af200000,0x000000b1af300000)]
  0x00000204c94a5c70 JavaThread "jar transforms Thread 4" [_thread_blocked, id=13684, stack(0x000000b1af300000,0x000000b1af400000)]
  0x00000204c94a70b0 JavaThread "jar transforms Thread 5" [_thread_blocked, id=4196, stack(0x000000b1af400000,0x000000b1af500000)]
  0x00000204c94a6690 JavaThread "jar transforms Thread 6" [_thread_blocked, id=17412, stack(0x000000b1af500000,0x000000b1af600000)]
  0x00000204c94ac6c0 JavaThread "jar transforms Thread 7" [_thread_blocked, id=6752, stack(0x000000b1af600000,0x000000b1af700000)]
  0x00000204c94a8f10 JavaThread "jar transforms Thread 8" [_thread_blocked, id=2424, stack(0x000000b1af700000,0x000000b1af800000)]
  0x00000204c94a9e40 JavaThread "jar transforms Thread 9" [_thread_blocked, id=13440, stack(0x000000b1af800000,0x000000b1af900000)]
  0x00000204c94abca0 JavaThread "jar transforms Thread 10" [_thread_blocked, id=18596, stack(0x000000b1af900000,0x000000b1afa00000)]
  0x00000204c94a9420 JavaThread "jar transforms Thread 11" [_thread_blocked, id=14860, stack(0x000000b1afa00000,0x000000b1afb00000)]
  0x00000204c94a8a00 JavaThread "jar transforms Thread 12" [_thread_blocked, id=18448, stack(0x000000b1afb00000,0x000000b1afc00000)]
  0x00000204c94ac1b0 JavaThread "Cache worker for checksums cache (C:\Users\alexeycode\AndroidStudioProjects\ThirdKotlinProject\.gradle\8.4\checksums)" [_thread_blocked, id=26208, stack(0x000000b1afc00000,0x000000b1afd00000)]
  0x00000204c94a9930 JavaThread "Cache worker for file hash cache (C:\Users\alexeycode\AndroidStudioProjects\ThirdKotlinProject\.gradle\8.4\fileHashes)" [_thread_blocked, id=12672, stack(0x000000b1afd00000,0x000000b1afe00000)]
  0x00000204c94a5250 JavaThread "Cache worker for cache directory md-supplier (C:\Users\alexeycode\.gradle\caches\8.4\md-supplier)" [_thread_blocked, id=17772, stack(0x000000b1aff00000,0x000000b1b0000000)]
  0x00000204c94a6ba0 JavaThread "Cache worker for file content cache (C:\Users\alexeycode\.gradle\caches\8.4\fileContent)" [_thread_blocked, id=18116, stack(0x000000b1b0000000,0x000000b1b0100000)]
  0x00000204c94ab280 JavaThread "Cache worker for cache directory md-rule (C:\Users\alexeycode\.gradle\caches\8.4\md-rule)" [_thread_blocked, id=13952, stack(0x000000b1b0100000,0x000000b1b0200000)]
  0x00000204c94acbd0 JavaThread "Cache worker for execution history cache (C:\Users\alexeycode\.gradle\caches\8.4\executionHistory)" [_thread_blocked, id=3352, stack(0x000000b1b0200000,0x000000b1b0300000)]
  0x00000204ca185670 JavaThread "Cache worker for kotlin-dsl (C:\Users\alexeycode\.gradle\caches\8.4\kotlin-dsl)" [_thread_blocked, id=1892, stack(0x000000b1b0300000,0x000000b1b0400000)]
  0x00000204ca184c50 JavaThread "Cache worker for dependencies-accessors (C:\Users\alexeycode\AndroidStudioProjects\ThirdKotlinProject\.gradle\8.4\dependencies-accessors)" [_thread_blocked, id=22500, stack(0x000000b1b0400000,0x000000b1b0500000)]
  0x00000204ca1814a0 JavaThread "Cache worker for Build Output Cleanup Cache (C:\Users\alexeycode\AndroidStudioProjects\ThirdKotlinProject\.gradle\buildOutputCleanup)" [_thread_blocked, id=9888, stack(0x000000b1b0500000,0x000000b1b0600000)]
  0x00000204ca1823d0 JavaThread "Unconstrained build operations" [_thread_blocked, id=18744, stack(0x000000b1b0600000,0x000000b1b0700000)]
  0x00000204ca1874d0 JavaThread "Unconstrained build operations Thread 2" [_thread_blocked, id=14864, stack(0x000000b1b0700000,0x000000b1b0800000)]
  0x00000204ca180060 JavaThread "Unconstrained build operations Thread 3" [_thread_blocked, id=16812, stack(0x000000b1b0800000,0x000000b1b0900000)]
  0x00000204ca182df0 JavaThread "Unconstrained build operations Thread 4" [_thread_blocked, id=23724, stack(0x000000b1b0900000,0x000000b1b0a00000)]
  0x00000204ca186090 JavaThread "Unconstrained build operations Thread 5" [_thread_blocked, id=28788, stack(0x000000b1b0a00000,0x000000b1b0b00000)]
  0x00000204ca185160 JavaThread "Unconstrained build operations Thread 6" [_thread_blocked, id=23212, stack(0x000000b1b0b00000,0x000000b1b0c00000)]
  0x00000204ca1879e0 JavaThread "Unconstrained build operations Thread 7" [_thread_blocked, id=5072, stack(0x000000b1b0c00000,0x000000b1b0d00000)]
  0x00000204ca185b80 JavaThread "Unconstrained build operations Thread 8" [_thread_blocked, id=24032, stack(0x000000b1b0d00000,0x000000b1b0e00000)]
  0x00000204ca183300 JavaThread "Unconstrained build operations Thread 9" [_thread_blocked, id=22960, stack(0x000000b1b0e00000,0x000000b1b0f00000)]
  0x00000204ca1828e0 JavaThread "Unconstrained build operations Thread 10" [_thread_blocked, id=29040, stack(0x000000b1b0f00000,0x000000b1b1000000)]
  0x00000204ca183810 JavaThread "Unconstrained build operations Thread 11" [_thread_blocked, id=26780, stack(0x000000b1b1000000,0x000000b1b1100000)]

Other Threads:
=>0x00000204c2683bb0 VMThread "VM Thread" [stack: 0x000000b1ac800000,0x000000b1ac900000] [id=2784]
  0x00000204c28db650 WatcherThread [stack: 0x000000b1ad400000,0x000000b1ad500000] [id=18888]
  0x00000204a607e870 GCTaskThread "GC Thread#0" [stack: 0x000000b1ac300000,0x000000b1ac400000] [id=19712]
  0x00000204c791d020 GCTaskThread "GC Thread#1" [stack: 0x000000b1ad700000,0x000000b1ad800000] [id=8476]
  0x00000204c7921940 GCTaskThread "GC Thread#2" [stack: 0x000000b1ad800000,0x000000b1ad900000] [id=7140]
  0x00000204c7cfe9b0 GCTaskThread "GC Thread#3" [stack: 0x000000b1ad900000,0x000000b1ada00000] [id=4912]
  0x00000204c795d8d0 GCTaskThread "GC Thread#4" [stack: 0x000000b1ada00000,0x000000b1adb00000] [id=10864]
  0x00000204c846f260 GCTaskThread "GC Thread#5" [stack: 0x000000b1ae400000,0x000000b1ae500000] [id=18428]
  0x00000204c884deb0 GCTaskThread "GC Thread#6" [stack: 0x000000b1ae500000,0x000000b1ae600000] [id=29004]
  0x00000204c7d3cec0 GCTaskThread "GC Thread#7" [stack: 0x000000b1ae600000,0x000000b1ae700000] [id=11436]
  0x00000204c8cf0510 GCTaskThread "GC Thread#8" [stack: 0x000000b1ae700000,0x000000b1ae800000] [id=28772]
  0x00000204c8791050 GCTaskThread "GC Thread#9" [stack: 0x000000b1ae800000,0x000000b1ae900000] [id=23988]
  0x00000204a82d9120 ConcurrentGCThread "G1 Main Marker" [stack: 0x000000b1ac400000,0x000000b1ac500000] [id=11808]
  0x00000204a82d9a50 ConcurrentGCThread "G1 Conc#0" [stack: 0x000000b1ac500000,0x000000b1ac600000] [id=28916]
  0x00000204c884d710 ConcurrentGCThread "G1 Conc#1" [stack: 0x000000b1ae900000,0x000000b1aea00000] [id=23300]
  0x00000204c85bece0 ConcurrentGCThread "G1 Conc#2" [stack: 0x000000b1aea00000,0x000000b1aeb00000] [id=6124]
  0x00000204a831e730 ConcurrentGCThread "G1 Refine#0" [stack: 0x000000b1ac600000,0x000000b1ac700000] [id=25456]
  0x00000204cb1eaec0 ConcurrentGCThread "G1 Refine#1" [stack: 0x000000b1afe00000,0x000000b1aff00000] [id=9320]
  0x00000204caeaadc0 ConcurrentGCThread "G1 Refine#2" [stack: 0x000000b1ad500000,0x000000b1ad600000] [id=20308]
  0x00000204caeab0b0 ConcurrentGCThread "G1 Refine#3" [stack: 0x000000b1b1100000,0x000000b1b1200000] [id=14088]
  0x00000204caeab3a0 ConcurrentGCThread "G1 Refine#4" [stack: 0x000000b1b1200000,0x000000b1b1300000] [id=17356]
  0x00000204caea78e0 ConcurrentGCThread "G1 Refine#5" [stack: 0x000000b1b1300000,0x000000b1b1400000] [id=1740]
  0x00000204caea7bd0 ConcurrentGCThread "G1 Refine#6" [stack: 0x000000b1b1400000,0x000000b1b1500000] [id=10276]
  0x00000204cbcc9040 ConcurrentGCThread "G1 Refine#7" [stack: 0x000000b1b1500000,0x000000b1b1600000] [id=18684]
  0x00000204cbcc72e0 ConcurrentGCThread "G1 Refine#8" [stack: 0x000000b1b1600000,0x000000b1b1700000] [id=18352]
  0x00000204c2390760 ConcurrentGCThread "G1 Service" [stack: 0x000000b1ac700000,0x000000b1ac800000] [id=26392]

Threads with active compile tasks:
C2 CompilerThread0     8940 7620       4       java.lang.Class::privateGetPublicMethods (224 bytes)
C1 CompilerThread0     8940 7694       3       org.jetbrains.kotlin.protobuf.FieldSet::isInitialized (133 bytes)

VM state: at safepoint (normal execution)

VM Mutex/Monitor currently owned by a thread:  ([mutex/lock_event])
[0x00000204a826e050] Threads_lock - owner thread: 0x00000204c2683bb0
[0x00000204a826c820] Heap_lock - owner thread: 0x00000204c8c4e210

Heap address: 0x0000000080000000, size: 2048 MB, Compressed Oops mode: 32-bit

CDS archive(s) not mapped
Compressed class space mapped at: 0x0000000100000000-0x0000000140000000, reserved size: 1073741824
Narrow klass base: 0x0000000000000000, Narrow klass shift: 3, Narrow klass range: 0x140000000

GC Precious Log:
 CPUs: 12 total, 12 available
 Memory: 7514M
 Large Page Support: Disabled
 NUMA Support: Disabled
 Compressed Oops: Enabled (32-bit)
 Heap Region Size: 1M
 Heap Min Capacity: 8M
 Heap Initial Capacity: 118M
 Heap Max Capacity: 2G
 Pre-touch: Disabled
 Parallel Workers: 10
 Concurrent Workers: 3
 Concurrent Refinement Workers: 10
 Periodic GC: Disabled

Heap:
 garbage-first heap   total 199680K, used 123377K [0x0000000080000000, 0x0000000100000000)
  region size 1024K, 4 young (4096K), 4 survivors (4096K)
 Metaspace       used 89188K, committed 89792K, reserved 1179648K
  class space    used 12149K, committed 12416K, reserved 1048576K

Heap Regions: E=young(eden), S=young(survivor), O=old, HS=humongous(starts), HC=humongous(continues), CS=collection set, F=free, OA=open archive, CA=closed archive, TAMS=top-at-mark-start (previous, next)
|   0|0x0000000080000000, 0x0000000080100000, 0x0000000080100000|100%|HS|  |TAMS 0x0000000080100000, 0x0000000080000000| Complete 
|   1|0x0000000080100000, 0x0000000080200000, 0x0000000080200000|100%|HC|  |TAMS 0x0000000080200000, 0x0000000080100000| Complete 
|   2|0x0000000080200000, 0x0000000080300000, 0x0000000080300000|100%|HC|  |TAMS 0x0000000080300000, 0x0000000080200000| Complete 
|   3|0x0000000080300000, 0x0000000080400000, 0x0000000080400000|100%|HC|  |TAMS 0x0000000080400000, 0x0000000080300000| Complete 
|   4|0x0000000080400000, 0x0000000080500000, 0x0000000080500000|100%| O|  |TAMS 0x0000000080500000, 0x0000000080400000| Untracked 
|   5|0x0000000080500000, 0x0000000080600000, 0x0000000080600000|100%| O|  |TAMS 0x0000000080600000, 0x0000000080500000| Untracked 
|   6|0x0000000080600000, 0x0000000080700000, 0x0000000080700000|100%| O|  |TAMS 0x0000000080700000, 0x0000000080600000| Untracked 
|   7|0x0000000080700000, 0x0000000080800000, 0x0000000080800000|100%| O|  |TAMS 0x0000000080800000, 0x0000000080700000| Untracked 
|   8|0x0000000080800000, 0x0000000080900000, 0x0000000080900000|100%| O|  |TAMS 0x0000000080900000, 0x0000000080800000| Untracked 
|   9|0x0000000080900000, 0x0000000080a00000, 0x0000000080a00000|100%| O|  |TAMS 0x0000000080a00000, 0x0000000080900000| Untracked 
|  10|0x0000000080a00000, 0x0000000080b00000, 0x0000000080b00000|100%| O|  |TAMS 0x0000000080b00000, 0x0000000080a00000| Untracked 
|  11|0x0000000080b00000, 0x0000000080c00000, 0x0000000080c00000|100%| O|  |TAMS 0x0000000080c00000, 0x0000000080b00000| Untracked 
|  12|0x0000000080c00000, 0x0000000080d00000, 0x0000000080d00000|100%| O|  |TAMS 0x0000000080d00000, 0x0000000080c00000| Untracked 
|  13|0x0000000080d00000, 0x0000000080e00000, 0x0000000080e00000|100%| O|  |TAMS 0x0000000080e00000, 0x0000000080d00000| Untracked 
|  14|0x0000000080e00000, 0x0000000080f00000, 0x0000000080f00000|100%| O|  |TAMS 0x0000000080f00000, 0x0000000080e00000| Untracked 
|  15|0x0000000080f00000, 0x0000000081000000, 0x0000000081000000|100%| O|  |TAMS 0x0000000081000000, 0x0000000080f00000| Untracked 
|  16|0x0000000081000000, 0x0000000081100000, 0x0000000081100000|100%| O|  |TAMS 0x0000000081100000, 0x0000000081000000| Untracked 
|  17|0x0000000081100000, 0x0000000081200000, 0x0000000081200000|100%| O|  |TAMS 0x0000000081200000, 0x0000000081100000| Untracked 
|  18|0x0000000081200000, 0x0000000081300000, 0x0000000081300000|100%| O|  |TAMS 0x0000000081300000, 0x0000000081200000| Untracked 
|  19|0x0000000081300000, 0x0000000081400000, 0x0000000081400000|100%|HS|  |TAMS 0x0000000081400000, 0x0000000081300000| Complete 
|  20|0x0000000081400000, 0x0000000081500000, 0x0000000081500000|100%|HC|  |TAMS 0x0000000081500000, 0x0000000081400000| Complete 
|  21|0x0000000081500000, 0x0000000081600000, 0x0000000081600000|100%|HS|  |TAMS 0x0000000081600000, 0x0000000081500000| Complete 
|  22|0x0000000081600000, 0x0000000081700000, 0x0000000081700000|100%|HC|  |TAMS 0x0000000081700000, 0x0000000081600000| Complete 
|  23|0x0000000081700000, 0x0000000081800000, 0x0000000081800000|100%|HC|  |TAMS 0x0000000081800000, 0x0000000081700000| Complete 
|  24|0x0000000081800000, 0x0000000081900000, 0x0000000081900000|100%|HS|  |TAMS 0x0000000081900000, 0x0000000081800000| Complete 
|  25|0x0000000081900000, 0x0000000081a00000, 0x0000000081a00000|100%|HC|  |TAMS 0x0000000081a00000, 0x0000000081900000| Complete 
|  26|0x0000000081a00000, 0x0000000081b00000, 0x0000000081b00000|100%|HC|  |TAMS 0x0000000081b00000, 0x0000000081a00000| Complete 
|  27|0x0000000081b00000, 0x0000000081c00000, 0x0000000081c00000|100%|HS|  |TAMS 0x0000000081c00000, 0x0000000081b00000| Complete 
|  28|0x0000000081c00000, 0x0000000081d00000, 0x0000000081d00000|100%|HC|  |TAMS 0x0000000081d00000, 0x0000000081c00000| Complete 
|  29|0x0000000081d00000, 0x0000000081e00000, 0x0000000081e00000|100%|HC|  |TAMS 0x0000000081e00000, 0x0000000081d00000| Complete 
|  30|0x0000000081e00000, 0x0000000081f00000, 0x0000000081f00000|100%| O|  |TAMS 0x0000000081f00000, 0x0000000081e00000| Untracked 
|  31|0x0000000081f00000, 0x0000000082000000, 0x0000000082000000|100%| O|  |TAMS 0x0000000082000000, 0x0000000081f00000| Untracked 
|  32|0x0000000082000000, 0x0000000082100000, 0x0000000082100000|100%| O|  |TAMS 0x0000000082100000, 0x0000000082000000| Untracked 
|  33|0x0000000082100000, 0x0000000082200000, 0x0000000082200000|100%| O|  |TAMS 0x0000000082200000, 0x0000000082100000| Untracked 
|  34|0x0000000082200000, 0x0000000082300000, 0x0000000082300000|100%| O|  |TAMS 0x0000000082300000, 0x0000000082200000| Untracked 
|  35|0x0000000082300000, 0x0000000082400000, 0x0000000082400000|100%| O|  |TAMS 0x0000000082400000, 0x0000000082300000| Untracked 
|  36|0x0000000082400000, 0x0000000082500000, 0x0000000082500000|100%| O|  |TAMS 0x0000000082500000, 0x0000000082400000| Untracked 
|  37|0x0000000082500000, 0x0000000082600000, 0x0000000082600000|100%| O|  |TAMS 0x0000000082600000, 0x0000000082500000| Untracked 
|  38|0x0000000082600000, 0x0000000082700000, 0x0000000082700000|100%| O|  |TAMS 0x0000000082700000, 0x0000000082600000| Untracked 
|  39|0x0000000082700000, 0x0000000082800000, 0x0000000082800000|100%| O|  |TAMS 0x0000000082800000, 0x0000000082700000| Untracked 
|  40|0x0000000082800000, 0x0000000082900000, 0x0000000082900000|100%| O|  |TAMS 0x0000000082900000, 0x0000000082800000| Untracked 
|  41|0x0000000082900000, 0x0000000082a00000, 0x0000000082a00000|100%| O|  |TAMS 0x0000000082a00000, 0x0000000082900000| Untracked 
|  42|0x0000000082a00000, 0x0000000082b00000, 0x0000000082b00000|100%| O|  |TAMS 0x0000000082b00000, 0x0000000082a00000| Untracked 
|  43|0x0000000082b00000, 0x0000000082c00000, 0x0000000082c00000|100%| O|  |TAMS 0x0000000082c00000, 0x0000000082b00000| Untracked 
|  44|0x0000000082c00000, 0x0000000082d00000, 0x0000000082d00000|100%| O|  |TAMS 0x0000000082c00000, 0x0000000082c00000| Untracked 
|  45|0x0000000082d00000, 0x0000000082e00000, 0x0000000082e00000|100%|HS|  |TAMS 0x0000000082e00000, 0x0000000082d00000| Complete 
|  46|0x0000000082e00000, 0x0000000082f00000, 0x0000000082f00000|100%|HC|  |TAMS 0x0000000082f00000, 0x0000000082e00000| Complete 
|  47|0x0000000082f00000, 0x0000000083000000, 0x0000000083000000|100%|HC|  |TAMS 0x0000000083000000, 0x0000000082f00000| Complete 
|  48|0x0000000083000000, 0x0000000083100000, 0x0000000083100000|100%| O|  |TAMS 0x0000000083100000, 0x0000000083000000| Untracked 
|  49|0x0000000083100000, 0x0000000083200000, 0x0000000083200000|100%| O|  |TAMS 0x0000000083200000, 0x0000000083100000| Untracked 
|  50|0x0000000083200000, 0x0000000083300000, 0x0000000083300000|100%|HS|  |TAMS 0x0000000083200000, 0x0000000083200000| Complete 
|  51|0x0000000083300000, 0x0000000083400000, 0x0000000083400000|100%| O|  |TAMS 0x0000000083400000, 0x0000000083300000| Untracked 
|  52|0x0000000083400000, 0x0000000083500000, 0x0000000083500000|100%| O|  |TAMS 0x0000000083500000, 0x0000000083400000| Untracked 
|  53|0x0000000083500000, 0x0000000083600000, 0x0000000083600000|100%| O|  |TAMS 0x0000000083600000, 0x0000000083500000| Untracked 
|  54|0x0000000083600000, 0x0000000083700000, 0x0000000083700000|100%| O|  |TAMS 0x0000000083700000, 0x0000000083600000| Untracked 
|  55|0x0000000083700000, 0x0000000083800000, 0x0000000083800000|100%| O|  |TAMS 0x0000000083800000, 0x0000000083700000| Untracked 
|  56|0x0000000083800000, 0x0000000083900000, 0x0000000083900000|100%| O|  |TAMS 0x0000000083900000, 0x0000000083800000| Untracked 
|  57|0x0000000083900000, 0x0000000083a00000, 0x0000000083a00000|100%| O|  |TAMS 0x0000000083a00000, 0x0000000083900000| Untracked 
|  58|0x0000000083a00000, 0x0000000083b00000, 0x0000000083b00000|100%| O|  |TAMS 0x0000000083b00000, 0x0000000083a00000| Untracked 
|  59|0x0000000083b00000, 0x0000000083c00000, 0x0000000083c00000|100%| O|  |TAMS 0x0000000083c00000, 0x0000000083b00000| Untracked 
|  60|0x0000000083c00000, 0x0000000083d00000, 0x0000000083d00000|100%| O|  |TAMS 0x0000000083d00000, 0x0000000083c00000| Untracked 
|  61|0x0000000083d00000, 0x0000000083e00000, 0x0000000083e00000|100%| O|  |TAMS 0x0000000083e00000, 0x0000000083d00000| Untracked 
|  62|0x0000000083e00000, 0x0000000083f00000, 0x0000000083f00000|100%| O|  |TAMS 0x0000000083f00000, 0x0000000083e00000| Untracked 
|  63|0x0000000083f00000, 0x0000000084000000, 0x0000000084000000|100%| O|  |TAMS 0x0000000084000000, 0x0000000083f00000| Untracked 
|  64|0x0000000084000000, 0x0000000084100000, 0x0000000084100000|100%| O|  |TAMS 0x0000000084100000, 0x0000000084000000| Untracked 
|  65|0x0000000084100000, 0x0000000084200000, 0x0000000084200000|100%| O|  |TAMS 0x0000000084200000, 0x0000000084100000| Untracked 
|  66|0x0000000084200000, 0x0000000084300000, 0x0000000084300000|100%| O|  |TAMS 0x0000000084296c00, 0x0000000084200000| Untracked 
|  67|0x0000000084300000, 0x0000000084400000, 0x0000000084400000|100%|HS|  |TAMS 0x0000000084300000, 0x0000000084300000| Complete 
|  68|0x0000000084400000, 0x0000000084500000, 0x0000000084500000|100%|HS|  |TAMS 0x0000000084400000, 0x0000000084400000| Complete 
|  69|0x0000000084500000, 0x0000000084600000, 0x0000000084600000|100%| O|  |TAMS 0x0000000084500000, 0x0000000084500000| Untracked 
|  70|0x0000000084600000, 0x0000000084700000, 0x0000000084700000|100%| O|  |TAMS 0x0000000084600000, 0x0000000084600000| Untracked 
|  71|0x0000000084700000, 0x0000000084800000, 0x0000000084800000|100%| O|  |TAMS 0x0000000084700000, 0x0000000084700000| Untracked 
|  72|0x0000000084800000, 0x0000000084900000, 0x0000000084900000|100%| O|  |TAMS 0x0000000084800000, 0x0000000084800000| Untracked 
|  73|0x0000000084900000, 0x0000000084a00000, 0x0000000084a00000|100%| O|  |TAMS 0x0000000084900000, 0x0000000084900000| Untracked 
|  74|0x0000000084a00000, 0x0000000084b00000, 0x0000000084b00000|100%| O|  |TAMS 0x0000000084a00000, 0x0000000084a00000| Untracked 
|  75|0x0000000084b00000, 0x0000000084c00000, 0x0000000084c00000|100%| O|  |TAMS 0x0000000084b00000, 0x0000000084b00000| Untracked 
|  76|0x0000000084c00000, 0x0000000084d00000, 0x0000000084d00000|100%| O|  |TAMS 0x0000000084c00000, 0x0000000084c00000| Untracked 
|  77|0x0000000084d00000, 0x0000000084e00000, 0x0000000084e00000|100%| O|  |TAMS 0x0000000084d00000, 0x0000000084d00000| Untracked 
|  78|0x0000000084e00000, 0x0000000084f00000, 0x0000000084f00000|100%| O|  |TAMS 0x0000000084e00000, 0x0000000084e00000| Untracked 
|  79|0x0000000084f00000, 0x0000000085000000, 0x0000000085000000|100%| O|  |TAMS 0x0000000084f00000, 0x0000000084f00000| Untracked 
|  80|0x0000000085000000, 0x0000000085100000, 0x0000000085100000|100%| O|  |TAMS 0x0000000085000000, 0x0000000085000000| Untracked 
|  81|0x0000000085100000, 0x0000000085200000, 0x0000000085200000|100%| O|  |TAMS 0x0000000085100000, 0x0000000085100000| Untracked 
|  82|0x0000000085200000, 0x0000000085300000, 0x0000000085300000|100%| O|  |TAMS 0x0000000085200000, 0x0000000085200000| Untracked 
|  83|0x0000000085300000, 0x0000000085400000, 0x0000000085400000|100%|HS|  |TAMS 0x0000000085300000, 0x0000000085300000| Complete 
|  84|0x0000000085400000, 0x0000000085500000, 0x0000000085500000|100%|HC|  |TAMS 0x0000000085400000, 0x0000000085400000| Complete 
|  85|0x0000000085500000, 0x0000000085600000, 0x0000000085600000|100%|HS|  |TAMS 0x0000000085500000, 0x0000000085500000| Complete 
|  86|0x0000000085600000, 0x0000000085700000, 0x0000000085700000|100%| O|  |TAMS 0x0000000085600000, 0x0000000085600000| Untracked 
|  87|0x0000000085700000, 0x0000000085800000, 0x0000000085800000|100%| O|  |TAMS 0x0000000085700000, 0x0000000085700000| Untracked 
|  88|0x0000000085800000, 0x0000000085900000, 0x0000000085900000|100%| O|  |TAMS 0x0000000085800000, 0x0000000085800000| Untracked 
|  89|0x0000000085900000, 0x0000000085a00000, 0x0000000085a00000|100%| O|  |TAMS 0x0000000085900000, 0x0000000085900000| Untracked 
|  90|0x0000000085a00000, 0x0000000085b00000, 0x0000000085b00000|100%| O|  |TAMS 0x0000000085a00000, 0x0000000085a00000| Untracked 
|  91|0x0000000085b00000, 0x0000000085c00000, 0x0000000085c00000|100%| O|  |TAMS 0x0000000085b00000, 0x0000000085b00000| Untracked 
|  92|0x0000000085c00000, 0x0000000085d00000, 0x0000000085d00000|100%| O|  |TAMS 0x0000000085c00000, 0x0000000085c00000| Untracked 
|  93|0x0000000085d00000, 0x0000000085e00000, 0x0000000085e00000|100%|HS|  |TAMS 0x0000000085d00000, 0x0000000085d00000| Complete 
|  94|0x0000000085e00000, 0x0000000085f00000, 0x0000000085f00000|100%|HC|  |TAMS 0x0000000085e00000, 0x0000000085e00000| Complete 
|  95|0x0000000085f00000, 0x0000000086000000, 0x0000000086000000|100%|HC|  |TAMS 0x0000000085f00000, 0x0000000085f00000| Complete 
|  96|0x0000000086000000, 0x0000000086100000, 0x0000000086100000|100%|HC|  |TAMS 0x0000000086000000, 0x0000000086000000| Complete 
|  97|0x0000000086100000, 0x0000000086200000, 0x0000000086200000|100%|HC|  |TAMS 0x0000000086100000, 0x0000000086100000| Complete 
|  98|0x0000000086200000, 0x0000000086300000, 0x0000000086300000|100%|HC|  |TAMS 0x0000000086200000, 0x0000000086200000| Complete 
|  99|0x0000000086300000, 0x0000000086400000, 0x0000000086400000|100%|HS|  |TAMS 0x0000000086300000, 0x0000000086300000| Complete 
| 100|0x0000000086400000, 0x0000000086500000, 0x0000000086500000|100%|HC|  |TAMS 0x0000000086400000, 0x0000000086400000| Complete 
| 101|0x0000000086500000, 0x0000000086600000, 0x0000000086600000|100%|HC|  |TAMS 0x0000000086500000, 0x0000000086500000| Complete 
| 102|0x0000000086600000, 0x0000000086700000, 0x0000000086700000|100%|HC|  |TAMS 0x0000000086600000, 0x0000000086600000| Complete 
| 103|0x0000000086700000, 0x0000000086800000, 0x0000000086800000|100%| O|  |TAMS 0x0000000086700000, 0x0000000086700000| Untracked 
| 104|0x0000000086800000, 0x0000000086900000, 0x0000000086900000|100%| O|  |TAMS 0x0000000086800000, 0x0000000086800000| Untracked 
| 105|0x0000000086900000, 0x0000000086a00000, 0x0000000086a00000|100%| O|  |TAMS 0x0000000086900000, 0x0000000086900000| Untracked 
| 106|0x0000000086a00000, 0x0000000086b00000, 0x0000000086b00000|100%| O|  |TAMS 0x0000000086a00000, 0x0000000086a00000| Untracked 
| 107|0x0000000086b00000, 0x0000000086c00000, 0x0000000086c00000|100%| O|  |TAMS 0x0000000086b00000, 0x0000000086b00000| Untracked 
| 108|0x0000000086c00000, 0x0000000086d00000, 0x0000000086d00000|100%| O|  |TAMS 0x0000000086c00000, 0x0000000086c00000| Untracked 
| 109|0x0000000086d00000, 0x0000000086e00000, 0x0000000086e00000|100%| O|  |TAMS 0x0000000086d00000, 0x0000000086d00000| Untracked 
| 110|0x0000000086e00000, 0x0000000086f00000, 0x0000000086f00000|100%| O|  |TAMS 0x0000000086e00000, 0x0000000086e00000| Untracked 
| 111|0x0000000086f00000, 0x0000000087000000, 0x0000000087000000|100%| O|  |TAMS 0x0000000086f00000, 0x0000000086f00000| Untracked 
| 112|0x0000000087000000, 0x0000000087100000, 0x0000000087100000|100%| O|  |TAMS 0x0000000087000000, 0x0000000087000000| Untracked 
| 113|0x0000000087100000, 0x0000000087200000, 0x0000000087200000|100%| O|  |TAMS 0x0000000087100000, 0x0000000087100000| Untracked 
| 114|0x0000000087200000, 0x0000000087300000, 0x0000000087300000|100%| O|  |TAMS 0x0000000087200000, 0x0000000087200000| Untracked 
| 115|0x0000000087300000, 0x0000000087400000, 0x0000000087400000|100%| O|  |TAMS 0x0000000087300000, 0x0000000087300000| Untracked 
| 116|0x0000000087400000, 0x00000000874fc600, 0x0000000087500000| 98%| O|  |TAMS 0x0000000087400000, 0x0000000087400000| Untracked 
| 117|0x0000000087500000, 0x0000000087500000, 0x0000000087600000|  0%| F|  |TAMS 0x0000000087500000, 0x0000000087500000| Untracked 
| 118|0x0000000087600000, 0x0000000087600000, 0x0000000087700000|  0%| F|  |TAMS 0x0000000087600000, 0x0000000087600000| Untracked 
| 119|0x0000000087700000, 0x0000000087700000, 0x0000000087800000|  0%| F|  |TAMS 0x0000000087700000, 0x0000000087700000| Untracked 
| 120|0x0000000087800000, 0x0000000087800000, 0x0000000087900000|  0%| F|  |TAMS 0x0000000087800000, 0x0000000087800000| Untracked 
| 121|0x0000000087900000, 0x0000000087900000, 0x0000000087a00000|  0%| F|  |TAMS 0x0000000087900000, 0x0000000087900000| Untracked 
| 122|0x0000000087a00000, 0x0000000087a00000, 0x0000000087b00000|  0%| F|  |TAMS 0x0000000087a00000, 0x0000000087a00000| Untracked 
| 123|0x0000000087b00000, 0x0000000087b00000, 0x0000000087c00000|  0%| F|  |TAMS 0x0000000087b00000, 0x0000000087b00000| Untracked 
| 124|0x0000000087c00000, 0x0000000087c00000, 0x0000000087d00000|  0%| F|  |TAMS 0x0000000087c00000, 0x0000000087c00000| Untracked 
| 125|0x0000000087d00000, 0x0000000087d00000, 0x0000000087e00000|  0%| F|  |TAMS 0x0000000087d00000, 0x0000000087d00000| Untracked 
| 126|0x0000000087e00000, 0x0000000087e00000, 0x0000000087f00000|  0%| F|  |TAMS 0x0000000087e00000, 0x0000000087e00000| Untracked 
| 127|0x0000000087f00000, 0x0000000087f00000, 0x0000000088000000|  0%| F|  |TAMS 0x0000000087f00000, 0x0000000087f00000| Untracked 
| 128|0x0000000088000000, 0x0000000088000000, 0x0000000088100000|  0%| F|  |TAMS 0x0000000088000000, 0x0000000088000000| Untracked 
| 129|0x0000000088100000, 0x0000000088100000, 0x0000000088200000|  0%| F|  |TAMS 0x0000000088100000, 0x0000000088100000| Untracked 
| 130|0x0000000088200000, 0x0000000088200000, 0x0000000088300000|  0%| F|  |TAMS 0x0000000088200000, 0x0000000088200000| Untracked 
| 131|0x0000000088300000, 0x0000000088300000, 0x0000000088400000|  0%| F|  |TAMS 0x0000000088300000, 0x0000000088300000| Untracked 
| 132|0x0000000088400000, 0x0000000088400000, 0x0000000088500000|  0%| F|  |TAMS 0x0000000088400000, 0x0000000088400000| Untracked 
| 133|0x0000000088500000, 0x0000000088500000, 0x0000000088600000|  0%| F|  |TAMS 0x0000000088500000, 0x0000000088500000| Untracked 
| 134|0x0000000088600000, 0x0000000088600000, 0x0000000088700000|  0%| F|  |TAMS 0x0000000088600000, 0x0000000088600000| Untracked 
| 135|0x0000000088700000, 0x0000000088700000, 0x0000000088800000|  0%| F|  |TAMS 0x0000000088700000, 0x0000000088700000| Untracked 
| 136|0x0000000088800000, 0x0000000088800000, 0x0000000088900000|  0%| F|  |TAMS 0x0000000088800000, 0x0000000088800000| Untracked 
| 137|0x0000000088900000, 0x0000000088900000, 0x0000000088a00000|  0%| F|  |TAMS 0x0000000088900000, 0x0000000088900000| Untracked 
| 138|0x0000000088a00000, 0x0000000088a00000, 0x0000000088b00000|  0%| F|  |TAMS 0x0000000088a00000, 0x0000000088a00000| Untracked 
| 139|0x0000000088b00000, 0x0000000088b00000, 0x0000000088c00000|  0%| F|  |TAMS 0x0000000088b00000, 0x0000000088b00000| Untracked 
| 140|0x0000000088c00000, 0x0000000088c00000, 0x0000000088d00000|  0%| F|  |TAMS 0x0000000088c00000, 0x0000000088c00000| Untracked 
| 141|0x0000000088d00000, 0x0000000088d00000, 0x0000000088e00000|  0%| F|  |TAMS 0x0000000088d00000, 0x0000000088d00000| Untracked 
| 142|0x0000000088e00000, 0x0000000088e00000, 0x0000000088f00000|  0%| F|  |TAMS 0x0000000088e00000, 0x0000000088e00000| Untracked 
| 143|0x0000000088f00000, 0x0000000088f00000, 0x0000000089000000|  0%| F|  |TAMS 0x0000000088f00000, 0x0000000088f00000| Untracked 
| 144|0x0000000089000000, 0x0000000089000000, 0x0000000089100000|  0%| F|  |TAMS 0x0000000089000000, 0x0000000089000000| Untracked 
| 145|0x0000000089100000, 0x0000000089100000, 0x0000000089200000|  0%| F|  |TAMS 0x0000000089100000, 0x0000000089100000| Untracked 
| 146|0x0000000089200000, 0x0000000089200000, 0x0000000089300000|  0%| F|  |TAMS 0x0000000089200000, 0x0000000089200000| Untracked 
| 147|0x0000000089300000, 0x0000000089300000, 0x0000000089400000|  0%| F|  |TAMS 0x0000000089300000, 0x0000000089300000| Untracked 
| 148|0x0000000089400000, 0x0000000089400000, 0x0000000089500000|  0%| F|  |TAMS 0x0000000089400000, 0x0000000089400000| Untracked 
| 149|0x0000000089500000, 0x0000000089500000, 0x0000000089600000|  0%| F|  |TAMS 0x0000000089500000, 0x0000000089500000| Untracked 
| 150|0x0000000089600000, 0x0000000089600000, 0x0000000089700000|  0%| F|  |TAMS 0x0000000089600000, 0x0000000089600000| Untracked 
| 151|0x0000000089700000, 0x0000000089700000, 0x0000000089800000|  0%| F|  |TAMS 0x0000000089700000, 0x0000000089700000| Untracked 
| 152|0x0000000089800000, 0x0000000089880138, 0x0000000089900000| 50%| S|CS|TAMS 0x0000000089800000, 0x0000000089800000| Complete 
| 153|0x0000000089900000, 0x0000000089a00000, 0x0000000089a00000|100%| S|CS|TAMS 0x0000000089900000, 0x0000000089900000| Complete 
| 154|0x0000000089a00000, 0x0000000089b00000, 0x0000000089b00000|100%| S|CS|TAMS 0x0000000089a00000, 0x0000000089a00000| Complete 
| 155|0x0000000089b00000, 0x0000000089c00000, 0x0000000089c00000|100%| S|CS|TAMS 0x0000000089b00000, 0x0000000089b00000| Complete 
| 156|0x0000000089c00000, 0x0000000089c00000, 0x0000000089d00000|  0%| F|  |TAMS 0x0000000089c00000, 0x0000000089c00000| Untracked 
| 157|0x0000000089d00000, 0x0000000089d00000, 0x0000000089e00000|  0%| F|  |TAMS 0x0000000089d00000, 0x0000000089d00000| Untracked 
| 158|0x0000000089e00000, 0x0000000089e00000, 0x0000000089f00000|  0%| F|  |TAMS 0x0000000089e00000, 0x0000000089e00000| Untracked 
| 159|0x0000000089f00000, 0x0000000089f00000, 0x000000008a000000|  0%| F|  |TAMS 0x0000000089f00000, 0x0000000089f00000| Untracked 
| 160|0x000000008a000000, 0x000000008a000000, 0x000000008a100000|  0%| F|  |TAMS 0x000000008a000000, 0x000000008a000000| Untracked 
| 161|0x000000008a100000, 0x000000008a100000, 0x000000008a200000|  0%| F|  |TAMS 0x000000008a100000, 0x000000008a100000| Untracked 
| 162|0x000000008a200000, 0x000000008a200000, 0x000000008a300000|  0%| F|  |TAMS 0x000000008a200000, 0x000000008a200000| Untracked 
| 163|0x000000008a300000, 0x000000008a300000, 0x000000008a400000|  0%| F|  |TAMS 0x000000008a300000, 0x000000008a300000| Untracked 
| 164|0x000000008a400000, 0x000000008a400000, 0x000000008a500000|  0%| F|  |TAMS 0x000000008a400000, 0x000000008a400000| Untracked 
| 165|0x000000008a500000, 0x000000008a500000, 0x000000008a600000|  0%| F|  |TAMS 0x000000008a500000, 0x000000008a500000| Untracked 
| 166|0x000000008a600000, 0x000000008a600000, 0x000000008a700000|  0%| F|  |TAMS 0x000000008a600000, 0x000000008a600000| Untracked 
| 167|0x000000008a700000, 0x000000008a700000, 0x000000008a800000|  0%| F|  |TAMS 0x000000008a700000, 0x000000008a700000| Untracked 
| 168|0x000000008a800000, 0x000000008a800000, 0x000000008a900000|  0%| F|  |TAMS 0x000000008a800000, 0x000000008a800000| Untracked 
| 169|0x000000008a900000, 0x000000008a900000, 0x000000008aa00000|  0%| F|  |TAMS 0x000000008a900000, 0x000000008a900000| Untracked 
| 170|0x000000008aa00000, 0x000000008aa00000, 0x000000008ab00000|  0%| F|  |TAMS 0x000000008aa00000, 0x000000008aa00000| Untracked 
| 171|0x000000008ab00000, 0x000000008ab00000, 0x000000008ac00000|  0%| F|  |TAMS 0x000000008ab00000, 0x000000008ab00000| Untracked 
| 172|0x000000008ac00000, 0x000000008ac00000, 0x000000008ad00000|  0%| F|  |TAMS 0x000000008ac00000, 0x000000008ac00000| Untracked 
| 173|0x000000008ad00000, 0x000000008ad00000, 0x000000008ae00000|  0%| F|  |TAMS 0x000000008ad00000, 0x000000008ad00000| Untracked 
| 174|0x000000008ae00000, 0x000000008ae00000, 0x000000008af00000|  0%| F|  |TAMS 0x000000008ae00000, 0x000000008ae00000| Untracked 
| 175|0x000000008af00000, 0x000000008af00000, 0x000000008b000000|  0%| F|  |TAMS 0x000000008af00000, 0x000000008af00000| Untracked 
| 176|0x000000008b000000, 0x000000008b000000, 0x000000008b100000|  0%| F|  |TAMS 0x000000008b000000, 0x000000008b000000| Untracked 
| 177|0x000000008b100000, 0x000000008b100000, 0x000000008b200000|  0%| F|  |TAMS 0x000000008b100000, 0x000000008b100000| Untracked 
| 178|0x000000008b200000, 0x000000008b200000, 0x000000008b300000|  0%| F|  |TAMS 0x000000008b200000, 0x000000008b200000| Untracked 
| 179|0x000000008b300000, 0x000000008b300000, 0x000000008b400000|  0%| F|  |TAMS 0x000000008b300000, 0x000000008b300000| Untracked 
| 180|0x000000008b400000, 0x000000008b400000, 0x000000008b500000|  0%| F|  |TAMS 0x000000008b400000, 0x000000008b400000| Untracked 
| 181|0x000000008b500000, 0x000000008b500000, 0x000000008b600000|  0%| F|  |TAMS 0x000000008b500000, 0x000000008b500000| Untracked 
| 182|0x000000008b600000, 0x000000008b600000, 0x000000008b700000|  0%| F|  |TAMS 0x000000008b600000, 0x000000008b600000| Untracked 
| 183|0x000000008b700000, 0x000000008b700000, 0x000000008b800000|  0%| F|  |TAMS 0x000000008b700000, 0x000000008b700000| Untracked 
| 184|0x000000008b800000, 0x000000008b800000, 0x000000008b900000|  0%| F|  |TAMS 0x000000008b800000, 0x000000008b800000| Untracked 
| 185|0x000000008b900000, 0x000000008b900000, 0x000000008ba00000|  0%| F|  |TAMS 0x000000008b900000, 0x000000008b900000| Untracked 
| 186|0x000000008ba00000, 0x000000008ba00000, 0x000000008bb00000|  0%| F|  |TAMS 0x000000008ba00000, 0x000000008ba00000| Untracked 
| 187|0x000000008bb00000, 0x000000008bb00000, 0x000000008bc00000|  0%| F|  |TAMS 0x000000008bb00000, 0x000000008bb00000| Untracked 
| 188|0x000000008bc00000, 0x000000008bc00000, 0x000000008bd00000|  0%| F|  |TAMS 0x000000008bc00000, 0x000000008bc00000| Untracked 
| 189|0x000000008bd00000, 0x000000008bd00000, 0x000000008be00000|  0%| F|  |TAMS 0x000000008bd00000, 0x000000008bd00000| Untracked 
| 190|0x000000008be00000, 0x000000008be00000, 0x000000008bf00000|  0%| F|  |TAMS 0x000000008be00000, 0x000000008be00000| Untracked 
| 191|0x000000008bf00000, 0x000000008bf00000, 0x000000008c000000|  0%| F|  |TAMS 0x000000008bf00000, 0x000000008bf00000| Untracked 
| 192|0x000000008c000000, 0x000000008c000000, 0x000000008c100000|  0%| F|  |TAMS 0x000000008c000000, 0x000000008c000000| Untracked 
| 193|0x000000008c100000, 0x000000008c100000, 0x000000008c200000|  0%| F|  |TAMS 0x000000008c100000, 0x000000008c100000| Untracked 
| 194|0x000000008c200000, 0x000000008c200000, 0x000000008c300000|  0%| F|  |TAMS 0x000000008c200000, 0x000000008c200000| Untracked 

Card table byte_map: [0x00000204bb0a0000,0x00000204bb4a0000] _byte_map_base: 0x00000204baca0000

Marking Bits (Prev, Next): (CMBitMap*) 0x00000204a82c87f0, (CMBitMap*) 0x00000204a82c8830
 Prev Bits: [0x00000204bb8a0000, 0x00000204bd8a0000)
 Next Bits: [0x00000204bd8a0000, 0x00000204bf8a0000)

Polling page: 0x00000204a5f70000

Metaspace:

Usage:
  Non-class:     75.23 MB used.
      Class:     11.86 MB used.
       Both:     87.10 MB used.

Virtual space:
  Non-class space:      128.00 MB reserved,      75.56 MB ( 59%) committed,  2 nodes.
      Class space:        1.00 GB reserved,      12.12 MB (  1%) committed,  1 nodes.
             Both:        1.12 GB reserved,      87.69 MB (  8%) committed. 

Chunk freelists:
   Non-Class:  4.08 MB
       Class:  3.88 MB
        Both:  7.95 MB

MaxMetaspaceSize: unlimited
CompressedClassSpaceSize: 1.00 GB
Initial GC threshold: 21.00 MB
Current GC threshold: 129.06 MB
CDS: off
MetaspaceReclaimPolicy: balanced
 - commit_granule_bytes: 65536.
 - commit_granule_words: 8192.
 - virtual_space_node_default_size: 8388608.
 - enlarge_chunks_in_place: 1.
 - new_chunks_are_fully_committed: 0.
 - uncommit_free_chunks: 1.
 - use_allocation_guard: 0.
 - handle_deallocations: 1.


Internal statistics:

num_allocs_failed_limit: 6.
num_arena_births: 816.
num_arena_deaths: 0.
num_vsnodes_births: 3.
num_vsnodes_deaths: 0.
num_space_committed: 1401.
num_space_uncommitted: 0.
num_chunks_returned_to_freelist: 6.
num_chunks_taken_from_freelist: 3863.
num_chunk_merges: 6.
num_chunk_splits: 2789.
num_chunks_enlarged: 2108.
num_inconsistent_stats: 0.

CodeHeap 'non-profiled nmethods': size=120000Kb used=3658Kb max_used=3658Kb free=116341Kb
 bounds [0x00000204b3210000, 0x00000204b35b0000, 0x00000204ba740000]
CodeHeap 'profiled nmethods': size=120000Kb used=13323Kb max_used=13323Kb free=106676Kb
 bounds [0x00000204ab740000, 0x00000204ac450000, 0x00000204b2c70000]
CodeHeap 'non-nmethods': size=5760Kb used=2384Kb max_used=2400Kb free=3375Kb
 bounds [0x00000204b2c70000, 0x00000204b2ee0000, 0x00000204b3210000]
 total_blobs=7813 nmethods=6895 adapters=830
 compilation: enabled
              stopped_count=0, restarted_count=0
 full_count=0

Compilation events (20 events):
Event: 8.908 Thread 0x00000204c2542a50 nmethod 7682 0x00000204ac421910 code [0x00000204ac421ac0, 0x00000204ac421c08]
Event: 8.908 Thread 0x00000204c2542a50 7684       3       org.jetbrains.kotlin.metadata.ProtoBuf$Class::getConstructorCount (10 bytes)
Event: 8.908 Thread 0x00000204c2542a50 nmethod 7684 0x00000204ac421d10 code [0x00000204ac421ec0, 0x00000204ac422088]
Event: 8.908 Thread 0x00000204c2542a50 7683       3       org.jetbrains.kotlin.name.FqName::hashCode (8 bytes)
Event: 8.908 Thread 0x00000204c2542a50 nmethod 7683 0x00000204ac422190 code [0x00000204ac422340, 0x00000204ac4224e8]
Event: 8.908 Thread 0x00000204c2542a50 7666       3       org.jetbrains.kotlin.metadata.ProtoBuf$Function::getDefaultInstanceForType (4 bytes)
Event: 8.908 Thread 0x00000204c2542a50 nmethod 7666 0x00000204ac422610 code [0x00000204ac4227a0, 0x00000204ac4228b8]
Event: 8.908 Thread 0x00000204c2542a50 7679       3       org.jetbrains.kotlin.protobuf.GeneratedMessageLite$ExtensionDescriptor::compareTo (9 bytes)
Event: 8.908 Thread 0x00000204c2542a50 nmethod 7679 0x00000204ac422990 code [0x00000204ac422b40, 0x00000204ac422d98]
Event: 8.908 Thread 0x00000204c2542a50 7680       3       org.jetbrains.kotlin.protobuf.GeneratedMessageLite$ExtensionDescriptor::compareTo (10 bytes)
Event: 8.908 Thread 0x00000204c2542a50 nmethod 7680 0x00000204ac422e90 code [0x00000204ac423020, 0x00000204ac423138]
Event: 8.908 Thread 0x00000204c2542a50 7685       3       org.jetbrains.kotlin.metadata.ProtoBuf$Type$Argument::initFields (20 bytes)
Event: 8.908 Thread 0x00000204c2542a50 nmethod 7685 0x00000204ac423210 code [0x00000204ac4233c0, 0x00000204ac423618]
Event: 8.909 Thread 0x00000204c2542a50 7687   !   3       org.jetbrains.kotlin.metadata.ProtoBuf$Class::<init> (2890 bytes)
Event: 8.922 Thread 0x00000204c2542a50 nmethod 7687 0x00000204ac423710 code [0x00000204ac424d60, 0x00000204ac436f58]
Event: 8.922 Thread 0x00000204c2542a50 7692       3       org.jetbrains.kotlin.metadata.deserialization.NameResolverImpl::traverseIds (150 bytes)
Event: 8.923 Thread 0x00000204c2542a50 nmethod 7692 0x00000204ac43d790 code [0x00000204ac43dac0, 0x00000204ac43f098]
Event: 8.923 Thread 0x00000204c2542a50 7691       3       kotlin.collections.CollectionsKt___CollectionsKt::joinTo (156 bytes)
Event: 8.924 Thread 0x00000204c2542a50 nmethod 7691 0x00000204ac43f890 code [0x00000204ac43fda0, 0x00000204ac4421b8]
Event: 8.924 Thread 0x00000204c2542a50 7694       3       org.jetbrains.kotlin.protobuf.FieldSet::isInitialized (133 bytes)

GC Heap History (20 events):
Event: 6.405 GC heap after
{Heap after GC invocations=25 (full 0):
 garbage-first heap   total 113664K, used 62929K [0x0000000080000000, 0x0000000100000000)
  region size 1024K, 5 young (5120K), 5 survivors (5120K)
 Metaspace       used 60819K, committed 61440K, reserved 1114112K
  class space    used 8306K, committed 8576K, reserved 1048576K
}
Event: 6.736 GC heap before
{Heap before GC invocations=26 (full 0):
 garbage-first heap   total 113664K, used 89553K [0x0000000080000000, 0x0000000100000000)
  region size 1024K, 32 young (32768K), 5 survivors (5120K)
 Metaspace       used 63271K, committed 63872K, reserved 1114112K
  class space    used 8769K, committed 9024K, reserved 1048576K
}
Event: 6.741 GC heap after
{Heap after GC invocations=27 (full 0):
 garbage-first heap   total 138240K, used 65850K [0x0000000080000000, 0x0000000100000000)
  region size 1024K, 3 young (3072K), 3 survivors (3072K)
 Metaspace       used 63271K, committed 63872K, reserved 1114112K
  class space    used 8769K, committed 9024K, reserved 1048576K
}
Event: 7.151 GC heap before
{Heap before GC invocations=27 (full 0):
 garbage-first heap   total 138240K, used 108858K [0x0000000080000000, 0x0000000100000000)
  region size 1024K, 45 young (46080K), 3 survivors (3072K)
 Metaspace       used 68862K, committed 69440K, reserved 1114112K
  class space    used 9833K, committed 10112K, reserved 1048576K
}
Event: 7.155 GC heap after
{Heap after GC invocations=28 (full 0):
 garbage-first heap   total 138240K, used 66790K [0x0000000080000000, 0x0000000100000000)
  region size 1024K, 4 young (4096K), 4 survivors (4096K)
 Metaspace       used 68862K, committed 69440K, reserved 1114112K
  class space    used 9833K, committed 10112K, reserved 1048576K
}
Event: 7.522 GC heap before
{Heap before GC invocations=29 (full 0):
 garbage-first heap   total 138240K, used 110822K [0x0000000080000000, 0x0000000100000000)
  region size 1024K, 47 young (48128K), 4 survivors (4096K)
 Metaspace       used 75023K, committed 75648K, reserved 1114112K
  class space    used 10591K, committed 10880K, reserved 1048576K
}
Event: 7.525 GC heap after
{Heap after GC invocations=30 (full 0):
 garbage-first heap   total 138240K, used 67810K [0x0000000080000000, 0x0000000100000000)
  region size 1024K, 3 young (3072K), 3 survivors (3072K)
 Metaspace       used 75023K, committed 75648K, reserved 1114112K
  class space    used 10591K, committed 10880K, reserved 1048576K
}
Event: 7.546 GC heap before
{Heap before GC invocations=30 (full 0):
 garbage-first heap   total 138240K, used 69858K [0x0000000080000000, 0x0000000100000000)
  region size 1024K, 6 young (6144K), 3 survivors (3072K)
 Metaspace       used 75273K, committed 75904K, reserved 1114112K
  class space    used 10640K, committed 10944K, reserved 1048576K
}
Event: 7.549 GC heap after
{Heap after GC invocations=31 (full 0):
 garbage-first heap   total 138240K, used 67630K [0x0000000080000000, 0x0000000100000000)
  region size 1024K, 1 young (1024K), 1 survivors (1024K)
 Metaspace       used 75273K, committed 75904K, reserved 1114112K
  class space    used 10640K, committed 10944K, reserved 1048576K
}
Event: 7.722 GC heap before
{Heap before GC invocations=31 (full 0):
 garbage-first heap   total 138240K, used 87086K [0x0000000080000000, 0x0000000100000000)
  region size 1024K, 21 young (21504K), 1 survivors (1024K)
 Metaspace       used 78404K, committed 79040K, reserved 1179648K
  class space    used 11055K, committed 11328K, reserved 1048576K
}
Event: 7.724 GC heap after
{Heap after GC invocations=32 (full 0):
 garbage-first heap   total 138240K, used 67713K [0x0000000080000000, 0x0000000100000000)
  region size 1024K, 1 young (1024K), 1 survivors (1024K)
 Metaspace       used 78404K, committed 79040K, reserved 1179648K
  class space    used 11055K, committed 11328K, reserved 1048576K
}
Event: 7.895 GC heap before
{Heap before GC invocations=33 (full 0):
 garbage-first heap   total 138240K, used 123009K [0x0000000080000000, 0x0000000100000000)
  region size 1024K, 46 young (47104K), 1 survivors (1024K)
 Metaspace       used 78720K, committed 79424K, reserved 1179648K
  class space    used 11064K, committed 11328K, reserved 1048576K
}
Event: 7.904 GC heap after
{Heap after GC invocations=34 (full 0):
 garbage-first heap   total 199680K, used 81070K [0x0000000080000000, 0x0000000100000000)
  region size 1024K, 6 young (6144K), 6 survivors (6144K)
 Metaspace       used 78720K, committed 79424K, reserved 1179648K
  class space    used 11064K, committed 11328K, reserved 1048576K
}
Event: 7.915 GC heap before
{Heap before GC invocations=34 (full 0):
 garbage-first heap   total 199680K, used 86190K [0x0000000080000000, 0x0000000100000000)
  region size 1024K, 9 young (9216K), 6 survivors (6144K)
 Metaspace       used 78720K, committed 79424K, reserved 1179648K
  class space    used 11064K, committed 11328K, reserved 1048576K
}
Event: 7.920 GC heap after
{Heap after GC invocations=35 (full 0):
 garbage-first heap   total 199680K, used 84947K [0x0000000080000000, 0x0000000100000000)
  region size 1024K, 2 young (2048K), 2 survivors (2048K)
 Metaspace       used 78720K, committed 79424K, reserved 1179648K
  class space    used 11064K, committed 11328K, reserved 1048576K
}
Event: 8.215 GC heap before
{Heap before GC invocations=35 (full 0):
 garbage-first heap   total 199680K, used 152531K [0x0000000080000000, 0x0000000100000000)
  region size 1024K, 63 young (64512K), 2 survivors (2048K)
 Metaspace       used 79997K, committed 80640K, reserved 1179648K
  class space    used 11244K, committed 11520K, reserved 1048576K
}
Event: 8.223 GC heap after
{Heap after GC invocations=36 (full 0):
 garbage-first heap   total 199680K, used 95694K [0x0000000080000000, 0x0000000100000000)
  region size 1024K, 8 young (8192K), 8 survivors (8192K)
 Metaspace       used 79997K, committed 80640K, reserved 1179648K
  class space    used 11244K, committed 11520K, reserved 1048576K
}
Event: 8.601 GC heap before
{Heap before GC invocations=36 (full 0):
 garbage-first heap   total 199680K, used 165326K [0x0000000080000000, 0x0000000100000000)
  region size 1024K, 60 young (61440K), 8 survivors (8192K)
 Metaspace       used 84509K, committed 85184K, reserved 1179648K
  class space    used 11738K, committed 12032K, reserved 1048576K
}
Event: 8.607 GC heap after
{Heap after GC invocations=37 (full 0):
 garbage-first heap   total 199680K, used 119596K [0x0000000080000000, 0x0000000100000000)
  region size 1024K, 7 young (7168K), 7 survivors (7168K)
 Metaspace       used 84509K, committed 85184K, reserved 1179648K
  class space    used 11738K, committed 12032K, reserved 1048576K
}
Event: 8.924 GC heap before
{Heap before GC invocations=37 (full 0):
 garbage-first heap   total 199680K, used 159532K [0x0000000080000000, 0x0000000100000000)
  region size 1024K, 46 young (47104K), 7 survivors (7168K)
 Metaspace       used 89188K, committed 89792K, reserved 1179648K
  class space    used 12149K, committed 12416K, reserved 1048576K
}

Dll operation events (3 events):
Event: 0.007 Loaded shared library C:\Program Files\Android\Android Studio\jbr\bin\java.dll
Event: 0.106 Loaded shared library C:\Program Files\Android\Android Studio\jbr\bin\zip.dll
Event: 0.330 Loaded shared library C:\Program Files\Android\Android Studio\jbr\bin\verify.dll

Deoptimization events (20 events):
Event: 8.408 Thread 0x00000204c8c4e210 Uncommon trap: trap_request=0xffffffde fr.pc=0x00000204b357a7ac relative=0x000000000000054c
Event: 8.408 Thread 0x00000204c8c4e210 Uncommon trap: reason=class_check action=maybe_recompile pc=0x00000204b357a7ac method=org.jetbrains.kotlin.protobuf.CodedInputStream.tryRefillBuffer(I)Z @ 177 c2
Event: 8.408 Thread 0x00000204c8c4e210 DEOPT PACKING pc=0x00000204b357a7ac sp=0x000000b1ae0f3f00
Event: 8.408 Thread 0x00000204c8c4e210 DEOPT UNPACKING pc=0x00000204b2cc69a3 sp=0x000000b1ae0f3de8 mode 2
Event: 8.411 Thread 0x00000204c8c4e210 Uncommon trap: trap_request=0xffffffde fr.pc=0x00000204b357a7ac relative=0x000000000000054c
Event: 8.411 Thread 0x00000204c8c4e210 Uncommon trap: reason=class_check action=maybe_recompile pc=0x00000204b357a7ac method=org.jetbrains.kotlin.protobuf.CodedInputStream.tryRefillBuffer(I)Z @ 177 c2
Event: 8.411 Thread 0x00000204c8c4e210 DEOPT PACKING pc=0x00000204b357a7ac sp=0x000000b1ae0f3f00
Event: 8.411 Thread 0x00000204c8c4e210 DEOPT UNPACKING pc=0x00000204b2cc69a3 sp=0x000000b1ae0f3de8 mode 2
Event: 8.411 Thread 0x00000204c8c4e210 Uncommon trap: trap_request=0xffffffde fr.pc=0x00000204b357a7ac relative=0x000000000000054c
Event: 8.411 Thread 0x00000204c8c4e210 Uncommon trap: reason=class_check action=maybe_recompile pc=0x00000204b357a7ac method=org.jetbrains.kotlin.protobuf.CodedInputStream.tryRefillBuffer(I)Z @ 177 c2
Event: 8.411 Thread 0x00000204c8c4e210 DEOPT PACKING pc=0x00000204b357a7ac sp=0x000000b1ae0f3f00
Event: 8.411 Thread 0x00000204c8c4e210 DEOPT UNPACKING pc=0x00000204b2cc69a3 sp=0x000000b1ae0f3de8 mode 2
Event: 8.488 Thread 0x00000204c8c4e210 Uncommon trap: trap_request=0xffffffdc fr.pc=0x00000204b3574abc relative=0x000000000000021c
Event: 8.488 Thread 0x00000204c8c4e210 Uncommon trap: reason=class_check action=make_not_entrant pc=0x00000204b3574abc method=java.util.ArrayList.toArray([Ljava/lang/Object;)[Ljava/lang/Object; @ 21 c2
Event: 8.488 Thread 0x00000204c8c4e210 DEOPT PACKING pc=0x00000204b3574abc sp=0x000000b1ae0f4280
Event: 8.488 Thread 0x00000204c8c4e210 DEOPT UNPACKING pc=0x00000204b2cc69a3 sp=0x000000b1ae0f4250 mode 2
Event: 8.917 Thread 0x00000204c8c4e210 Uncommon trap: trap_request=0xffffff76 fr.pc=0x00000204b359f5c4 relative=0x00000000000001a4
Event: 8.917 Thread 0x00000204c8c4e210 Uncommon trap: reason=predicate action=maybe_recompile pc=0x00000204b359f5c4 method=java.util.LinkedHashMap.keysToArray([Ljava/lang/Object;)[Ljava/lang/Object; @ 12 c2
Event: 8.917 Thread 0x00000204c8c4e210 DEOPT PACKING pc=0x00000204b359f5c4 sp=0x000000b1ae0f1d90
Event: 8.917 Thread 0x00000204c8c4e210 DEOPT UNPACKING pc=0x00000204b2cc69a3 sp=0x000000b1ae0f1d48 mode 2

Classes unloaded (0 events):
No events

Classes redefined (0 events):
No events

Internal exceptions (20 events):
Event: 6.111 Thread 0x00000204c8c4e210 Exception <a 'java/lang/NoSuchMethodError'{0x00000000863cb368}: 'java.lang.Object java.lang.invoke.DirectMethodHandle$Holder.invokeSpecial(java.lang.Object, java.lang.Object, java.lang.Object, java.lang.Object, java.lang.Object, long)'> (0x00000000863cb368) 
thrown [s\src\hotspot\share\interpreter\linkResolver.cpp, line 771]
Event: 6.113 Thread 0x00000204c8c4e210 Exception <a 'java/lang/NoSuchMethodError'{0x00000000863ed6b8}: 'void java.lang.invoke.DirectMethodHandle$Holder.invokeStatic(java.lang.Object, java.lang.Object, java.lang.Object, int, java.lang.Object)'> (0x00000000863ed6b8) 
thrown [s\src\hotspot\share\interpreter\linkResolver.cpp, line 771]
Event: 6.580 Thread 0x00000204c8c4e210 Exception <a 'java/lang/NoSuchMethodError'{0x0000000085f7bd88}: 'void java.lang.invoke.DirectMethodHandle$Holder.invokeVirtual(java.lang.Object, java.lang.Object)'> (0x0000000085f7bd88) 
thrown [s\src\hotspot\share\interpreter\linkResolver.cpp, line 771]
Event: 6.611 Thread 0x00000204c8c4e210 Exception <a 'java/lang/NoSuchMethodError'{0x0000000085d87bb8}: 'java.lang.Object java.lang.invoke.DirectMethodHandle$Holder.invokeStaticInit(java.lang.Object, int)'> (0x0000000085d87bb8) 
thrown [s\src\hotspot\share\interpreter\linkResolver.cpp, line 771]
Event: 7.011 Thread 0x00000204c8c4e210 Implicit null exception at 0x00000204b324ff72 to 0x00000204b325053c
Event: 7.077 Thread 0x00000204c8c4e210 Implicit null exception at 0x00000204b325f772 to 0x00000204b325fd4c
Event: 7.212 Thread 0x00000204c8c4e210 Exception <a 'sun/nio/fs/WindowsException'{0x0000000088032d00}> (0x0000000088032d00) 
thrown [s\src\hotspot\share\prims\jni.cpp, line 517]
Event: 7.212 Thread 0x00000204c8c4e210 Exception <a 'sun/nio/fs/WindowsException'{0x0000000088034d60}> (0x0000000088034d60) 
thrown [s\src\hotspot\share\prims\jni.cpp, line 517]
Event: 7.271 Thread 0x00000204c8c4e210 Exception <a 'java/lang/NoSuchMethodError'{0x0000000087992d28}: 'long java.lang.invoke.DirectMethodHandle$Holder.invokeStatic(java.lang.Object)'> (0x0000000087992d28) 
thrown [s\src\hotspot\share\interpreter\linkResolver.cpp, line 771]
Event: 7.272 Thread 0x00000204c8c4e210 Exception <a 'java/lang/NoSuchMethodError'{0x0000000087997b70}: 'long java.lang.invoke.DirectMethodHandle$Holder.invokeStaticInit(java.lang.Object)'> (0x0000000087997b70) 
thrown [s\src\hotspot\share\interpreter\linkResolver.cpp, line 771]
Event: 7.315 Thread 0x00000204c8c4e210 Exception <a 'java/lang/NoSuchMethodError'{0x00000000874f45f0}: 'long java.lang.invoke.Invokers$Holder.invoke_MT(java.lang.Object, java.lang.Object, java.lang.Object, java.lang.Object)'> (0x00000000874f45f0) 
thrown [s\src\hotspot\share\interpreter\linkResolver.cpp, line 771]
Event: 7.316 Thread 0x00000204c8c4e210 Exception <a 'java/lang/NoSuchMethodError'{0x00000000874fdc40}: 'int java.lang.invoke.Invokers$Holder.invoke_MT(java.lang.Object, java.lang.Object, java.lang.Object, java.lang.Object)'> (0x00000000874fdc40) 
thrown [s\src\hotspot\share\interpreter\linkResolver.cpp, line 771]
Event: 7.317 Thread 0x00000204c8c4e210 Exception <a 'java/lang/NoSuchMethodError'{0x000000008730ed18}: 'void java.lang.invoke.DelegatingMethodHandle$Holder.reinvoke_L(java.lang.Object, java.lang.Object, java.lang.Object, long, java.lang.Object)'> (0x000000008730ed18) 
thrown [s\src\hotspot\share\interpreter\linkResolver.cpp, line 771]
Event: 7.317 Thread 0x00000204c8c4e210 Exception <a 'java/lang/NoSuchMethodError'{0x00000000873178f0}: 'java.lang.Object java.lang.invoke.DirectMethodHandle$Holder.invokeSpecial(java.lang.Object, java.lang.Object, java.lang.Object, java.lang.Object, long)'> (0x00000000873178f0) 
thrown [s\src\hotspot\share\interpreter\linkResolver.cpp, line 771]
Event: 7.318 Thread 0x00000204c8c4e210 Exception <a 'java/lang/NoSuchMethodError'{0x0000000087328290}: 'int java.lang.invoke.DelegatingMethodHandle$Holder.reinvoke_L(java.lang.Object, java.lang.Object, java.lang.Object, long, java.lang.Object, java.lang.Object)'> (0x0000000087328290) 
thrown [s\src\hotspot\share\interpreter\linkResolver.cpp, line 771]
Event: 7.319 Thread 0x00000204c8c4e210 Exception <a 'java/lang/NoSuchMethodError'{0x0000000087338578}: 'int java.lang.invoke.DelegatingMethodHandle$Holder.reinvoke_L(java.lang.Object, java.lang.Object, java.lang.Object, long, int, int)'> (0x0000000087338578) 
thrown [s\src\hotspot\share\interpreter\linkResolver.cpp, line 771]
Event: 7.320 Thread 0x00000204c8c4e210 Exception <a 'java/lang/NoSuchMethodError'{0x0000000087348608}: 'int java.lang.invoke.DelegatingMethodHandle$Holder.reinvoke_L(java.lang.Object, java.lang.Object, java.lang.Object, long, long, long)'> (0x0000000087348608) 
thrown [s\src\hotspot\share\interpreter\linkResolver.cpp, line 771]
Event: 7.321 Thread 0x00000204c8c4e210 Exception <a 'java/lang/NoSuchMethodError'{0x0000000087358378}: 'int java.lang.invoke.DelegatingMethodHandle$Holder.reinvoke_L(java.lang.Object, java.lang.Object, java.lang.Object, long, int)'> (0x0000000087358378) 
thrown [s\src\hotspot\share\interpreter\linkResolver.cpp, line 771]
Event: 7.679 Thread 0x00000204c8c4e210 Exception <a 'java/lang/NoSuchMethodError'{0x000000008769cf10}: 'java.lang.Object java.lang.invoke.Invokers$Holder.invokeExact_MT(java.lang.Object, java.lang.Object, long, java.lang.Object)'> (0x000000008769cf10) 
thrown [s\src\hotspot\share\interpreter\linkResolver.cpp, line 771]
Event: 7.708 Thread 0x00000204c8c4e210 Exception <a 'java/lang/NoSuchMethodError'{0x0000000087321c68}: 'java.lang.Object java.lang.invoke.Invokers$Holder.invoke_MT(java.lang.Object, java.lang.Object, java.lang.Object)'> (0x0000000087321c68) 
thrown [s\src\hotspot\share\interpreter\linkResolver.cpp, line 771]

VM Operations (20 events):
Event: 7.525 Executing VM operation: G1CollectForAllocation done
Event: 7.546 Executing VM operation: G1CollectForAllocation
Event: 7.549 Executing VM operation: G1CollectForAllocation done
Event: 7.621 Executing VM operation: HandshakeAllThreads
Event: 7.621 Executing VM operation: HandshakeAllThreads done
Event: 7.722 Executing VM operation: G1TryInitiateConcMark
Event: 7.724 Executing VM operation: G1TryInitiateConcMark done
Event: 7.744 Executing VM operation: G1PauseRemark
Event: 7.747 Executing VM operation: G1PauseRemark done
Event: 7.755 Executing VM operation: G1PauseCleanup
Event: 7.755 Executing VM operation: G1PauseCleanup done
Event: 7.895 Executing VM operation: G1CollectForAllocation
Event: 7.904 Executing VM operation: G1CollectForAllocation done
Event: 7.915 Executing VM operation: G1CollectForAllocation
Event: 7.920 Executing VM operation: G1CollectForAllocation done
Event: 8.215 Executing VM operation: G1CollectForAllocation
Event: 8.223 Executing VM operation: G1CollectForAllocation done
Event: 8.600 Executing VM operation: G1CollectForAllocation
Event: 8.607 Executing VM operation: G1CollectForAllocation done
Event: 8.924 Executing VM operation: G1CollectForAllocation

Events (20 events):
Event: 7.702 loading class java/io/IOError
Event: 7.703 loading class java/io/IOError done
Event: 7.708 loading class java/nio/channels/FileChannel$MapMode
Event: 7.708 loading class java/nio/channels/FileChannel$MapMode done
Event: 7.708 loading class jdk/internal/misc/ExtendedMapMode
Event: 7.708 loading class jdk/internal/misc/ExtendedMapMode done
Event: 7.709 loading class sun/nio/ch/FileChannelImpl$DefaultUnmapper
Event: 7.709 loading class sun/nio/ch/FileChannelImpl$Unmapper
Event: 7.709 loading class jdk/internal/access/foreign/UnmapperProxy
Event: 7.709 loading class jdk/internal/access/foreign/UnmapperProxy done
Event: 7.709 loading class sun/nio/ch/FileChannelImpl$Unmapper done
Event: 7.709 loading class sun/nio/ch/FileChannelImpl$DefaultUnmapper done
Event: 7.709 loading class sun/nio/ch/Util$4
Event: 7.709 loading class sun/nio/ch/Util$4 done
Event: 7.709 loading class jdk/internal/access/foreign/MemorySegmentProxy
Event: 7.709 loading class jdk/internal/access/foreign/MemorySegmentProxy done
Event: 7.710 loading class java/io/UTFDataFormatException
Event: 7.710 loading class java/io/UTFDataFormatException done
Event: 8.088 loading class java/nio/channels/NonWritableChannelException
Event: 8.088 loading class java/nio/channels/NonWritableChannelException done


Dynamic libraries:
0x00007ff68f500000 - 0x00007ff68f50a000 	C:\Program Files\Android\Android Studio\jbr\bin\java.exe
0x00007ffddf3d0000 - 0x00007ffddf5e7000 	C:\Windows\SYSTEM32\ntdll.dll
0x00007ffddd640000 - 0x00007ffddd704000 	C:\Windows\System32\KERNEL32.DLL
0x00007ffddc770000 - 0x00007ffddcb1d000 	C:\Windows\System32\KERNELBASE.dll
0x00007ffddcfe0000 - 0x00007ffddd0f1000 	C:\Windows\System32\ucrtbase.dll
0x00007ffdb1950000 - 0x00007ffdb1967000 	C:\Program Files\Android\Android Studio\jbr\bin\jli.dll
0x00007ffdd08d0000 - 0x00007ffdd08eb000 	C:\Program Files\Android\Android Studio\jbr\bin\VCRUNTIME140.dll
0x00007ffddf0c0000 - 0x00007ffddf26e000 	C:\Windows\System32\USER32.dll
0x00007ffddba50000 - 0x00007ffddbce3000 	C:\Windows\WinSxS\amd64_microsoft.windows.common-controls_6595b64144ccf1df_6.0.22621.3672_none_2713b9d173822955\COMCTL32.dll
0x00007ffddcc70000 - 0x00007ffddcc96000 	C:\Windows\System32\win32u.dll
0x00007ffddd590000 - 0x00007ffddd637000 	C:\Windows\System32\msvcrt.dll
0x00007ffdde430000 - 0x00007ffdde459000 	C:\Windows\System32\GDI32.dll
0x00007ffddcb20000 - 0x00007ffddcc39000 	C:\Windows\System32\gdi32full.dll
0x00007ffddcf40000 - 0x00007ffddcfda000 	C:\Windows\System32\msvcp_win.dll
0x00007ffddd550000 - 0x00007ffddd581000 	C:\Windows\System32\IMM32.DLL
0x00007ffdd8a10000 - 0x00007ffdd8a1c000 	C:\Program Files\Android\Android Studio\jbr\bin\vcruntime140_1.dll
0x00007ffdcf930000 - 0x00007ffdcf9bd000 	C:\Program Files\Android\Android Studio\jbr\bin\msvcp140.dll
0x00007ffd4f010000 - 0x00007ffd4fc93000 	C:\Program Files\Android\Android Studio\jbr\bin\server\jvm.dll
0x00007ffddf270000 - 0x00007ffddf322000 	C:\Windows\System32\ADVAPI32.dll
0x00007ffdddf30000 - 0x00007ffdddfd9000 	C:\Windows\System32\sechost.dll
0x00007ffddcc40000 - 0x00007ffddcc68000 	C:\Windows\System32\bcrypt.dll
0x00007ffddd730000 - 0x00007ffddd844000 	C:\Windows\System32\RPCRT4.dll
0x00007ffddc000000 - 0x00007ffddc04d000 	C:\Windows\SYSTEM32\POWRPROF.dll
0x00007ffdd89c0000 - 0x00007ffdd89f4000 	C:\Windows\SYSTEM32\WINMM.dll
0x00007ffddb000000 - 0x00007ffddb00a000 	C:\Windows\SYSTEM32\VERSION.dll
0x00007ffdb9d20000 - 0x00007ffdb9d29000 	C:\Windows\SYSTEM32\WSOCK32.dll
0x00007ffdde470000 - 0x00007ffdde4e1000 	C:\Windows\System32\WS2_32.dll
0x00007ffddbed0000 - 0x00007ffddbee3000 	C:\Windows\SYSTEM32\UMPDC.dll
0x00007ffdda780000 - 0x00007ffdda798000 	C:\Windows\SYSTEM32\kernel.appcore.dll
0x00007ffdd3b10000 - 0x00007ffdd3b1a000 	C:\Program Files\Android\Android Studio\jbr\bin\jimage.dll
0x00007ffddc050000 - 0x00007ffddc282000 	C:\Windows\SYSTEM32\DBGHELP.DLL
0x00007ffddd1c0000 - 0x00007ffddd54e000 	C:\Windows\System32\combase.dll
0x00007ffdddfe0000 - 0x00007ffdde0b7000 	C:\Windows\System32\OLEAUT32.dll
0x00007ffddbef0000 - 0x00007ffddbf22000 	C:\Windows\SYSTEM32\dbgcore.DLL
0x00007ffddc6f0000 - 0x00007ffddc76b000 	C:\Windows\System32\bcryptPrimitives.dll
0x00007ffdca760000 - 0x00007ffdca76e000 	C:\Program Files\Android\Android Studio\jbr\bin\instrument.dll
0x00007ffdc4730000 - 0x00007ffdc4755000 	C:\Program Files\Android\Android Studio\jbr\bin\java.dll
0x00007ffdc4690000 - 0x00007ffdc46a8000 	C:\Program Files\Android\Android Studio\jbr\bin\zip.dll
0x00007ffdde750000 - 0x00007ffddefb7000 	C:\Windows\System32\SHELL32.dll
0x00007ffdd96f0000 - 0x00007ffdd9fef000 	C:\Windows\SYSTEM32\windows.storage.dll
0x00007ffdd95b0000 - 0x00007ffdd96ef000 	C:\Windows\SYSTEM32\wintypes.dll
0x00007ffddefc0000 - 0x00007ffddf0b9000 	C:\Windows\System32\SHCORE.dll
0x00007ffddded0000 - 0x00007ffdddf2e000 	C:\Windows\System32\shlwapi.dll
0x00007ffddc620000 - 0x00007ffddc647000 	C:\Windows\SYSTEM32\profapi.dll
0x00007ffdc4670000 - 0x00007ffdc4689000 	C:\Program Files\Android\Android Studio\jbr\bin\net.dll
0x00007ffdd6890000 - 0x00007ffdd69c6000 	C:\Windows\SYSTEM32\WINHTTP.dll
0x00007ffddab90000 - 0x00007ffddabf9000 	C:\Windows\system32\mswsock.dll
0x00007ffdb5290000 - 0x00007ffdb52a6000 	C:\Program Files\Android\Android Studio\jbr\bin\nio.dll
0x00007ffdcae40000 - 0x00007ffdcae50000 	C:\Program Files\Android\Android Studio\jbr\bin\verify.dll
0x00007ffdd7370000 - 0x00007ffdd7397000 	C:\Users\alexeycode\.gradle\native\c067742578af261105cb4f569cf0c3c89f3d7b1fecec35dd04571415982c5e48\windows-amd64\native-platform.dll
0x00007ffd92eb0000 - 0x00007ffd92ff4000 	C:\Users\alexeycode\.gradle\native\38dada09dfb8b06ba9b0570ebf7e218e3eb74d4ef43ca46872605cf95ebc2f47\windows-amd64\native-platform-file-events.dll
0x00007ffdd0630000 - 0x00007ffdd0639000 	C:\Program Files\Android\Android Studio\jbr\bin\management.dll
0x00007ffdcf8c0000 - 0x00007ffdcf8cb000 	C:\Program Files\Android\Android Studio\jbr\bin\management_ext.dll
0x00007ffdde460000 - 0x00007ffdde468000 	C:\Windows\System32\PSAPI.DLL
0x00007ffddc390000 - 0x00007ffddc3ab000 	C:\Windows\SYSTEM32\CRYPTSP.dll
0x00007ffdda890000 - 0x00007ffdda8c5000 	C:\Windows\system32\rsaenh.dll
0x00007ffddac30000 - 0x00007ffddac58000 	C:\Windows\SYSTEM32\USERENV.dll
0x00007ffddaec0000 - 0x00007ffddaecc000 	C:\Windows\SYSTEM32\CRYPTBASE.dll
0x00007ffdda290000 - 0x00007ffdda2bd000 	C:\Windows\SYSTEM32\IPHLPAPI.DLL
0x00007ffddd9d0000 - 0x00007ffddd9d9000 	C:\Windows\System32\NSI.dll
0x00007ffdd66e0000 - 0x00007ffdd66f9000 	C:\Windows\SYSTEM32\dhcpcsvc6.DLL
0x00007ffdd6580000 - 0x00007ffdd659f000 	C:\Windows\SYSTEM32\dhcpcsvc.DLL
0x00007ffdda2c0000 - 0x00007ffdda3b8000 	C:\Windows\SYSTEM32\DNSAPI.dll
0x00007ffdcacc0000 - 0x00007ffdcacc8000 	C:\Windows\system32\wshunix.dll

dbghelp: loaded successfully - version: 4.0.5 - missing functions: none
symbol engine: initialized successfully - sym options: 0x614 - pdb path: .;C:\Program Files\Android\Android Studio\jbr\bin;C:\Windows\SYSTEM32;C:\Windows\WinSxS\amd64_microsoft.windows.common-controls_6595b64144ccf1df_6.0.22621.3672_none_2713b9d173822955;C:\Program Files\Android\Android Studio\jbr\bin\server;C:\Users\alexeycode\.gradle\native\c067742578af261105cb4f569cf0c3c89f3d7b1fecec35dd04571415982c5e48\windows-amd64;C:\Users\alexeycode\.gradle\native\38dada09dfb8b06ba9b0570ebf7e218e3eb74d4ef43ca46872605cf95ebc2f47\windows-amd64

VM Arguments:
jvm_args: --add-opens=java.base/java.util=ALL-UNNAMED --add-opens=java.base/java.lang=ALL-UNNAMED --add-opens=java.base/java.lang.invoke=ALL-UNNAMED --add-opens=java.prefs/java.util.prefs=ALL-UNNAMED --add-opens=java.base/java.nio.charset=ALL-UNNAMED --add-opens=java.base/java.net=ALL-UNNAMED --add-opens=java.base/java.util.concurrent.atomic=ALL-UNNAMED -Xmx2048m -Dfile.encoding=UTF-8 -Duser.country=RU -Duser.language=ru -Duser.variant -javaagent:C:\Users\alexeycode\.gradle\wrapper\dists\gradle-8.4-bin\1w5dpkrfk8irigvoxmyhowfim\gradle-8.4\lib\agents\gradle-instrumentation-agent-8.4.jar 
java_command: org.gradle.launcher.daemon.bootstrap.GradleDaemon 8.4
java_class_path (initial): C:\Users\alexeycode\.gradle\wrapper\dists\gradle-8.4-bin\1w5dpkrfk8irigvoxmyhowfim\gradle-8.4\lib\gradle-launcher-8.4.jar
Launcher Type: SUN_STANDARD

[Global flags]
     intx CICompilerCount                          = 4                                         {product} {ergonomic}
     uint ConcGCThreads                            = 3                                         {product} {ergonomic}
     uint G1ConcRefinementThreads                  = 10                                        {product} {ergonomic}
   size_t G1HeapRegionSize                         = 1048576                                   {product} {ergonomic}
    uintx GCDrainStackTargetSize                   = 64                                        {product} {ergonomic}
   size_t InitialHeapSize                          = 123731968                                 {product} {ergonomic}
   size_t MarkStackSize                            = 4194304                                   {product} {ergonomic}
   size_t MaxHeapSize                              = 2147483648                                {product} {command line}
   size_t MaxNewSize                               = 1287651328                                {product} {ergonomic}
   size_t MinHeapDeltaBytes                        = 1048576                                   {product} {ergonomic}
   size_t MinHeapSize                              = 8388608                                   {product} {ergonomic}
    uintx NonNMethodCodeHeapSize                   = 5839372                                {pd product} {ergonomic}
    uintx NonProfiledCodeHeapSize                  = 122909434                              {pd product} {ergonomic}
    uintx ProfiledCodeHeapSize                     = 122909434                              {pd product} {ergonomic}
    uintx ReservedCodeCacheSize                    = 251658240                              {pd product} {ergonomic}
     bool SegmentedCodeCache                       = true                                      {product} {ergonomic}
   size_t SoftMaxHeapSize                          = 2147483648                             {manageable} {ergonomic}
     bool UseCompressedClassPointers               = true                           {product lp64_product} {ergonomic}
     bool UseCompressedOops                        = true                           {product lp64_product} {ergonomic}
     bool UseG1GC                                  = true                                      {product} {ergonomic}
     bool UseLargePagesIndividualAllocation        = false                                  {pd product} {ergonomic}

Logging:
Log output configuration:
 #0: stdout all=warning uptime,level,tags
 #1: stderr all=off uptime,level,tags

Environment Variables:
PATH=C:\Program Files\Common Files\Oracle\Java\javapath;C:\Program Files\Microsoft\jdk-11.0.16.101-hotspot\bin;C:\Windows\system32;C:\Windows;C:\Windows\System32\Wbem;C:\Windows\System32\WindowsPowerShell\v1.0\;C:\Windows\System32\OpenSSH\;C:\Program Files (x86)\Windows Kits\10\Windows Performance Toolkit\;C:\Program Files\Git\cmd;C:\Program Files\Docker\Docker\resources\bin;C:\Program Files\LLVM\bin;C:\Program Files\CMake\bin;C:\Program Files (x86)\Android\android-sdk\platform-tools;C:\Program Files\ninja-win;C:\make-4.4\make-4.4;C:\Program Files\Cloudflare\Cloudflare WARP\;C:\Users\alexeycode\AppData\Local\Microsoft\WindowsApps;C:\Users\alexeycode\AppData\Local\GitHubDesktop\bin;C:\Users\alexeycode\AppData\Local\Programs\Microsoft VS Code\bin;C:\Users\alexeycode\AppData\Local\JetBrains\Toolbox\scripts;
USERNAME=alexeycode
OS=Windows_NT
PROCESSOR_IDENTIFIER=AMD64 Family 23 Model 104 Stepping 1, AuthenticAMD
TMP=C:\Users\ALEXEY~1\AppData\Local\Temp
TEMP=C:\Users\ALEXEY~1\AppData\Local\Temp



Periodic native trim disabled

JNI global refs:
JNI global refs: 28, weak refs: 15

JNI global refs memory usage: 843, weak refs: 841

OOME stack traces (most recent first):
Classloader memory used:
Loader org.gradle.internal.classloader.VisitableURLClassLoader                         : 7207K
Loader bootstrap                                                                       : 2518K
Loader org.gradle.initialization.MixInLegacyTypesClassLoader                           : 1056K
Loader org.gradle.internal.classloader.VisitableURLClassLoader$InstrumentingVisitableURLClassLoader: 100969B
Loader org.gradle.internal.classloader.VisitableURLClassLoader                         : 89750B
Loader jdk.internal.loader.ClassLoaders$PlatformClassLoader                            : 67531B
Loader jdk.internal.jrtfs.JrtFileSystemProvider$JrtFsLoader                            : 36862B
Loader jdk.internal.reflect.DelegatingClassLoader                                      : 33994B
Loader jdk.internal.loader.ClassLoaders$AppClassLoader                                 : 28124B
Loader org.gradle.groovy.scripts.internal.DefaultScriptCompilationHandler$ScriptClassLoader: 10833B
Loader org.codehaus.groovy.runtime.callsite.CallSiteClassLoader                        : 6362B

Classes loaded by more than one classloader:
Class org.gradle.internal.Cast                                                        : loaded 3 times (x 69B)
Class Program                                                                         : loaded 3 times (x 70B)
Class org.gradle.api.GradleException                                                  : loaded 3 times (x 80B)
Class org.gradle.internal.classpath.ClassPath                                         : loaded 2 times (x 68B)
Class org.gradle.api.internal.classpath.DefaultModuleRegistry                         : loaded 2 times (x 84B)
Class org.gradle.internal.exceptions.NonGradleCauseExceptionsHolder                   : loaded 2 times (x 68B)
Class Settings_gradle$1$1                                                             : loaded 2 times (x 72B)
Class com.intellij.openapi.externalSystem.model.ExternalSystemException               : loaded 2 times (x 84B)
Class jdk.internal.jimage.BasicImageReader$1                                          : loaded 2 times (x 75B)
Class org.gradle.api.Action                                                           : loaded 2 times (x 68B)
Class org.jetbrains.kotlin.idea.gradleTooling.model.samWithReceiver.SamWithReceiverModel: loaded 2 times (x 68B)
Class org.jetbrains.plugins.gradle.model.ExternalProject                              : loaded 2 times (x 68B)
Class org.jetbrains.plugins.gradle.model.IntelliJSettings                             : loaded 2 times (x 68B)
Class jdk.internal.jimage.ImageBufferCache$1                                          : loaded 2 times (x 78B)
Class jdk.internal.jimage.ImageBufferCache$2                                          : loaded 2 times (x 89B)
Class org.jetbrains.kotlin.idea.gradleTooling.KotlinMPPGradleModel                    : loaded 2 times (x 68B)
Class org.gradle.api.internal.DefaultClassPathProvider                                : loaded 2 times (x 74B)
Class org.gradle.internal.installation.GradleInstallation$1                           : loaded 2 times (x 73B)
Class jdk.internal.jrtfs.SystemImage$1                                                : loaded 2 times (x 76B)
Class jdk.internal.jrtfs.SystemImage$2                                                : loaded 2 times (x 74B)
Class org.gradle.internal.exceptions.DefaultMultiCauseException                       : loaded 2 times (x 89B)
Class org.gradle.tooling.model.UnsupportedMethodException                             : loaded 2 times (x 80B)
Class org.gradle.internal.time.MonotonicClock                                         : loaded 2 times (x 75B)
Class org.gradle.internal.classloader.FilteringClassLoader                            : loaded 2 times (x 103B)
Class jdk.internal.jimage.ImageReader$Resource                                        : loaded 2 times (x 82B)
Class jdk.internal.jrtfs.SystemImage                                                  : loaded 2 times (x 72B)
Class org.gradle.tooling.model.Model                                                  : loaded 2 times (x 68B)
Class org.gradle.internal.classpath.DefaultClassPath$ImmutableUniqueList$Builder      : loaded 2 times (x 73B)
Class org.jetbrains.kotlin.idea.gradleTooling.KotlinSourceSetContainer                : loaded 2 times (x 68B)
Class jdk.internal.jrtfs.JrtDirectoryStream$1                                         : loaded 2 times (x 81B)
Class org.gradle.internal.classloader.ClassLoaderVisitor                              : loaded 2 times (x 74B)
Class org.gradle.internal.time.DefaultCountdownTimer                                  : loaded 2 times (x 86B)
Class org.gradle.internal.service.DefaultServiceLocator                               : loaded 2 times (x 81B)
Class org.gradle.internal.service.UnknownServiceException                             : loaded 2 times (x 81B)
Class org.jetbrains.plugins.gradle.model.DependencyAccessorsModel                     : loaded 2 times (x 68B)
Class org.gradle.internal.classloader.DefaultClassLoaderFactory                       : loaded 2 times (x 80B)
Class jdk.internal.jimage.ImageReader$SharedImageReader                               : loaded 2 times (x 93B)
Class org.jetbrains.plugins.gradle.model.GradleExtensions                             : loaded 2 times (x 68B)
Class jdk.internal.jimage.decompressor.ZipDecompressorFactory                         : loaded 2 times (x 72B)
Class org.jetbrains.plugins.gradle.model.VersionCatalogsModel                         : loaded 2 times (x 68B)
Class org.gradle.internal.classloader.VisitableURLClassLoader$Spec                    : loaded 2 times (x 72B)
Class org.gradle.tooling.model.ProjectModel                                           : loaded 2 times (x 68B)
Class org.jetbrains.plugins.gradle.model.MavenRepositoryModel                         : loaded 2 times (x 68B)
Class org.gradle.tooling.internal.gradle.DefaultProjectIdentifier                     : loaded 2 times (x 84B)
Class org.gradle.api.internal.classpath.ModuleRegistry                                : loaded 2 times (x 68B)
Class org.gradle.util.GradleVersion                                                   : loaded 2 times (x 81B)
Class kotlin.jvm.internal.markers.KMappedMarker                                       : loaded 2 times (x 68B)
Class org.gradle.api.internal.ClassPathProvider                                       : loaded 2 times (x 68B)
Class org.gradle.internal.classloader.ClasspathUtil$1                                 : loaded 2 times (x 74B)
Class sync_studio_tooling10701_8gff6wjxve8i7z9ysrdqv2f5x                              : loaded 2 times (x 177B)
Class org.gradle.internal.classloader.ClassLoaderFactory                              : loaded 2 times (x 68B)
Class sync_studio_tooling10701_8gff6wjxve8i7z9ysrdqv2f5x$_run_closure1                : loaded 2 times (x 137B)
Class jdk.internal.jimage.ImageHeader                                                 : loaded 2 times (x 69B)
Class org.gradle.api.internal.classpath.ManifestUtil                                  : loaded 2 times (x 69B)
Class org.gradle.api.specs.Spec                                                       : loaded 2 times (x 68B)
Class org.gradle.tooling.internal.gradle.GradleBuildIdentity                          : loaded 2 times (x 68B)
Class org.gradle.internal.IoActions                                                   : loaded 2 times (x 69B)
Class jdk.internal.jimage.decompressor.StringSharingDecompressorFactory               : loaded 2 times (x 72B)
Class org.gradle.api.internal.classpath.EffectiveClassPath                            : loaded 2 times (x 88B)
Class kotlin.jvm.internal.DefaultConstructorMarker                                    : loaded 2 times (x 69B)
Class org.jetbrains.kotlin.idea.gradleTooling.model.annotation.AnnotationBasedPluginModel: loaded 2 times (x 68B)
Class org.jetbrains.kotlin.idea.gradleTooling.model.assignment.AssignmentModel        : loaded 2 times (x 68B)
Class org.gradle.internal.installation.CurrentGradleInstallation                      : loaded 2 times (x 71B)
Class org.gradle.internal.agents.InstrumentingClassLoader                             : loaded 2 times (x 68B)
Class org.gradle.internal.installation.CurrentGradleInstallationLocator               : loaded 2 times (x 69B)
Class org.gradle.api.internal.classpath.Module                                        : loaded 2 times (x 68B)
Class ijInit4_dsgjcs3i55w9wtnsnl518t41l                                               : loaded 2 times (x 177B)
Class org.gradle.internal.service.CachingServiceLocator                               : loaded 2 times (x 80B)
Class org.gradle.internal.time.Timer                                                  : loaded 2 times (x 68B)
Class org.jetbrains.plugins.gradle.model.tests.ExternalTestsModel                     : loaded 2 times (x 68B)
Class org.jetbrains.kotlin.idea.gradleTooling.KotlinDslScriptAdditionalTask           : loaded 2 times (x 68B)
Class org.gradle.internal.classpath.DefaultClassPath                                  : loaded 2 times (x 88B)
Class jdk.internal.jimage.BasicImageReader                                            : loaded 2 times (x 93B)
Class com.intellij.openapi.externalSystem.model.project.dependencies.ProjectDependencies: loaded 2 times (x 68B)
Class org.jetbrains.kotlin.idea.gradleTooling.PrepareKotlinIdeImportTaskModel         : loaded 2 times (x 68B)
Class jdk.internal.jimage.ImageLocation                                               : loaded 2 times (x 88B)
Class org.gradle.internal.impldep.com.google.common.base.Preconditions                : loaded 2 times (x 69B)
Class kotlin.jvm.functions.Function1                                                  : loaded 2 times (x 68B)
Class jdk.internal.jimage.ImageReader$Node                                            : loaded 2 times (x 82B)
Class org.gradle.internal.time.Time                                                   : loaded 2 times (x 69B)
Class jdk.internal.jimage.decompressor.CompressedResourceHeader                       : loaded 2 times (x 69B)
Class org.gradle.internal.time.TimeSource$1                                           : loaded 2 times (x 75B)
Class jdk.internal.jrtfs.JrtPath                                                      : loaded 2 times (x 116B)
Class jdk.internal.jimage.ImageStrings                                                : loaded 2 times (x 68B)
Class jdk.internal.jrtfs.JrtFileAttributes                                            : loaded 2 times (x 81B)
Class org.gradle.internal.classloader.SystemClassLoaderSpec                           : loaded 2 times (x 69B)
Class jdk.internal.jimage.decompressor.ResourceDecompressorRepository                 : loaded 2 times (x 69B)
Class kotlin.Function                                                                 : loaded 2 times (x 68B)
Class org.gradle.api.UncheckedIOException                                             : loaded 2 times (x 80B)
Class jdk.internal.jimage.decompressor.ResourceDecompressor$StringsProvider           : loaded 2 times (x 68B)
Class org.jetbrains.plugins.gradle.model.RepositoriesModel                            : loaded 2 times (x 68B)
Class jdk.internal.jimage.decompressor.Decompressor                                   : loaded 2 times (x 70B)
Class jdk.internal.jrtfs.JrtFileSystem                                                : loaded 2 times (x 100B)
Class org.gradle.tooling.internal.gradle.GradleProjectIdentity                        : loaded 2 times (x 68B)
Class jdk.internal.jrtfs.JrtFileSystemProvider                                        : loaded 2 times (x 97B)
Class org.gradle.internal.time.CountdownTimer                                         : loaded 2 times (x 68B)
Class org.gradle.internal.time.Clock                                                  : loaded 2 times (x 68B)
Class org.gradle.internal.classloader.ClasspathUtil                                   : loaded 2 times (x 69B)
Class jdk.internal.jrtfs.JrtDirectoryStream                                           : loaded 2 times (x 87B)
Class org.gradle.tooling.model.BuildIdentifier                                        : loaded 2 times (x 68B)
Class jdk.internal.jimage.decompressor.ResourceDecompressor                           : loaded 2 times (x 68B)
Class org.gradle.api.internal.DefaultClassPathRegistry                                : loaded 2 times (x 74B)
Class org.gradle.api.internal.classpath.DefaultModuleRegistry$DefaultModule           : loaded 2 times (x 84B)
Class org.gradle.internal.time.TimeSource                                             : loaded 2 times (x 68B)
Class org.jetbrains.kotlin.android.synthetic.idea.AndroidExtensionsGradleModel        : loaded 2 times (x 68B)
Class org.gradle.api.internal.classpath.UnknownModuleException                        : loaded 2 times (x 80B)
Class org.jetbrains.plugins.gradle.model.IntelliJProjectSettings                      : loaded 2 times (x 68B)
Class org.gradle.internal.service.ServiceLookupException                              : loaded 2 times (x 80B)
Class jdk.internal.jimage.ImageStringsReader                                          : loaded 2 times (x 78B)
Class org.gradle.cache.GlobalCache                                                    : loaded 2 times (x 68B)
Class jdk.internal.jimage.decompressor.ResourceDecompressorFactory                    : loaded 2 times (x 72B)
Class org.jetbrains.kotlin.idea.gradleTooling.model.lombok.LombokModel                : loaded 2 times (x 68B)
Class org.gradle.tooling.model.ProjectIdentifier                                      : loaded 2 times (x 68B)
Class [Lorg.gradle.api.internal.ClassPathProvider;                                    : loaded 2 times (x 67B)
Class jdk.internal.jimage.ImageReader$SharedImageReader$LocationVisitor               : loaded 2 times (x 68B)
Class org.gradle.internal.operations.MultipleBuildOperationFailures                   : loaded 2 times (x 89B)
Class org.gradle.util.internal.GUtil                                                  : loaded 2 times (x 69B)
Class jdk.internal.jimage.decompressor.ZipDecompressor                                : loaded 2 times (x 73B)
Class org.jetbrains.plugins.gradle.model.AnnotationProcessingModel                    : loaded 2 times (x 68B)
Class org.gradle.internal.classloader.ClassLoaderSpec                                 : loaded 2 times (x 69B)
Class org.jetbrains.plugins.gradle.model.BuildScriptClasspathModel                    : loaded 2 times (x 68B)
Class org.gradle.internal.classloader.VisitableURLClassLoader                         : loaded 2 times (x 115B)
Class org.gradle.internal.installation.GradleInstallation                             : loaded 2 times (x 73B)
Class org.gradle.api.internal.ClassPathRegistry                                       : loaded 2 times (x 68B)
Class org.gradle.internal.classloader.VisitableURLClassLoader$InstrumentingVisitableURLClassLoader: loaded 2 times (x 121B)
Class org.gradle.internal.classloader.ClassLoaderHierarchy                            : loaded 2 times (x 68B)
Class org.gradle.internal.exceptions.MultiCauseException                              : loaded 2 times (x 68B)
Class jdk.internal.jimage.ImageReader                                                 : loaded 2 times (x 73B)
Class org.jetbrains.kotlin.idea.gradleTooling.model.parcelize.ParcelizeGradleModel    : loaded 2 times (x 68B)
Class org.gradle.internal.InternalTransformer                                         : loaded 2 times (x 68B)
Class org.jetbrains.kotlin.idea.gradleTooling.model.noarg.NoArgModel                  : loaded 2 times (x 68B)
Class org.jetbrains.kotlin.idea.gradleTooling.KotlinGradleModel                       : loaded 2 times (x 68B)
Class org.gradle.tooling.internal.gradle.DefaultBuildIdentifier                       : loaded 2 times (x 77B)
Class org.gradle.internal.service.ServiceLocator                                      : loaded 2 times (x 68B)
Class Settings_gradle$1                                                               : loaded 2 times (x 72B)
Class org.jetbrains.kotlin.idea.gradleTooling.model.allopen.AllOpenModel              : loaded 2 times (x 68B)
Class org.gradle.internal.classpath.DefaultClassPath$ImmutableUniqueList              : loaded 2 times (x 159B)
Class jdk.internal.jimage.ImageBufferCache                                            : loaded 2 times (x 69B)
Class org.gradle.internal.time.DefaultTimer                                           : loaded 2 times (x 78B)
Class org.gradle.internal.classpath.TransformedClassPath                              : loaded 2 times (x 94B)
Class Settings_gradle                                                                 : loaded 2 times (x 126B)
Class jdk.internal.jimage.ImageReader$Directory                                       : loaded 2 times (x 82B)


---------------  S Y S T E M  ---------------

OS:
 Windows 11 , 64 bit Build 22621 (10.0.22621.3958)
OS uptime: 1 days 17:09 hours
Hyper-V role detected

CPU: total 12 (initial active 12) (12 cores per cpu, 2 threads per core) family 23 model 104 stepping 1 microcode 0x0, cx8, cmov, fxsr, ht, mmx, 3dnowpref, sse, sse2, sse3, ssse3, sse4a, sse4.1, sse4.2, popcnt, lzcnt, tsc, tscinvbit, avx, avx2, aes, clmul, bmi1, bmi2, adx, sha, fma, vzeroupper, clflush, clflushopt, hv
Processor Information for processor 0
  Max Mhz: 2100, Current Mhz: 2100, Mhz Limit: 2100
Processor Information for processor 1
  Max Mhz: 2100, Current Mhz: 1988, Mhz Limit: 2100
Processor Information for processor 2
  Max Mhz: 2100, Current Mhz: 1988, Mhz Limit: 2100
Processor Information for processor 3
  Max Mhz: 2100, Current Mhz: 1988, Mhz Limit: 2100
Processor Information for processor 4
  Max Mhz: 2100, Current Mhz: 1988, Mhz Limit: 2100
Processor Information for processor 5
  Max Mhz: 2100, Current Mhz: 1988, Mhz Limit: 2100
Processor Information for processor 6
  Max Mhz: 2100, Current Mhz: 1988, Mhz Limit: 2100
Processor Information for processor 7
  Max Mhz: 2100, Current Mhz: 1988, Mhz Limit: 2100
Processor Information for processor 8
  Max Mhz: 2100, Current Mhz: 1988, Mhz Limit: 2100
Processor Information for processor 9
  Max Mhz: 2100, Current Mhz: 1988, Mhz Limit: 2100
Processor Information for processor 10
  Max Mhz: 2100, Current Mhz: 1988, Mhz Limit: 2100
Processor Information for processor 11
  Max Mhz: 2100, Current Mhz: 1988, Mhz Limit: 2100

Memory: 4k page, system-wide physical 7514M (371M free)
TotalPageFile size 31066M (AvailPageFile size 39M)
current process WorkingSet (physical memory assigned to process): 427M, peak: 427M
current process commit charge ("private bytes"): 465M, peak: 660M

vm_info: OpenJDK 64-Bit Server VM (17.0.9+0--11185874) for windows-amd64 JRE (17.0.9+0--11185874), built on Dec  6 2023 18:57:44 by "androidbuild" with MS VC++ 16.10 / 16.11 (VS2019)

END.
