#
# There is insufficient memory for the Java Runtime Environment to continue.
# Native memory allocation (malloc) failed to allocate 1028576 bytes for Chunk::new
# Possible reasons:
#   The system is out of physical RAM or swap space
#   The process is running with CompressedOops enabled, and the Java Heap may be blocking the growth of the native heap
# Possible solutions:
#   Reduce memory load on the system
#   Increase physical memory or swap space
#   Check if swap backing store is full
#   Decrease Java heap size (-Xmx/-Xms)
#   Decrease number of Java threads
#   Decrease Java thread stack sizes (-Xss)
#   Set larger code cache with -XX:ReservedCodeCacheSize=
#   JVM is running with Unscaled Compressed Oops mode in which the Java heap is
#     placed in the first 4GB address space. The Java Heap base address is the
#     maximum limit for the native heap growth. Please use -XX:HeapBaseMinAddress
#     to set the Java Heap base and to place the Java Heap above 4GB virtual address.
# This output file may be truncated or incomplete.
#
#  Out of Memory Error (arena.cpp:191), pid=9884, tid=11952
#
# JRE version: OpenJDK Runtime Environment (17.0.9) (build 17.0.9+0--11185874)
# Java VM: OpenJDK 64-Bit Server VM (17.0.9+0--11185874, mixed mode, tiered, compressed oops, compressed class ptrs, g1 gc, windows-amd64)
# No core dump will be written. Minidumps are not enabled by default on client versions of Windows
#

---------------  S U M M A R Y ------------

Command Line: --add-opens=java.base/java.util=ALL-UNNAMED --add-opens=java.base/java.lang=ALL-UNNAMED --add-opens=java.base/java.lang.invoke=ALL-UNNAMED --add-opens=java.prefs/java.util.prefs=ALL-UNNAMED --add-opens=java.base/java.nio.charset=ALL-UNNAMED --add-opens=java.base/java.net=ALL-UNNAMED --add-opens=java.base/java.util.concurrent.atomic=ALL-UNNAMED -Xmx2048m -Dfile.encoding=UTF-8 -Duser.country=RU -Duser.language=ru -Duser.variant -javaagent:C:\Users\alexeycode\.gradle\wrapper\dists\gradle-8.4-bin\1w5dpkrfk8irigvoxmyhowfim\gradle-8.4\lib\agents\gradle-instrumentation-agent-8.4.jar org.gradle.launcher.daemon.bootstrap.GradleDaemon 8.4

Host: AMD Ryzen 5 5500U with Radeon Graphics         , 12 cores, 7G,  Windows 11 , 64 bit Build 22621 (10.0.22621.3958)
Time: Wed Sep 18 15:56:33 2024 RTZ 2 (s 11 , 64 bit Build 22621 (10.0.22621.3958) elapsed time: 26.316694 seconds (0d 0h 0m 26s)

---------------  T H R E A D  ---------------

Current thread (0x000001f3990ce2a0):  JavaThread "C2 CompilerThread0" daemon [_thread_in_native, id=11952, stack(0x000000df9b800000,0x000000df9b900000)]


Current CompileTask:
C2:  26316 15667   !   4       java.net.URLClassLoader$1::run (81 bytes)

Stack: [0x000000df9b800000,0x000000df9b900000]
Native frames: (J=compiled Java code, j=interpreted, Vv=VM code, C=native code)
V  [jvm.dll+0x6886e9]
V  [jvm.dll+0x841e4a]
V  [jvm.dll+0x843a8e]
V  [jvm.dll+0x8440f3]
V  [jvm.dll+0x24c14f]
V  [jvm.dll+0xac44c]
V  [jvm.dll+0xaca9c]
V  [jvm.dll+0x2b376f]
V  [jvm.dll+0x590767]
V  [jvm.dll+0x226762]
V  [jvm.dll+0x226b4f]
V  [jvm.dll+0x21fc76]
V  [jvm.dll+0x21d0c1]
V  [jvm.dll+0x1a674d]
V  [jvm.dll+0x22d088]
V  [jvm.dll+0x22b1c0]
V  [jvm.dll+0x7f62f7]
V  [jvm.dll+0x7f06aa]
V  [jvm.dll+0x687565]
C  [ucrtbase.dll+0x29333]
C  [KERNEL32.DLL+0x1257d]
C  [ntdll.dll+0x5af28]


---------------  P R O C E S S  ---------------

Threads class SMR info:
_java_thread_list=0x000001f3a33acc90, length=62, elements={
0x000001f3fcd7d000, 0x000001f3990ac7b0, 0x000001f3990ad630, 0x000001f3990bf250,
0x000001f3990bfc20, 0x000001f3990c4700, 0x000001f3990c58e0, 0x000001f3990ce2a0,
0x000001f399271ab0, 0x000001f39924d430, 0x000001f3993a9720, 0x000001f3993aa140,
0x000001f3993a9210, 0x000001f3993a8d00, 0x000001f3993aab60, 0x000001f3993aba90,
0x000001f3993a9c30, 0x000001f3993aa650, 0x000001f3993ab070, 0x000001f3993ab580,
0x000001f3993a82e0, 0x000001f3993a87f0, 0x000001f39faabd60, 0x000001f39faab850,
0x000001f39faac270, 0x000001f39faafa20, 0x000001f39faaae30, 0x000001f39faaf000,
0x000001f39faaff30, 0x000001f39faac780, 0x000001f39faad6b0, 0x000001f39faacc90,
0x000001f39faaa920, 0x000001f39fab0440, 0x000001f39faad1a0, 0x000001f39fab0950,
0x000001f39faadbc0, 0x000001f39faae0d0, 0x000001f39faae5e0, 0x000001f39faaeaf0,
0x000001f39faaf510, 0x000001f39fab0e60, 0x000001f39fab1370, 0x000001f39faaa410,
0x000001f39fab1880, 0x000001f399aa8af0, 0x000001f399aa9510, 0x000001f399aa7bc0,
0x000001f399aa4410, 0x000001f399aa2ac0, 0x000001f399aa5850, 0x000001f399aa71a0,
0x000001f399aa6c90, 0x000001f399aa4920, 0x000001f399aa9000, 0x000001f399aa6270,
0x000001f399aa3f00, 0x000001f399aa20a0, 0x000001f399aa9a20, 0x000001f3abf7fc20,
0x000001f3a33b1000, 0x000001f3ab793d10
}

Java Threads: ( => current thread )
  0x000001f3fcd7d000 JavaThread "main" [_thread_blocked, id=8924, stack(0x000000df9ab00000,0x000000df9ac00000)]
  0x000001f3990ac7b0 JavaThread "Reference Handler" daemon [_thread_blocked, id=18060, stack(0x000000df9b200000,0x000000df9b300000)]
  0x000001f3990ad630 JavaThread "Finalizer" daemon [_thread_blocked, id=16248, stack(0x000000df9b300000,0x000000df9b400000)]
  0x000001f3990bf250 JavaThread "Signal Dispatcher" daemon [_thread_blocked, id=10196, stack(0x000000df9b400000,0x000000df9b500000)]
  0x000001f3990bfc20 JavaThread "Attach Listener" daemon [_thread_blocked, id=29364, stack(0x000000df9b500000,0x000000df9b600000)]
  0x000001f3990c4700 JavaThread "Service Thread" daemon [_thread_blocked, id=16524, stack(0x000000df9b600000,0x000000df9b700000)]
  0x000001f3990c58e0 JavaThread "Monitor Deflation Thread" daemon [_thread_blocked, id=2372, stack(0x000000df9b700000,0x000000df9b800000)]
=>0x000001f3990ce2a0 JavaThread "C2 CompilerThread0" daemon [_thread_in_native, id=11952, stack(0x000000df9b800000,0x000000df9b900000)]
  0x000001f399271ab0 JavaThread "C1 CompilerThread0" daemon [_thread_blocked, id=18920, stack(0x000000df9b900000,0x000000df9ba00000)]
  0x000001f39924d430 JavaThread "Sweeper thread" daemon [_thread_blocked, id=14036, stack(0x000000df9ba00000,0x000000df9bb00000)]
  0x000001f3993a9720 JavaThread "Common-Cleaner" daemon [_thread_blocked, id=6472, stack(0x000000df9bb00000,0x000000df9bc00000)]
  0x000001f3993aa140 JavaThread "Notification Thread" daemon [_thread_blocked, id=4236, stack(0x000000df9bc00000,0x000000df9bd00000)]
  0x000001f3993a9210 JavaThread "Daemon health stats" [_thread_blocked, id=13592, stack(0x000000df9c300000,0x000000df9c400000)]
  0x000001f3993a8d00 JavaThread "Incoming local TCP Connector on port 62592" [_thread_in_native, id=19340, stack(0x000000df9c400000,0x000000df9c500000)]
  0x000001f3993aab60 JavaThread "Daemon periodic checks" [_thread_blocked, id=22804, stack(0x000000df9c500000,0x000000df9c600000)]
  0x000001f3993aba90 JavaThread "Daemon" [_thread_blocked, id=19644, stack(0x000000df9c600000,0x000000df9c700000)]
  0x000001f3993a9c30 JavaThread "Handler for socket connection from /127.0.0.1:62592 to /127.0.0.1:62593" [_thread_in_native, id=19912, stack(0x000000df9c700000,0x000000df9c800000)]
  0x000001f3993aa650 JavaThread "Cancel handler" [_thread_blocked, id=14624, stack(0x000000df9c800000,0x000000df9c900000)]
  0x000001f3993ab070 JavaThread "Daemon worker" [_thread_in_vm, id=14888, stack(0x000000df9c900000,0x000000df9ca00000)]
  0x000001f3993ab580 JavaThread "Asynchronous log dispatcher for DefaultDaemonConnection: socket connection from /127.0.0.1:62592 to /127.0.0.1:62593" [_thread_blocked, id=22628, stack(0x000000df9ca00000,0x000000df9cb00000)]
  0x000001f3993a82e0 JavaThread "Stdin handler" [_thread_blocked, id=13600, stack(0x000000df9cb00000,0x000000df9cc00000)]
  0x000001f3993a87f0 JavaThread "Daemon client event forwarder" [_thread_blocked, id=9588, stack(0x000000df9cc00000,0x000000df9cd00000)]
  0x000001f39faabd60 JavaThread "Cache worker for journal cache (C:\Users\alexeycode\.gradle\caches\journal-1)" [_thread_blocked, id=1840, stack(0x000000df9d300000,0x000000df9d400000)]
  0x000001f39faab850 JavaThread "File lock request listener" [_thread_in_native, id=10964, stack(0x000000df9d400000,0x000000df9d500000)]
  0x000001f39faac270 JavaThread "Cache worker for file hash cache (C:\Users\alexeycode\.gradle\caches\8.4\fileHashes)" [_thread_blocked, id=23056, stack(0x000000df9d600000,0x000000df9d700000)]
  0x000001f39faafa20 JavaThread "File watcher server" daemon [_thread_in_native, id=21736, stack(0x000000df9d800000,0x000000df9d900000)]
  0x000001f39faaae30 JavaThread "File watcher consumer" daemon [_thread_blocked, id=15096, stack(0x000000df9d900000,0x000000df9da00000)]
  0x000001f39faaf000 JavaThread "jar transforms" [_thread_blocked, id=4412, stack(0x000000df9da00000,0x000000df9db00000)]
  0x000001f39faaff30 JavaThread "jar transforms Thread 2" [_thread_blocked, id=20884, stack(0x000000df9db00000,0x000000df9dc00000)]
  0x000001f39faac780 JavaThread "jar transforms Thread 3" [_thread_blocked, id=8264, stack(0x000000df9dc00000,0x000000df9dd00000)]
  0x000001f39faad6b0 JavaThread "jar transforms Thread 4" [_thread_blocked, id=17340, stack(0x000000df9dd00000,0x000000df9de00000)]
  0x000001f39faacc90 JavaThread "jar transforms Thread 5" [_thread_blocked, id=8732, stack(0x000000df9de00000,0x000000df9df00000)]
  0x000001f39faaa920 JavaThread "jar transforms Thread 6" [_thread_blocked, id=10636, stack(0x000000df9df00000,0x000000df9e000000)]
  0x000001f39fab0440 JavaThread "jar transforms Thread 7" [_thread_blocked, id=21212, stack(0x000000df9e000000,0x000000df9e100000)]
  0x000001f39faad1a0 JavaThread "jar transforms Thread 8" [_thread_blocked, id=25668, stack(0x000000df9e100000,0x000000df9e200000)]
  0x000001f39fab0950 JavaThread "jar transforms Thread 9" [_thread_blocked, id=23584, stack(0x000000df9e200000,0x000000df9e300000)]
  0x000001f39faadbc0 JavaThread "jar transforms Thread 10" [_thread_blocked, id=20368, stack(0x000000df9e300000,0x000000df9e400000)]
  0x000001f39faae0d0 JavaThread "jar transforms Thread 11" [_thread_blocked, id=21476, stack(0x000000df9e400000,0x000000df9e500000)]
  0x000001f39faae5e0 JavaThread "jar transforms Thread 12" [_thread_blocked, id=18408, stack(0x000000df9e500000,0x000000df9e600000)]
  0x000001f39faaeaf0 JavaThread "Cache worker for checksums cache (C:\Users\alexeycode\AndroidStudioProjects\ThirdKotlinProject\.gradle\8.4\checksums)" [_thread_blocked, id=21036, stack(0x000000df9e600000,0x000000df9e700000)]
  0x000001f39faaf510 JavaThread "Cache worker for file hash cache (C:\Users\alexeycode\AndroidStudioProjects\ThirdKotlinProject\.gradle\8.4\fileHashes)" [_thread_blocked, id=17040, stack(0x000000df9e700000,0x000000df9e800000)]
  0x000001f39fab0e60 JavaThread "Cache worker for cache directory md-supplier (C:\Users\alexeycode\.gradle\caches\8.4\md-supplier)" [_thread_blocked, id=12800, stack(0x000000df9e800000,0x000000df9e900000)]
  0x000001f39fab1370 JavaThread "Cache worker for file content cache (C:\Users\alexeycode\.gradle\caches\8.4\fileContent)" [_thread_blocked, id=11892, stack(0x000000df9e900000,0x000000df9ea00000)]
  0x000001f39faaa410 JavaThread "Cache worker for cache directory md-rule (C:\Users\alexeycode\.gradle\caches\8.4\md-rule)" [_thread_blocked, id=23640, stack(0x000000df9ea00000,0x000000df9eb00000)]
  0x000001f39fab1880 JavaThread "Cache worker for execution history cache (C:\Users\alexeycode\.gradle\caches\8.4\executionHistory)" [_thread_blocked, id=14380, stack(0x000000df9eb00000,0x000000df9ec00000)]
  0x000001f399aa8af0 JavaThread "Cache worker for kotlin-dsl (C:\Users\alexeycode\.gradle\caches\8.4\kotlin-dsl)" [_thread_blocked, id=25920, stack(0x000000df9d700000,0x000000df9d800000)]
  0x000001f399aa9510 JavaThread "Cache worker for dependencies-accessors (C:\Users\alexeycode\AndroidStudioProjects\ThirdKotlinProject\.gradle\8.4\dependencies-accessors)" [_thread_blocked, id=7628, stack(0x000000df9d500000,0x000000df9d600000)]
  0x000001f399aa7bc0 JavaThread "Cache worker for Build Output Cleanup Cache (C:\Users\alexeycode\AndroidStudioProjects\ThirdKotlinProject\.gradle\buildOutputCleanup)" [_thread_blocked, id=22156, stack(0x000000df9ed00000,0x000000df9ee00000)]
  0x000001f399aa4410 JavaThread "Unconstrained build operations" [_thread_blocked, id=12464, stack(0x000000df9ee00000,0x000000df9ef00000)]
  0x000001f399aa2ac0 JavaThread "Unconstrained build operations Thread 2" [_thread_blocked, id=5608, stack(0x000000df9ef00000,0x000000df9f000000)]
  0x000001f399aa5850 JavaThread "Unconstrained build operations Thread 3" [_thread_blocked, id=6328, stack(0x000000df9f000000,0x000000df9f100000)]
  0x000001f399aa71a0 JavaThread "Unconstrained build operations Thread 4" [_thread_blocked, id=19680, stack(0x000000df9f100000,0x000000df9f200000)]
  0x000001f399aa6c90 JavaThread "Unconstrained build operations Thread 5" [_thread_blocked, id=15272, stack(0x000000df9f200000,0x000000df9f300000)]
  0x000001f399aa4920 JavaThread "Unconstrained build operations Thread 6" [_thread_blocked, id=6868, stack(0x000000df9f300000,0x000000df9f400000)]
  0x000001f399aa9000 JavaThread "Unconstrained build operations Thread 7" [_thread_blocked, id=23276, stack(0x000000df9f400000,0x000000df9f500000)]
  0x000001f399aa6270 JavaThread "Unconstrained build operations Thread 8" [_thread_blocked, id=21996, stack(0x000000df9f500000,0x000000df9f600000)]
  0x000001f399aa3f00 JavaThread "Unconstrained build operations Thread 9" [_thread_blocked, id=4800, stack(0x000000df9f600000,0x000000df9f700000)]
  0x000001f399aa20a0 JavaThread "Unconstrained build operations Thread 10" [_thread_blocked, id=29432, stack(0x000000df9f700000,0x000000df9f800000)]
  0x000001f399aa9a20 JavaThread "Unconstrained build operations Thread 11" [_thread_blocked, id=23404, stack(0x000000df9f800000,0x000000df9f900000)]
  0x000001f3abf7fc20 JavaThread "Memory manager" [_thread_blocked, id=7724, stack(0x000000df9fb00000,0x000000df9fc00000)]
  0x000001f3a33b1000 JavaThread "build event listener" [_thread_blocked, id=16048, stack(0x000000df9fc00000,0x000000df9fd00000)]
  0x000001f3ab793d10 JavaThread "Kotlin DSL Writer" [_thread_blocked, id=19188, stack(0x000000df9fd00000,0x000000df9fe00000)]

Other Threads:
  0x000001f399213bb0 VMThread "VM Thread" [stack: 0x000000df9b100000,0x000000df9b200000] [id=20428]
  0x000001f3994b32f0 WatcherThread [stack: 0x000000df9bd00000,0x000000df9be00000] [id=13988]
  0x000001f3fcdd97a0 GCTaskThread "GC Thread#0" [stack: 0x000000df9ac00000,0x000000df9ad00000] [id=24560]
  0x000001f399a3e6c0 GCTaskThread "GC Thread#1" [stack: 0x000000df9c000000,0x000000df9c100000] [id=9512]
  0x000001f39e354900 GCTaskThread "GC Thread#2" [stack: 0x000000df9c100000,0x000000df9c200000] [id=22760]
  0x000001f39992c220 GCTaskThread "GC Thread#3" [stack: 0x000000df9c200000,0x000000df9c300000] [id=11720]
  0x000001f3998269b0 GCTaskThread "GC Thread#4" [stack: 0x000000df9bf00000,0x000000df9c000000] [id=9452]
  0x000001f39ecff320 GCTaskThread "GC Thread#5" [stack: 0x000000df9be00000,0x000000df9bf00000] [id=2096]
  0x000001f39ee38bc0 GCTaskThread "GC Thread#6" [stack: 0x000000df9cd00000,0x000000df9ce00000] [id=16476]
  0x000001f39f892a50 GCTaskThread "GC Thread#7" [stack: 0x000000df9ce00000,0x000000df9cf00000] [id=17888]
  0x000001f39ed2f740 GCTaskThread "GC Thread#8" [stack: 0x000000df9cf00000,0x000000df9d000000] [id=18032]
  0x000001f39f6aadf0 GCTaskThread "GC Thread#9" [stack: 0x000000df9d000000,0x000000df9d100000] [id=22844]
  0x000001f3fcdea6f0 ConcurrentGCThread "G1 Main Marker" [stack: 0x000000df9ad00000,0x000000df9ae00000] [id=23008]
  0x000001f3fcdeb110 ConcurrentGCThread "G1 Conc#0" [stack: 0x000000df9ae00000,0x000000df9af00000] [id=2724]
  0x000001f3a064ac30 ConcurrentGCThread "G1 Conc#1" [stack: 0x000000df9d100000,0x000000df9d200000] [id=12264]
  0x000001f39f18f100 ConcurrentGCThread "G1 Conc#2" [stack: 0x000000df9d200000,0x000000df9d300000] [id=1640]
  0x000001f398f14520 ConcurrentGCThread "G1 Refine#0" [stack: 0x000000df9af00000,0x000000df9b000000] [id=16932]
  0x000001f39f95d440 ConcurrentGCThread "G1 Refine#1" [stack: 0x000000df9f900000,0x000000df9fa00000] [id=21960]
  0x000001f3a129cde0 ConcurrentGCThread "G1 Refine#2" [stack: 0x000000df9ec00000,0x000000df9ed00000] [id=1620]
  0x000001f398f14f50 ConcurrentGCThread "G1 Service" [stack: 0x000000df9b000000,0x000000df9b100000] [id=29660]

Threads with active compile tasks:
C2 CompilerThread0    26328 15667   !   4       java.net.URLClassLoader$1::run (81 bytes)

VM state: not at safepoint (normal execution)

VM Mutex/Monitor currently owned by a thread:  ([mutex/lock_event])
[0x000001f3fcd78550] Compile_lock - owner thread: 0x0000000000000000

Heap address: 0x0000000080000000, size: 2048 MB, Compressed Oops mode: 32-bit

CDS archive(s) not mapped
Compressed class space mapped at: 0x0000000100000000-0x0000000140000000, reserved size: 1073741824
Narrow klass base: 0x0000000000000000, Narrow klass shift: 3, Narrow klass range: 0x140000000

GC Precious Log:
 CPUs: 12 total, 12 available
 Memory: 7514M
 Large Page Support: Disabled
 NUMA Support: Disabled
 Compressed Oops: Enabled (32-bit)
 Heap Region Size: 1M
 Heap Min Capacity: 8M
 Heap Initial Capacity: 118M
 Heap Max Capacity: 2G
 Pre-touch: Disabled
 Parallel Workers: 10
 Concurrent Workers: 3
 Concurrent Refinement Workers: 10
 Periodic GC: Disabled

Heap:
 garbage-first heap   total 331776K, used 244477K [0x0000000080000000, 0x0000000100000000)
  region size 1024K, 77 young (78848K), 12 survivors (12288K)
 Metaspace       used 148379K, committed 149184K, reserved 1179648K
  class space    used 19033K, committed 19392K, reserved 1048576K

Heap Regions: E=young(eden), S=young(survivor), O=old, HS=humongous(starts), HC=humongous(continues), CS=collection set, F=free, OA=open archive, CA=closed archive, TAMS=top-at-mark-start (previous, next)
|   0|0x0000000080000000, 0x0000000080100000, 0x0000000080100000|100%|HS|  |TAMS 0x0000000080100000, 0x0000000080000000| Complete 
|   1|0x0000000080100000, 0x0000000080200000, 0x0000000080200000|100%|HC|  |TAMS 0x0000000080200000, 0x0000000080100000| Complete 
|   2|0x0000000080200000, 0x0000000080300000, 0x0000000080300000|100%|HC|  |TAMS 0x0000000080300000, 0x0000000080200000| Complete 
|   3|0x0000000080300000, 0x0000000080400000, 0x0000000080400000|100%|HC|  |TAMS 0x0000000080400000, 0x0000000080300000| Complete 
|   4|0x0000000080400000, 0x0000000080500000, 0x0000000080500000|100%| O|  |TAMS 0x0000000080500000, 0x0000000080400000| Untracked 
|   5|0x0000000080500000, 0x0000000080600000, 0x0000000080600000|100%| O|  |TAMS 0x0000000080600000, 0x0000000080500000| Untracked 
|   6|0x0000000080600000, 0x0000000080700000, 0x0000000080700000|100%| O|  |TAMS 0x0000000080700000, 0x0000000080600000| Untracked 
|   7|0x0000000080700000, 0x0000000080800000, 0x0000000080800000|100%| O|  |TAMS 0x0000000080800000, 0x0000000080700000| Untracked 
|   8|0x0000000080800000, 0x0000000080900000, 0x0000000080900000|100%| O|  |TAMS 0x0000000080900000, 0x0000000080800000| Untracked 
|   9|0x0000000080900000, 0x0000000080a00000, 0x0000000080a00000|100%| O|  |TAMS 0x0000000080a00000, 0x0000000080900000| Untracked 
|  10|0x0000000080a00000, 0x0000000080b00000, 0x0000000080b00000|100%| O|  |TAMS 0x0000000080b00000, 0x0000000080a00000| Untracked 
|  11|0x0000000080b00000, 0x0000000080c00000, 0x0000000080c00000|100%| O|  |TAMS 0x0000000080c00000, 0x0000000080b00000| Untracked 
|  12|0x0000000080c00000, 0x0000000080d00000, 0x0000000080d00000|100%| O|  |TAMS 0x0000000080d00000, 0x0000000080c00000| Untracked 
|  13|0x0000000080d00000, 0x0000000080e00000, 0x0000000080e00000|100%| O|  |TAMS 0x0000000080e00000, 0x0000000080d00000| Untracked 
|  14|0x0000000080e00000, 0x0000000080f00000, 0x0000000080f00000|100%| O|  |TAMS 0x0000000080f00000, 0x0000000080e00000| Untracked 
|  15|0x0000000080f00000, 0x0000000081000000, 0x0000000081000000|100%| O|  |TAMS 0x0000000081000000, 0x0000000080f00000| Untracked 
|  16|0x0000000081000000, 0x0000000081100000, 0x0000000081100000|100%| O|  |TAMS 0x0000000081100000, 0x0000000081000000| Untracked 
|  17|0x0000000081100000, 0x0000000081200000, 0x0000000081200000|100%| O|  |TAMS 0x0000000081200000, 0x0000000081100000| Untracked 
|  18|0x0000000081200000, 0x0000000081300000, 0x0000000081300000|100%| O|  |TAMS 0x0000000081300000, 0x0000000081200000| Untracked 
|  19|0x0000000081300000, 0x0000000081400000, 0x0000000081400000|100%|HS|  |TAMS 0x0000000081400000, 0x0000000081300000| Complete 
|  20|0x0000000081400000, 0x0000000081500000, 0x0000000081500000|100%|HC|  |TAMS 0x0000000081500000, 0x0000000081400000| Complete 
|  21|0x0000000081500000, 0x0000000081600000, 0x0000000081600000|100%|HS|  |TAMS 0x0000000081600000, 0x0000000081500000| Complete 
|  22|0x0000000081600000, 0x0000000081700000, 0x0000000081700000|100%|HC|  |TAMS 0x0000000081700000, 0x0000000081600000| Complete 
|  23|0x0000000081700000, 0x0000000081800000, 0x0000000081800000|100%|HC|  |TAMS 0x0000000081800000, 0x0000000081700000| Complete 
|  24|0x0000000081800000, 0x0000000081900000, 0x0000000081900000|100%|HS|  |TAMS 0x0000000081900000, 0x0000000081800000| Complete 
|  25|0x0000000081900000, 0x0000000081a00000, 0x0000000081a00000|100%|HC|  |TAMS 0x0000000081a00000, 0x0000000081900000| Complete 
|  26|0x0000000081a00000, 0x0000000081b00000, 0x0000000081b00000|100%|HC|  |TAMS 0x0000000081b00000, 0x0000000081a00000| Complete 
|  27|0x0000000081b00000, 0x0000000081c00000, 0x0000000081c00000|100%|HS|  |TAMS 0x0000000081c00000, 0x0000000081b00000| Complete 
|  28|0x0000000081c00000, 0x0000000081d00000, 0x0000000081d00000|100%|HC|  |TAMS 0x0000000081d00000, 0x0000000081c00000| Complete 
|  29|0x0000000081d00000, 0x0000000081e00000, 0x0000000081e00000|100%|HC|  |TAMS 0x0000000081e00000, 0x0000000081d00000| Complete 
|  30|0x0000000081e00000, 0x0000000081f00000, 0x0000000081f00000|100%| O|  |TAMS 0x0000000081f00000, 0x0000000081e00000| Untracked 
|  31|0x0000000081f00000, 0x0000000082000000, 0x0000000082000000|100%| O|  |TAMS 0x0000000082000000, 0x0000000081f00000| Untracked 
|  32|0x0000000082000000, 0x0000000082100000, 0x0000000082100000|100%| O|  |TAMS 0x0000000082100000, 0x0000000082000000| Untracked 
|  33|0x0000000082100000, 0x0000000082200000, 0x0000000082200000|100%| O|  |TAMS 0x0000000082200000, 0x0000000082100000| Untracked 
|  34|0x0000000082200000, 0x0000000082300000, 0x0000000082300000|100%| O|  |TAMS 0x0000000082300000, 0x0000000082200000| Untracked 
|  35|0x0000000082300000, 0x0000000082400000, 0x0000000082400000|100%| O|  |TAMS 0x0000000082400000, 0x0000000082300000| Untracked 
|  36|0x0000000082400000, 0x0000000082500000, 0x0000000082500000|100%| O|  |TAMS 0x0000000082500000, 0x0000000082400000| Untracked 
|  37|0x0000000082500000, 0x0000000082600000, 0x0000000082600000|100%| O|  |TAMS 0x0000000082600000, 0x0000000082500000| Untracked 
|  38|0x0000000082600000, 0x0000000082700000, 0x0000000082700000|100%| O|  |TAMS 0x0000000082700000, 0x0000000082600000| Untracked 
|  39|0x0000000082700000, 0x0000000082800000, 0x0000000082800000|100%| O|  |TAMS 0x0000000082800000, 0x0000000082700000| Untracked 
|  40|0x0000000082800000, 0x0000000082900000, 0x0000000082900000|100%| O|  |TAMS 0x0000000082900000, 0x0000000082800000| Untracked 
|  41|0x0000000082900000, 0x0000000082a00000, 0x0000000082a00000|100%| O|  |TAMS 0x0000000082a00000, 0x0000000082900000| Untracked 
|  42|0x0000000082a00000, 0x0000000082b00000, 0x0000000082b00000|100%| O|  |TAMS 0x0000000082b00000, 0x0000000082a00000| Untracked 
|  43|0x0000000082b00000, 0x0000000082c00000, 0x0000000082c00000|100%| O|  |TAMS 0x0000000082c00000, 0x0000000082b00000| Untracked 
|  44|0x0000000082c00000, 0x0000000082d00000, 0x0000000082d00000|100%| O|  |TAMS 0x0000000082d00000, 0x0000000082c00000| Untracked 
|  45|0x0000000082d00000, 0x0000000082e00000, 0x0000000082e00000|100%| O|  |TAMS 0x0000000082e00000, 0x0000000082d00000| Untracked 
|  46|0x0000000082e00000, 0x0000000082f00000, 0x0000000082f00000|100%|HS|  |TAMS 0x0000000082f00000, 0x0000000082e00000| Complete 
|  47|0x0000000082f00000, 0x0000000083000000, 0x0000000083000000|100%|HC|  |TAMS 0x0000000083000000, 0x0000000082f00000| Complete 
|  48|0x0000000083000000, 0x0000000083100000, 0x0000000083100000|100%|HC|  |TAMS 0x0000000083100000, 0x0000000083000000| Complete 
|  49|0x0000000083100000, 0x0000000083200000, 0x0000000083200000|100%| O|  |TAMS 0x0000000083200000, 0x0000000083100000| Untracked 
|  50|0x0000000083200000, 0x0000000083300000, 0x0000000083300000|100%| O|  |TAMS 0x0000000083300000, 0x0000000083200000| Untracked 
|  51|0x0000000083300000, 0x0000000083400000, 0x0000000083400000|100%| O|  |TAMS 0x0000000083400000, 0x0000000083300000| Untracked 
|  52|0x0000000083400000, 0x0000000083500000, 0x0000000083500000|100%| O|  |TAMS 0x0000000083500000, 0x0000000083400000| Untracked 
|  53|0x0000000083500000, 0x0000000083600000, 0x0000000083600000|100%| O|  |TAMS 0x0000000083600000, 0x0000000083500000| Untracked 
|  54|0x0000000083600000, 0x0000000083700000, 0x0000000083700000|100%| O|  |TAMS 0x0000000083700000, 0x0000000083600000| Untracked 
|  55|0x0000000083700000, 0x0000000083800000, 0x0000000083800000|100%| O|  |TAMS 0x0000000083800000, 0x0000000083700000| Untracked 
|  56|0x0000000083800000, 0x0000000083900000, 0x0000000083900000|100%| O|  |TAMS 0x0000000083900000, 0x0000000083800000| Untracked 
|  57|0x0000000083900000, 0x0000000083a00000, 0x0000000083a00000|100%| O|  |TAMS 0x0000000083a00000, 0x0000000083900000| Untracked 
|  58|0x0000000083a00000, 0x0000000083b00000, 0x0000000083b00000|100%| O|  |TAMS 0x0000000083b00000, 0x0000000083a00000| Untracked 
|  59|0x0000000083b00000, 0x0000000083c00000, 0x0000000083c00000|100%| O|  |TAMS 0x0000000083c00000, 0x0000000083b00000| Untracked 
|  60|0x0000000083c00000, 0x0000000083d00000, 0x0000000083d00000|100%| O|  |TAMS 0x0000000083d00000, 0x0000000083c00000| Untracked 
|  61|0x0000000083d00000, 0x0000000083e00000, 0x0000000083e00000|100%| O|  |TAMS 0x0000000083e00000, 0x0000000083d00000| Untracked 
|  62|0x0000000083e00000, 0x0000000083f00000, 0x0000000083f00000|100%| O|  |TAMS 0x0000000083f00000, 0x0000000083e00000| Untracked 
|  63|0x0000000083f00000, 0x0000000084000000, 0x0000000084000000|100%| O|  |TAMS 0x0000000084000000, 0x0000000083f00000| Untracked 
|  64|0x0000000084000000, 0x0000000084100000, 0x0000000084100000|100%| O|  |TAMS 0x0000000084100000, 0x0000000084000000| Untracked 
|  65|0x0000000084100000, 0x0000000084200000, 0x0000000084200000|100%| O|  |TAMS 0x0000000084200000, 0x0000000084100000| Untracked 
|  66|0x0000000084200000, 0x0000000084300000, 0x0000000084300000|100%| O|  |TAMS 0x0000000084300000, 0x0000000084200000| Untracked 
|  67|0x0000000084300000, 0x0000000084400000, 0x0000000084400000|100%| O|  |TAMS 0x0000000084400000, 0x0000000084300000| Untracked 
|  68|0x0000000084400000, 0x0000000084500000, 0x0000000084500000|100%| O|  |TAMS 0x0000000084500000, 0x0000000084400000| Untracked 
|  69|0x0000000084500000, 0x0000000084600000, 0x0000000084600000|100%| O|  |TAMS 0x0000000084600000, 0x0000000084500000| Untracked 
|  70|0x0000000084600000, 0x0000000084700000, 0x0000000084700000|100%| O|  |TAMS 0x0000000084700000, 0x0000000084600000| Untracked 
|  71|0x0000000084700000, 0x0000000084800000, 0x0000000084800000|100%| O|  |TAMS 0x0000000084800000, 0x0000000084700000| Untracked 
|  72|0x0000000084800000, 0x0000000084900000, 0x0000000084900000|100%| O|  |TAMS 0x0000000084900000, 0x0000000084800000| Untracked 
|  73|0x0000000084900000, 0x0000000084a00000, 0x0000000084a00000|100%| O|  |TAMS 0x0000000084a00000, 0x0000000084900000| Untracked 
|  74|0x0000000084a00000, 0x0000000084b00000, 0x0000000084b00000|100%| O|  |TAMS 0x0000000084b00000, 0x0000000084a00000| Untracked 
|  75|0x0000000084b00000, 0x0000000084c00000, 0x0000000084c00000|100%| O|  |TAMS 0x0000000084c00000, 0x0000000084b00000| Untracked 
|  76|0x0000000084c00000, 0x0000000084d00000, 0x0000000084d00000|100%| O|  |TAMS 0x0000000084d00000, 0x0000000084c00000| Untracked 
|  77|0x0000000084d00000, 0x0000000084e00000, 0x0000000084e00000|100%|HS|  |TAMS 0x0000000084e00000, 0x0000000084d00000| Complete 
|  78|0x0000000084e00000, 0x0000000084f00000, 0x0000000084f00000|100%|HS|  |TAMS 0x0000000084f00000, 0x0000000084e00000| Complete 
|  79|0x0000000084f00000, 0x0000000085000000, 0x0000000085000000|100%|HS|  |TAMS 0x0000000085000000, 0x0000000084f00000| Complete 
|  80|0x0000000085000000, 0x0000000085100000, 0x0000000085100000|100%|HS|  |TAMS 0x0000000085100000, 0x0000000085000000| Complete 
|  81|0x0000000085100000, 0x0000000085200000, 0x0000000085200000|100%|HS|  |TAMS 0x0000000085200000, 0x0000000085100000| Complete 
|  82|0x0000000085200000, 0x0000000085300000, 0x0000000085300000|100%| O|  |TAMS 0x0000000085300000, 0x0000000085200000| Untracked 
|  83|0x0000000085300000, 0x0000000085400000, 0x0000000085400000|100%| O|  |TAMS 0x0000000085400000, 0x0000000085300000| Untracked 
|  84|0x0000000085400000, 0x0000000085500000, 0x0000000085500000|100%| O|  |TAMS 0x0000000085500000, 0x0000000085400000| Untracked 
|  85|0x0000000085500000, 0x0000000085600000, 0x0000000085600000|100%| O|  |TAMS 0x0000000085600000, 0x0000000085500000| Untracked 
|  86|0x0000000085600000, 0x0000000085700000, 0x0000000085700000|100%| O|  |TAMS 0x0000000085700000, 0x0000000085600000| Untracked 
|  87|0x0000000085700000, 0x0000000085800000, 0x0000000085800000|100%| O|  |TAMS 0x0000000085800000, 0x0000000085700000| Untracked 
|  88|0x0000000085800000, 0x0000000085900000, 0x0000000085900000|100%| O|  |TAMS 0x0000000085900000, 0x0000000085800000| Untracked 
|  89|0x0000000085900000, 0x0000000085a00000, 0x0000000085a00000|100%| O|  |TAMS 0x0000000085a00000, 0x0000000085900000| Untracked 
|  90|0x0000000085a00000, 0x0000000085b00000, 0x0000000085b00000|100%| O|  |TAMS 0x0000000085b00000, 0x0000000085a00000| Untracked 
|  91|0x0000000085b00000, 0x0000000085c00000, 0x0000000085c00000|100%| O|  |TAMS 0x0000000085c00000, 0x0000000085b00000| Untracked 
|  92|0x0000000085c00000, 0x0000000085d00000, 0x0000000085d00000|100%| O|  |TAMS 0x0000000085d00000, 0x0000000085c00000| Untracked 
|  93|0x0000000085d00000, 0x0000000085e00000, 0x0000000085e00000|100%| O|  |TAMS 0x0000000085e00000, 0x0000000085d00000| Untracked 
|  94|0x0000000085e00000, 0x0000000085e00000, 0x0000000085f00000|  0%| F|  |TAMS 0x0000000085e00000, 0x0000000085e00000| Untracked 
|  95|0x0000000085f00000, 0x0000000086000000, 0x0000000086000000|100%| O|  |TAMS 0x0000000085f00000, 0x0000000085f00000| Untracked 
|  96|0x0000000086000000, 0x0000000086100000, 0x0000000086100000|100%|HS|  |TAMS 0x0000000086100000, 0x0000000086000000| Complete 
|  97|0x0000000086100000, 0x0000000086200000, 0x0000000086200000|100%|HC|  |TAMS 0x0000000086200000, 0x0000000086100000| Complete 
|  98|0x0000000086200000, 0x0000000086300000, 0x0000000086300000|100%|HC|  |TAMS 0x0000000086300000, 0x0000000086200000| Complete 
|  99|0x0000000086300000, 0x0000000086400000, 0x0000000086400000|100%|HC|  |TAMS 0x0000000086400000, 0x0000000086300000| Complete 
| 100|0x0000000086400000, 0x0000000086500000, 0x0000000086500000|100%|HC|  |TAMS 0x0000000086500000, 0x0000000086400000| Complete 
| 101|0x0000000086500000, 0x0000000086600000, 0x0000000086600000|100%|HC|  |TAMS 0x0000000086600000, 0x0000000086500000| Complete 
| 102|0x0000000086600000, 0x0000000086700000, 0x0000000086700000|100%|HS|  |TAMS 0x0000000086700000, 0x0000000086600000| Complete 
| 103|0x0000000086700000, 0x0000000086800000, 0x0000000086800000|100%|HC|  |TAMS 0x0000000086800000, 0x0000000086700000| Complete 
| 104|0x0000000086800000, 0x0000000086900000, 0x0000000086900000|100%|HS|  |TAMS 0x0000000086900000, 0x0000000086800000| Complete 
| 105|0x0000000086900000, 0x0000000086a00000, 0x0000000086a00000|100%|HC|  |TAMS 0x0000000086a00000, 0x0000000086900000| Complete 
| 106|0x0000000086a00000, 0x0000000086b00000, 0x0000000086b00000|100%|HC|  |TAMS 0x0000000086b00000, 0x0000000086a00000| Complete 
| 107|0x0000000086b00000, 0x0000000086c00000, 0x0000000086c00000|100%|HC|  |TAMS 0x0000000086c00000, 0x0000000086b00000| Complete 
| 108|0x0000000086c00000, 0x0000000086d00000, 0x0000000086d00000|100%| O|  |TAMS 0x0000000086d00000, 0x0000000086c00000| Untracked 
| 109|0x0000000086d00000, 0x0000000086e00000, 0x0000000086e00000|100%| O|  |TAMS 0x0000000086e00000, 0x0000000086d00000| Untracked 
| 110|0x0000000086e00000, 0x0000000086f00000, 0x0000000086f00000|100%| O|  |TAMS 0x0000000086f00000, 0x0000000086e00000| Untracked 
| 111|0x0000000086f00000, 0x0000000087000000, 0x0000000087000000|100%| O|  |TAMS 0x0000000087000000, 0x0000000086f00000| Untracked 
| 112|0x0000000087000000, 0x0000000087100000, 0x0000000087100000|100%| O|  |TAMS 0x0000000087100000, 0x0000000087000000| Untracked 
| 113|0x0000000087100000, 0x0000000087200000, 0x0000000087200000|100%| O|  |TAMS 0x0000000087200000, 0x0000000087100000| Untracked 
| 114|0x0000000087200000, 0x0000000087300000, 0x0000000087300000|100%| O|  |TAMS 0x0000000087300000, 0x0000000087200000| Untracked 
| 115|0x0000000087300000, 0x0000000087400000, 0x0000000087400000|100%| O|  |TAMS 0x0000000087400000, 0x0000000087300000| Untracked 
| 116|0x0000000087400000, 0x0000000087500000, 0x0000000087500000|100%| O|  |TAMS 0x0000000087500000, 0x0000000087400000| Untracked 
| 117|0x0000000087500000, 0x0000000087600000, 0x0000000087600000|100%| O|  |TAMS 0x0000000087600000, 0x0000000087500000| Untracked 
| 118|0x0000000087600000, 0x0000000087700000, 0x0000000087700000|100%| O|  |TAMS 0x0000000087700000, 0x0000000087600000| Untracked 
| 119|0x0000000087700000, 0x0000000087800000, 0x0000000087800000|100%| O|  |TAMS 0x0000000087800000, 0x0000000087700000| Untracked 
| 120|0x0000000087800000, 0x0000000087900000, 0x0000000087900000|100%| O|  |TAMS 0x0000000087900000, 0x0000000087800000| Untracked 
| 121|0x0000000087900000, 0x0000000087a00000, 0x0000000087a00000|100%| O|  |TAMS 0x0000000087a00000, 0x0000000087900000| Untracked 
| 122|0x0000000087a00000, 0x0000000087b00000, 0x0000000087b00000|100%| O|  |TAMS 0x0000000087b00000, 0x0000000087a00000| Untracked 
| 123|0x0000000087b00000, 0x0000000087c00000, 0x0000000087c00000|100%|HS|  |TAMS 0x0000000087c00000, 0x0000000087b00000| Complete 
| 124|0x0000000087c00000, 0x0000000087d00000, 0x0000000087d00000|100%|HC|  |TAMS 0x0000000087d00000, 0x0000000087c00000| Complete 
| 125|0x0000000087d00000, 0x0000000087e00000, 0x0000000087e00000|100%| O|  |TAMS 0x0000000087d00000, 0x0000000087d00000| Untracked 
| 126|0x0000000087e00000, 0x0000000087f00000, 0x0000000087f00000|100%|HS|  |TAMS 0x0000000087f00000, 0x0000000087e00000| Complete 
| 127|0x0000000087f00000, 0x0000000088000000, 0x0000000088000000|100%| O|  |TAMS 0x0000000087f00000, 0x0000000087f00000| Untracked 
| 128|0x0000000088000000, 0x0000000088100000, 0x0000000088100000|100%| O|  |TAMS 0x0000000088000000, 0x0000000088000000| Untracked 
| 129|0x0000000088100000, 0x0000000088200000, 0x0000000088200000|100%| O|  |TAMS 0x0000000088100000, 0x0000000088100000| Untracked 
| 130|0x0000000088200000, 0x0000000088300000, 0x0000000088300000|100%| O|  |TAMS 0x0000000088200000, 0x0000000088200000| Untracked 
| 131|0x0000000088300000, 0x0000000088400000, 0x0000000088400000|100%| O|  |TAMS 0x0000000088300000, 0x0000000088300000| Untracked 
| 132|0x0000000088400000, 0x0000000088500000, 0x0000000088500000|100%| O|  |TAMS 0x0000000088400000, 0x0000000088400000| Untracked 
| 133|0x0000000088500000, 0x0000000088600000, 0x0000000088600000|100%| O|  |TAMS 0x0000000088600000, 0x0000000088500000| Untracked 
| 134|0x0000000088600000, 0x0000000088700000, 0x0000000088700000|100%| O|  |TAMS 0x0000000088700000, 0x0000000088600000| Untracked 
| 135|0x0000000088700000, 0x0000000088800000, 0x0000000088800000|100%| O|  |TAMS 0x0000000088800000, 0x0000000088700000| Untracked 
| 136|0x0000000088800000, 0x0000000088900000, 0x0000000088900000|100%| O|  |TAMS 0x0000000088900000, 0x0000000088800000| Untracked 
| 137|0x0000000088900000, 0x0000000088a00000, 0x0000000088a00000|100%| O|  |TAMS 0x0000000088a00000, 0x0000000088900000| Untracked 
| 138|0x0000000088a00000, 0x0000000088b00000, 0x0000000088b00000|100%| O|  |TAMS 0x0000000088a23e00, 0x0000000088a00000| Untracked 
| 139|0x0000000088b00000, 0x0000000088c00000, 0x0000000088c00000|100%| O|  |TAMS 0x0000000088b00000, 0x0000000088b00000| Untracked 
| 140|0x0000000088c00000, 0x0000000088d00000, 0x0000000088d00000|100%| O|  |TAMS 0x0000000088c00000, 0x0000000088c00000| Untracked 
| 141|0x0000000088d00000, 0x0000000088e00000, 0x0000000088e00000|100%| O|  |TAMS 0x0000000088d00000, 0x0000000088d00000| Untracked 
| 142|0x0000000088e00000, 0x0000000088f00000, 0x0000000088f00000|100%| O|  |TAMS 0x0000000088e00000, 0x0000000088e00000| Untracked 
| 143|0x0000000088f00000, 0x0000000089000000, 0x0000000089000000|100%| O|  |TAMS 0x0000000088f00000, 0x0000000088f00000| Untracked 
| 144|0x0000000089000000, 0x0000000089100000, 0x0000000089100000|100%| O|  |TAMS 0x0000000089000000, 0x0000000089000000| Untracked 
| 145|0x0000000089100000, 0x0000000089200000, 0x0000000089200000|100%| O|  |TAMS 0x0000000089100000, 0x0000000089100000| Untracked 
| 146|0x0000000089200000, 0x0000000089300000, 0x0000000089300000|100%| O|  |TAMS 0x0000000089200000, 0x0000000089200000| Untracked 
| 147|0x0000000089300000, 0x0000000089400000, 0x0000000089400000|100%|HS|  |TAMS 0x0000000089300000, 0x0000000089300000| Complete 
| 148|0x0000000089400000, 0x0000000089500000, 0x0000000089500000|100%|HC|  |TAMS 0x0000000089400000, 0x0000000089400000| Complete 
| 149|0x0000000089500000, 0x0000000089600000, 0x0000000089600000|100%|HC|  |TAMS 0x0000000089500000, 0x0000000089500000| Complete 
| 150|0x0000000089600000, 0x0000000089700000, 0x0000000089700000|100%|HC|  |TAMS 0x0000000089600000, 0x0000000089600000| Complete 
| 151|0x0000000089700000, 0x0000000089800000, 0x0000000089800000|100%| O|  |TAMS 0x0000000089700000, 0x0000000089700000| Untracked 
| 152|0x0000000089800000, 0x0000000089900000, 0x0000000089900000|100%| O|  |TAMS 0x0000000089800000, 0x0000000089800000| Untracked 
| 153|0x0000000089900000, 0x0000000089a00000, 0x0000000089a00000|100%| O|  |TAMS 0x0000000089900000, 0x0000000089900000| Untracked 
| 154|0x0000000089a00000, 0x0000000089b00000, 0x0000000089b00000|100%| O|  |TAMS 0x0000000089a00000, 0x0000000089a00000| Untracked 
| 155|0x0000000089b00000, 0x0000000089c00000, 0x0000000089c00000|100%| O|  |TAMS 0x0000000089b00000, 0x0000000089b00000| Untracked 
| 156|0x0000000089c00000, 0x0000000089d00000, 0x0000000089d00000|100%| O|  |TAMS 0x0000000089c00000, 0x0000000089c00000| Untracked 
| 157|0x0000000089d00000, 0x0000000089e00000, 0x0000000089e00000|100%| O|  |TAMS 0x0000000089d00000, 0x0000000089d00000| Untracked 
| 158|0x0000000089e00000, 0x0000000089f00000, 0x0000000089f00000|100%| O|  |TAMS 0x0000000089e00000, 0x0000000089e00000| Untracked 
| 159|0x0000000089f00000, 0x000000008a000000, 0x000000008a000000|100%| O|  |TAMS 0x0000000089f00000, 0x0000000089f00000| Untracked 
| 160|0x000000008a000000, 0x000000008a100000, 0x000000008a100000|100%| O|  |TAMS 0x000000008a000000, 0x000000008a000000| Untracked 
| 161|0x000000008a100000, 0x000000008a200000, 0x000000008a200000|100%| O|  |TAMS 0x000000008a100000, 0x000000008a100000| Untracked 
| 162|0x000000008a200000, 0x000000008a300000, 0x000000008a300000|100%| O|  |TAMS 0x000000008a200000, 0x000000008a200000| Untracked 
| 163|0x000000008a300000, 0x000000008a400000, 0x000000008a400000|100%| O|  |TAMS 0x000000008a300000, 0x000000008a300000| Untracked 
| 164|0x000000008a400000, 0x000000008a500000, 0x000000008a500000|100%| O|  |TAMS 0x000000008a400000, 0x000000008a400000| Untracked 
| 165|0x000000008a500000, 0x000000008a543e00, 0x000000008a600000| 26%| O|  |TAMS 0x000000008a500000, 0x000000008a500000| Untracked 
| 166|0x000000008a600000, 0x000000008a600000, 0x000000008a700000|  0%| F|  |TAMS 0x000000008a600000, 0x000000008a600000| Untracked 
| 167|0x000000008a700000, 0x000000008a700000, 0x000000008a800000|  0%| F|  |TAMS 0x000000008a700000, 0x000000008a700000| Untracked 
| 168|0x000000008a800000, 0x000000008a800000, 0x000000008a900000|  0%| F|  |TAMS 0x000000008a800000, 0x000000008a800000| Untracked 
| 169|0x000000008a900000, 0x000000008a900000, 0x000000008aa00000|  0%| F|  |TAMS 0x000000008a900000, 0x000000008a900000| Untracked 
| 170|0x000000008aa00000, 0x000000008aa00000, 0x000000008ab00000|  0%| F|  |TAMS 0x000000008aa00000, 0x000000008aa00000| Untracked 
| 171|0x000000008ab00000, 0x000000008ab00000, 0x000000008ac00000|  0%| F|  |TAMS 0x000000008ab00000, 0x000000008ab00000| Untracked 
| 172|0x000000008ac00000, 0x000000008ac00000, 0x000000008ad00000|  0%| F|  |TAMS 0x000000008ac00000, 0x000000008ac00000| Untracked 
| 173|0x000000008ad00000, 0x000000008ad00000, 0x000000008ae00000|  0%| F|  |TAMS 0x000000008ad00000, 0x000000008ad00000| Untracked 
| 174|0x000000008ae00000, 0x000000008ae00000, 0x000000008af00000|  0%| F|  |TAMS 0x000000008ae00000, 0x000000008ae00000| Untracked 
| 175|0x000000008af00000, 0x000000008af00000, 0x000000008b000000|  0%| F|  |TAMS 0x000000008af00000, 0x000000008af00000| Untracked 
| 176|0x000000008b000000, 0x000000008b000000, 0x000000008b100000|  0%| F|  |TAMS 0x000000008b000000, 0x000000008b000000| Untracked 
| 177|0x000000008b100000, 0x000000008b100000, 0x000000008b200000|  0%| F|  |TAMS 0x000000008b100000, 0x000000008b100000| Untracked 
| 178|0x000000008b200000, 0x000000008b200000, 0x000000008b300000|  0%| F|  |TAMS 0x000000008b200000, 0x000000008b200000| Untracked 
| 179|0x000000008b300000, 0x000000008b300000, 0x000000008b400000|  0%| F|  |TAMS 0x000000008b300000, 0x000000008b300000| Untracked 
| 180|0x000000008b400000, 0x000000008b400000, 0x000000008b500000|  0%| F|  |TAMS 0x000000008b400000, 0x000000008b400000| Untracked 
| 181|0x000000008b500000, 0x000000008b500000, 0x000000008b600000|  0%| F|  |TAMS 0x000000008b500000, 0x000000008b500000| Untracked 
| 182|0x000000008b600000, 0x000000008b600000, 0x000000008b700000|  0%| F|  |TAMS 0x000000008b600000, 0x000000008b600000| Untracked 
| 183|0x000000008b700000, 0x000000008b700000, 0x000000008b800000|  0%| F|  |TAMS 0x000000008b700000, 0x000000008b700000| Untracked 
| 184|0x000000008b800000, 0x000000008b800000, 0x000000008b900000|  0%| F|  |TAMS 0x000000008b800000, 0x000000008b800000| Untracked 
| 185|0x000000008b900000, 0x000000008b900000, 0x000000008ba00000|  0%| F|  |TAMS 0x000000008b900000, 0x000000008b900000| Untracked 
| 186|0x000000008ba00000, 0x000000008ba00000, 0x000000008bb00000|  0%| F|  |TAMS 0x000000008ba00000, 0x000000008ba00000| Untracked 
| 187|0x000000008bb00000, 0x000000008bb00000, 0x000000008bc00000|  0%| F|  |TAMS 0x000000008bb00000, 0x000000008bb00000| Untracked 
| 188|0x000000008bc00000, 0x000000008bc00000, 0x000000008bd00000|  0%| F|  |TAMS 0x000000008bc00000, 0x000000008bc00000| Untracked 
| 189|0x000000008bd00000, 0x000000008bd00000, 0x000000008be00000|  0%| F|  |TAMS 0x000000008bd00000, 0x000000008bd00000| Untracked 
| 190|0x000000008be00000, 0x000000008be00000, 0x000000008bf00000|  0%| F|  |TAMS 0x000000008be00000, 0x000000008be00000| Untracked 
| 191|0x000000008bf00000, 0x000000008bf00000, 0x000000008c000000|  0%| F|  |TAMS 0x000000008bf00000, 0x000000008bf00000| Untracked 
| 192|0x000000008c000000, 0x000000008c000000, 0x000000008c100000|  0%| F|  |TAMS 0x000000008c000000, 0x000000008c000000| Untracked 
| 193|0x000000008c100000, 0x000000008c100000, 0x000000008c200000|  0%| F|  |TAMS 0x000000008c100000, 0x000000008c100000| Untracked 
| 194|0x000000008c200000, 0x000000008c200000, 0x000000008c300000|  0%| F|  |TAMS 0x000000008c200000, 0x000000008c200000| Untracked 
| 195|0x000000008c300000, 0x000000008c300000, 0x000000008c400000|  0%| F|  |TAMS 0x000000008c300000, 0x000000008c300000| Untracked 
| 196|0x000000008c400000, 0x000000008c400000, 0x000000008c500000|  0%| F|  |TAMS 0x000000008c400000, 0x000000008c400000| Untracked 
| 197|0x000000008c500000, 0x000000008c500000, 0x000000008c600000|  0%| F|  |TAMS 0x000000008c500000, 0x000000008c500000| Untracked 
| 198|0x000000008c600000, 0x000000008c600000, 0x000000008c700000|  0%| F|  |TAMS 0x000000008c600000, 0x000000008c600000| Untracked 
| 199|0x000000008c700000, 0x000000008c700000, 0x000000008c800000|  0%| F|  |TAMS 0x000000008c700000, 0x000000008c700000| Untracked 
| 200|0x000000008c800000, 0x000000008c87b780, 0x000000008c900000| 48%| S|CS|TAMS 0x000000008c800000, 0x000000008c800000| Complete 
| 201|0x000000008c900000, 0x000000008ca00000, 0x000000008ca00000|100%| S|CS|TAMS 0x000000008c900000, 0x000000008c900000| Complete 
| 202|0x000000008ca00000, 0x000000008cb00000, 0x000000008cb00000|100%| S|CS|TAMS 0x000000008ca00000, 0x000000008ca00000| Complete 
| 203|0x000000008cb00000, 0x000000008cc00000, 0x000000008cc00000|100%| S|CS|TAMS 0x000000008cb00000, 0x000000008cb00000| Complete 
| 204|0x000000008cc00000, 0x000000008cc00000, 0x000000008cd00000|  0%| F|  |TAMS 0x000000008cc00000, 0x000000008cc00000| Untracked 
| 205|0x000000008cd00000, 0x000000008cd00000, 0x000000008ce00000|  0%| F|  |TAMS 0x000000008cd00000, 0x000000008cd00000| Untracked 
| 206|0x000000008ce00000, 0x000000008ce00000, 0x000000008cf00000|  0%| F|  |TAMS 0x000000008ce00000, 0x000000008ce00000| Untracked 
| 207|0x000000008cf00000, 0x000000008cf00000, 0x000000008d000000|  0%| F|  |TAMS 0x000000008cf00000, 0x000000008cf00000| Untracked 
| 208|0x000000008d000000, 0x000000008d000000, 0x000000008d100000|  0%| F|  |TAMS 0x000000008d000000, 0x000000008d000000| Untracked 
| 209|0x000000008d100000, 0x000000008d100000, 0x000000008d200000|  0%| F|  |TAMS 0x000000008d100000, 0x000000008d100000| Untracked 
| 210|0x000000008d200000, 0x000000008d200000, 0x000000008d300000|  0%| F|  |TAMS 0x000000008d200000, 0x000000008d200000| Untracked 
| 211|0x000000008d300000, 0x000000008d300000, 0x000000008d400000|  0%| F|  |TAMS 0x000000008d300000, 0x000000008d300000| Untracked 
| 212|0x000000008d400000, 0x000000008d500000, 0x000000008d500000|100%| S|CS|TAMS 0x000000008d400000, 0x000000008d400000| Complete 
| 213|0x000000008d500000, 0x000000008d600000, 0x000000008d600000|100%| S|CS|TAMS 0x000000008d500000, 0x000000008d500000| Complete 
| 214|0x000000008d600000, 0x000000008d700000, 0x000000008d700000|100%| S|CS|TAMS 0x000000008d600000, 0x000000008d600000| Complete 
| 215|0x000000008d700000, 0x000000008d800000, 0x000000008d800000|100%| S|CS|TAMS 0x000000008d700000, 0x000000008d700000| Complete 
| 216|0x000000008d800000, 0x000000008d900000, 0x000000008d900000|100%| S|CS|TAMS 0x000000008d800000, 0x000000008d800000| Complete 
| 217|0x000000008d900000, 0x000000008da00000, 0x000000008da00000|100%| S|CS|TAMS 0x000000008d900000, 0x000000008d900000| Complete 
| 218|0x000000008da00000, 0x000000008db00000, 0x000000008db00000|100%| S|CS|TAMS 0x000000008da00000, 0x000000008da00000| Complete 
| 219|0x000000008db00000, 0x000000008dc00000, 0x000000008dc00000|100%| S|CS|TAMS 0x000000008db00000, 0x000000008db00000| Complete 
| 220|0x000000008dc00000, 0x000000008dc00000, 0x000000008dd00000|  0%| F|  |TAMS 0x000000008dc00000, 0x000000008dc00000| Untracked 
| 221|0x000000008dd00000, 0x000000008dd00000, 0x000000008de00000|  0%| F|  |TAMS 0x000000008dd00000, 0x000000008dd00000| Untracked 
| 222|0x000000008de00000, 0x000000008de00000, 0x000000008df00000|  0%| F|  |TAMS 0x000000008de00000, 0x000000008de00000| Untracked 
| 223|0x000000008df00000, 0x000000008df00000, 0x000000008e000000|  0%| F|  |TAMS 0x000000008df00000, 0x000000008df00000| Untracked 
| 224|0x000000008e000000, 0x000000008e000000, 0x000000008e100000|  0%| F|  |TAMS 0x000000008e000000, 0x000000008e000000| Untracked 
| 225|0x000000008e100000, 0x000000008e100000, 0x000000008e200000|  0%| F|  |TAMS 0x000000008e100000, 0x000000008e100000| Untracked 
| 226|0x000000008e200000, 0x000000008e200000, 0x000000008e300000|  0%| F|  |TAMS 0x000000008e200000, 0x000000008e200000| Untracked 
| 227|0x000000008e300000, 0x000000008e300000, 0x000000008e400000|  0%| F|  |TAMS 0x000000008e300000, 0x000000008e300000| Untracked 
| 228|0x000000008e400000, 0x000000008e400000, 0x000000008e500000|  0%| F|  |TAMS 0x000000008e400000, 0x000000008e400000| Untracked 
| 229|0x000000008e500000, 0x000000008e500000, 0x000000008e600000|  0%| F|  |TAMS 0x000000008e500000, 0x000000008e500000| Untracked 
| 230|0x000000008e600000, 0x000000008e600000, 0x000000008e700000|  0%| F|  |TAMS 0x000000008e600000, 0x000000008e600000| Untracked 
| 231|0x000000008e700000, 0x000000008e700000, 0x000000008e800000|  0%| F|  |TAMS 0x000000008e700000, 0x000000008e700000| Untracked 
| 232|0x000000008e800000, 0x000000008e800000, 0x000000008e900000|  0%| F|  |TAMS 0x000000008e800000, 0x000000008e800000| Untracked 
| 233|0x000000008e900000, 0x000000008e900000, 0x000000008ea00000|  0%| F|  |TAMS 0x000000008e900000, 0x000000008e900000| Untracked 
| 234|0x000000008ea00000, 0x000000008ea00000, 0x000000008eb00000|  0%| F|  |TAMS 0x000000008ea00000, 0x000000008ea00000| Untracked 
| 235|0x000000008eb00000, 0x000000008eb00000, 0x000000008ec00000|  0%| F|  |TAMS 0x000000008eb00000, 0x000000008eb00000| Untracked 
| 236|0x000000008ec00000, 0x000000008ec00000, 0x000000008ed00000|  0%| F|  |TAMS 0x000000008ec00000, 0x000000008ec00000| Untracked 
| 237|0x000000008ed00000, 0x000000008ed00000, 0x000000008ee00000|  0%| F|  |TAMS 0x000000008ed00000, 0x000000008ed00000| Untracked 
| 238|0x000000008ee00000, 0x000000008ee00000, 0x000000008ef00000|  0%| F|  |TAMS 0x000000008ee00000, 0x000000008ee00000| Untracked 
| 239|0x000000008ef00000, 0x000000008ef00000, 0x000000008f000000|  0%| F|  |TAMS 0x000000008ef00000, 0x000000008ef00000| Untracked 
| 240|0x000000008f000000, 0x000000008f000000, 0x000000008f100000|  0%| F|  |TAMS 0x000000008f000000, 0x000000008f000000| Untracked 
| 241|0x000000008f100000, 0x000000008f100000, 0x000000008f200000|  0%| F|  |TAMS 0x000000008f100000, 0x000000008f100000| Untracked 
| 242|0x000000008f200000, 0x000000008f200000, 0x000000008f300000|  0%| F|  |TAMS 0x000000008f200000, 0x000000008f200000| Untracked 
| 243|0x000000008f300000, 0x000000008f300000, 0x000000008f400000|  0%| F|  |TAMS 0x000000008f300000, 0x000000008f300000| Untracked 
| 244|0x000000008f400000, 0x000000008f400000, 0x000000008f500000|  0%| F|  |TAMS 0x000000008f400000, 0x000000008f400000| Untracked 
| 245|0x000000008f500000, 0x000000008f500000, 0x000000008f600000|  0%| F|  |TAMS 0x000000008f500000, 0x000000008f500000| Untracked 
| 246|0x000000008f600000, 0x000000008f600000, 0x000000008f700000|  0%| F|  |TAMS 0x000000008f600000, 0x000000008f600000| Untracked 
| 247|0x000000008f700000, 0x000000008f700000, 0x000000008f800000|  0%| F|  |TAMS 0x000000008f700000, 0x000000008f700000| Untracked 
| 248|0x000000008f800000, 0x000000008f800000, 0x000000008f900000|  0%| F|  |TAMS 0x000000008f800000, 0x000000008f800000| Untracked 
| 249|0x000000008f900000, 0x000000008f900000, 0x000000008fa00000|  0%| F|  |TAMS 0x000000008f900000, 0x000000008f900000| Untracked 
| 250|0x000000008fa00000, 0x000000008fa00000, 0x000000008fb00000|  0%| F|  |TAMS 0x000000008fa00000, 0x000000008fa00000| Untracked 
| 251|0x000000008fb00000, 0x000000008fb00000, 0x000000008fc00000|  0%| F|  |TAMS 0x000000008fb00000, 0x000000008fb00000| Untracked 
| 252|0x000000008fc00000, 0x000000008fc00000, 0x000000008fd00000|  0%| F|  |TAMS 0x000000008fc00000, 0x000000008fc00000| Untracked 
| 253|0x000000008fd00000, 0x000000008fd00000, 0x000000008fe00000|  0%| F|  |TAMS 0x000000008fd00000, 0x000000008fd00000| Untracked 
| 254|0x000000008fe00000, 0x000000008fe00000, 0x000000008ff00000|  0%| F|  |TAMS 0x000000008fe00000, 0x000000008fe00000| Untracked 
| 255|0x000000008ff00000, 0x000000008ff00000, 0x0000000090000000|  0%| F|  |TAMS 0x000000008ff00000, 0x000000008ff00000| Untracked 
| 256|0x0000000090000000, 0x0000000090000000, 0x0000000090100000|  0%| F|  |TAMS 0x0000000090000000, 0x0000000090000000| Untracked 
| 257|0x0000000090100000, 0x0000000090100000, 0x0000000090200000|  0%| F|  |TAMS 0x0000000090100000, 0x0000000090100000| Untracked 
| 258|0x0000000090200000, 0x0000000090200000, 0x0000000090300000|  0%| F|  |TAMS 0x0000000090200000, 0x0000000090200000| Untracked 
| 259|0x0000000090300000, 0x00000000903827e0, 0x0000000090400000| 50%| E|  |TAMS 0x0000000090300000, 0x0000000090300000| Complete 
| 260|0x0000000090400000, 0x0000000090500000, 0x0000000090500000|100%| E|CS|TAMS 0x0000000090400000, 0x0000000090400000| Complete 
| 261|0x0000000090500000, 0x0000000090600000, 0x0000000090600000|100%| E|CS|TAMS 0x0000000090500000, 0x0000000090500000| Complete 
| 262|0x0000000090600000, 0x0000000090700000, 0x0000000090700000|100%| E|CS|TAMS 0x0000000090600000, 0x0000000090600000| Complete 
| 263|0x0000000090700000, 0x0000000090800000, 0x0000000090800000|100%| E|CS|TAMS 0x0000000090700000, 0x0000000090700000| Complete 
| 264|0x0000000090800000, 0x0000000090900000, 0x0000000090900000|100%| E|CS|TAMS 0x0000000090800000, 0x0000000090800000| Complete 
| 265|0x0000000090900000, 0x0000000090a00000, 0x0000000090a00000|100%| E|CS|TAMS 0x0000000090900000, 0x0000000090900000| Complete 
| 266|0x0000000090a00000, 0x0000000090b00000, 0x0000000090b00000|100%| E|CS|TAMS 0x0000000090a00000, 0x0000000090a00000| Complete 
| 267|0x0000000090b00000, 0x0000000090c00000, 0x0000000090c00000|100%| E|CS|TAMS 0x0000000090b00000, 0x0000000090b00000| Complete 
| 268|0x0000000090c00000, 0x0000000090d00000, 0x0000000090d00000|100%| E|CS|TAMS 0x0000000090c00000, 0x0000000090c00000| Complete 
| 269|0x0000000090d00000, 0x0000000090e00000, 0x0000000090e00000|100%| E|CS|TAMS 0x0000000090d00000, 0x0000000090d00000| Complete 
| 270|0x0000000090e00000, 0x0000000090f00000, 0x0000000090f00000|100%| E|CS|TAMS 0x0000000090e00000, 0x0000000090e00000| Complete 
| 271|0x0000000090f00000, 0x0000000091000000, 0x0000000091000000|100%| E|CS|TAMS 0x0000000090f00000, 0x0000000090f00000| Complete 
| 272|0x0000000091000000, 0x0000000091100000, 0x0000000091100000|100%| E|CS|TAMS 0x0000000091000000, 0x0000000091000000| Complete 
| 273|0x0000000091100000, 0x0000000091200000, 0x0000000091200000|100%| E|CS|TAMS 0x0000000091100000, 0x0000000091100000| Complete 
| 274|0x0000000091200000, 0x0000000091300000, 0x0000000091300000|100%| E|CS|TAMS 0x0000000091200000, 0x0000000091200000| Complete 
| 275|0x0000000091300000, 0x0000000091400000, 0x0000000091400000|100%| E|CS|TAMS 0x0000000091300000, 0x0000000091300000| Complete 
| 276|0x0000000091400000, 0x0000000091500000, 0x0000000091500000|100%| E|CS|TAMS 0x0000000091400000, 0x0000000091400000| Complete 
| 277|0x0000000091500000, 0x0000000091600000, 0x0000000091600000|100%| E|CS|TAMS 0x0000000091500000, 0x0000000091500000| Complete 
| 278|0x0000000091600000, 0x0000000091700000, 0x0000000091700000|100%| E|CS|TAMS 0x0000000091600000, 0x0000000091600000| Complete 
| 279|0x0000000091700000, 0x0000000091800000, 0x0000000091800000|100%| E|CS|TAMS 0x0000000091700000, 0x0000000091700000| Complete 
| 280|0x0000000091800000, 0x0000000091900000, 0x0000000091900000|100%| E|CS|TAMS 0x0000000091800000, 0x0000000091800000| Complete 
| 281|0x0000000091900000, 0x0000000091a00000, 0x0000000091a00000|100%| E|CS|TAMS 0x0000000091900000, 0x0000000091900000| Complete 
| 282|0x0000000091a00000, 0x0000000091b00000, 0x0000000091b00000|100%| E|CS|TAMS 0x0000000091a00000, 0x0000000091a00000| Complete 
| 283|0x0000000091b00000, 0x0000000091c00000, 0x0000000091c00000|100%| E|CS|TAMS 0x0000000091b00000, 0x0000000091b00000| Complete 
| 284|0x0000000091c00000, 0x0000000091d00000, 0x0000000091d00000|100%| E|CS|TAMS 0x0000000091c00000, 0x0000000091c00000| Complete 
| 285|0x0000000091d00000, 0x0000000091e00000, 0x0000000091e00000|100%| E|CS|TAMS 0x0000000091d00000, 0x0000000091d00000| Complete 
| 286|0x0000000091e00000, 0x0000000091f00000, 0x0000000091f00000|100%| E|CS|TAMS 0x0000000091e00000, 0x0000000091e00000| Complete 
| 287|0x0000000091f00000, 0x0000000092000000, 0x0000000092000000|100%| E|CS|TAMS 0x0000000091f00000, 0x0000000091f00000| Complete 
| 288|0x0000000092000000, 0x0000000092100000, 0x0000000092100000|100%| E|CS|TAMS 0x0000000092000000, 0x0000000092000000| Complete 
| 289|0x0000000092100000, 0x0000000092200000, 0x0000000092200000|100%| E|CS|TAMS 0x0000000092100000, 0x0000000092100000| Complete 
| 290|0x0000000092200000, 0x0000000092300000, 0x0000000092300000|100%| E|CS|TAMS 0x0000000092200000, 0x0000000092200000| Complete 
| 291|0x0000000092300000, 0x0000000092400000, 0x0000000092400000|100%| E|CS|TAMS 0x0000000092300000, 0x0000000092300000| Complete 
| 292|0x0000000092400000, 0x0000000092500000, 0x0000000092500000|100%| E|CS|TAMS 0x0000000092400000, 0x0000000092400000| Complete 
| 293|0x0000000092500000, 0x0000000092600000, 0x0000000092600000|100%| E|CS|TAMS 0x0000000092500000, 0x0000000092500000| Complete 
| 294|0x0000000092600000, 0x0000000092700000, 0x0000000092700000|100%| E|CS|TAMS 0x0000000092600000, 0x0000000092600000| Complete 
| 295|0x0000000092700000, 0x0000000092800000, 0x0000000092800000|100%| E|CS|TAMS 0x0000000092700000, 0x0000000092700000| Complete 
| 296|0x0000000092800000, 0x0000000092900000, 0x0000000092900000|100%| E|  |TAMS 0x0000000092800000, 0x0000000092800000| Complete 
| 297|0x0000000092900000, 0x0000000092a00000, 0x0000000092a00000|100%| E|CS|TAMS 0x0000000092900000, 0x0000000092900000| Complete 
| 298|0x0000000092a00000, 0x0000000092b00000, 0x0000000092b00000|100%| E|CS|TAMS 0x0000000092a00000, 0x0000000092a00000| Complete 
| 299|0x0000000092b00000, 0x0000000092c00000, 0x0000000092c00000|100%| E|CS|TAMS 0x0000000092b00000, 0x0000000092b00000| Complete 
| 300|0x0000000092c00000, 0x0000000092d00000, 0x0000000092d00000|100%| E|CS|TAMS 0x0000000092c00000, 0x0000000092c00000| Complete 
| 301|0x0000000092d00000, 0x0000000092e00000, 0x0000000092e00000|100%| E|CS|TAMS 0x0000000092d00000, 0x0000000092d00000| Complete 
| 302|0x0000000092e00000, 0x0000000092f00000, 0x0000000092f00000|100%| E|CS|TAMS 0x0000000092e00000, 0x0000000092e00000| Complete 
| 303|0x0000000092f00000, 0x0000000093000000, 0x0000000093000000|100%| E|CS|TAMS 0x0000000092f00000, 0x0000000092f00000| Complete 
| 304|0x0000000093000000, 0x0000000093100000, 0x0000000093100000|100%| E|CS|TAMS 0x0000000093000000, 0x0000000093000000| Complete 
| 305|0x0000000093100000, 0x0000000093200000, 0x0000000093200000|100%| E|CS|TAMS 0x0000000093100000, 0x0000000093100000| Complete 
| 306|0x0000000093200000, 0x0000000093300000, 0x0000000093300000|100%| E|CS|TAMS 0x0000000093200000, 0x0000000093200000| Complete 
| 307|0x0000000093300000, 0x0000000093400000, 0x0000000093400000|100%| E|CS|TAMS 0x0000000093300000, 0x0000000093300000| Complete 
| 308|0x0000000093400000, 0x0000000093500000, 0x0000000093500000|100%| E|CS|TAMS 0x0000000093400000, 0x0000000093400000| Complete 
| 309|0x0000000093500000, 0x0000000093600000, 0x0000000093600000|100%| E|CS|TAMS 0x0000000093500000, 0x0000000093500000| Complete 
| 310|0x0000000093600000, 0x0000000093700000, 0x0000000093700000|100%| E|CS|TAMS 0x0000000093600000, 0x0000000093600000| Complete 
| 311|0x0000000093700000, 0x0000000093800000, 0x0000000093800000|100%| E|CS|TAMS 0x0000000093700000, 0x0000000093700000| Complete 
| 312|0x0000000093800000, 0x0000000093900000, 0x0000000093900000|100%| E|CS|TAMS 0x0000000093800000, 0x0000000093800000| Complete 
| 313|0x0000000093900000, 0x0000000093a00000, 0x0000000093a00000|100%| E|CS|TAMS 0x0000000093900000, 0x0000000093900000| Complete 
| 314|0x0000000093a00000, 0x0000000093b00000, 0x0000000093b00000|100%| E|CS|TAMS 0x0000000093a00000, 0x0000000093a00000| Complete 
| 315|0x0000000093b00000, 0x0000000093c00000, 0x0000000093c00000|100%| E|CS|TAMS 0x0000000093b00000, 0x0000000093b00000| Complete 
| 316|0x0000000093c00000, 0x0000000093d00000, 0x0000000093d00000|100%| E|CS|TAMS 0x0000000093c00000, 0x0000000093c00000| Complete 
| 317|0x0000000093d00000, 0x0000000093e00000, 0x0000000093e00000|100%| E|CS|TAMS 0x0000000093d00000, 0x0000000093d00000| Complete 
| 318|0x0000000093e00000, 0x0000000093f00000, 0x0000000093f00000|100%| E|CS|TAMS 0x0000000093e00000, 0x0000000093e00000| Complete 
| 319|0x0000000093f00000, 0x0000000094000000, 0x0000000094000000|100%| E|CS|TAMS 0x0000000093f00000, 0x0000000093f00000| Complete 
| 320|0x0000000094000000, 0x0000000094100000, 0x0000000094100000|100%| E|CS|TAMS 0x0000000094000000, 0x0000000094000000| Complete 
| 321|0x0000000094100000, 0x0000000094200000, 0x0000000094200000|100%| E|CS|TAMS 0x0000000094100000, 0x0000000094100000| Complete 
| 365|0x0000000096d00000, 0x0000000096e00000, 0x0000000096e00000|100%| E|CS|TAMS 0x0000000096d00000, 0x0000000096d00000| Complete 
| 366|0x0000000096e00000, 0x0000000096f00000, 0x0000000096f00000|100%| E|CS|TAMS 0x0000000096e00000, 0x0000000096e00000| Complete 

Card table byte_map: [0x000001f3ff6b0000,0x000001f3ffab0000] _byte_map_base: 0x000001f3ff2b0000

Marking Bits (Prev, Next): (CMBitMap*) 0x000001f3fcdd9e00, (CMBitMap*) 0x000001f3fcdd9dc0
 Prev Bits: [0x000001f394420000, 0x000001f396420000)
 Next Bits: [0x000001f392420000, 0x000001f394420000)

Polling page: 0x000001f3fce30000

Metaspace:

Usage:
  Non-class:    126.33 MB used.
      Class:     18.59 MB used.
       Both:    144.91 MB used.

Virtual space:
  Non-class space:      128.00 MB reserved,     126.75 MB (>99%) committed,  2 nodes.
      Class space:        1.00 GB reserved,      18.94 MB (  2%) committed,  1 nodes.
             Both:        1.12 GB reserved,     145.69 MB ( 13%) committed. 

Chunk freelists:
   Non-Class:  961.00 KB
       Class:  13.07 MB
        Both:  14.01 MB

MaxMetaspaceSize: unlimited
CompressedClassSpaceSize: 1.00 GB
Initial GC threshold: 21.00 MB
Current GC threshold: 215.94 MB
CDS: off
MetaspaceReclaimPolicy: balanced
 - commit_granule_bytes: 65536.
 - commit_granule_words: 8192.
 - virtual_space_node_default_size: 8388608.
 - enlarge_chunks_in_place: 1.
 - new_chunks_are_fully_committed: 0.
 - uncommit_free_chunks: 1.
 - use_allocation_guard: 0.
 - handle_deallocations: 1.


Internal statistics:

num_allocs_failed_limit: 9.
num_arena_births: 1072.
num_arena_deaths: 0.
num_vsnodes_births: 3.
num_vsnodes_deaths: 0.
num_space_committed: 2329.
num_space_uncommitted: 0.
num_chunks_returned_to_freelist: 9.
num_chunks_taken_from_freelist: 6265.
num_chunk_merges: 9.
num_chunk_splits: 4718.
num_chunks_enlarged: 3742.
num_inconsistent_stats: 0.

CodeHeap 'non-profiled nmethods': size=120000Kb used=6854Kb max_used=7442Kb free=113145Kb
 bounds [0x000001f38aef0000, 0x000001f38b640000, 0x000001f392420000]
CodeHeap 'profiled nmethods': size=120000Kb used=28742Kb max_used=29954Kb free=91258Kb
 bounds [0x000001f383420000, 0x000001f385170000, 0x000001f38a950000]
CodeHeap 'non-nmethods': size=5760Kb used=2553Kb max_used=2603Kb free=3206Kb
 bounds [0x000001f38a950000, 0x000001f38abf0000, 0x000001f38aef0000]
 total_blobs=14617 nmethods=13498 adapters=1029
 compilation: enabled
              stopped_count=0, restarted_count=0
 full_count=0

Compilation events (20 events):
Event: 26.295 Thread 0x000001f399271ab0 15692       3       org.gradle.api.internal.provider.AbstractProperty::setSupplier (20 bytes)
Event: 26.296 Thread 0x000001f399271ab0 nmethod 15692 0x000001f3841c3910 code [0x000001f3841c3ae0, 0x000001f3841c4088]
Event: 26.303 Thread 0x000001f399271ab0 15694       3       org.apache.commons.lang.StringUtils::containsAny (128 bytes)
Event: 26.304 Thread 0x000001f399271ab0 nmethod 15694 0x000001f38351ee10 code [0x000001f38351f120, 0x000001f3835204e8]
Event: 26.304 Thread 0x000001f399271ab0 15696       3       jdk.internal.reflect.ClassFileAssembler::decStack (11 bytes)
Event: 26.304 Thread 0x000001f399271ab0 nmethod 15696 0x000001f383a8f010 code [0x000001f383a8f1a0, 0x000001f383a8f2b8]
Event: 26.304 Thread 0x000001f399271ab0 15695       3       org.gradle.api.internal.file.AbstractOpaqueFileCollection::<init> (7 bytes)
Event: 26.304 Thread 0x000001f399271ab0 nmethod 15695 0x000001f383f5cc10 code [0x000001f383f5cdc0, 0x000001f383f5d038]
Event: 26.304 Thread 0x000001f399271ab0 15697       3       org.gradle.api.internal.artifacts.configurations.DefaultConfiguration::addMutationValidator (12 bytes)
Event: 26.304 Thread 0x000001f399271ab0 nmethod 15697 0x000001f383fb5710 code [0x000001f383fb58c0, 0x000001f383fb5a88]
Event: 26.304 Thread 0x000001f399271ab0 15698       3       org.gradle.internal.snapshot.impl.IsolatedImmutableManagedValue::equals (6 bytes)
Event: 26.305 Thread 0x000001f399271ab0 nmethod 15698 0x000001f383c83010 code [0x000001f383c831a0, 0x000001f383c832e8]
Event: 26.305 Thread 0x000001f399271ab0 15699       1       org.gradle.api.attributes.Usage$Impl::toString (5 bytes)
Event: 26.305 Thread 0x000001f399271ab0 nmethod 15699 0x000001f38b321510 code [0x000001f38b3216a0, 0x000001f38b321778]
Event: 26.305 Thread 0x000001f399271ab0 15700   !   3       com.google.common.cache.LocalCache$LocalLoadingCache::getUnchecked (19 bytes)
Event: 26.306 Thread 0x000001f399271ab0 nmethod 15700 0x000001f383a82a10 code [0x000001f383a82be0, 0x000001f383a82fa8]
Event: 26.307 Thread 0x000001f399271ab0 15701       3       org.gradle.api.internal.tasks.DefaultTaskDependency::<init> (16 bytes)
Event: 26.307 Thread 0x000001f399271ab0 nmethod 15701 0x000001f384488b10 code [0x000001f384488cc0, 0x000001f384488fd8]
Event: 26.307 Thread 0x000001f399271ab0 15702       3       org.gradle.api.internal.tasks.AbstractTaskDependency::<init> (15 bytes)
Event: 26.307 Thread 0x000001f399271ab0 nmethod 15702 0x000001f3841c4e90 code [0x000001f3841c5020, 0x000001f3841c5218]

GC Heap History (20 events):
Event: 14.251 GC heap before
{Heap before GC invocations=41 (full 0):
 garbage-first heap   total 331776K, used 270171K [0x0000000080000000, 0x0000000100000000)
  region size 1024K, 156 young (159744K), 3 survivors (3072K)
 Metaspace       used 94831K, committed 95488K, reserved 1179648K
  class space    used 12836K, committed 13120K, reserved 1048576K
}
Event: 14.261 GC heap after
{Heap after GC invocations=42 (full 0):
 garbage-first heap   total 331776K, used 125065K [0x0000000080000000, 0x0000000100000000)
  region size 1024K, 15 young (15360K), 15 survivors (15360K)
 Metaspace       used 94831K, committed 95488K, reserved 1179648K
  class space    used 12836K, committed 13120K, reserved 1048576K
}
Event: 14.274 GC heap before
{Heap before GC invocations=42 (full 0):
 garbage-first heap   total 331776K, used 126089K [0x0000000080000000, 0x0000000100000000)
  region size 1024K, 16 young (16384K), 15 survivors (15360K)
 Metaspace       used 94935K, committed 95616K, reserved 1179648K
  class space    used 12851K, committed 13120K, reserved 1048576K
}
Event: 14.281 GC heap after
{Heap after GC invocations=43 (full 0):
 garbage-first heap   total 331776K, used 126110K [0x0000000080000000, 0x0000000100000000)
  region size 1024K, 2 young (2048K), 2 survivors (2048K)
 Metaspace       used 94935K, committed 95616K, reserved 1179648K
  class space    used 12851K, committed 13120K, reserved 1048576K
}
Event: 15.724 GC heap before
{Heap before GC invocations=43 (full 0):
 garbage-first heap   total 331776K, used 242846K [0x0000000080000000, 0x0000000100000000)
  region size 1024K, 115 young (117760K), 2 survivors (2048K)
 Metaspace       used 103997K, committed 104768K, reserved 1179648K
  class space    used 13917K, committed 14272K, reserved 1048576K
}
Event: 15.729 GC heap after
{Heap after GC invocations=44 (full 0):
 garbage-first heap   total 331776K, used 130313K [0x0000000080000000, 0x0000000100000000)
  region size 1024K, 6 young (6144K), 6 survivors (6144K)
 Metaspace       used 103997K, committed 104768K, reserved 1179648K
  class space    used 13917K, committed 14272K, reserved 1048576K
}
Event: 17.665 GC heap before
{Heap before GC invocations=44 (full 0):
 garbage-first heap   total 331776K, used 254217K [0x0000000080000000, 0x0000000100000000)
  region size 1024K, 125 young (128000K), 6 survivors (6144K)
 Metaspace       used 119350K, committed 120192K, reserved 1179648K
  class space    used 15601K, committed 16000K, reserved 1048576K
}
Event: 17.673 GC heap after
{Heap after GC invocations=45 (full 0):
 garbage-first heap   total 331776K, used 138836K [0x0000000080000000, 0x0000000100000000)
  region size 1024K, 12 young (12288K), 12 survivors (12288K)
 Metaspace       used 119350K, committed 120192K, reserved 1179648K
  class space    used 15601K, committed 16000K, reserved 1048576K
}
Event: 19.516 GC heap before
{Heap before GC invocations=45 (full 0):
 garbage-first heap   total 331776K, used 267860K [0x0000000080000000, 0x0000000100000000)
  region size 1024K, 131 young (134144K), 12 survivors (12288K)
 Metaspace       used 129162K, committed 129920K, reserved 1179648K
  class space    used 16912K, committed 17280K, reserved 1048576K
}
Event: 19.526 GC heap after
{Heap after GC invocations=46 (full 0):
 garbage-first heap   total 331776K, used 150198K [0x0000000080000000, 0x0000000100000000)
  region size 1024K, 16 young (16384K), 16 survivors (16384K)
 Metaspace       used 129162K, committed 129920K, reserved 1179648K
  class space    used 16912K, committed 17280K, reserved 1048576K
}
Event: 20.058 GC heap before
{Heap before GC invocations=46 (full 0):
 garbage-first heap   total 331776K, used 186038K [0x0000000080000000, 0x0000000100000000)
  region size 1024K, 52 young (53248K), 16 survivors (16384K)
 Metaspace       used 131636K, committed 132416K, reserved 1179648K
  class space    used 17231K, committed 17600K, reserved 1048576K
}
Event: 20.067 GC heap after
{Heap after GC invocations=47 (full 0):
 garbage-first heap   total 331776K, used 153860K [0x0000000080000000, 0x0000000100000000)
  region size 1024K, 4 young (4096K), 4 survivors (4096K)
 Metaspace       used 131636K, committed 132416K, reserved 1179648K
  class space    used 17231K, committed 17600K, reserved 1048576K
}
Event: 22.090 GC heap before
{Heap before GC invocations=48 (full 0):
 garbage-first heap   total 331776K, used 275716K [0x0000000080000000, 0x0000000100000000)
  region size 1024K, 118 young (120832K), 4 survivors (4096K)
 Metaspace       used 140279K, committed 141056K, reserved 1179648K
  class space    used 18373K, committed 18752K, reserved 1048576K
}
Event: 22.096 GC heap after
{Heap after GC invocations=49 (full 0):
 garbage-first heap   total 331776K, used 162044K [0x0000000080000000, 0x0000000100000000)
  region size 1024K, 8 young (8192K), 8 survivors (8192K)
 Metaspace       used 140279K, committed 141056K, reserved 1179648K
  class space    used 18373K, committed 18752K, reserved 1048576K
}
Event: 22.172 GC heap before
{Heap before GC invocations=49 (full 0):
 garbage-first heap   total 331776K, used 170236K [0x0000000080000000, 0x0000000100000000)
  region size 1024K, 16 young (16384K), 8 survivors (8192K)
 Metaspace       used 140476K, committed 141248K, reserved 1179648K
  class space    used 18395K, committed 18752K, reserved 1048576K
}
Event: 22.179 GC heap after
{Heap after GC invocations=50 (full 0):
 garbage-first heap   total 331776K, used 161574K [0x0000000080000000, 0x0000000100000000)
  region size 1024K, 2 young (2048K), 2 survivors (2048K)
 Metaspace       used 140476K, committed 141248K, reserved 1179648K
  class space    used 18395K, committed 18752K, reserved 1048576K
}
Event: 23.462 GC heap before
{Heap before GC invocations=50 (full 0):
 garbage-first heap   total 331776K, used 273190K [0x0000000080000000, 0x0000000100000000)
  region size 1024K, 112 young (114688K), 2 survivors (2048K)
 Metaspace       used 141375K, committed 142208K, reserved 1179648K
  class space    used 18449K, committed 18816K, reserved 1048576K
}
Event: 23.468 GC heap after
{Heap after GC invocations=51 (full 0):
 garbage-first heap   total 331776K, used 168313K [0x0000000080000000, 0x0000000100000000)
  region size 1024K, 8 young (8192K), 8 survivors (8192K)
 Metaspace       used 141375K, committed 142208K, reserved 1179648K
  class space    used 18449K, committed 18816K, reserved 1048576K
}
Event: 24.574 GC heap before
{Heap before GC invocations=51 (full 0):
 garbage-first heap   total 331776K, used 275833K [0x0000000080000000, 0x0000000100000000)
  region size 1024K, 112 young (114688K), 8 survivors (8192K)
 Metaspace       used 143320K, committed 144128K, reserved 1179648K
  class space    used 18585K, committed 18944K, reserved 1048576K
}
Event: 24.584 GC heap after
{Heap after GC invocations=52 (full 0):
 garbage-first heap   total 331776K, used 179965K [0x0000000080000000, 0x0000000100000000)
  region size 1024K, 12 young (12288K), 12 survivors (12288K)
 Metaspace       used 143320K, committed 144128K, reserved 1179648K
  class space    used 18585K, committed 18944K, reserved 1048576K
}

Dll operation events (3 events):
Event: 0.008 Loaded shared library C:\Program Files\Android\Android Studio\jbr\bin\java.dll
Event: 0.134 Loaded shared library C:\Program Files\Android\Android Studio\jbr\bin\zip.dll
Event: 0.456 Loaded shared library C:\Program Files\Android\Android Studio\jbr\bin\verify.dll

Deoptimization events (20 events):
Event: 25.811 Thread 0x000001f3993ab070 DEOPT PACKING pc=0x000001f38b492068 sp=0x000000df9c9f4b10
Event: 25.811 Thread 0x000001f3993ab070 DEOPT UNPACKING pc=0x000001f38a9a69a3 sp=0x000000df9c9f4aa8 mode 2
Event: 25.811 Thread 0x000001f3993ab070 Uncommon trap: trap_request=0xffffff45 fr.pc=0x000001f38b489254 relative=0x00000000000011d4
Event: 25.811 Thread 0x000001f3993ab070 Uncommon trap: reason=unstable_if action=reinterpret pc=0x000001f38b489254 method=org.jetbrains.org.objectweb.asm.SymbolTable.put(Lorg/jetbrains/org/objectweb/asm/SymbolTable$Entry;)Lorg/jetbrains/org/objectweb/asm/SymbolTable$Entry; @ 13 c2
Event: 25.811 Thread 0x000001f3993ab070 DEOPT PACKING pc=0x000001f38b489254 sp=0x000000df9c9f4890
Event: 25.811 Thread 0x000001f3993ab070 DEOPT UNPACKING pc=0x000001f38a9a69a3 sp=0x000000df9c9f47e8 mode 2
Event: 25.827 Thread 0x000001f3993ab070 Uncommon trap: trap_request=0xffffffc6 fr.pc=0x000001f38b2bce04 relative=0x0000000000000844
Event: 25.827 Thread 0x000001f3993ab070 Uncommon trap: reason=bimorphic_or_optimized_type_check action=maybe_recompile pc=0x000001f38b2bce04 method=org.jetbrains.kotlin.protobuf.CodedOutputStream.refreshBuffer()V @ 28 c2
Event: 25.827 Thread 0x000001f3993ab070 DEOPT PACKING pc=0x000001f38b2bce04 sp=0x000000df9c9f56a0
Event: 25.827 Thread 0x000001f3993ab070 DEOPT UNPACKING pc=0x000001f38a9a69a3 sp=0x000000df9c9f5690 mode 2
Event: 25.843 Thread 0x000001f39faac270 DEOPT PACKING pc=0x000001f38492eb31 sp=0x000000df9d6fe750
Event: 25.843 Thread 0x000001f39faac270 DEOPT UNPACKING pc=0x000001f38a9a7143 sp=0x000000df9d6fdbf0 mode 0
Event: 25.865 Thread 0x000001f39faad6b0 Uncommon trap: trap_request=0xffffff45 fr.pc=0x000001f38b3bf00c relative=0x000000000000006c
Event: 25.865 Thread 0x000001f39faad6b0 Uncommon trap: reason=unstable_if action=reinterpret pc=0x000001f38b3bf00c method=org.objectweb.asm.AnnotationWriter.computeAnnotationsSize(Lorg/objectweb/asm/AnnotationWriter;Lorg/objectweb/asm/AnnotationWriter;Lorg/objectweb/asm/AnnotationWriter;Lorg/ob
Event: 25.865 Thread 0x000001f39faad6b0 DEOPT PACKING pc=0x000001f38b3bf00c sp=0x000000df9ddfe5a0
Event: 25.865 Thread 0x000001f39faad6b0 DEOPT UNPACKING pc=0x000001f38a9a69a3 sp=0x000000df9ddfe528 mode 2
Event: 25.865 Thread 0x000001f39faad6b0 Uncommon trap: trap_request=0xffffff45 fr.pc=0x000001f38b3bebc8 relative=0x00000000000000a8
Event: 25.865 Thread 0x000001f39faad6b0 Uncommon trap: reason=unstable_if action=reinterpret pc=0x000001f38b3bebc8 method=org.objectweb.asm.AnnotationWriter.putAnnotations(Lorg/objectweb/asm/SymbolTable;Lorg/objectweb/asm/AnnotationWriter;Lorg/objectweb/asm/AnnotationWriter;Lorg/objectweb/asm/A
Event: 25.865 Thread 0x000001f39faad6b0 DEOPT PACKING pc=0x000001f38b3bebc8 sp=0x000000df9ddfe570
Event: 25.865 Thread 0x000001f39faad6b0 DEOPT UNPACKING pc=0x000001f38a9a69a3 sp=0x000000df9ddfe500 mode 2

Classes unloaded (0 events):
No events

Classes redefined (0 events):
No events

Internal exceptions (20 events):
Event: 21.361 Thread 0x000001f3993ab070 Exception <a 'java/lang/ClassNotFoundException'{0x000000008f947270}: org/jetbrains/kotlin/gradle/targets/js/npm/DefaultNpmDependencyExtensionCustomizer> (0x000000008f947270) 
thrown [s\src\hotspot\share\classfile\systemDictionary.cpp, line 256]
Event: 21.367 Thread 0x000001f3993ab070 Exception <a 'java/lang/ClassNotFoundException'{0x000000008f9de4c8}: org/jetbrains/kotlin/gradle/targets/js/npm/NpmDependencyExtensionKt$defaultNpmDependencyDelegate$1BeanInfo> (0x000000008f9de4c8) 
thrown [s\src\hotspot\share\classfile\systemDictionary.cpp, line 256]
Event: 21.368 Thread 0x000001f3993ab070 Exception <a 'java/lang/ClassNotFoundException'{0x000000008f9ee018}: org/jetbrains/kotlin/gradle/targets/js/npm/NpmDependencyExtensionDelegateBeanInfo> (0x000000008f9ee018) 
thrown [s\src\hotspot\share\classfile\systemDictionary.cpp, line 256]
Event: 21.368 Thread 0x000001f3993ab070 Exception <a 'java/lang/ClassNotFoundException'{0x000000008f9fdb78}: org/jetbrains/kotlin/gradle/targets/js/npm/NpmDependencyExtensionDelegateCustomizer> (0x000000008f9fdb78) 
thrown [s\src\hotspot\share\classfile\systemDictionary.cpp, line 256]
Event: 21.369 Thread 0x000001f3993ab070 Exception <a 'java/lang/ClassNotFoundException'{0x000000008f830860}: org/jetbrains/kotlin/gradle/targets/js/npm/NpmDependencyExtensionKt$defaultNpmDependencyDelegate$1Customizer> (0x000000008f830860) 
thrown [s\src\hotspot\share\classfile\systemDictionary.cpp, line 256]
Event: 21.372 Thread 0x000001f3993ab070 Exception <a 'java/lang/ClassNotFoundException'{0x000000008f873028}: org/jetbrains/kotlin/gradle/targets/js/npm/DefaultDevNpmDependencyExtensionBeanInfo> (0x000000008f873028) 
thrown [s\src\hotspot\share\classfile\systemDictionary.cpp, line 256]
Event: 21.373 Thread 0x000001f3993ab070 Exception <a 'java/lang/ClassNotFoundException'{0x000000008f882df0}: org/jetbrains/kotlin/gradle/targets/js/npm/DefaultDevNpmDependencyExtensionCustomizer> (0x000000008f882df0) 
thrown [s\src\hotspot\share\classfile\systemDictionary.cpp, line 256]
Event: 21.377 Thread 0x000001f3993ab070 Exception <a 'java/lang/ClassNotFoundException'{0x000000008f8ceb78}: org/jetbrains/kotlin/gradle/targets/js/npm/DefaultPeerNpmDependencyExtensionBeanInfo> (0x000000008f8ceb78) 
thrown [s\src\hotspot\share\classfile\systemDictionary.cpp, line 256]
Event: 21.378 Thread 0x000001f3993ab070 Exception <a 'java/lang/ClassNotFoundException'{0x000000008f8de718}: org/jetbrains/kotlin/gradle/targets/js/npm/DefaultPeerNpmDependencyExtensionCustomizer> (0x000000008f8de718) 
thrown [s\src\hotspot\share\classfile\systemDictionary.cpp, line 256]
Event: 21.382 Thread 0x000001f3993ab070 Exception <a 'java/lang/ClassNotFoundException'{0x000000008f734890}: org/jetbrains/kotlin/gradle/targets/js/npm/DefaultPeerNpmDependencyExtension$delegate$1BeanInfo> (0x000000008f734890) 
thrown [s\src\hotspot\share\classfile\systemDictionary.cpp, line 256]
Event: 21.382 Thread 0x000001f3993ab070 Exception <a 'java/lang/ClassNotFoundException'{0x000000008f7446b0}: org/jetbrains/kotlin/gradle/targets/js/npm/DefaultPeerNpmDependencyExtension$delegate$1Customizer> (0x000000008f7446b0) 
thrown [s\src\hotspot\share\classfile\systemDictionary.cpp, line 256]
Event: 23.245 Thread 0x000001f3993ab070 Exception <a 'sun/nio/fs/WindowsException'{0x000000008f08cfa0}> (0x000000008f08cfa0) 
thrown [s\src\hotspot\share\prims\jni.cpp, line 517]
Event: 23.245 Thread 0x000001f3993ab070 Exception <a 'sun/nio/fs/WindowsException'{0x000000008f08ed58}> (0x000000008f08ed58) 
thrown [s\src\hotspot\share\prims\jni.cpp, line 517]
Event: 23.250 Thread 0x000001f3993ab070 Implicit null exception at 0x000001f38b2302af to 0x000001f38b23041c
Event: 24.039 Thread 0x000001f3993ab070 Exception <a 'java/lang/IncompatibleClassChangeError'{0x000000008f2b0390}: Found class java.lang.Object, but interface was expected> (0x000000008f2b0390) 
thrown [s\src\hotspot\share\interpreter\linkResolver.cpp, line 838]
Event: 24.049 Thread 0x000001f3993ab070 Exception <a 'java/lang/NoSuchMethodError'{0x000000008f10c110}: 'int java.lang.invoke.DirectMethodHandle$Holder.invokeStaticInit(java.lang.Object, int)'> (0x000000008f10c110) 
thrown [s\src\hotspot\share\interpreter\linkResolver.cpp, line 771]
Event: 25.850 Thread 0x000001f39faad6b0 Exception <a 'sun/nio/fs/WindowsException'{0x0000000092108398}> (0x0000000092108398) 
thrown [s\src\hotspot\share\prims\jni.cpp, line 517]
Event: 25.867 Thread 0x000001f39faad6b0 Exception <a 'sun/nio/fs/WindowsException'{0x00000000921b8710}> (0x00000000921b8710) 
thrown [s\src\hotspot\share\prims\jni.cpp, line 517]
Event: 25.868 Thread 0x000001f39faad6b0 Exception <a 'sun/nio/fs/WindowsException'{0x00000000921b8898}> (0x00000000921b8898) 
thrown [s\src\hotspot\share\prims\jni.cpp, line 517]
Event: 25.951 Thread 0x000001f3993ab070 Exception <a 'java/lang/NoSuchMethodError'{0x0000000091d971b0}: 'int java.lang.invoke.DirectMethodHandle$Holder.invokeSpecialIFC(java.lang.Object, java.lang.Object, java.lang.Object, java.lang.Object, java.lang.Object)'> (0x0000000091d971b0) 
thrown [s\src\hotspot\share\interpreter\linkResolver.cpp, line 771]

VM Operations (20 events):
Event: 25.279 Executing VM operation: ICBufferFull
Event: 25.280 Executing VM operation: ICBufferFull done
Event: 25.345 Executing VM operation: ICBufferFull
Event: 25.345 Executing VM operation: ICBufferFull done
Event: 25.436 Executing VM operation: HandshakeAllThreads
Event: 25.436 Executing VM operation: HandshakeAllThreads done
Event: 25.440 Executing VM operation: ICBufferFull
Event: 25.440 Executing VM operation: ICBufferFull done
Event: 25.481 Executing VM operation: ICBufferFull
Event: 25.481 Executing VM operation: ICBufferFull done
Event: 25.487 Executing VM operation: HandshakeAllThreads
Event: 25.487 Executing VM operation: HandshakeAllThreads done
Event: 25.637 Executing VM operation: HandshakeAllThreads
Event: 25.637 Executing VM operation: HandshakeAllThreads done
Event: 25.657 Executing VM operation: ICBufferFull
Event: 25.657 Executing VM operation: ICBufferFull done
Event: 25.708 Executing VM operation: HandshakeAllThreads
Event: 25.709 Executing VM operation: HandshakeAllThreads done
Event: 25.872 Executing VM operation: ICBufferFull
Event: 25.872 Executing VM operation: ICBufferFull done

Events (20 events):
Event: 25.724 Thread 0x000001f39924d430 flushing nmethod 0x000001f384a2b490
Event: 25.724 Thread 0x000001f39924d430 flushing nmethod 0x000001f384a4df90
Event: 25.724 Thread 0x000001f39924d430 flushing nmethod 0x000001f384a61b10
Event: 25.725 Thread 0x000001f39924d430 flushing nmethod 0x000001f384ad9310
Event: 25.725 Thread 0x000001f39924d430 flushing nmethod 0x000001f384ada410
Event: 25.725 Thread 0x000001f39924d430 flushing nmethod 0x000001f384ade510
Event: 25.725 Thread 0x000001f39924d430 flushing nmethod 0x000001f384ae0e10
Event: 25.725 Thread 0x000001f39924d430 flushing nmethod 0x000001f384afb510
Event: 25.725 Thread 0x000001f39924d430 flushing nmethod 0x000001f384b2fc10
Event: 25.725 Thread 0x000001f39924d430 flushing nmethod 0x000001f384bbaa10
Event: 25.725 Thread 0x000001f39924d430 flushing nmethod 0x000001f384bbbb10
Event: 25.725 Thread 0x000001f39924d430 flushing nmethod 0x000001f384be4f10
Event: 25.726 Thread 0x000001f39924d430 flushing nmethod 0x000001f384d48f90
Event: 25.726 Thread 0x000001f39924d430 flushing nmethod 0x000001f384d4a110
Event: 25.726 Thread 0x000001f39924d430 flushing nmethod 0x000001f384d4c710
Event: 25.726 Thread 0x000001f39924d430 flushing nmethod 0x000001f384d63810
Event: 25.726 Thread 0x000001f39924d430 flushing nmethod 0x000001f384d75b90
Event: 25.727 Thread 0x000001f39924d430 flushing nmethod 0x000001f384f42690
Event: 25.727 Thread 0x000001f39924d430 flushing nmethod 0x000001f384f55490
Event: 25.739 Thread 0x000001f3a3565490 Thread exited: 0x000001f3a3565490


Dynamic libraries:
0x00007ff68f500000 - 0x00007ff68f50a000 	C:\Program Files\Android\Android Studio\jbr\bin\java.exe
0x00007ffddf3d0000 - 0x00007ffddf5e7000 	C:\Windows\SYSTEM32\ntdll.dll
0x00007ffddd640000 - 0x00007ffddd704000 	C:\Windows\System32\KERNEL32.DLL
0x00007ffddc770000 - 0x00007ffddcb1d000 	C:\Windows\System32\KERNELBASE.dll
0x00007ffddcfe0000 - 0x00007ffddd0f1000 	C:\Windows\System32\ucrtbase.dll
0x00007ffdca2e0000 - 0x00007ffdca2f7000 	C:\Program Files\Android\Android Studio\jbr\bin\jli.dll
0x00007ffddf0c0000 - 0x00007ffddf26e000 	C:\Windows\System32\USER32.dll
0x00007ffdc85c0000 - 0x00007ffdc85db000 	C:\Program Files\Android\Android Studio\jbr\bin\VCRUNTIME140.dll
0x00007ffddcc70000 - 0x00007ffddcc96000 	C:\Windows\System32\win32u.dll
0x00007ffdde430000 - 0x00007ffdde459000 	C:\Windows\System32\GDI32.dll
0x00007ffddba50000 - 0x00007ffddbce3000 	C:\Windows\WinSxS\amd64_microsoft.windows.common-controls_6595b64144ccf1df_6.0.22621.3672_none_2713b9d173822955\COMCTL32.dll
0x00007ffddcb20000 - 0x00007ffddcc39000 	C:\Windows\System32\gdi32full.dll
0x00007ffddd590000 - 0x00007ffddd637000 	C:\Windows\System32\msvcrt.dll
0x00007ffddcf40000 - 0x00007ffddcfda000 	C:\Windows\System32\msvcp_win.dll
0x00007ffddd550000 - 0x00007ffddd581000 	C:\Windows\System32\IMM32.DLL
0x00007ffddbf40000 - 0x00007ffddbf4c000 	C:\Program Files\Android\Android Studio\jbr\bin\vcruntime140_1.dll
0x00007ffd8de10000 - 0x00007ffd8de9d000 	C:\Program Files\Android\Android Studio\jbr\bin\msvcp140.dll
0x00007ffd72420000 - 0x00007ffd730a3000 	C:\Program Files\Android\Android Studio\jbr\bin\server\jvm.dll
0x00007ffddf270000 - 0x00007ffddf322000 	C:\Windows\System32\ADVAPI32.dll
0x00007ffdddf30000 - 0x00007ffdddfd9000 	C:\Windows\System32\sechost.dll
0x00007ffddcc40000 - 0x00007ffddcc68000 	C:\Windows\System32\bcrypt.dll
0x00007ffddd730000 - 0x00007ffddd844000 	C:\Windows\System32\RPCRT4.dll
0x00007ffdb9d20000 - 0x00007ffdb9d29000 	C:\Windows\SYSTEM32\WSOCK32.dll
0x00007ffddc000000 - 0x00007ffddc04d000 	C:\Windows\SYSTEM32\POWRPROF.dll
0x00007ffddb000000 - 0x00007ffddb00a000 	C:\Windows\SYSTEM32\VERSION.dll
0x00007ffdd89c0000 - 0x00007ffdd89f4000 	C:\Windows\SYSTEM32\WINMM.dll
0x00007ffdde470000 - 0x00007ffdde4e1000 	C:\Windows\System32\WS2_32.dll
0x00007ffddbed0000 - 0x00007ffddbee3000 	C:\Windows\SYSTEM32\UMPDC.dll
0x00007ffdda780000 - 0x00007ffdda798000 	C:\Windows\SYSTEM32\kernel.appcore.dll
0x00007ffdd8a10000 - 0x00007ffdd8a1a000 	C:\Program Files\Android\Android Studio\jbr\bin\jimage.dll
0x00007ffddc050000 - 0x00007ffddc282000 	C:\Windows\SYSTEM32\DBGHELP.DLL
0x00007ffddd1c0000 - 0x00007ffddd54e000 	C:\Windows\System32\combase.dll
0x00007ffdddfe0000 - 0x00007ffdde0b7000 	C:\Windows\System32\OLEAUT32.dll
0x00007ffddbef0000 - 0x00007ffddbf22000 	C:\Windows\SYSTEM32\dbgcore.DLL
0x00007ffddc6f0000 - 0x00007ffddc76b000 	C:\Windows\System32\bcryptPrimitives.dll
0x00007ffdd2620000 - 0x00007ffdd262e000 	C:\Program Files\Android\Android Studio\jbr\bin\instrument.dll
0x00007ffdd7370000 - 0x00007ffdd7395000 	C:\Program Files\Android\Android Studio\jbr\bin\java.dll
0x00007ffdd0620000 - 0x00007ffdd0638000 	C:\Program Files\Android\Android Studio\jbr\bin\zip.dll
0x00007ffdde750000 - 0x00007ffddefb7000 	C:\Windows\System32\SHELL32.dll
0x00007ffdd96f0000 - 0x00007ffdd9fef000 	C:\Windows\SYSTEM32\windows.storage.dll
0x00007ffdd95b0000 - 0x00007ffdd96ef000 	C:\Windows\SYSTEM32\wintypes.dll
0x00007ffddefc0000 - 0x00007ffddf0b9000 	C:\Windows\System32\SHCORE.dll
0x00007ffddded0000 - 0x00007ffdddf2e000 	C:\Windows\System32\shlwapi.dll
0x00007ffddc620000 - 0x00007ffddc647000 	C:\Windows\SYSTEM32\profapi.dll
0x00007ffdd0600000 - 0x00007ffdd0619000 	C:\Program Files\Android\Android Studio\jbr\bin\net.dll
0x00007ffdd6890000 - 0x00007ffdd69c6000 	C:\Windows\SYSTEM32\WINHTTP.dll
0x00007ffddab90000 - 0x00007ffddabf9000 	C:\Windows\system32\mswsock.dll
0x00007ffdcf930000 - 0x00007ffdcf946000 	C:\Program Files\Android\Android Studio\jbr\bin\nio.dll
0x00007ffdd3b10000 - 0x00007ffdd3b20000 	C:\Program Files\Android\Android Studio\jbr\bin\verify.dll
0x00007ffdc4730000 - 0x00007ffdc4757000 	C:\Users\alexeycode\.gradle\native\c067742578af261105cb4f569cf0c3c89f3d7b1fecec35dd04571415982c5e48\windows-amd64\native-platform.dll
0x00007ffd7ff10000 - 0x00007ffd80054000 	C:\Users\alexeycode\.gradle\native\38dada09dfb8b06ba9b0570ebf7e218e3eb74d4ef43ca46872605cf95ebc2f47\windows-amd64\native-platform-file-events.dll
0x00007ffdd7360000 - 0x00007ffdd7369000 	C:\Program Files\Android\Android Studio\jbr\bin\management.dll
0x00007ffdd3cc0000 - 0x00007ffdd3ccb000 	C:\Program Files\Android\Android Studio\jbr\bin\management_ext.dll
0x00007ffdde460000 - 0x00007ffdde468000 	C:\Windows\System32\PSAPI.DLL
0x00007ffddc390000 - 0x00007ffddc3ab000 	C:\Windows\SYSTEM32\CRYPTSP.dll
0x00007ffdda890000 - 0x00007ffdda8c5000 	C:\Windows\system32\rsaenh.dll
0x00007ffddac30000 - 0x00007ffddac58000 	C:\Windows\SYSTEM32\USERENV.dll
0x00007ffddaec0000 - 0x00007ffddaecc000 	C:\Windows\SYSTEM32\CRYPTBASE.dll
0x00007ffdda290000 - 0x00007ffdda2bd000 	C:\Windows\SYSTEM32\IPHLPAPI.DLL
0x00007ffddd9d0000 - 0x00007ffddd9d9000 	C:\Windows\System32\NSI.dll
0x00007ffdd66e0000 - 0x00007ffdd66f9000 	C:\Windows\SYSTEM32\dhcpcsvc6.DLL
0x00007ffdd6580000 - 0x00007ffdd659f000 	C:\Windows\SYSTEM32\dhcpcsvc.DLL
0x00007ffdda2c0000 - 0x00007ffdda3b8000 	C:\Windows\SYSTEM32\DNSAPI.dll
0x00007ffdcacc0000 - 0x00007ffdcacc8000 	C:\Windows\system32\wshunix.dll

dbghelp: loaded successfully - version: 4.0.5 - missing functions: none
symbol engine: initialized successfully - sym options: 0x614 - pdb path: .;C:\Program Files\Android\Android Studio\jbr\bin;C:\Windows\SYSTEM32;C:\Windows\WinSxS\amd64_microsoft.windows.common-controls_6595b64144ccf1df_6.0.22621.3672_none_2713b9d173822955;C:\Program Files\Android\Android Studio\jbr\bin\server;C:\Users\alexeycode\.gradle\native\c067742578af261105cb4f569cf0c3c89f3d7b1fecec35dd04571415982c5e48\windows-amd64;C:\Users\alexeycode\.gradle\native\38dada09dfb8b06ba9b0570ebf7e218e3eb74d4ef43ca46872605cf95ebc2f47\windows-amd64

VM Arguments:
jvm_args: --add-opens=java.base/java.util=ALL-UNNAMED --add-opens=java.base/java.lang=ALL-UNNAMED --add-opens=java.base/java.lang.invoke=ALL-UNNAMED --add-opens=java.prefs/java.util.prefs=ALL-UNNAMED --add-opens=java.base/java.nio.charset=ALL-UNNAMED --add-opens=java.base/java.net=ALL-UNNAMED --add-opens=java.base/java.util.concurrent.atomic=ALL-UNNAMED -Xmx2048m -Dfile.encoding=UTF-8 -Duser.country=RU -Duser.language=ru -Duser.variant -javaagent:C:\Users\alexeycode\.gradle\wrapper\dists\gradle-8.4-bin\1w5dpkrfk8irigvoxmyhowfim\gradle-8.4\lib\agents\gradle-instrumentation-agent-8.4.jar 
java_command: org.gradle.launcher.daemon.bootstrap.GradleDaemon 8.4
java_class_path (initial): C:\Users\alexeycode\.gradle\wrapper\dists\gradle-8.4-bin\1w5dpkrfk8irigvoxmyhowfim\gradle-8.4\lib\gradle-launcher-8.4.jar
Launcher Type: SUN_STANDARD

[Global flags]
     intx CICompilerCount                          = 4                                         {product} {ergonomic}
     uint ConcGCThreads                            = 3                                         {product} {ergonomic}
     uint G1ConcRefinementThreads                  = 10                                        {product} {ergonomic}
   size_t G1HeapRegionSize                         = 1048576                                   {product} {ergonomic}
    uintx GCDrainStackTargetSize                   = 64                                        {product} {ergonomic}
   size_t InitialHeapSize                          = 123731968                                 {product} {ergonomic}
   size_t MarkStackSize                            = 4194304                                   {product} {ergonomic}
   size_t MaxHeapSize                              = 2147483648                                {product} {command line}
   size_t MaxNewSize                               = 1287651328                                {product} {ergonomic}
   size_t MinHeapDeltaBytes                        = 1048576                                   {product} {ergonomic}
   size_t MinHeapSize                              = 8388608                                   {product} {ergonomic}
    uintx NonNMethodCodeHeapSize                   = 5839372                                {pd product} {ergonomic}
    uintx NonProfiledCodeHeapSize                  = 122909434                              {pd product} {ergonomic}
    uintx ProfiledCodeHeapSize                     = 122909434                              {pd product} {ergonomic}
    uintx ReservedCodeCacheSize                    = 251658240                              {pd product} {ergonomic}
     bool SegmentedCodeCache                       = true                                      {product} {ergonomic}
   size_t SoftMaxHeapSize                          = 2147483648                             {manageable} {ergonomic}
     bool UseCompressedClassPointers               = true                           {product lp64_product} {ergonomic}
     bool UseCompressedOops                        = true                           {product lp64_product} {ergonomic}
     bool UseG1GC                                  = true                                      {product} {ergonomic}
     bool UseLargePagesIndividualAllocation        = false                                  {pd product} {ergonomic}

Logging:
Log output configuration:
 #0: stdout all=warning uptime,level,tags
 #1: stderr all=off uptime,level,tags

Environment Variables:
PATH=C:\Program Files\Common Files\Oracle\Java\javapath;C:\Program Files\Microsoft\jdk-11.0.16.101-hotspot\bin;C:\Windows\system32;C:\Windows;C:\Windows\System32\Wbem;C:\Windows\System32\WindowsPowerShell\v1.0\;C:\Windows\System32\OpenSSH\;C:\Program Files (x86)\Windows Kits\10\Windows Performance Toolkit\;C:\Program Files\Git\cmd;C:\Program Files\Docker\Docker\resources\bin;C:\Program Files\LLVM\bin;C:\Program Files\CMake\bin;C:\Program Files (x86)\Android\android-sdk\platform-tools;C:\Program Files\ninja-win;C:\make-4.4\make-4.4;C:\Program Files\Cloudflare\Cloudflare WARP\;C:\Users\alexeycode\AppData\Local\Microsoft\WindowsApps;C:\Users\alexeycode\AppData\Local\GitHubDesktop\bin;C:\Users\alexeycode\AppData\Local\Programs\Microsoft VS Code\bin;C:\Users\alexeycode\AppData\Local\JetBrains\Toolbox\scripts;
USERNAME=alexeycode
OS=Windows_NT
PROCESSOR_IDENTIFIER=AMD64 Family 23 Model 104 Stepping 1, AuthenticAMD
TMP=C:\Users\ALEXEY~1\AppData\Local\Temp
TEMP=C:\Users\ALEXEY~1\AppData\Local\Temp



Periodic native trim disabled

JNI global refs:
JNI global refs: 27, weak refs: 2

JNI global refs memory usage: 843, weak refs: 841

OOME stack traces (most recent first):
Classloader memory used:
