#
# There is insufficient memory for the Java Runtime Environment to continue.
# Native memory allocation (mmap) failed to map 113246208 bytes for G1 virtual space
# Possible reasons:
#   The system is out of physical RAM or swap space
#   The process is running with CompressedOops enabled, and the Java Heap may be blocking the growth of the native heap
# Possible solutions:
#   Reduce memory load on the system
#   Increase physical memory or swap space
#   Check if swap backing store is full
#   Decrease Java heap size (-Xmx/-Xms)
#   Decrease number of Java threads
#   Decrease Java thread stack sizes (-Xss)
#   Set larger code cache with -XX:ReservedCodeCacheSize=
#   JVM is running with Unscaled Compressed Oops mode in which the Java heap is
#     placed in the first 4GB address space. The Java Heap base address is the
#     maximum limit for the native heap growth. Please use -XX:HeapBaseMinAddress
#     to set the Java Heap base and to place the Java Heap above 4GB virtual address.
# This output file may be truncated or incomplete.
#
#  Out of Memory Error (os_windows.cpp:3825), pid=1872, tid=8372
#
# JRE version: OpenJDK Runtime Environment (17.0.9) (build 17.0.9+0--11185874)
# Java VM: OpenJDK 64-Bit Server VM (17.0.9+0--11185874, mixed mode, tiered, compressed oops, compressed class ptrs, g1 gc, windows-amd64)
# No core dump will be written. Minidumps are not enabled by default on client versions of Windows
#

---------------  S U M M A R Y ------------

Command Line: --add-opens=java.base/java.util=ALL-UNNAMED --add-opens=java.base/java.lang=ALL-UNNAMED --add-opens=java.base/java.lang.invoke=ALL-UNNAMED --add-opens=java.prefs/java.util.prefs=ALL-UNNAMED --add-opens=java.base/java.nio.charset=ALL-UNNAMED --add-opens=java.base/java.net=ALL-UNNAMED --add-opens=java.base/java.util.concurrent.atomic=ALL-UNNAMED -Xmx2048m -Dfile.encoding=UTF-8 -Duser.country=RU -Duser.language=ru -Duser.variant -javaagent:C:\Users\alexeycode\.gradle\wrapper\dists\gradle-8.4-bin\1w5dpkrfk8irigvoxmyhowfim\gradle-8.4\lib\agents\gradle-instrumentation-agent-8.4.jar org.gradle.launcher.daemon.bootstrap.GradleDaemon 8.4

Host: AMD Ryzen 5 5500U with Radeon Graphics         , 12 cores, 7G,  Windows 11 , 64 bit Build 22621 (10.0.22621.3958)
Time: Wed Sep 18 15:49:13 2024 RTZ 2 (s 11 , 64 bit Build 22621 (10.0.22621.3958) elapsed time: 13.948402 seconds (0d 0h 0m 13s)

---------------  T H R E A D  ---------------

Current thread (0x000001d1280137c0):  VMThread "VM Thread" [stack: 0x000000c5b9a00000,0x000000c5b9b00000] [id=8372]

Stack: [0x000000c5b9a00000,0x000000c5b9b00000]
Native frames: (J=compiled Java code, j=interpreted, Vv=VM code, C=native code)
V  [jvm.dll+0x6886e9]
V  [jvm.dll+0x841e4a]
V  [jvm.dll+0x843a8e]
V  [jvm.dll+0x8440f3]
V  [jvm.dll+0x24c14f]
V  [jvm.dll+0x685499]
V  [jvm.dll+0x679c2a]
V  [jvm.dll+0x30cf9b]
V  [jvm.dll+0x314446]
V  [jvm.dll+0x36425e]
V  [jvm.dll+0x36448f]
V  [jvm.dll+0x2e2d68]
V  [jvm.dll+0x2e0f44]
V  [jvm.dll+0x2e054c]
V  [jvm.dll+0x3253fb]
V  [jvm.dll+0x8487eb]
V  [jvm.dll+0x849531]
V  [jvm.dll+0x849a4d]
V  [jvm.dll+0x849e24]
V  [jvm.dll+0x849ef0]
V  [jvm.dll+0x7f06aa]
V  [jvm.dll+0x687565]
C  [ucrtbase.dll+0x29333]
C  [KERNEL32.DLL+0x1257d]
C  [ntdll.dll+0x5af28]

VM_Operation (0x000000c5bb2f2c20): G1CollectForAllocation, mode: safepoint, requested by thread 0x000001d129b1b830


---------------  P R O C E S S  ---------------

Threads class SMR info:
_java_thread_list=0x000001d12872c400, length=50, elements={
0x000001d10996bdf0, 0x000001d123c2e420, 0x000001d123c06fb0, 0x000001d123c1b730,
0x000001d128041190, 0x000001d128043c60, 0x000001d128044620, 0x000001d128045720,
0x000001d128064930, 0x000001d12806da10, 0x000001d12813a710, 0x000001d128306040,
0x000001d129fa07a0, 0x000001d12a569080, 0x000001d1296758e0, 0x000001d129f05460,
0x000001d1297f8850, 0x000001d12a136bd0, 0x000001d129b1b830, 0x000001d129d2a4b0,
0x000001d129d2a9c0, 0x000001d129d2b3e0, 0x000001d129d2aed0, 0x000001d129d29a90,
0x000001d129d2c820, 0x000001d129d2b8f0, 0x000001d129d2c310, 0x000001d129d29070,
0x000001d129d29580, 0x000001d129d29fa0, 0x000001d12b34ec50, 0x000001d12b34e740,
0x000001d12b34bec0, 0x000001d12b34af90, 0x000001d12b34f160, 0x000001d12b34b9b0,
0x000001d12b34b4a0, 0x000001d12b34dd20, 0x000001d12b34a570, 0x000001d12b34f670,
0x000001d12b34c3d0, 0x000001d12b34e230, 0x000001d12b34fb80, 0x000001d12b350090,
0x000001d12b3505a0, 0x000001d12b350ab0, 0x000001d12b34d810, 0x000001d12b34d300,
0x000001d12b34a060, 0x000001d1293b9e50
}

Java Threads: ( => current thread )
  0x000001d10996bdf0 JavaThread "main" [_thread_blocked, id=7748, stack(0x000000c5b9400000,0x000000c5b9500000)]
  0x000001d123c2e420 JavaThread "Reference Handler" daemon [_thread_blocked, id=18664, stack(0x000000c5b9b00000,0x000000c5b9c00000)]
  0x000001d123c06fb0 JavaThread "Finalizer" daemon [_thread_blocked, id=9620, stack(0x000000c5b9c00000,0x000000c5b9d00000)]
  0x000001d123c1b730 JavaThread "Signal Dispatcher" daemon [_thread_blocked, id=4864, stack(0x000000c5b9d00000,0x000000c5b9e00000)]
  0x000001d128041190 JavaThread "Attach Listener" daemon [_thread_blocked, id=20780, stack(0x000000c5b9e00000,0x000000c5b9f00000)]
  0x000001d128043c60 JavaThread "Service Thread" daemon [_thread_blocked, id=26812, stack(0x000000c5b9f00000,0x000000c5ba000000)]
  0x000001d128044620 JavaThread "Monitor Deflation Thread" daemon [_thread_blocked, id=17684, stack(0x000000c5ba000000,0x000000c5ba100000)]
  0x000001d128045720 JavaThread "C2 CompilerThread0" daemon [_thread_blocked, id=8204, stack(0x000000c5ba100000,0x000000c5ba200000)]
  0x000001d128064930 JavaThread "C1 CompilerThread0" daemon [_thread_blocked, id=2208, stack(0x000000c5ba200000,0x000000c5ba300000)]
  0x000001d12806da10 JavaThread "Sweeper thread" daemon [_thread_blocked, id=1404, stack(0x000000c5ba300000,0x000000c5ba400000)]
  0x000001d12813a710 JavaThread "Common-Cleaner" daemon [_thread_blocked, id=14124, stack(0x000000c5ba400000,0x000000c5ba500000)]
  0x000001d128306040 JavaThread "Notification Thread" daemon [_thread_blocked, id=17756, stack(0x000000c5ba500000,0x000000c5ba600000)]
  0x000001d129fa07a0 JavaThread "Daemon health stats" [_thread_blocked, id=8216, stack(0x000000c5bac00000,0x000000c5bad00000)]
  0x000001d12a569080 JavaThread "Incoming local TCP Connector on port 62409" [_thread_in_native, id=28928, stack(0x000000c5bad00000,0x000000c5bae00000)]
  0x000001d1296758e0 JavaThread "Daemon periodic checks" [_thread_blocked, id=17588, stack(0x000000c5bae00000,0x000000c5baf00000)]
  0x000001d129f05460 JavaThread "Daemon" [_thread_blocked, id=26588, stack(0x000000c5baf00000,0x000000c5bb000000)]
  0x000001d1297f8850 JavaThread "Handler for socket connection from /127.0.0.1:62409 to /127.0.0.1:62410" [_thread_in_native, id=14668, stack(0x000000c5bb000000,0x000000c5bb100000)]
  0x000001d12a136bd0 JavaThread "Cancel handler" [_thread_blocked, id=16116, stack(0x000000c5bb100000,0x000000c5bb200000)]
  0x000001d129b1b830 JavaThread "Daemon worker" [_thread_blocked, id=25120, stack(0x000000c5bb200000,0x000000c5bb300000)]
  0x000001d129d2a4b0 JavaThread "Asynchronous log dispatcher for DefaultDaemonConnection: socket connection from /127.0.0.1:62409 to /127.0.0.1:62410" [_thread_blocked, id=24664, stack(0x000000c5bb300000,0x000000c5bb400000)]
  0x000001d129d2a9c0 JavaThread "Stdin handler" [_thread_blocked, id=27528, stack(0x000000c5bb400000,0x000000c5bb500000)]
  0x000001d129d2b3e0 JavaThread "Daemon client event forwarder" [_thread_blocked, id=14620, stack(0x000000c5bb500000,0x000000c5bb600000)]
  0x000001d129d2aed0 JavaThread "Cache worker for journal cache (C:\Users\alexeycode\.gradle\caches\journal-1)" [_thread_blocked, id=8044, stack(0x000000c5ba700000,0x000000c5ba800000)]
  0x000001d129d29a90 JavaThread "File lock request listener" [_thread_in_native, id=3532, stack(0x000000c5bbd00000,0x000000c5bbe00000)]
  0x000001d129d2c820 JavaThread "Cache worker for file hash cache (C:\Users\alexeycode\.gradle\caches\8.4\fileHashes)" [_thread_blocked, id=27040, stack(0x000000c5bbf00000,0x000000c5bc000000)]
  0x000001d129d2b8f0 JavaThread "File watcher server" daemon [_thread_blocked, id=21160, stack(0x000000c5bc000000,0x000000c5bc100000)]
  0x000001d129d2c310 JavaThread "File watcher consumer" daemon [_thread_blocked, id=4740, stack(0x000000c5bc100000,0x000000c5bc200000)]
  0x000001d129d29070 JavaThread "jar transforms" [_thread_blocked, id=7052, stack(0x000000c5bc200000,0x000000c5bc300000)]
  0x000001d129d29580 JavaThread "jar transforms Thread 2" [_thread_blocked, id=4636, stack(0x000000c5bc300000,0x000000c5bc400000)]
  0x000001d129d29fa0 JavaThread "jar transforms Thread 3" [_thread_blocked, id=9656, stack(0x000000c5bc400000,0x000000c5bc500000)]
  0x000001d12b34ec50 JavaThread "jar transforms Thread 4" [_thread_blocked, id=15840, stack(0x000000c5bc500000,0x000000c5bc600000)]
  0x000001d12b34e740 JavaThread "jar transforms Thread 5" [_thread_blocked, id=27084, stack(0x000000c5bc600000,0x000000c5bc700000)]
  0x000001d12b34bec0 JavaThread "jar transforms Thread 6" [_thread_blocked, id=14404, stack(0x000000c5bc700000,0x000000c5bc800000)]
  0x000001d12b34af90 JavaThread "jar transforms Thread 7" [_thread_blocked, id=24452, stack(0x000000c5bc800000,0x000000c5bc900000)]
  0x000001d12b34f160 JavaThread "jar transforms Thread 8" [_thread_blocked, id=28388, stack(0x000000c5bc900000,0x000000c5bca00000)]
  0x000001d12b34b9b0 JavaThread "jar transforms Thread 9" [_thread_blocked, id=28512, stack(0x000000c5bca00000,0x000000c5bcb00000)]
  0x000001d12b34b4a0 JavaThread "jar transforms Thread 10" [_thread_blocked, id=2544, stack(0x000000c5bcb00000,0x000000c5bcc00000)]
  0x000001d12b34dd20 JavaThread "jar transforms Thread 11" [_thread_blocked, id=17844, stack(0x000000c5bcc00000,0x000000c5bcd00000)]
  0x000001d12b34a570 JavaThread "jar transforms Thread 12" [_thread_blocked, id=7516, stack(0x000000c5bcd00000,0x000000c5bce00000)]
  0x000001d12b34f670 JavaThread "Cache worker for checksums cache (C:\Users\alexeycode\AndroidStudioProjects\ThirdKotlinProject\.gradle\8.4\checksums)" [_thread_blocked, id=13920, stack(0x000000c5bce00000,0x000000c5bcf00000)]
  0x000001d12b34c3d0 JavaThread "Cache worker for file hash cache (C:\Users\alexeycode\AndroidStudioProjects\ThirdKotlinProject\.gradle\8.4\fileHashes)" [_thread_blocked, id=4276, stack(0x000000c5bd000000,0x000000c5bd100000)]
  0x000001d12b34e230 JavaThread "Cache worker for cache directory md-supplier (C:\Users\alexeycode\.gradle\caches\8.4\md-supplier)" [_thread_blocked, id=13096, stack(0x000000c5bd100000,0x000000c5bd200000)]
  0x000001d12b34fb80 JavaThread "Cache worker for file content cache (C:\Users\alexeycode\.gradle\caches\8.4\fileContent)" [_thread_blocked, id=21180, stack(0x000000c5bd200000,0x000000c5bd300000)]
  0x000001d12b350090 JavaThread "Cache worker for cache directory md-rule (C:\Users\alexeycode\.gradle\caches\8.4\md-rule)" [_thread_blocked, id=18216, stack(0x000000c5bd300000,0x000000c5bd400000)]
  0x000001d12b3505a0 JavaThread "Cache worker for execution history cache (C:\Users\alexeycode\.gradle\caches\8.4\executionHistory)" [_thread_blocked, id=5332, stack(0x000000c5bd400000,0x000000c5bd500000)]
  0x000001d12b350ab0 JavaThread "Cache worker for kotlin-dsl (C:\Users\alexeycode\.gradle\caches\8.4\kotlin-dsl)" [_thread_blocked, id=9384, stack(0x000000c5bd500000,0x000000c5bd600000)]
  0x000001d12b34d810 JavaThread "Cache worker for dependencies-accessors (C:\Users\alexeycode\AndroidStudioProjects\ThirdKotlinProject\.gradle\8.4\dependencies-accessors)" [_thread_blocked, id=25944, stack(0x000000c5bd600000,0x000000c5bd700000)]
  0x000001d12b34d300 JavaThread "Cache worker for Build Output Cleanup Cache (C:\Users\alexeycode\AndroidStudioProjects\ThirdKotlinProject\.gradle\buildOutputCleanup)" [_thread_blocked, id=14588, stack(0x000000c5bd700000,0x000000c5bd800000)]
  0x000001d12b34a060 JavaThread "Kotlin DSL Writer" [_thread_blocked, id=2164, stack(0x000000c5bd800000,0x000000c5bd900000)]
  0x000001d1293b9e50 JavaThread "C2 CompilerThread1" daemon [_thread_in_native, id=18144, stack(0x000000c5bbe00000,0x000000c5bbf00000)]

Other Threads:
=>0x000001d1280137c0 VMThread "VM Thread" [stack: 0x000000c5b9a00000,0x000000c5b9b00000] [id=8372]
  0x000001d12838cd00 WatcherThread [stack: 0x000000c5ba600000,0x000000c5ba700000] [id=20280]
  0x000001d1099c7580 GCTaskThread "GC Thread#0" [stack: 0x000000c5b9500000,0x000000c5b9600000] [id=23648]
  0x000001d128fea1e0 GCTaskThread "GC Thread#1" [stack: 0x000000c5ba800000,0x000000c5ba900000] [id=4232]
  0x000001d128de2130 GCTaskThread "GC Thread#2" [stack: 0x000000c5ba900000,0x000000c5baa00000] [id=20100]
  0x000001d1289eda80 GCTaskThread "GC Thread#3" [stack: 0x000000c5baa00000,0x000000c5bab00000] [id=6376]
  0x000001d129164e10 GCTaskThread "GC Thread#4" [stack: 0x000000c5bab00000,0x000000c5bac00000] [id=29244]
  0x000001d129bcecc0 GCTaskThread "GC Thread#5" [stack: 0x000000c5bb600000,0x000000c5bb700000] [id=8344]
  0x000001d129798bb0 GCTaskThread "GC Thread#6" [stack: 0x000000c5bb700000,0x000000c5bb800000] [id=27228]
  0x000001d129e4dc50 GCTaskThread "GC Thread#7" [stack: 0x000000c5bb800000,0x000000c5bb900000] [id=1992]
  0x000001d1298d4910 GCTaskThread "GC Thread#8" [stack: 0x000000c5bb900000,0x000000c5bba00000] [id=19040]
  0x000001d1298d4bd0 GCTaskThread "GC Thread#9" [stack: 0x000000c5bba00000,0x000000c5bbb00000] [id=23792]
  0x000001d1099d84d0 ConcurrentGCThread "G1 Main Marker" [stack: 0x000000c5b9600000,0x000000c5b9700000] [id=29068]
  0x000001d1099d8ef0 ConcurrentGCThread "G1 Conc#0" [stack: 0x000000c5b9700000,0x000000c5b9800000] [id=21860]
  0x000001d12a2ac380 ConcurrentGCThread "G1 Conc#1" [stack: 0x000000c5bbb00000,0x000000c5bbc00000] [id=9308]
  0x000001d12a1c1320 ConcurrentGCThread "G1 Conc#2" [stack: 0x000000c5bbc00000,0x000000c5bbd00000] [id=21064]
  0x000001d123a6f950 ConcurrentGCThread "G1 Refine#0" [stack: 0x000000c5b9800000,0x000000c5b9900000] [id=26696]
  0x000001d12b105060 ConcurrentGCThread "G1 Refine#1" [stack: 0x000000c5bcf00000,0x000000c5bd000000] [id=2332]
  0x000001d12c55edf0 ConcurrentGCThread "G1 Refine#2" [stack: 0x000000c5bd900000,0x000000c5bda00000] [id=9148]
  0x000001d12c55f0e0 ConcurrentGCThread "G1 Refine#3" [stack: 0x000000c5bda00000,0x000000c5bdb00000] [id=26604]
  0x000001d12c55f3d0 ConcurrentGCThread "G1 Refine#4" [stack: 0x000000c5bdb00000,0x000000c5bdc00000] [id=25060]
  0x000001d12c55f6c0 ConcurrentGCThread "G1 Refine#5" [stack: 0x000000c5bdc00000,0x000000c5bdd00000] [id=4132]
  0x000001d12c55f9b0 ConcurrentGCThread "G1 Refine#6" [stack: 0x000000c5bdd00000,0x000000c5bde00000] [id=1592]
  0x000001d12c55fca0 ConcurrentGCThread "G1 Refine#7" [stack: 0x000000c5bde00000,0x000000c5bdf00000] [id=9980]
  0x000001d12c55ff90 ConcurrentGCThread "G1 Refine#8" [stack: 0x000000c5bdf00000,0x000000c5be000000] [id=16400]
  0x000001d12c560280 ConcurrentGCThread "G1 Refine#9" [stack: 0x000000c5be000000,0x000000c5be100000] [id=16488]
  0x000001d123a70190 ConcurrentGCThread "G1 Service" [stack: 0x000000c5b9900000,0x000000c5b9a00000] [id=27316]

Threads with active compile tasks:
C2 CompilerThread0    13977 8938   !   4       org.jetbrains.kotlin.storage.LockBasedStorageManager$LockBasedLazyValue::invoke (257 bytes)
C2 CompilerThread1    13977 8797   !   4       java.net.URLClassLoader::defineClass (224 bytes)

VM state: at safepoint (normal execution)

VM Mutex/Monitor currently owned by a thread:  ([mutex/lock_event])
[0x000001d109966b10] Threads_lock - owner thread: 0x000001d1280137c0
[0x000001d109967530] Heap_lock - owner thread: 0x000001d129b1b830

Heap address: 0x0000000080000000, size: 2048 MB, Compressed Oops mode: 32-bit

CDS archive(s) not mapped
Compressed class space mapped at: 0x0000000100000000-0x0000000140000000, reserved size: 1073741824
Narrow klass base: 0x0000000000000000, Narrow klass shift: 3, Narrow klass range: 0x140000000

GC Precious Log:
 CPUs: 12 total, 12 available
 Memory: 7514M
 Large Page Support: Disabled
 NUMA Support: Disabled
 Compressed Oops: Enabled (32-bit)
 Heap Region Size: 1M
 Heap Min Capacity: 8M
 Heap Initial Capacity: 118M
 Heap Max Capacity: 2G
 Pre-touch: Disabled
 Parallel Workers: 10
 Concurrent Workers: 3
 Concurrent Refinement Workers: 10
 Periodic GC: Disabled

Heap:
 garbage-first heap   total 176128K, used 98640K [0x0000000080000000, 0x0000000100000000)
  region size 1024K, 4 young (4096K), 4 survivors (4096K)
 Metaspace       used 112872K, committed 113664K, reserved 1179648K
  class space    used 14985K, committed 15360K, reserved 1048576K

Heap Regions: E=young(eden), S=young(survivor), O=old, HS=humongous(starts), HC=humongous(continues), CS=collection set, F=free, OA=open archive, CA=closed archive, TAMS=top-at-mark-start (previous, next)
|   0|0x0000000080000000, 0x0000000080100000, 0x0000000080100000|100%|HS|  |TAMS 0x0000000080100000, 0x0000000080100000| Complete 
|   1|0x0000000080100000, 0x0000000080200000, 0x0000000080200000|100%|HC|  |TAMS 0x0000000080200000, 0x0000000080200000| Complete 
|   2|0x0000000080200000, 0x0000000080300000, 0x0000000080300000|100%|HC|  |TAMS 0x0000000080300000, 0x0000000080300000| Complete 
|   3|0x0000000080300000, 0x0000000080400000, 0x0000000080400000|100%|HC|  |TAMS 0x0000000080400000, 0x0000000080400000| Complete 
|   4|0x0000000080400000, 0x0000000080500000, 0x0000000080500000|100%| O|  |TAMS 0x0000000080500000, 0x0000000080500000| Untracked 
|   5|0x0000000080500000, 0x0000000080600000, 0x0000000080600000|100%| O|  |TAMS 0x0000000080600000, 0x0000000080600000| Untracked 
|   6|0x0000000080600000, 0x0000000080700000, 0x0000000080700000|100%| O|  |TAMS 0x0000000080700000, 0x0000000080700000| Untracked 
|   7|0x0000000080700000, 0x0000000080800000, 0x0000000080800000|100%| O|  |TAMS 0x0000000080800000, 0x0000000080800000| Untracked 
|   8|0x0000000080800000, 0x0000000080900000, 0x0000000080900000|100%| O|  |TAMS 0x0000000080900000, 0x0000000080900000| Untracked 
|   9|0x0000000080900000, 0x0000000080900000, 0x0000000080a00000|  0%| F|  |TAMS 0x0000000080900000, 0x0000000080900000| Untracked 
|  10|0x0000000080a00000, 0x0000000080aea800, 0x0000000080b00000| 91%| O|  |TAMS 0x0000000080aea800, 0x0000000080aea800| Untracked 
|  11|0x0000000080b00000, 0x0000000080c00000, 0x0000000080c00000|100%| O|  |TAMS 0x0000000080c00000, 0x0000000080c00000| Untracked 
|  12|0x0000000080c00000, 0x0000000080d00000, 0x0000000080d00000|100%| O|  |TAMS 0x0000000080d00000, 0x0000000080d00000| Untracked 
|  13|0x0000000080d00000, 0x0000000080e00000, 0x0000000080e00000|100%| O|  |TAMS 0x0000000080e00000, 0x0000000080e00000| Untracked 
|  14|0x0000000080e00000, 0x0000000080f00000, 0x0000000080f00000|100%| O|  |TAMS 0x0000000080f00000, 0x0000000080f00000| Untracked 
|  15|0x0000000080f00000, 0x0000000081000000, 0x0000000081000000|100%| O|  |TAMS 0x0000000081000000, 0x0000000081000000| Untracked 
|  16|0x0000000081000000, 0x0000000081100000, 0x0000000081100000|100%| O|  |TAMS 0x0000000081100000, 0x0000000081100000| Untracked 
|  17|0x0000000081100000, 0x0000000081200000, 0x0000000081200000|100%| O|  |TAMS 0x0000000081200000, 0x0000000081200000| Untracked 
|  18|0x0000000081200000, 0x0000000081300000, 0x0000000081300000|100%| O|  |TAMS 0x0000000081300000, 0x0000000081300000| Untracked 
|  19|0x0000000081300000, 0x0000000081400000, 0x0000000081400000|100%| O|  |TAMS 0x0000000081400000, 0x0000000081400000| Untracked 
|  20|0x0000000081400000, 0x0000000081500000, 0x0000000081500000|100%|HS|  |TAMS 0x0000000081500000, 0x0000000081500000| Complete 
|  21|0x0000000081500000, 0x0000000081600000, 0x0000000081600000|100%|HC|  |TAMS 0x0000000081600000, 0x0000000081600000| Complete 
|  22|0x0000000081600000, 0x0000000081700000, 0x0000000081700000|100%|HS|  |TAMS 0x0000000081700000, 0x0000000081700000| Complete 
|  23|0x0000000081700000, 0x0000000081800000, 0x0000000081800000|100%|HC|  |TAMS 0x0000000081800000, 0x0000000081800000| Complete 
|  24|0x0000000081800000, 0x0000000081900000, 0x0000000081900000|100%|HC|  |TAMS 0x0000000081900000, 0x0000000081900000| Complete 
|  25|0x0000000081900000, 0x0000000081a00000, 0x0000000081a00000|100%|HS|  |TAMS 0x0000000081a00000, 0x0000000081a00000| Complete 
|  26|0x0000000081a00000, 0x0000000081b00000, 0x0000000081b00000|100%|HC|  |TAMS 0x0000000081b00000, 0x0000000081b00000| Complete 
|  27|0x0000000081b00000, 0x0000000081c00000, 0x0000000081c00000|100%|HC|  |TAMS 0x0000000081c00000, 0x0000000081c00000| Complete 
|  28|0x0000000081c00000, 0x0000000081d00000, 0x0000000081d00000|100%|HS|  |TAMS 0x0000000081d00000, 0x0000000081d00000| Complete 
|  29|0x0000000081d00000, 0x0000000081e00000, 0x0000000081e00000|100%|HC|  |TAMS 0x0000000081e00000, 0x0000000081e00000| Complete 
|  30|0x0000000081e00000, 0x0000000081f00000, 0x0000000081f00000|100%|HC|  |TAMS 0x0000000081f00000, 0x0000000081f00000| Complete 
|  31|0x0000000081f00000, 0x0000000082000000, 0x0000000082000000|100%| O|  |TAMS 0x0000000082000000, 0x0000000082000000| Untracked 
|  32|0x0000000082000000, 0x0000000082100000, 0x0000000082100000|100%| O|  |TAMS 0x0000000082100000, 0x0000000082100000| Untracked 
|  33|0x0000000082100000, 0x0000000082200000, 0x0000000082200000|100%| O|  |TAMS 0x0000000082200000, 0x0000000082200000| Untracked 
|  34|0x0000000082200000, 0x0000000082300000, 0x0000000082300000|100%| O|  |TAMS 0x0000000082300000, 0x0000000082300000| Untracked 
|  35|0x0000000082300000, 0x0000000082400000, 0x0000000082400000|100%| O|  |TAMS 0x0000000082400000, 0x0000000082400000| Untracked 
|  36|0x0000000082400000, 0x0000000082500000, 0x0000000082500000|100%| O|  |TAMS 0x0000000082500000, 0x0000000082500000| Untracked 
|  37|0x0000000082500000, 0x0000000082600000, 0x0000000082600000|100%| O|  |TAMS 0x0000000082600000, 0x0000000082600000| Untracked 
|  38|0x0000000082600000, 0x0000000082700000, 0x0000000082700000|100%| O|  |TAMS 0x0000000082600000, 0x0000000082700000| Untracked 
|  39|0x0000000082700000, 0x0000000082800000, 0x0000000082800000|100%| O|  |TAMS 0x0000000082800000, 0x0000000082800000| Untracked 
|  40|0x0000000082800000, 0x0000000082900000, 0x0000000082900000|100%| O|  |TAMS 0x0000000082900000, 0x0000000082900000| Untracked 
|  41|0x0000000082900000, 0x0000000082a00000, 0x0000000082a00000|100%| O|  |TAMS 0x0000000082a00000, 0x0000000082a00000| Untracked 
|  42|0x0000000082a00000, 0x0000000082b00000, 0x0000000082b00000|100%| O|  |TAMS 0x0000000082b00000, 0x0000000082b00000| Untracked 
|  43|0x0000000082b00000, 0x0000000082c00000, 0x0000000082c00000|100%| O|  |TAMS 0x0000000082c00000, 0x0000000082c00000| Untracked 
|  44|0x0000000082c00000, 0x0000000082d00000, 0x0000000082d00000|100%| O|  |TAMS 0x0000000082d00000, 0x0000000082d00000| Untracked 
|  45|0x0000000082d00000, 0x0000000082e00000, 0x0000000082e00000|100%|HS|  |TAMS 0x0000000082e00000, 0x0000000082e00000| Complete 
|  46|0x0000000082e00000, 0x0000000082f00000, 0x0000000082f00000|100%|HC|  |TAMS 0x0000000082f00000, 0x0000000082f00000| Complete 
|  47|0x0000000082f00000, 0x0000000083000000, 0x0000000083000000|100%|HC|  |TAMS 0x0000000083000000, 0x0000000083000000| Complete 
|  48|0x0000000083000000, 0x0000000083100000, 0x0000000083100000|100%| O|  |TAMS 0x0000000083100000, 0x0000000083100000| Untracked 
|  49|0x0000000083100000, 0x0000000083200000, 0x0000000083200000|100%| O|  |TAMS 0x0000000083200000, 0x0000000083200000| Untracked 
|  50|0x0000000083200000, 0x0000000083300000, 0x0000000083300000|100%| O|  |TAMS 0x0000000083300000, 0x0000000083300000| Untracked 
|  51|0x0000000083300000, 0x0000000083400000, 0x0000000083400000|100%| O|  |TAMS 0x0000000083400000, 0x0000000083400000| Untracked 
|  52|0x0000000083400000, 0x0000000083500000, 0x0000000083500000|100%| O|  |TAMS 0x0000000083500000, 0x0000000083500000| Untracked 
|  53|0x0000000083500000, 0x0000000083600000, 0x0000000083600000|100%| O|  |TAMS 0x0000000083600000, 0x0000000083600000| Untracked 
|  54|0x0000000083600000, 0x0000000083700000, 0x0000000083700000|100%| O|  |TAMS 0x0000000083700000, 0x0000000083700000| Untracked 
|  55|0x0000000083700000, 0x0000000083800000, 0x0000000083800000|100%| O|  |TAMS 0x0000000083800000, 0x0000000083800000| Untracked 
|  56|0x0000000083800000, 0x0000000083900000, 0x0000000083900000|100%| O|  |TAMS 0x0000000083900000, 0x0000000083900000| Untracked 
|  57|0x0000000083900000, 0x0000000083a00000, 0x0000000083a00000|100%| O|  |TAMS 0x0000000083a00000, 0x0000000083a00000| Untracked 
|  58|0x0000000083a00000, 0x0000000083b00000, 0x0000000083b00000|100%| O|  |TAMS 0x0000000083b00000, 0x0000000083b00000| Untracked 
|  59|0x0000000083b00000, 0x0000000083c00000, 0x0000000083c00000|100%| O|  |TAMS 0x0000000083c00000, 0x0000000083c00000| Untracked 
|  60|0x0000000083c00000, 0x0000000083d00000, 0x0000000083d00000|100%| O|  |TAMS 0x0000000083d00000, 0x0000000083d00000| Untracked 
|  61|0x0000000083d00000, 0x0000000083e00000, 0x0000000083e00000|100%| O|  |TAMS 0x0000000083e00000, 0x0000000083e00000| Untracked 
|  62|0x0000000083e00000, 0x0000000083f00000, 0x0000000083f00000|100%| O|  |TAMS 0x0000000083f00000, 0x0000000083f00000| Untracked 
|  63|0x0000000083f00000, 0x0000000084000000, 0x0000000084000000|100%| O|  |TAMS 0x0000000084000000, 0x0000000084000000| Untracked 
|  64|0x0000000084000000, 0x0000000084100000, 0x0000000084100000|100%|HS|  |TAMS 0x0000000084100000, 0x0000000084100000| Complete 
|  65|0x0000000084100000, 0x0000000084200000, 0x0000000084200000|100%| O|  |TAMS 0x0000000084200000, 0x0000000084200000| Untracked 
|  66|0x0000000084200000, 0x0000000084300000, 0x0000000084300000|100%| O|  |TAMS 0x0000000084300000, 0x0000000084300000| Untracked 
|  67|0x0000000084300000, 0x0000000084400000, 0x0000000084400000|100%| O|  |TAMS 0x0000000084400000, 0x0000000084400000| Untracked 
|  68|0x0000000084400000, 0x0000000084500000, 0x0000000084500000|100%| O|  |TAMS 0x0000000084500000, 0x0000000084500000| Untracked 
|  69|0x0000000084500000, 0x0000000084600000, 0x0000000084600000|100%| O|  |TAMS 0x0000000084600000, 0x0000000084600000| Untracked 
|  70|0x0000000084600000, 0x0000000084700000, 0x0000000084700000|100%| O|  |TAMS 0x0000000084700000, 0x0000000084700000| Untracked 
|  71|0x0000000084700000, 0x0000000084800000, 0x0000000084800000|100%| O|  |TAMS 0x0000000084800000, 0x0000000084800000| Untracked 
|  72|0x0000000084800000, 0x0000000084900000, 0x0000000084900000|100%| O|  |TAMS 0x0000000084900000, 0x0000000084900000| Untracked 
|  73|0x0000000084900000, 0x0000000084a00000, 0x0000000084a00000|100%| O|  |TAMS 0x0000000084a00000, 0x0000000084a00000| Untracked 
|  74|0x0000000084a00000, 0x0000000084b00000, 0x0000000084b00000|100%| O|  |TAMS 0x0000000084b00000, 0x0000000084b00000| Untracked 
|  75|0x0000000084b00000, 0x0000000084c00000, 0x0000000084c00000|100%| O|  |TAMS 0x0000000084c00000, 0x0000000084c00000| Untracked 
|  76|0x0000000084c00000, 0x0000000084d00000, 0x0000000084d00000|100%| O|  |TAMS 0x0000000084d00000, 0x0000000084d00000| Untracked 
|  77|0x0000000084d00000, 0x0000000084e00000, 0x0000000084e00000|100%|HS|  |TAMS 0x0000000084e00000, 0x0000000084e00000| Complete 
|  78|0x0000000084e00000, 0x0000000084f00000, 0x0000000084f00000|100%|HC|  |TAMS 0x0000000084f00000, 0x0000000084f00000| Complete 
|  79|0x0000000084f00000, 0x0000000085000000, 0x0000000085000000|100%|HC|  |TAMS 0x0000000085000000, 0x0000000085000000| Complete 
|  80|0x0000000085000000, 0x0000000085100000, 0x0000000085100000|100%|HC|  |TAMS 0x0000000085100000, 0x0000000085100000| Complete 
|  81|0x0000000085100000, 0x0000000085200000, 0x0000000085200000|100%|HC|  |TAMS 0x0000000085200000, 0x0000000085200000| Complete 
|  82|0x0000000085200000, 0x0000000085300000, 0x0000000085300000|100%|HC|  |TAMS 0x0000000085300000, 0x0000000085300000| Complete 
|  83|0x0000000085300000, 0x0000000085400000, 0x0000000085400000|100%| O|  |TAMS 0x0000000085400000, 0x0000000085400000| Untracked 
|  84|0x0000000085400000, 0x0000000085500000, 0x0000000085500000|100%| O|  |TAMS 0x0000000085500000, 0x0000000085500000| Untracked 
|  85|0x0000000085500000, 0x0000000085600000, 0x0000000085600000|100%| O|  |TAMS 0x0000000085600000, 0x0000000085600000| Untracked 
|  86|0x0000000085600000, 0x0000000085700000, 0x0000000085700000|100%| O|  |TAMS 0x0000000085700000, 0x0000000085700000| Untracked 
|  87|0x0000000085700000, 0x0000000085800000, 0x0000000085800000|100%| O|  |TAMS 0x0000000085800000, 0x0000000085800000| Untracked 
|  88|0x0000000085800000, 0x0000000085900000, 0x0000000085900000|100%| O|  |TAMS 0x0000000085900000, 0x0000000085900000| Untracked 
|  89|0x0000000085900000, 0x0000000085a00000, 0x0000000085a00000|100%| O|  |TAMS 0x00000000859fe800, 0x0000000085a00000| Untracked 
|  90|0x0000000085a00000, 0x0000000085b00000, 0x0000000085b00000|100%| O|  |TAMS 0x0000000085a00000, 0x0000000085b00000| Untracked 
|  91|0x0000000085b00000, 0x0000000085c00000, 0x0000000085c00000|100%| O|  |TAMS 0x0000000085b00000, 0x0000000085c00000| Untracked 
|  92|0x0000000085c00000, 0x0000000085d00000, 0x0000000085d00000|100%| O|  |TAMS 0x0000000085c00000, 0x0000000085d00000| Untracked 
|  93|0x0000000085d00000, 0x0000000085d6be00, 0x0000000085e00000| 42%| O|  |TAMS 0x0000000085d00000, 0x0000000085d6be00| Untracked 
|  94|0x0000000085e00000, 0x0000000085e00000, 0x0000000085f00000|  0%| F|  |TAMS 0x0000000085e00000, 0x0000000085e00000| Untracked 
|  95|0x0000000085f00000, 0x0000000085f00000, 0x0000000086000000|  0%| F|  |TAMS 0x0000000085f00000, 0x0000000085f00000| Untracked 
|  96|0x0000000086000000, 0x0000000086000000, 0x0000000086100000|  0%| F|  |TAMS 0x0000000086000000, 0x0000000086000000| Untracked 
|  97|0x0000000086100000, 0x0000000086100000, 0x0000000086200000|  0%| F|  |TAMS 0x0000000086100000, 0x0000000086100000| Untracked 
|  98|0x0000000086200000, 0x0000000086200000, 0x0000000086300000|  0%| F|  |TAMS 0x0000000086200000, 0x0000000086200000| Untracked 
|  99|0x0000000086300000, 0x0000000086300000, 0x0000000086400000|  0%| F|  |TAMS 0x0000000086300000, 0x0000000086300000| Untracked 
| 100|0x0000000086400000, 0x0000000086400000, 0x0000000086500000|  0%| F|  |TAMS 0x0000000086400000, 0x0000000086400000| Untracked 
| 101|0x0000000086500000, 0x0000000086500000, 0x0000000086600000|  0%| F|  |TAMS 0x0000000086500000, 0x0000000086500000| Untracked 
| 102|0x0000000086600000, 0x0000000086600000, 0x0000000086700000|  0%| F|  |TAMS 0x0000000086600000, 0x0000000086600000| Untracked 
| 103|0x0000000086700000, 0x0000000086700000, 0x0000000086800000|  0%| F|  |TAMS 0x0000000086700000, 0x0000000086700000| Untracked 
| 104|0x0000000086800000, 0x0000000086800000, 0x0000000086900000|  0%| F|  |TAMS 0x0000000086800000, 0x0000000086800000| Untracked 
| 105|0x0000000086900000, 0x0000000086900000, 0x0000000086a00000|  0%| F|  |TAMS 0x0000000086900000, 0x0000000086900000| Untracked 
| 106|0x0000000086a00000, 0x0000000086a00000, 0x0000000086b00000|  0%| F|  |TAMS 0x0000000086a00000, 0x0000000086a00000| Untracked 
| 107|0x0000000086b00000, 0x0000000086b00000, 0x0000000086c00000|  0%| F|  |TAMS 0x0000000086b00000, 0x0000000086b00000| Untracked 
| 108|0x0000000086c00000, 0x0000000086c00000, 0x0000000086d00000|  0%| F|  |TAMS 0x0000000086c00000, 0x0000000086c00000| Untracked 
| 109|0x0000000086d00000, 0x0000000086d00000, 0x0000000086e00000|  0%| F|  |TAMS 0x0000000086d00000, 0x0000000086d00000| Untracked 
| 110|0x0000000086e00000, 0x0000000086e00000, 0x0000000086f00000|  0%| F|  |TAMS 0x0000000086e00000, 0x0000000086e00000| Untracked 
| 111|0x0000000086f00000, 0x0000000086f00000, 0x0000000087000000|  0%| F|  |TAMS 0x0000000086f00000, 0x0000000086f00000| Untracked 
| 112|0x0000000087000000, 0x0000000087000000, 0x0000000087100000|  0%| F|  |TAMS 0x0000000087000000, 0x0000000087000000| Untracked 
| 113|0x0000000087100000, 0x0000000087100000, 0x0000000087200000|  0%| F|  |TAMS 0x0000000087100000, 0x0000000087100000| Untracked 
| 114|0x0000000087200000, 0x0000000087200000, 0x0000000087300000|  0%| F|  |TAMS 0x0000000087200000, 0x0000000087200000| Untracked 
| 115|0x0000000087300000, 0x0000000087300000, 0x0000000087400000|  0%| F|  |TAMS 0x0000000087300000, 0x0000000087300000| Untracked 
| 116|0x0000000087400000, 0x0000000087400000, 0x0000000087500000|  0%| F|  |TAMS 0x0000000087400000, 0x0000000087400000| Untracked 
| 117|0x0000000087500000, 0x0000000087500000, 0x0000000087600000|  0%| F|  |TAMS 0x0000000087500000, 0x0000000087500000| Untracked 
| 118|0x0000000087600000, 0x0000000087600000, 0x0000000087700000|  0%| F|  |TAMS 0x0000000087600000, 0x0000000087600000| Untracked 
| 119|0x0000000087700000, 0x00000000877fdd40, 0x0000000087800000| 99%| S|CS|TAMS 0x0000000087700000, 0x0000000087700000| Complete 
| 120|0x0000000087800000, 0x0000000087900000, 0x0000000087900000|100%| S|CS|TAMS 0x0000000087800000, 0x0000000087800000| Complete 
| 121|0x0000000087900000, 0x0000000087a00000, 0x0000000087a00000|100%| S|CS|TAMS 0x0000000087900000, 0x0000000087900000| Complete 
| 122|0x0000000087a00000, 0x0000000087b00000, 0x0000000087b00000|100%| S|CS|TAMS 0x0000000087a00000, 0x0000000087a00000| Complete 
| 123|0x0000000087b00000, 0x0000000087b00000, 0x0000000087c00000|  0%| F|  |TAMS 0x0000000087b00000, 0x0000000087b00000| Untracked 
| 124|0x0000000087c00000, 0x0000000087c00000, 0x0000000087d00000|  0%| F|  |TAMS 0x0000000087c00000, 0x0000000087c00000| Untracked 
| 125|0x0000000087d00000, 0x0000000087d00000, 0x0000000087e00000|  0%| F|  |TAMS 0x0000000087d00000, 0x0000000087d00000| Untracked 
| 126|0x0000000087e00000, 0x0000000087e00000, 0x0000000087f00000|  0%| F|  |TAMS 0x0000000087e00000, 0x0000000087e00000| Untracked 
| 127|0x0000000087f00000, 0x0000000087f00000, 0x0000000088000000|  0%| F|  |TAMS 0x0000000087f00000, 0x0000000087f00000| Untracked 
| 128|0x0000000088000000, 0x0000000088000000, 0x0000000088100000|  0%| F|  |TAMS 0x0000000088000000, 0x0000000088000000| Untracked 
| 129|0x0000000088100000, 0x0000000088100000, 0x0000000088200000|  0%| F|  |TAMS 0x0000000088100000, 0x0000000088100000| Untracked 
| 130|0x0000000088200000, 0x0000000088200000, 0x0000000088300000|  0%| F|  |TAMS 0x0000000088200000, 0x0000000088200000| Untracked 
| 131|0x0000000088300000, 0x0000000088300000, 0x0000000088400000|  0%| F|  |TAMS 0x0000000088300000, 0x0000000088300000| Untracked 
| 132|0x0000000088400000, 0x0000000088400000, 0x0000000088500000|  0%| F|  |TAMS 0x0000000088400000, 0x0000000088400000| Untracked 
| 133|0x0000000088500000, 0x0000000088500000, 0x0000000088600000|  0%| F|  |TAMS 0x0000000088500000, 0x0000000088500000| Untracked 
| 134|0x0000000088600000, 0x0000000088600000, 0x0000000088700000|  0%| F|  |TAMS 0x0000000088600000, 0x0000000088600000| Untracked 
| 135|0x0000000088700000, 0x0000000088700000, 0x0000000088800000|  0%| F|  |TAMS 0x0000000088700000, 0x0000000088700000| Untracked 
| 136|0x0000000088800000, 0x0000000088800000, 0x0000000088900000|  0%| F|  |TAMS 0x0000000088800000, 0x0000000088800000| Untracked 
| 137|0x0000000088900000, 0x0000000088900000, 0x0000000088a00000|  0%| F|  |TAMS 0x0000000088900000, 0x0000000088900000| Untracked 
| 138|0x0000000088a00000, 0x0000000088a00000, 0x0000000088b00000|  0%| F|  |TAMS 0x0000000088a00000, 0x0000000088a00000| Untracked 
| 139|0x0000000088b00000, 0x0000000088b00000, 0x0000000088c00000|  0%| F|  |TAMS 0x0000000088b00000, 0x0000000088b00000| Untracked 
| 140|0x0000000088c00000, 0x0000000088c00000, 0x0000000088d00000|  0%| F|  |TAMS 0x0000000088c00000, 0x0000000088c00000| Untracked 
| 141|0x0000000088d00000, 0x0000000088d00000, 0x0000000088e00000|  0%| F|  |TAMS 0x0000000088d00000, 0x0000000088d00000| Untracked 
| 142|0x0000000088e00000, 0x0000000088e00000, 0x0000000088f00000|  0%| F|  |TAMS 0x0000000088e00000, 0x0000000088e00000| Untracked 
| 143|0x0000000088f00000, 0x0000000088f00000, 0x0000000089000000|  0%| F|  |TAMS 0x0000000088f00000, 0x0000000088f00000| Untracked 
| 144|0x0000000089000000, 0x0000000089000000, 0x0000000089100000|  0%| F|  |TAMS 0x0000000089000000, 0x0000000089000000| Untracked 
| 145|0x0000000089100000, 0x0000000089100000, 0x0000000089200000|  0%| F|  |TAMS 0x0000000089100000, 0x0000000089100000| Untracked 
| 146|0x0000000089200000, 0x0000000089200000, 0x0000000089300000|  0%| F|  |TAMS 0x0000000089200000, 0x0000000089200000| Untracked 
| 147|0x0000000089300000, 0x0000000089300000, 0x0000000089400000|  0%| F|  |TAMS 0x0000000089300000, 0x0000000089300000| Untracked 
| 148|0x0000000089400000, 0x0000000089400000, 0x0000000089500000|  0%| F|  |TAMS 0x0000000089400000, 0x0000000089400000| Untracked 
| 149|0x0000000089500000, 0x0000000089500000, 0x0000000089600000|  0%| F|  |TAMS 0x0000000089500000, 0x0000000089500000| Untracked 
| 150|0x0000000089600000, 0x0000000089600000, 0x0000000089700000|  0%| F|  |TAMS 0x0000000089600000, 0x0000000089600000| Untracked 
| 151|0x0000000089700000, 0x0000000089700000, 0x0000000089800000|  0%| F|  |TAMS 0x0000000089700000, 0x0000000089700000| Untracked 
| 152|0x0000000089800000, 0x0000000089800000, 0x0000000089900000|  0%| F|  |TAMS 0x0000000089800000, 0x0000000089800000| Untracked 
| 153|0x0000000089900000, 0x0000000089900000, 0x0000000089a00000|  0%| F|  |TAMS 0x0000000089900000, 0x0000000089900000| Untracked 
| 154|0x0000000089a00000, 0x0000000089a00000, 0x0000000089b00000|  0%| F|  |TAMS 0x0000000089a00000, 0x0000000089a00000| Untracked 
| 155|0x0000000089b00000, 0x0000000089b00000, 0x0000000089c00000|  0%| F|  |TAMS 0x0000000089b00000, 0x0000000089b00000| Untracked 
| 156|0x0000000089c00000, 0x0000000089c00000, 0x0000000089d00000|  0%| F|  |TAMS 0x0000000089c00000, 0x0000000089c00000| Untracked 
| 157|0x0000000089d00000, 0x0000000089d00000, 0x0000000089e00000|  0%| F|  |TAMS 0x0000000089d00000, 0x0000000089d00000| Untracked 
| 158|0x0000000089e00000, 0x0000000089e00000, 0x0000000089f00000|  0%| F|  |TAMS 0x0000000089e00000, 0x0000000089e00000| Untracked 
| 159|0x0000000089f00000, 0x0000000089f00000, 0x000000008a000000|  0%| F|  |TAMS 0x0000000089f00000, 0x0000000089f00000| Untracked 
| 160|0x000000008a000000, 0x000000008a000000, 0x000000008a100000|  0%| F|  |TAMS 0x000000008a000000, 0x000000008a000000| Untracked 
| 161|0x000000008a100000, 0x000000008a100000, 0x000000008a200000|  0%| F|  |TAMS 0x000000008a100000, 0x000000008a100000| Untracked 
| 162|0x000000008a200000, 0x000000008a200000, 0x000000008a300000|  0%| F|  |TAMS 0x000000008a200000, 0x000000008a200000| Untracked 
| 163|0x000000008a300000, 0x000000008a300000, 0x000000008a400000|  0%| F|  |TAMS 0x000000008a300000, 0x000000008a300000| Untracked 
| 164|0x000000008a400000, 0x000000008a400000, 0x000000008a500000|  0%| F|  |TAMS 0x000000008a400000, 0x000000008a400000| Untracked 
| 165|0x000000008a500000, 0x000000008a500000, 0x000000008a600000|  0%| F|  |TAMS 0x000000008a500000, 0x000000008a500000| Untracked 
| 166|0x000000008a600000, 0x000000008a600000, 0x000000008a700000|  0%| F|  |TAMS 0x000000008a600000, 0x000000008a600000| Untracked 
| 167|0x000000008a700000, 0x000000008a700000, 0x000000008a800000|  0%| F|  |TAMS 0x000000008a700000, 0x000000008a700000| Untracked 
| 168|0x000000008a800000, 0x000000008a800000, 0x000000008a900000|  0%| F|  |TAMS 0x000000008a800000, 0x000000008a800000| Untracked 
| 169|0x000000008a900000, 0x000000008a900000, 0x000000008aa00000|  0%| F|  |TAMS 0x000000008a900000, 0x000000008a900000| Untracked 
| 170|0x000000008aa00000, 0x000000008aa00000, 0x000000008ab00000|  0%| F|  |TAMS 0x000000008aa00000, 0x000000008aa00000| Untracked 
| 171|0x000000008ab00000, 0x000000008ab00000, 0x000000008ac00000|  0%| F|  |TAMS 0x000000008ab00000, 0x000000008ab00000| Untracked 

Card table byte_map: [0x000001d11c790000,0x000001d11cb90000] _byte_map_base: 0x000001d11c390000

Marking Bits (Prev, Next): (CMBitMap*) 0x000001d1099c7ba0, (CMBitMap*) 0x000001d1099c7be0
 Prev Bits: [0x000001d11cf90000, 0x000001d11ef90000)
 Next Bits: [0x000001d11ef90000, 0x000001d120f90000)

Polling page: 0x000001d107890000

Metaspace:

Usage:
  Non-class:     95.59 MB used.
      Class:     14.63 MB used.
       Both:    110.23 MB used.

Virtual space:
  Non-class space:      128.00 MB reserved,      96.00 MB ( 75%) committed,  2 nodes.
      Class space:        1.00 GB reserved,      15.00 MB (  1%) committed,  1 nodes.
             Both:        1.12 GB reserved,     111.00 MB ( 10%) committed. 

Chunk freelists:
   Non-Class:  15.45 MB
       Class:  1.05 MB
        Both:  16.50 MB

MaxMetaspaceSize: unlimited
CompressedClassSpaceSize: 1.00 GB
Initial GC threshold: 21.00 MB
Current GC threshold: 176.56 MB
CDS: off
MetaspaceReclaimPolicy: balanced
 - commit_granule_bytes: 65536.
 - commit_granule_words: 8192.
 - virtual_space_node_default_size: 8388608.
 - enlarge_chunks_in_place: 1.
 - new_chunks_are_fully_committed: 0.
 - uncommit_free_chunks: 1.
 - use_allocation_guard: 0.
 - handle_deallocations: 1.


Internal statistics:

num_allocs_failed_limit: 3.
num_arena_births: 838.
num_arena_deaths: 0.
num_vsnodes_births: 3.
num_vsnodes_deaths: 0.
num_space_committed: 1774.
num_space_uncommitted: 0.
num_chunks_returned_to_freelist: 3.
num_chunks_taken_from_freelist: 4609.
num_chunk_merges: 3.
num_chunk_splits: 3520.
num_chunks_enlarged: 2832.
num_inconsistent_stats: 0.

CodeHeap 'non-profiled nmethods': size=120000Kb used=4389Kb max_used=4389Kb free=115610Kb
 bounds [0x000001d114910000, 0x000001d114d60000, 0x000001d11be40000]
CodeHeap 'profiled nmethods': size=120000Kb used=16655Kb max_used=16655Kb free=103345Kb
 bounds [0x000001d10ce40000, 0x000001d10de90000, 0x000001d114370000]
CodeHeap 'non-nmethods': size=5760Kb used=2456Kb max_used=2483Kb free=3303Kb
 bounds [0x000001d114370000, 0x000001d1145f0000, 0x000001d114910000]
 total_blobs=9134 nmethods=8125 adapters=921
 compilation: enabled
              stopped_count=0, restarted_count=0
 full_count=0

Compilation events (20 events):
Event: 13.933 Thread 0x000001d128064930 8966       3       org.jetbrains.kotlin.load.java.structure.impl.classFiles.AnnotationsAndParameterCollectorMethodVisitor::<init> (100 bytes)
Event: 13.933 Thread 0x000001d128064930 nmethod 8966 0x000001d10de7ef90 code [0x000001d10de7f320, 0x000001d10de809f8]
Event: 13.933 Thread 0x000001d128064930 8960       3       org.jetbrains.kotlin.load.java.structure.impl.classFiles.BinaryJavaMethod::<init> (51 bytes)
Event: 13.934 Thread 0x000001d128064930 nmethod 8960 0x000001d10de81110 code [0x000001d10de81520, 0x000001d10de82dc8]
Event: 13.934 Thread 0x000001d128064930 8973       1       org.jetbrains.kotlin.load.java.typeEnhancement.AbstractSignatureParts$TypeAndDefaultQualifiers::getTypeParameterForArgument (5 bytes)
Event: 13.934 Thread 0x000001d128064930 nmethod 8973 0x000001d114d58210 code [0x000001d114d583a0, 0x000001d114d58478]
Event: 13.934 Thread 0x000001d128064930 8972       1       org.jetbrains.kotlin.load.java.structure.impl.classFiles.BinaryJavaClass::getLightClassOriginKind (2 bytes)
Event: 13.935 Thread 0x000001d128064930 nmethod 8972 0x000001d114d58510 code [0x000001d114d586a0, 0x000001d114d58778]
Event: 13.935 Thread 0x000001d128064930 8968       1       org.jetbrains.kotlin.load.java.JavaClassFinder$Request::component1 (5 bytes)
Event: 13.935 Thread 0x000001d128064930 nmethod 8968 0x000001d114d58810 code [0x000001d114d589a0, 0x000001d114d58a78]
Event: 13.935 Thread 0x000001d128064930 8969       1       org.jetbrains.kotlin.load.java.JavaClassFinder$Request::component2 (5 bytes)
Event: 13.935 Thread 0x000001d128064930 nmethod 8969 0x000001d114d58b10 code [0x000001d114d58ca0, 0x000001d114d58d78]
Event: 13.935 Thread 0x000001d128064930 8970       1       org.jetbrains.kotlin.load.java.JavaClassFinder$Request::component3 (5 bytes)
Event: 13.935 Thread 0x000001d128064930 nmethod 8970 0x000001d114d58e10 code [0x000001d114d58fa0, 0x000001d114d59078]
Event: 13.935 Thread 0x000001d128064930 8974       1       org.jetbrains.kotlin.load.java.lazy.types.JavaTypeAttributes::getHowThisTypeIsUsed (5 bytes)
Event: 13.935 Thread 0x000001d128064930 nmethod 8974 0x000001d114d59110 code [0x000001d114d592a0, 0x000001d114d59378]
Event: 13.935 Thread 0x000001d128064930 8950       3       org.jetbrains.kotlin.resolve.jvm.KotlinJavaPsiFacade$CliFinder::findPackage (29 bytes)
Event: 13.935 Thread 0x000001d128064930 nmethod 8950 0x000001d10de83690 code [0x000001d10de83860, 0x000001d10de83ae8]
Event: 13.935 Thread 0x000001d128064930 8975       1       org.jetbrains.kotlin.types.AbstractTypeConstructor$Supertypes::getAllSupertypes (5 bytes)
Event: 13.935 Thread 0x000001d128064930 nmethod 8975 0x000001d114d59410 code [0x000001d114d595a0, 0x000001d114d59678]

GC Heap History (20 events):
Event: 10.295 GC heap after
{Heap after GC invocations=33 (full 0):
 garbage-first heap   total 119808K, used 65787K [0x0000000080000000, 0x0000000100000000)
  region size 1024K, 4 young (4096K), 4 survivors (4096K)
 Metaspace       used 86838K, committed 87552K, reserved 1179648K
  class space    used 12033K, committed 12352K, reserved 1048576K
}
Event: 10.498 GC heap before
{Heap before GC invocations=34 (full 0):
 garbage-first heap   total 126976K, used 107771K [0x0000000080000000, 0x0000000100000000)
  region size 1024K, 38 young (38912K), 4 survivors (4096K)
 Metaspace       used 87239K, committed 88000K, reserved 1179648K
  class space    used 12057K, committed 12352K, reserved 1048576K
}
Event: 10.506 GC heap after
{Heap after GC invocations=35 (full 0):
 garbage-first heap   total 152576K, used 75767K [0x0000000080000000, 0x0000000100000000)
  region size 1024K, 5 young (5120K), 5 survivors (5120K)
 Metaspace       used 87239K, committed 88000K, reserved 1179648K
  class space    used 12057K, committed 12352K, reserved 1048576K
}
Event: 11.013 GC heap before
{Heap before GC invocations=35 (full 0):
 garbage-first heap   total 152576K, used 110583K [0x0000000080000000, 0x0000000100000000)
  region size 1024K, 40 young (40960K), 5 survivors (5120K)
 Metaspace       used 91253K, committed 91968K, reserved 1179648K
  class space    used 12541K, committed 12864K, reserved 1048576K
}
Event: 11.018 GC heap after
{Heap after GC invocations=36 (full 0):
 garbage-first heap   total 152576K, used 78039K [0x0000000080000000, 0x0000000100000000)
  region size 1024K, 5 young (5120K), 5 survivors (5120K)
 Metaspace       used 91253K, committed 91968K, reserved 1179648K
  class space    used 12541K, committed 12864K, reserved 1048576K
}
Event: 11.592 GC heap before
{Heap before GC invocations=37 (full 0):
 garbage-first heap   total 152576K, used 127191K [0x0000000080000000, 0x0000000100000000)
  region size 1024K, 46 young (47104K), 5 survivors (5120K)
 Metaspace       used 95731K, committed 96448K, reserved 1179648K
  class space    used 12970K, committed 13248K, reserved 1048576K
}
Event: 11.597 GC heap after
{Heap after GC invocations=38 (full 0):
 garbage-first heap   total 152576K, used 88682K [0x0000000080000000, 0x0000000100000000)
  region size 1024K, 5 young (5120K), 5 survivors (5120K)
 Metaspace       used 95731K, committed 96448K, reserved 1179648K
  class space    used 12970K, committed 13248K, reserved 1048576K
}
Event: 12.121 GC heap before
{Heap before GC invocations=38 (full 0):
 garbage-first heap   total 152576K, used 124522K [0x0000000080000000, 0x0000000100000000)
  region size 1024K, 40 young (40960K), 5 survivors (5120K)
 Metaspace       used 100033K, committed 100736K, reserved 1179648K
  class space    used 13449K, committed 13760K, reserved 1048576K
}
Event: 12.125 GC heap after
{Heap after GC invocations=39 (full 0):
 garbage-first heap   total 152576K, used 90334K [0x0000000080000000, 0x0000000100000000)
  region size 1024K, 2 young (2048K), 2 survivors (2048K)
 Metaspace       used 100033K, committed 100736K, reserved 1179648K
  class space    used 13449K, committed 13760K, reserved 1048576K
}
Event: 12.581 GC heap before
{Heap before GC invocations=40 (full 0):
 garbage-first heap   total 155648K, used 126174K [0x0000000080000000, 0x0000000100000000)
  region size 1024K, 37 young (37888K), 2 survivors (2048K)
 Metaspace       used 104273K, committed 104960K, reserved 1179648K
  class space    used 13960K, committed 14272K, reserved 1048576K
}
Event: 12.584 GC heap after
{Heap after GC invocations=41 (full 0):
 garbage-first heap   total 155648K, used 91695K [0x0000000080000000, 0x0000000100000000)
  region size 1024K, 3 young (3072K), 3 survivors (3072K)
 Metaspace       used 104273K, committed 104960K, reserved 1179648K
  class space    used 13960K, committed 14272K, reserved 1048576K
}
Event: 12.644 GC heap before
{Heap before GC invocations=41 (full 0):
 garbage-first heap   total 155648K, used 94767K [0x0000000080000000, 0x0000000100000000)
  region size 1024K, 7 young (7168K), 3 survivors (3072K)
 Metaspace       used 104681K, committed 105344K, reserved 1179648K
  class space    used 14029K, committed 14336K, reserved 1048576K
}
Event: 12.648 GC heap after
{Heap after GC invocations=42 (full 0):
 garbage-first heap   total 155648K, used 91637K [0x0000000080000000, 0x0000000100000000)
  region size 1024K, 1 young (1024K), 1 survivors (1024K)
 Metaspace       used 104681K, committed 105344K, reserved 1179648K
  class space    used 14029K, committed 14336K, reserved 1048576K
}
Event: 12.959 GC heap before
{Heap before GC invocations=42 (full 0):
 garbage-first heap   total 155648K, used 117237K [0x0000000080000000, 0x0000000100000000)
  region size 1024K, 27 young (27648K), 1 survivors (1024K)
 Metaspace       used 107737K, committed 108416K, reserved 1179648K
  class space    used 14425K, committed 14720K, reserved 1048576K
}
Event: 12.961 GC heap after
{Heap after GC invocations=43 (full 0):
 garbage-first heap   total 155648K, used 93155K [0x0000000080000000, 0x0000000100000000)
  region size 1024K, 3 young (3072K), 3 survivors (3072K)
 Metaspace       used 107737K, committed 108416K, reserved 1179648K
  class space    used 14425K, committed 14720K, reserved 1048576K
}
Event: 13.111 GC heap before
{Heap before GC invocations=44 (full 0):
 garbage-first heap   total 176128K, used 131043K [0x0000000080000000, 0x0000000100000000)
  region size 1024K, 39 young (39936K), 3 survivors (3072K)
 Metaspace       used 107961K, committed 108608K, reserved 1179648K
  class space    used 14426K, committed 14720K, reserved 1048576K
}
Event: 13.114 GC heap after
{Heap after GC invocations=45 (full 0):
 garbage-first heap   total 176128K, used 95117K [0x0000000080000000, 0x0000000100000000)
  region size 1024K, 4 young (4096K), 4 survivors (4096K)
 Metaspace       used 107961K, committed 108608K, reserved 1179648K
  class space    used 14426K, committed 14720K, reserved 1048576K
}
Event: 13.138 GC heap before
{Heap before GC invocations=45 (full 0):
 garbage-first heap   total 176128K, used 99213K [0x0000000080000000, 0x0000000100000000)
  region size 1024K, 8 young (8192K), 4 survivors (4096K)
 Metaspace       used 108009K, committed 108672K, reserved 1179648K
  class space    used 14430K, committed 14720K, reserved 1048576K
}
Event: 13.141 GC heap after
{Heap after GC invocations=46 (full 0):
 garbage-first heap   total 176128K, used 95396K [0x0000000080000000, 0x0000000100000000)
  region size 1024K, 1 young (1024K), 1 survivors (1024K)
 Metaspace       used 108009K, committed 108672K, reserved 1179648K
  class space    used 14430K, committed 14720K, reserved 1048576K
}
Event: 13.943 GC heap before
{Heap before GC invocations=46 (full 0):
 garbage-first heap   total 176128K, used 144548K [0x0000000080000000, 0x0000000100000000)
  region size 1024K, 49 young (50176K), 1 survivors (1024K)
 Metaspace       used 112872K, committed 113664K, reserved 1179648K
  class space    used 14985K, committed 15360K, reserved 1048576K
}

Dll operation events (3 events):
Event: 0.008 Loaded shared library C:\Program Files\Android\Android Studio\jbr\bin\java.dll
Event: 0.193 Loaded shared library C:\Program Files\Android\Android Studio\jbr\bin\zip.dll
Event: 0.443 Loaded shared library C:\Program Files\Android\Android Studio\jbr\bin\verify.dll

Deoptimization events (20 events):
Event: 13.888 Thread 0x000001d129b1b830 Uncommon trap: trap_request=0xffffffde fr.pc=0x000001d114d2fdd8 relative=0x0000000000000558
Event: 13.888 Thread 0x000001d129b1b830 Uncommon trap: reason=class_check action=maybe_recompile pc=0x000001d114d2fdd8 method=org.jetbrains.kotlin.storage.LockBasedStorageManager$LockBasedLazyValue.invoke()Ljava/lang/Object; @ 24 c2
Event: 13.888 Thread 0x000001d129b1b830 DEOPT PACKING pc=0x000001d114d2fdd8 sp=0x000000c5bb2f4150
Event: 13.888 Thread 0x000001d129b1b830 DEOPT UNPACKING pc=0x000001d1143c69a3 sp=0x000000c5bb2f40a0 mode 2
Event: 13.888 Thread 0x000001d129b1b830 Uncommon trap: trap_request=0xffffffde fr.pc=0x000001d114d2fdd8 relative=0x0000000000000558
Event: 13.888 Thread 0x000001d129b1b830 Uncommon trap: reason=class_check action=maybe_recompile pc=0x000001d114d2fdd8 method=org.jetbrains.kotlin.storage.LockBasedStorageManager$LockBasedLazyValue.invoke()Ljava/lang/Object; @ 24 c2
Event: 13.888 Thread 0x000001d129b1b830 DEOPT PACKING pc=0x000001d114d2fdd8 sp=0x000000c5bb2f4150
Event: 13.888 Thread 0x000001d129b1b830 DEOPT UNPACKING pc=0x000001d1143c69a3 sp=0x000000c5bb2f40a0 mode 2
Event: 13.888 Thread 0x000001d129b1b830 Uncommon trap: trap_request=0xffffffc6 fr.pc=0x000001d114b66fc4 relative=0x0000000000002e64
Event: 13.888 Thread 0x000001d129b1b830 Uncommon trap: reason=bimorphic_or_optimized_type_check action=maybe_recompile pc=0x000001d114b66fc4 method=java.util.AbstractCollection.addAll(Ljava/util/Collection;)Z @ 29 c2
Event: 13.888 Thread 0x000001d129b1b830 DEOPT PACKING pc=0x000001d114b66fc4 sp=0x000000c5bb2f47f0
Event: 13.888 Thread 0x000001d129b1b830 DEOPT UNPACKING pc=0x000001d1143c69a3 sp=0x000000c5bb2f47e0 mode 2
Event: 13.899 Thread 0x000001d129b1b830 Uncommon trap: trap_request=0xffffff45 fr.pc=0x000001d114d41988 relative=0x0000000000003b48
Event: 13.899 Thread 0x000001d129b1b830 Uncommon trap: reason=unstable_if action=reinterpret pc=0x000001d114d41988 method=org.jetbrains.org.objectweb.asm.ClassReader.readMethod(Lorg/jetbrains/org/objectweb/asm/ClassVisitor;Lorg/jetbrains/org/objectweb/asm/Context;I)I @ 169 c2
Event: 13.899 Thread 0x000001d129b1b830 DEOPT PACKING pc=0x000001d114d41988 sp=0x000000c5bb2f39f0
Event: 13.899 Thread 0x000001d129b1b830 DEOPT UNPACKING pc=0x000001d1143c69a3 sp=0x000000c5bb2f3a38 mode 2
Event: 13.905 Thread 0x000001d129b1b830 Uncommon trap: trap_request=0xffffffc6 fr.pc=0x000001d114b66fc4 relative=0x0000000000002e64
Event: 13.905 Thread 0x000001d129b1b830 Uncommon trap: reason=bimorphic_or_optimized_type_check action=maybe_recompile pc=0x000001d114b66fc4 method=java.util.AbstractCollection.addAll(Ljava/util/Collection;)Z @ 29 c2
Event: 13.905 Thread 0x000001d129b1b830 DEOPT PACKING pc=0x000001d114b66fc4 sp=0x000000c5bb2f4770
Event: 13.905 Thread 0x000001d129b1b830 DEOPT UNPACKING pc=0x000001d1143c69a3 sp=0x000000c5bb2f4760 mode 2

Classes unloaded (0 events):
No events

Classes redefined (0 events):
No events

Internal exceptions (20 events):
Event: 9.212 Thread 0x000001d129b1b830 Implicit null exception at 0x000001d11496daf2 to 0x000001d11496e0a0
Event: 9.406 Thread 0x000001d129b1b830 Exception <a 'sun/nio/fs/WindowsException'{0x000000008758a998}> (0x000000008758a998) 
thrown [s\src\hotspot\share\prims\jni.cpp, line 517]
Event: 9.406 Thread 0x000001d129b1b830 Exception <a 'sun/nio/fs/WindowsException'{0x000000008758c9f8}> (0x000000008758c9f8) 
thrown [s\src\hotspot\share\prims\jni.cpp, line 517]
Event: 9.527 Thread 0x000001d129b1b830 Exception <a 'java/lang/NoSuchMethodError'{0x0000000086dde418}: 'long java.lang.invoke.DirectMethodHandle$Holder.invokeStatic(java.lang.Object)'> (0x0000000086dde418) 
thrown [s\src\hotspot\share\interpreter\linkResolver.cpp, line 771]
Event: 9.527 Thread 0x000001d129b1b830 Exception <a 'java/lang/NoSuchMethodError'{0x0000000086de3260}: 'long java.lang.invoke.DirectMethodHandle$Holder.invokeStaticInit(java.lang.Object)'> (0x0000000086de3260) 
thrown [s\src\hotspot\share\interpreter\linkResolver.cpp, line 771]
Event: 9.596 Thread 0x000001d129b1b830 Exception <a 'java/lang/NoSuchMethodError'{0x0000000086742700}: 'long java.lang.invoke.Invokers$Holder.invoke_MT(java.lang.Object, java.lang.Object, java.lang.Object, java.lang.Object)'> (0x0000000086742700) 
thrown [s\src\hotspot\share\interpreter\linkResolver.cpp, line 771]
Event: 9.597 Thread 0x000001d129b1b830 Exception <a 'java/lang/NoSuchMethodError'{0x000000008674bd50}: 'int java.lang.invoke.Invokers$Holder.invoke_MT(java.lang.Object, java.lang.Object, java.lang.Object, java.lang.Object)'> (0x000000008674bd50) 
thrown [s\src\hotspot\share\interpreter\linkResolver.cpp, line 771]
Event: 9.597 Thread 0x000001d129b1b830 Exception <a 'java/lang/NoSuchMethodError'{0x000000008675c728}: 'void java.lang.invoke.DelegatingMethodHandle$Holder.reinvoke_L(java.lang.Object, java.lang.Object, java.lang.Object, long, java.lang.Object)'> (0x000000008675c728) 
thrown [s\src\hotspot\share\interpreter\linkResolver.cpp, line 771]
Event: 9.598 Thread 0x000001d129b1b830 Exception <a 'java/lang/NoSuchMethodError'{0x00000000867651d0}: 'java.lang.Object java.lang.invoke.DirectMethodHandle$Holder.invokeSpecial(java.lang.Object, java.lang.Object, java.lang.Object, java.lang.Object, long)'> (0x00000000867651d0) 
thrown [s\src\hotspot\share\interpreter\linkResolver.cpp, line 771]
Event: 9.599 Thread 0x000001d129b1b830 Exception <a 'java/lang/NoSuchMethodError'{0x0000000086775b70}: 'int java.lang.invoke.DelegatingMethodHandle$Holder.reinvoke_L(java.lang.Object, java.lang.Object, java.lang.Object, long, java.lang.Object, java.lang.Object)'> (0x0000000086775b70) 
thrown [s\src\hotspot\share\interpreter\linkResolver.cpp, line 771]
Event: 9.599 Thread 0x000001d129b1b830 Exception <a 'java/lang/NoSuchMethodError'{0x0000000086785e58}: 'int java.lang.invoke.DelegatingMethodHandle$Holder.reinvoke_L(java.lang.Object, java.lang.Object, java.lang.Object, long, int, int)'> (0x0000000086785e58) 
thrown [s\src\hotspot\share\interpreter\linkResolver.cpp, line 771]
Event: 9.600 Thread 0x000001d129b1b830 Exception <a 'java/lang/NoSuchMethodError'{0x0000000086796158}: 'int java.lang.invoke.DelegatingMethodHandle$Holder.reinvoke_L(java.lang.Object, java.lang.Object, java.lang.Object, long, long, long)'> (0x0000000086796158) 
thrown [s\src\hotspot\share\interpreter\linkResolver.cpp, line 771]
Event: 9.602 Thread 0x000001d129b1b830 Exception <a 'java/lang/NoSuchMethodError'{0x00000000867a5ec8}: 'int java.lang.invoke.DelegatingMethodHandle$Holder.reinvoke_L(java.lang.Object, java.lang.Object, java.lang.Object, long, int)'> (0x00000000867a5ec8) 
thrown [s\src\hotspot\share\interpreter\linkResolver.cpp, line 771]
Event: 10.232 Thread 0x000001d129b1b830 Exception <a 'java/lang/NoSuchMethodError'{0x00000000860e3370}: 'java.lang.Object java.lang.invoke.Invokers$Holder.invokeExact_MT(java.lang.Object, java.lang.Object, long, java.lang.Object)'> (0x00000000860e3370) 
thrown [s\src\hotspot\share\interpreter\linkResolver.cpp, line 771]
Event: 10.269 Thread 0x000001d129b1b830 Exception <a 'java/lang/NoSuchMethodError'{0x0000000085d69b90}: 'java.lang.Object java.lang.invoke.Invokers$Holder.invoke_MT(java.lang.Object, java.lang.Object, java.lang.Object)'> (0x0000000085d69b90) 
thrown [s\src\hotspot\share\interpreter\linkResolver.cpp, line 771]
Event: 10.461 Thread 0x000001d129b1b830 Implicit null exception at 0x000001d114c468f4 to 0x000001d114c487b8
Event: 12.409 Thread 0x000001d129b1b830 Exception <a 'java/lang/NoSuchMethodError'{0x00000000882b2b90}: 'int java.lang.invoke.DirectMethodHandle$Holder.invokeSpecial(java.lang.Object, java.lang.Object, int, int)'> (0x00000000882b2b90) 
thrown [s\src\hotspot\share\interpreter\linkResolver.cpp, line 771]
Event: 12.804 Thread 0x000001d129b1b830 Exception <a 'java/lang/NoSuchMethodError'{0x0000000088a6ac90}: 'java.lang.Object java.lang.invoke.DirectMethodHandle$Holder.invokeStatic(java.lang.Object, java.lang.Object, java.lang.Object, java.lang.Object, int)'> (0x0000000088a6ac90) 
thrown [s\src\hotspot\share\interpreter\linkResolver.cpp, line 771]
Event: 13.561 Thread 0x000001d129b1b830 Implicit null exception at 0x000001d114d2c63d to 0x000001d114d2cd5c
Event: 13.561 Thread 0x000001d129b1b830 Implicit null exception at 0x000001d114ce0d8f to 0x000001d114ce0dc0

VM Operations (20 events):
Event: 12.317 Executing VM operation: HandshakeAllThreads done
Event: 12.580 Executing VM operation: G1CollectForAllocation
Event: 12.584 Executing VM operation: G1CollectForAllocation done
Event: 12.644 Executing VM operation: G1CollectForAllocation
Event: 12.648 Executing VM operation: G1CollectForAllocation done
Event: 12.959 Executing VM operation: G1TryInitiateConcMark
Event: 12.962 Executing VM operation: G1TryInitiateConcMark done
Event: 12.996 Executing VM operation: G1PauseRemark
Event: 13.000 Executing VM operation: G1PauseRemark done
Event: 13.018 Executing VM operation: G1PauseCleanup
Event: 13.018 Executing VM operation: G1PauseCleanup done
Event: 13.111 Executing VM operation: G1CollectForAllocation
Event: 13.114 Executing VM operation: G1CollectForAllocation done
Event: 13.138 Executing VM operation: G1CollectForAllocation
Event: 13.141 Executing VM operation: G1CollectForAllocation done
Event: 13.554 Executing VM operation: ICBufferFull
Event: 13.554 Executing VM operation: ICBufferFull done
Event: 13.786 Executing VM operation: HandshakeAllThreads
Event: 13.786 Executing VM operation: HandshakeAllThreads done
Event: 13.943 Executing VM operation: G1CollectForAllocation

Events (20 events):
Event: 11.929 Thread 0x000001d12806da10 flushing nmethod 0x000001d10d0b1210
Event: 11.932 Thread 0x000001d12806da10 flushing nmethod 0x000001d10d74f390
Event: 12.185 loading class java/text/StringCharacterIterator
Event: 12.185 loading class java/text/CharacterIterator
Event: 12.185 loading class java/text/CharacterIterator done
Event: 12.185 loading class java/text/StringCharacterIterator done
Event: 12.221 loading class java/io/NotSerializableException
Event: 12.222 loading class java/io/NotSerializableException done
Event: 12.316 loading class java/util/AbstractList$ListItr
Event: 12.316 loading class java/util/AbstractList$ListItr done
Event: 12.409 loading class java/util/function/IntUnaryOperator
Event: 12.409 loading class java/util/function/IntUnaryOperator done
Event: 12.523 loading class java/util/AbstractList$RandomAccessSubList
Event: 12.523 loading class java/util/AbstractList$SubList
Event: 12.524 loading class java/util/AbstractList$SubList done
Event: 12.524 loading class java/util/AbstractList$RandomAccessSubList done
Event: 12.543 Thread 0x000001d129c45880 Thread exited: 0x000001d129c45880
Event: 12.780 loading class java/util/AbstractList$SubList$1
Event: 12.780 loading class java/util/AbstractList$SubList$1 done
Event: 12.929 Thread 0x000001d1293b9e50 Thread added: 0x000001d1293b9e50


Dynamic libraries:
0x00007ff68f500000 - 0x00007ff68f50a000 	C:\Program Files\Android\Android Studio\jbr\bin\java.exe
0x00007ffddf3d0000 - 0x00007ffddf5e7000 	C:\Windows\SYSTEM32\ntdll.dll
0x00007ffddd640000 - 0x00007ffddd704000 	C:\Windows\System32\KERNEL32.DLL
0x00007ffddc770000 - 0x00007ffddcb1d000 	C:\Windows\System32\KERNELBASE.dll
0x00007ffddcfe0000 - 0x00007ffddd0f1000 	C:\Windows\System32\ucrtbase.dll
0x00007ffdb1950000 - 0x00007ffdb1967000 	C:\Program Files\Android\Android Studio\jbr\bin\jli.dll
0x00007ffddf0c0000 - 0x00007ffddf26e000 	C:\Windows\System32\USER32.dll
0x00007ffdd4ca0000 - 0x00007ffdd4cbb000 	C:\Program Files\Android\Android Studio\jbr\bin\VCRUNTIME140.dll
0x00007ffddba50000 - 0x00007ffddbce3000 	C:\Windows\WinSxS\amd64_microsoft.windows.common-controls_6595b64144ccf1df_6.0.22621.3672_none_2713b9d173822955\COMCTL32.dll
0x00007ffddcc70000 - 0x00007ffddcc96000 	C:\Windows\System32\win32u.dll
0x00007ffddd590000 - 0x00007ffddd637000 	C:\Windows\System32\msvcrt.dll
0x00007ffdde430000 - 0x00007ffdde459000 	C:\Windows\System32\GDI32.dll
0x00007ffddcb20000 - 0x00007ffddcc39000 	C:\Windows\System32\gdi32full.dll
0x00007ffddcf40000 - 0x00007ffddcfda000 	C:\Windows\System32\msvcp_win.dll
0x00007ffddd550000 - 0x00007ffddd581000 	C:\Windows\System32\IMM32.DLL
0x00007ffdd8a10000 - 0x00007ffdd8a1c000 	C:\Program Files\Android\Android Studio\jbr\bin\vcruntime140_1.dll
0x00007ffd9a270000 - 0x00007ffd9a2fd000 	C:\Program Files\Android\Android Studio\jbr\bin\msvcp140.dll
0x00007ffd4f010000 - 0x00007ffd4fc93000 	C:\Program Files\Android\Android Studio\jbr\bin\server\jvm.dll
0x00007ffddf270000 - 0x00007ffddf322000 	C:\Windows\System32\ADVAPI32.dll
0x00007ffdddf30000 - 0x00007ffdddfd9000 	C:\Windows\System32\sechost.dll
0x00007ffddcc40000 - 0x00007ffddcc68000 	C:\Windows\System32\bcrypt.dll
0x00007ffddd730000 - 0x00007ffddd844000 	C:\Windows\System32\RPCRT4.dll
0x00007ffdb9d20000 - 0x00007ffdb9d29000 	C:\Windows\SYSTEM32\WSOCK32.dll
0x00007ffddc000000 - 0x00007ffddc04d000 	C:\Windows\SYSTEM32\POWRPROF.dll
0x00007ffdde470000 - 0x00007ffdde4e1000 	C:\Windows\System32\WS2_32.dll
0x00007ffdd89c0000 - 0x00007ffdd89f4000 	C:\Windows\SYSTEM32\WINMM.dll
0x00007ffddb000000 - 0x00007ffddb00a000 	C:\Windows\SYSTEM32\VERSION.dll
0x00007ffddbed0000 - 0x00007ffddbee3000 	C:\Windows\SYSTEM32\UMPDC.dll
0x00007ffdda780000 - 0x00007ffdda798000 	C:\Windows\SYSTEM32\kernel.appcore.dll
0x00007ffdd3b10000 - 0x00007ffdd3b1a000 	C:\Program Files\Android\Android Studio\jbr\bin\jimage.dll
0x00007ffddc050000 - 0x00007ffddc282000 	C:\Windows\SYSTEM32\DBGHELP.DLL
0x00007ffddd1c0000 - 0x00007ffddd54e000 	C:\Windows\System32\combase.dll
0x00007ffdddfe0000 - 0x00007ffdde0b7000 	C:\Windows\System32\OLEAUT32.dll
0x00007ffddbef0000 - 0x00007ffddbf22000 	C:\Windows\SYSTEM32\dbgcore.DLL
0x00007ffddc6f0000 - 0x00007ffddc76b000 	C:\Windows\System32\bcryptPrimitives.dll
0x00007ffdca760000 - 0x00007ffdca76e000 	C:\Program Files\Android\Android Studio\jbr\bin\instrument.dll
0x00007ffdc4730000 - 0x00007ffdc4755000 	C:\Program Files\Android\Android Studio\jbr\bin\java.dll
0x00007ffdc4690000 - 0x00007ffdc46a8000 	C:\Program Files\Android\Android Studio\jbr\bin\zip.dll
0x00007ffdde750000 - 0x00007ffddefb7000 	C:\Windows\System32\SHELL32.dll
0x00007ffdd96f0000 - 0x00007ffdd9fef000 	C:\Windows\SYSTEM32\windows.storage.dll
0x00007ffdd95b0000 - 0x00007ffdd96ef000 	C:\Windows\SYSTEM32\wintypes.dll
0x00007ffddefc0000 - 0x00007ffddf0b9000 	C:\Windows\System32\SHCORE.dll
0x00007ffddded0000 - 0x00007ffdddf2e000 	C:\Windows\System32\shlwapi.dll
0x00007ffddc620000 - 0x00007ffddc647000 	C:\Windows\SYSTEM32\profapi.dll
0x00007ffdc4670000 - 0x00007ffdc4689000 	C:\Program Files\Android\Android Studio\jbr\bin\net.dll
0x00007ffdd6890000 - 0x00007ffdd69c6000 	C:\Windows\SYSTEM32\WINHTTP.dll
0x00007ffddab90000 - 0x00007ffddabf9000 	C:\Windows\system32\mswsock.dll
0x00007ffdb5290000 - 0x00007ffdb52a6000 	C:\Program Files\Android\Android Studio\jbr\bin\nio.dll
0x00007ffdcae40000 - 0x00007ffdcae50000 	C:\Program Files\Android\Android Studio\jbr\bin\verify.dll
0x00007ffdd7370000 - 0x00007ffdd7397000 	C:\Users\alexeycode\.gradle\native\c067742578af261105cb4f569cf0c3c89f3d7b1fecec35dd04571415982c5e48\windows-amd64\native-platform.dll
0x00007ffd92f80000 - 0x00007ffd930c4000 	C:\Users\alexeycode\.gradle\native\38dada09dfb8b06ba9b0570ebf7e218e3eb74d4ef43ca46872605cf95ebc2f47\windows-amd64\native-platform-file-events.dll
0x00007ffdd0630000 - 0x00007ffdd0639000 	C:\Program Files\Android\Android Studio\jbr\bin\management.dll
0x00007ffdcf8c0000 - 0x00007ffdcf8cb000 	C:\Program Files\Android\Android Studio\jbr\bin\management_ext.dll
0x00007ffdde460000 - 0x00007ffdde468000 	C:\Windows\System32\PSAPI.DLL
0x00007ffddc390000 - 0x00007ffddc3ab000 	C:\Windows\SYSTEM32\CRYPTSP.dll
0x00007ffdda890000 - 0x00007ffdda8c5000 	C:\Windows\system32\rsaenh.dll
0x00007ffddac30000 - 0x00007ffddac58000 	C:\Windows\SYSTEM32\USERENV.dll
0x00007ffddaec0000 - 0x00007ffddaecc000 	C:\Windows\SYSTEM32\CRYPTBASE.dll
0x00007ffdda290000 - 0x00007ffdda2bd000 	C:\Windows\SYSTEM32\IPHLPAPI.DLL
0x00007ffddd9d0000 - 0x00007ffddd9d9000 	C:\Windows\System32\NSI.dll
0x00007ffdd66e0000 - 0x00007ffdd66f9000 	C:\Windows\SYSTEM32\dhcpcsvc6.DLL
0x00007ffdd6580000 - 0x00007ffdd659f000 	C:\Windows\SYSTEM32\dhcpcsvc.DLL
0x00007ffdda2c0000 - 0x00007ffdda3b8000 	C:\Windows\SYSTEM32\DNSAPI.dll
0x00007ffdcacc0000 - 0x00007ffdcacc8000 	C:\Windows\system32\wshunix.dll

dbghelp: loaded successfully - version: 4.0.5 - missing functions: none
symbol engine: initialized successfully - sym options: 0x614 - pdb path: .;C:\Program Files\Android\Android Studio\jbr\bin;C:\Windows\SYSTEM32;C:\Windows\WinSxS\amd64_microsoft.windows.common-controls_6595b64144ccf1df_6.0.22621.3672_none_2713b9d173822955;C:\Program Files\Android\Android Studio\jbr\bin\server;C:\Users\alexeycode\.gradle\native\c067742578af261105cb4f569cf0c3c89f3d7b1fecec35dd04571415982c5e48\windows-amd64;C:\Users\alexeycode\.gradle\native\38dada09dfb8b06ba9b0570ebf7e218e3eb74d4ef43ca46872605cf95ebc2f47\windows-amd64

VM Arguments:
jvm_args: --add-opens=java.base/java.util=ALL-UNNAMED --add-opens=java.base/java.lang=ALL-UNNAMED --add-opens=java.base/java.lang.invoke=ALL-UNNAMED --add-opens=java.prefs/java.util.prefs=ALL-UNNAMED --add-opens=java.base/java.nio.charset=ALL-UNNAMED --add-opens=java.base/java.net=ALL-UNNAMED --add-opens=java.base/java.util.concurrent.atomic=ALL-UNNAMED -Xmx2048m -Dfile.encoding=UTF-8 -Duser.country=RU -Duser.language=ru -Duser.variant -javaagent:C:\Users\alexeycode\.gradle\wrapper\dists\gradle-8.4-bin\1w5dpkrfk8irigvoxmyhowfim\gradle-8.4\lib\agents\gradle-instrumentation-agent-8.4.jar 
java_command: org.gradle.launcher.daemon.bootstrap.GradleDaemon 8.4
java_class_path (initial): C:\Users\alexeycode\.gradle\wrapper\dists\gradle-8.4-bin\1w5dpkrfk8irigvoxmyhowfim\gradle-8.4\lib\gradle-launcher-8.4.jar
Launcher Type: SUN_STANDARD

[Global flags]
     intx CICompilerCount                          = 4                                         {product} {ergonomic}
     uint ConcGCThreads                            = 3                                         {product} {ergonomic}
     uint G1ConcRefinementThreads                  = 10                                        {product} {ergonomic}
   size_t G1HeapRegionSize                         = 1048576                                   {product} {ergonomic}
    uintx GCDrainStackTargetSize                   = 64                                        {product} {ergonomic}
   size_t InitialHeapSize                          = 123731968                                 {product} {ergonomic}
   size_t MarkStackSize                            = 4194304                                   {product} {ergonomic}
   size_t MaxHeapSize                              = 2147483648                                {product} {command line}
   size_t MaxNewSize                               = 1287651328                                {product} {ergonomic}
   size_t MinHeapDeltaBytes                        = 1048576                                   {product} {ergonomic}
   size_t MinHeapSize                              = 8388608                                   {product} {ergonomic}
    uintx NonNMethodCodeHeapSize                   = 5839372                                {pd product} {ergonomic}
    uintx NonProfiledCodeHeapSize                  = 122909434                              {pd product} {ergonomic}
    uintx ProfiledCodeHeapSize                     = 122909434                              {pd product} {ergonomic}
    uintx ReservedCodeCacheSize                    = 251658240                              {pd product} {ergonomic}
     bool SegmentedCodeCache                       = true                                      {product} {ergonomic}
   size_t SoftMaxHeapSize                          = 2147483648                             {manageable} {ergonomic}
     bool UseCompressedClassPointers               = true                           {product lp64_product} {ergonomic}
     bool UseCompressedOops                        = true                           {product lp64_product} {ergonomic}
     bool UseG1GC                                  = true                                      {product} {ergonomic}
     bool UseLargePagesIndividualAllocation        = false                                  {pd product} {ergonomic}

Logging:
Log output configuration:
 #0: stdout all=warning uptime,level,tags
 #1: stderr all=off uptime,level,tags

Environment Variables:
PATH=C:\Program Files\Common Files\Oracle\Java\javapath;C:\Program Files\Microsoft\jdk-11.0.16.101-hotspot\bin;C:\Windows\system32;C:\Windows;C:\Windows\System32\Wbem;C:\Windows\System32\WindowsPowerShell\v1.0\;C:\Windows\System32\OpenSSH\;C:\Program Files (x86)\Windows Kits\10\Windows Performance Toolkit\;C:\Program Files\Git\cmd;C:\Program Files\Docker\Docker\resources\bin;C:\Program Files\LLVM\bin;C:\Program Files\CMake\bin;C:\Program Files (x86)\Android\android-sdk\platform-tools;C:\Program Files\ninja-win;C:\make-4.4\make-4.4;C:\Program Files\Cloudflare\Cloudflare WARP\;C:\Users\alexeycode\AppData\Local\Microsoft\WindowsApps;C:\Users\alexeycode\AppData\Local\GitHubDesktop\bin;C:\Users\alexeycode\AppData\Local\Programs\Microsoft VS Code\bin;C:\Users\alexeycode\AppData\Local\JetBrains\Toolbox\scripts;
USERNAME=alexeycode
OS=Windows_NT
PROCESSOR_IDENTIFIER=AMD64 Family 23 Model 104 Stepping 1, AuthenticAMD
TMP=C:\Users\ALEXEY~1\AppData\Local\Temp
TEMP=C:\Users\ALEXEY~1\AppData\Local\Temp



Periodic native trim disabled

JNI global refs:
JNI global refs: 28, weak refs: 11

JNI global refs memory usage: 843, weak refs: 841

OOME stack traces (most recent first):
Classloader memory used:
Loader org.gradle.internal.classloader.VisitableURLClassLoader                         : 9326K
Loader bootstrap                                                                       : 2542K
Loader jdk.internal.loader.ClassLoaders$AppClassLoader                                 : 989K
Loader org.gradle.initialization.MixInLegacyTypesClassLoader                           : 900K
Loader org.gradle.internal.classloader.VisitableURLClassLoader$InstrumentingVisitableURLClassLoader: 99807B
Loader jdk.internal.loader.ClassLoaders$PlatformClassLoader                            : 91432B
Loader org.gradle.internal.classloader.VisitableURLClassLoader                         : 82568B
Loader jdk.internal.jrtfs.JrtFileSystemProvider$JrtFsLoader                            : 40244B
Loader jdk.internal.reflect.DelegatingClassLoader                                      : 27621B
Loader org.gradle.groovy.scripts.internal.DefaultScriptCompilationHandler$ScriptClassLoader: 10919B
Loader org.codehaus.groovy.runtime.callsite.CallSiteClassLoader                        : 6138B

Classes loaded by more than one classloader:
Class org.gradle.internal.Cast                                                        : loaded 3 times (x 69B)
Class org.gradle.api.GradleException                                                  : loaded 3 times (x 80B)
Class org.jetbrains.plugins.gradle.model.MavenRepositoryModel                         : loaded 2 times (x 68B)
Class org.gradle.internal.classpath.ClassPath                                         : loaded 2 times (x 68B)
Class org.gradle.api.internal.classpath.DefaultModuleRegistry                         : loaded 2 times (x 84B)
Class org.gradle.internal.exceptions.NonGradleCauseExceptionsHolder                   : loaded 2 times (x 68B)
Class Settings_gradle$1$1                                                             : loaded 2 times (x 72B)
Class com.intellij.openapi.externalSystem.model.ExternalSystemException               : loaded 2 times (x 84B)
Class jdk.internal.jimage.BasicImageReader$1                                          : loaded 2 times (x 75B)
Class org.gradle.api.Action                                                           : loaded 2 times (x 68B)
Class org.jetbrains.kotlin.idea.gradleTooling.model.samWithReceiver.SamWithReceiverModel: loaded 2 times (x 68B)
Class org.jetbrains.plugins.gradle.model.ExternalProject                              : loaded 2 times (x 68B)
Class org.jetbrains.plugins.gradle.model.IntelliJSettings                             : loaded 2 times (x 68B)
Class jdk.internal.jimage.ImageBufferCache$1                                          : loaded 2 times (x 78B)
Class jdk.internal.jimage.ImageBufferCache$2                                          : loaded 2 times (x 89B)
Class org.jetbrains.kotlin.idea.gradleTooling.KotlinMPPGradleModel                    : loaded 2 times (x 68B)
Class org.gradle.api.internal.DefaultClassPathProvider                                : loaded 2 times (x 74B)
Class org.gradle.internal.installation.GradleInstallation$1                           : loaded 2 times (x 73B)
Class jdk.internal.jrtfs.SystemImage$1                                                : loaded 2 times (x 76B)
Class jdk.internal.jrtfs.SystemImage$2                                                : loaded 2 times (x 74B)
Class org.gradle.internal.exceptions.DefaultMultiCauseException                       : loaded 2 times (x 89B)
Class org.gradle.tooling.model.UnsupportedMethodException                             : loaded 2 times (x 80B)
Class org.gradle.util.GradleVersion                                                   : loaded 2 times (x 81B)
Class org.gradle.internal.classloader.FilteringClassLoader                            : loaded 2 times (x 103B)
Class jdk.internal.jimage.ImageReader$Resource                                        : loaded 2 times (x 82B)
Class jdk.internal.jrtfs.SystemImage                                                  : loaded 2 times (x 72B)
Class org.gradle.tooling.model.Model                                                  : loaded 2 times (x 68B)
Class org.gradle.internal.classpath.DefaultClassPath$ImmutableUniqueList$Builder      : loaded 2 times (x 73B)
Class org.jetbrains.kotlin.idea.gradleTooling.KotlinSourceSetContainer                : loaded 2 times (x 68B)
Class jdk.internal.jrtfs.JrtDirectoryStream$1                                         : loaded 2 times (x 81B)
Class org.gradle.internal.classloader.ClassLoaderVisitor                              : loaded 2 times (x 74B)
Class org.gradle.internal.time.DefaultCountdownTimer                                  : loaded 2 times (x 86B)
Class org.gradle.internal.service.DefaultServiceLocator                               : loaded 2 times (x 81B)
Class org.gradle.internal.service.UnknownServiceException                             : loaded 2 times (x 81B)
Class org.jetbrains.plugins.gradle.model.DependencyAccessorsModel                     : loaded 2 times (x 68B)
Class org.gradle.internal.classloader.DefaultClassLoaderFactory                       : loaded 2 times (x 80B)
Class jdk.internal.jimage.ImageReader$SharedImageReader                               : loaded 2 times (x 93B)
Class org.jetbrains.plugins.gradle.model.GradleExtensions                             : loaded 2 times (x 68B)
Class jdk.internal.jimage.decompressor.ZipDecompressorFactory                         : loaded 2 times (x 72B)
Class sync_studio_tooling6834_wrt1cu5mdm44zzmqiqod38nn                                : loaded 2 times (x 177B)
Class org.jetbrains.plugins.gradle.model.VersionCatalogsModel                         : loaded 2 times (x 68B)
Class org.gradle.internal.classloader.VisitableURLClassLoader$Spec                    : loaded 2 times (x 72B)
Class org.gradle.tooling.model.ProjectModel                                           : loaded 2 times (x 68B)
Class org.gradle.internal.time.MonotonicClock                                         : loaded 2 times (x 75B)
Class org.gradle.tooling.internal.gradle.DefaultProjectIdentifier                     : loaded 2 times (x 84B)
Class org.gradle.api.internal.classpath.ModuleRegistry                                : loaded 2 times (x 68B)
Class org.jetbrains.plugins.gradle.model.RepositoriesModel                            : loaded 2 times (x 68B)
Class kotlin.jvm.internal.markers.KMappedMarker                                       : loaded 2 times (x 68B)
Class org.gradle.api.internal.ClassPathProvider                                       : loaded 2 times (x 68B)
Class org.gradle.internal.classloader.ClasspathUtil$1                                 : loaded 2 times (x 74B)
Class org.gradle.internal.classloader.ClassLoaderFactory                              : loaded 2 times (x 68B)
Class jdk.internal.jimage.ImageHeader                                                 : loaded 2 times (x 69B)
Class org.gradle.api.internal.classpath.ManifestUtil                                  : loaded 2 times (x 69B)
Class org.gradle.api.specs.Spec                                                       : loaded 2 times (x 68B)
Class org.gradle.tooling.internal.gradle.GradleBuildIdentity                          : loaded 2 times (x 68B)
Class org.gradle.internal.IoActions                                                   : loaded 2 times (x 69B)
Class jdk.internal.jimage.decompressor.StringSharingDecompressorFactory               : loaded 2 times (x 72B)
Class org.gradle.api.internal.classpath.EffectiveClassPath                            : loaded 2 times (x 88B)
Class kotlin.jvm.internal.DefaultConstructorMarker                                    : loaded 2 times (x 69B)
Class jdk.internal.jimage.ImageReader$LinkNode                                        : loaded 2 times (x 82B)
Class org.jetbrains.kotlin.idea.gradleTooling.model.annotation.AnnotationBasedPluginModel: loaded 2 times (x 68B)
Class org.jetbrains.kotlin.idea.gradleTooling.model.assignment.AssignmentModel        : loaded 2 times (x 68B)
Class org.gradle.internal.installation.CurrentGradleInstallation                      : loaded 2 times (x 71B)
Class org.gradle.internal.agents.InstrumentingClassLoader                             : loaded 2 times (x 68B)
Class org.gradle.internal.installation.CurrentGradleInstallationLocator               : loaded 2 times (x 69B)
Class org.gradle.api.internal.classpath.Module                                        : loaded 2 times (x 68B)
Class ijInit4_dsgjcs3i55w9wtnsnl518t41l                                               : loaded 2 times (x 177B)
Class org.gradle.internal.service.CachingServiceLocator                               : loaded 2 times (x 80B)
Class org.gradle.internal.time.Timer                                                  : loaded 2 times (x 68B)
Class org.jetbrains.plugins.gradle.model.tests.ExternalTestsModel                     : loaded 2 times (x 68B)
Class org.jetbrains.kotlin.idea.gradleTooling.KotlinDslScriptAdditionalTask           : loaded 2 times (x 68B)
Class org.gradle.internal.classpath.DefaultClassPath                                  : loaded 2 times (x 88B)
Class jdk.internal.jimage.BasicImageReader                                            : loaded 2 times (x 93B)
Class com.intellij.openapi.externalSystem.model.project.dependencies.ProjectDependencies: loaded 2 times (x 68B)
Class org.jetbrains.kotlin.idea.gradleTooling.PrepareKotlinIdeImportTaskModel         : loaded 2 times (x 68B)
Class jdk.internal.jimage.ImageLocation                                               : loaded 2 times (x 88B)
Class org.gradle.internal.impldep.com.google.common.base.Preconditions                : loaded 2 times (x 69B)
Class kotlin.jvm.functions.Function1                                                  : loaded 2 times (x 68B)
Class jdk.internal.jimage.ImageReader$Node                                            : loaded 2 times (x 82B)
Class org.gradle.internal.time.Time                                                   : loaded 2 times (x 69B)
Class jdk.internal.jimage.decompressor.CompressedResourceHeader                       : loaded 2 times (x 69B)
Class org.gradle.internal.time.TimeSource$1                                           : loaded 2 times (x 75B)
Class jdk.internal.jrtfs.JrtPath                                                      : loaded 2 times (x 116B)
Class jdk.internal.jimage.ImageStrings                                                : loaded 2 times (x 68B)
Class jdk.internal.jrtfs.JrtFileAttributes                                            : loaded 2 times (x 81B)
Class org.gradle.internal.classloader.SystemClassLoaderSpec                           : loaded 2 times (x 69B)
Class jdk.internal.jimage.decompressor.ResourceDecompressorRepository                 : loaded 2 times (x 69B)
Class kotlin.Function                                                                 : loaded 2 times (x 68B)
Class org.gradle.api.UncheckedIOException                                             : loaded 2 times (x 80B)
Class jdk.internal.jimage.decompressor.ResourceDecompressor$StringsProvider           : loaded 2 times (x 68B)
Class Program                                                                         : loaded 2 times (x 70B)
Class jdk.internal.jimage.decompressor.Decompressor                                   : loaded 2 times (x 70B)
Class jdk.internal.jrtfs.JrtFileSystem                                                : loaded 2 times (x 100B)
Class org.gradle.tooling.internal.gradle.GradleProjectIdentity                        : loaded 2 times (x 68B)
Class jdk.internal.jrtfs.JrtFileSystemProvider                                        : loaded 2 times (x 97B)
Class org.gradle.internal.time.CountdownTimer                                         : loaded 2 times (x 68B)
Class org.gradle.internal.time.Clock                                                  : loaded 2 times (x 68B)
Class org.gradle.internal.classloader.ClasspathUtil                                   : loaded 2 times (x 69B)
Class jdk.internal.jrtfs.JrtDirectoryStream                                           : loaded 2 times (x 87B)
Class org.gradle.tooling.model.BuildIdentifier                                        : loaded 2 times (x 68B)
Class jdk.internal.jimage.decompressor.ResourceDecompressor                           : loaded 2 times (x 68B)
Class org.gradle.api.internal.DefaultClassPathRegistry                                : loaded 2 times (x 74B)
Class org.gradle.api.internal.classpath.DefaultModuleRegistry$DefaultModule           : loaded 2 times (x 84B)
Class org.gradle.internal.time.TimeSource                                             : loaded 2 times (x 68B)
Class org.jetbrains.kotlin.android.synthetic.idea.AndroidExtensionsGradleModel        : loaded 2 times (x 68B)
Class org.gradle.api.internal.classpath.UnknownModuleException                        : loaded 2 times (x 80B)
Class org.jetbrains.plugins.gradle.model.IntelliJProjectSettings                      : loaded 2 times (x 68B)
Class org.gradle.internal.service.ServiceLookupException                              : loaded 2 times (x 80B)
Class jdk.internal.jimage.ImageStringsReader                                          : loaded 2 times (x 78B)
Class org.gradle.cache.GlobalCache                                                    : loaded 2 times (x 68B)
Class jdk.internal.jimage.decompressor.ResourceDecompressorFactory                    : loaded 2 times (x 72B)
Class org.jetbrains.kotlin.idea.gradleTooling.model.lombok.LombokModel                : loaded 2 times (x 68B)
Class org.gradle.tooling.model.ProjectIdentifier                                      : loaded 2 times (x 68B)
Class [Lorg.gradle.api.internal.ClassPathProvider;                                    : loaded 2 times (x 67B)
Class jdk.internal.jimage.ImageReader$SharedImageReader$LocationVisitor               : loaded 2 times (x 68B)
Class org.gradle.internal.operations.MultipleBuildOperationFailures                   : loaded 2 times (x 89B)
Class org.gradle.util.internal.GUtil                                                  : loaded 2 times (x 69B)
Class jdk.internal.jimage.decompressor.ZipDecompressor                                : loaded 2 times (x 73B)
Class org.jetbrains.plugins.gradle.model.AnnotationProcessingModel                    : loaded 2 times (x 68B)
Class org.gradle.internal.classloader.ClassLoaderSpec                                 : loaded 2 times (x 69B)
Class org.jetbrains.plugins.gradle.model.BuildScriptClasspathModel                    : loaded 2 times (x 68B)
Class org.gradle.internal.classloader.VisitableURLClassLoader                         : loaded 2 times (x 115B)
Class org.gradle.internal.installation.GradleInstallation                             : loaded 2 times (x 73B)
Class org.gradle.api.internal.ClassPathRegistry                                       : loaded 2 times (x 68B)
Class org.gradle.internal.classloader.VisitableURLClassLoader$InstrumentingVisitableURLClassLoader: loaded 2 times (x 121B)
Class org.gradle.internal.classloader.ClassLoaderHierarchy                            : loaded 2 times (x 68B)
Class org.gradle.internal.exceptions.MultiCauseException                              : loaded 2 times (x 68B)
Class jdk.internal.jimage.ImageReader                                                 : loaded 2 times (x 73B)
Class org.jetbrains.kotlin.idea.gradleTooling.model.parcelize.ParcelizeGradleModel    : loaded 2 times (x 68B)
Class org.gradle.internal.InternalTransformer                                         : loaded 2 times (x 68B)
Class org.jetbrains.kotlin.idea.gradleTooling.model.noarg.NoArgModel                  : loaded 2 times (x 68B)
Class org.jetbrains.kotlin.idea.gradleTooling.KotlinGradleModel                       : loaded 2 times (x 68B)
Class org.gradle.tooling.internal.gradle.DefaultBuildIdentifier                       : loaded 2 times (x 77B)
Class org.gradle.internal.service.ServiceLocator                                      : loaded 2 times (x 68B)
Class Settings_gradle$1                                                               : loaded 2 times (x 72B)
Class org.jetbrains.kotlin.idea.gradleTooling.model.allopen.AllOpenModel              : loaded 2 times (x 68B)
Class sync_studio_tooling6834_wrt1cu5mdm44zzmqiqod38nn$_run_closure1                  : loaded 2 times (x 137B)
Class org.gradle.internal.classpath.DefaultClassPath$ImmutableUniqueList              : loaded 2 times (x 159B)
Class jdk.internal.jimage.ImageBufferCache                                            : loaded 2 times (x 69B)
Class org.gradle.internal.time.DefaultTimer                                           : loaded 2 times (x 78B)
Class org.gradle.internal.classpath.TransformedClassPath                              : loaded 2 times (x 94B)
Class Settings_gradle                                                                 : loaded 2 times (x 126B)
Class jdk.internal.jimage.ImageReader$Directory                                       : loaded 2 times (x 82B)


---------------  S Y S T E M  ---------------

OS:
 Windows 11 , 64 bit Build 22621 (10.0.22621.3958)
OS uptime: 1 days 17:06 hours
Hyper-V role detected

CPU: total 12 (initial active 12) (12 cores per cpu, 2 threads per core) family 23 model 104 stepping 1 microcode 0x0, cx8, cmov, fxsr, ht, mmx, 3dnowpref, sse, sse2, sse3, ssse3, sse4a, sse4.1, sse4.2, popcnt, lzcnt, tsc, tscinvbit, avx, avx2, aes, clmul, bmi1, bmi2, adx, sha, fma, vzeroupper, clflush, clflushopt, hv
Processor Information for processor 0
  Max Mhz: 2100, Current Mhz: 1988, Mhz Limit: 2100
Processor Information for processor 1
  Max Mhz: 2100, Current Mhz: 1988, Mhz Limit: 2100
Processor Information for processor 2
  Max Mhz: 2100, Current Mhz: 1988, Mhz Limit: 2100
Processor Information for processor 3
  Max Mhz: 2100, Current Mhz: 1988, Mhz Limit: 2100
Processor Information for processor 4
  Max Mhz: 2100, Current Mhz: 1988, Mhz Limit: 2100
Processor Information for processor 5
  Max Mhz: 2100, Current Mhz: 1988, Mhz Limit: 2100
Processor Information for processor 6
  Max Mhz: 2100, Current Mhz: 2100, Mhz Limit: 2100
Processor Information for processor 7
  Max Mhz: 2100, Current Mhz: 1988, Mhz Limit: 2100
Processor Information for processor 8
  Max Mhz: 2100, Current Mhz: 1988, Mhz Limit: 2100
Processor Information for processor 9
  Max Mhz: 2100, Current Mhz: 1988, Mhz Limit: 2100
Processor Information for processor 10
  Max Mhz: 2100, Current Mhz: 1988, Mhz Limit: 2100
Processor Information for processor 11
  Max Mhz: 2100, Current Mhz: 1988, Mhz Limit: 2100

Memory: 4k page, system-wide physical 7514M (362M free)
TotalPageFile size 31066M (AvailPageFile size 89M)
current process WorkingSet (physical memory assigned to process): 443M, peak: 446M
current process commit charge ("private bytes"): 476M, peak: 589M

vm_info: OpenJDK 64-Bit Server VM (17.0.9+0--11185874) for windows-amd64 JRE (17.0.9+0--11185874), built on Dec  6 2023 18:57:44 by "androidbuild" with MS VC++ 16.10 / 16.11 (VS2019)

END.
