#
# There is insufficient memory for the Java Runtime Environment to continue.
# Native memory allocation (mmap) failed to map 223346688 bytes for G1 virtual space
# Possible reasons:
#   The system is out of physical RAM or swap space
#   The process is running with CompressedOops enabled, and the Java Heap may be blocking the growth of the native heap
# Possible solutions:
#   Reduce memory load on the system
#   Increase physical memory or swap space
#   Check if swap backing store is full
#   Decrease Java heap size (-Xmx/-Xms)
#   Decrease number of Java threads
#   Decrease Java thread stack sizes (-Xss)
#   Set larger code cache with -XX:ReservedCodeCacheSize=
#   JVM is running with Unscaled Compressed Oops mode in which the Java heap is
#     placed in the first 4GB address space. The Java Heap base address is the
#     maximum limit for the native heap growth. Please use -XX:HeapBaseMinAddress
#     to set the Java Heap base and to place the Java Heap above 4GB virtual address.
# This output file may be truncated or incomplete.
#
#  Out of Memory Error (os_windows.cpp:3825), pid=28360, tid=28936
#
# JRE version: OpenJDK Runtime Environment (17.0.9) (build 17.0.9+0--11185874)
# Java VM: OpenJDK 64-Bit Server VM (17.0.9+0--11185874, mixed mode, tiered, compressed oops, compressed class ptrs, g1 gc, windows-amd64)
# No core dump will be written. Minidumps are not enabled by default on client versions of Windows
#

---------------  S U M M A R Y ------------

Command Line: --add-opens=java.base/java.util=ALL-UNNAMED --add-opens=java.base/java.lang=ALL-UNNAMED --add-opens=java.base/java.lang.invoke=ALL-UNNAMED --add-opens=java.prefs/java.util.prefs=ALL-UNNAMED --add-opens=java.base/java.nio.charset=ALL-UNNAMED --add-opens=java.base/java.net=ALL-UNNAMED --add-opens=java.base/java.util.concurrent.atomic=ALL-UNNAMED -Xmx2048m -Dfile.encoding=UTF-8 -Duser.country=RU -Duser.language=ru -Duser.variant -javaagent:C:\Users\alexeycode\.gradle\wrapper\dists\gradle-8.4-bin\1w5dpkrfk8irigvoxmyhowfim\gradle-8.4\lib\agents\gradle-instrumentation-agent-8.4.jar org.gradle.launcher.daemon.bootstrap.GradleDaemon 8.4

Host: AMD Ryzen 5 5500U with Radeon Graphics         , 12 cores, 7G,  Windows 11 , 64 bit Build 22621 (10.0.22621.3958)
Time: Wed Sep 18 15:50:32 2024 RTZ 2 (s 11 , 64 bit Build 22621 (10.0.22621.3958) elapsed time: 13.574534 seconds (0d 0h 0m 13s)

---------------  T H R E A D  ---------------

Current thread (0x0000014fe5830b90):  VMThread "VM Thread" [stack: 0x0000000d0ad00000,0x0000000d0ae00000] [id=28936]

Stack: [0x0000000d0ad00000,0x0000000d0ae00000]
Native frames: (J=compiled Java code, j=interpreted, Vv=VM code, C=native code)
V  [jvm.dll+0x6886e9]
V  [jvm.dll+0x841e4a]
V  [jvm.dll+0x843a8e]
V  [jvm.dll+0x8440f3]
V  [jvm.dll+0x24c14f]
V  [jvm.dll+0x685499]
V  [jvm.dll+0x679c2a]
V  [jvm.dll+0x30cf9b]
V  [jvm.dll+0x314446]
V  [jvm.dll+0x36425e]
V  [jvm.dll+0x36448f]
V  [jvm.dll+0x2e2d68]
V  [jvm.dll+0x2e0f44]
V  [jvm.dll+0x2e054c]
V  [jvm.dll+0x3253fb]
V  [jvm.dll+0x8487eb]
V  [jvm.dll+0x849531]
V  [jvm.dll+0x849a4d]
V  [jvm.dll+0x849e24]
V  [jvm.dll+0x849ef0]
V  [jvm.dll+0x7f06aa]
V  [jvm.dll+0x687565]
C  [ucrtbase.dll+0x29333]
C  [KERNEL32.DLL+0x1257d]
C  [ntdll.dll+0x5af28]

VM_Operation (0x0000000d0c5f3ff0): G1CollectForAllocation, mode: safepoint, requested by thread 0x0000014febd75490


---------------  P R O C E S S  ---------------

Threads class SMR info:
_java_thread_list=0x0000014fec633580, length=59, elements={
0x0000014fcb58cb50, 0x0000014fe5833ee0, 0x0000014fe5834c70, 0x0000014fe585e910,
0x0000014fe59c0a80, 0x0000014fe59c3550, 0x0000014fe59c3f10, 0x0000014fe59c53a0,
0x0000014fe59c5e50, 0x0000014fe59c6850, 0x0000014fe5a81320, 0x0000014fe5c63690,
0x0000014febaef020, 0x0000014fe5c65b80, 0x0000014feb26d760, 0x0000014fec0488f0,
0x0000014fec380010, 0x0000014feb94e1e0, 0x0000014febd75490, 0x0000014fec055590,
0x0000014fec055aa0, 0x0000014fec0573f0, 0x0000014fec054b70, 0x0000014fec055080,
0x0000014fec056ee0, 0x0000014fec055fb0, 0x0000014fec0564c0, 0x0000014fec054150,
0x0000014fec053c40, 0x0000014fec054660, 0x0000014fecd65090, 0x0000014fecd65fc0,
0x0000014fecd64160, 0x0000014fecd5f060, 0x0000014fecd61df0, 0x0000014fecd62300,
0x0000014fecd664d0, 0x0000014fecd5f570, 0x0000014fecd604a0, 0x0000014fecd655a0,
0x0000014fecd62d20, 0x0000014fecd64670, 0x0000014fecd65ab0, 0x0000014fecd669e0,
0x0000014fecd5fa80, 0x0000014fecd609b0, 0x0000014fecd613d0, 0x0000014fecd618e0,
0x0000014fede0e560, 0x0000014fede14aa0, 0x0000014fede0ea70, 0x0000014fede0ef80,
0x0000014fede0d630, 0x0000014fede12c40, 0x0000014fede13660, 0x0000014fede0f9a0,
0x0000014fede0feb0, 0x0000014fede14fb0, 0x0000014fede13150
}

Java Threads: ( => current thread )
  0x0000014fcb58cb50 JavaThread "main" [_thread_blocked, id=26000, stack(0x0000000d0a700000,0x0000000d0a800000)]
  0x0000014fe5833ee0 JavaThread "Reference Handler" daemon [_thread_blocked, id=14828, stack(0x0000000d0ae00000,0x0000000d0af00000)]
  0x0000014fe5834c70 JavaThread "Finalizer" daemon [_thread_blocked, id=21388, stack(0x0000000d0af00000,0x0000000d0b000000)]
  0x0000014fe585e910 JavaThread "Signal Dispatcher" daemon [_thread_blocked, id=14408, stack(0x0000000d0b000000,0x0000000d0b100000)]
  0x0000014fe59c0a80 JavaThread "Attach Listener" daemon [_thread_blocked, id=13152, stack(0x0000000d0b100000,0x0000000d0b200000)]
  0x0000014fe59c3550 JavaThread "Service Thread" daemon [_thread_blocked, id=1248, stack(0x0000000d0b200000,0x0000000d0b300000)]
  0x0000014fe59c3f10 JavaThread "Monitor Deflation Thread" daemon [_thread_blocked, id=28420, stack(0x0000000d0b300000,0x0000000d0b400000)]
  0x0000014fe59c53a0 JavaThread "C2 CompilerThread0" daemon [_thread_in_native, id=19328, stack(0x0000000d0b400000,0x0000000d0b500000)]
  0x0000014fe59c5e50 JavaThread "C1 CompilerThread0" daemon [_thread_blocked, id=28868, stack(0x0000000d0b500000,0x0000000d0b600000)]
  0x0000014fe59c6850 JavaThread "Sweeper thread" daemon [_thread_blocked, id=3036, stack(0x0000000d0b600000,0x0000000d0b700000)]
  0x0000014fe5a81320 JavaThread "Common-Cleaner" daemon [_thread_blocked, id=15808, stack(0x0000000d0b700000,0x0000000d0b800000)]
  0x0000014fe5c63690 JavaThread "Notification Thread" daemon [_thread_blocked, id=17788, stack(0x0000000d0b800000,0x0000000d0b900000)]
  0x0000014febaef020 JavaThread "Daemon health stats" [_thread_blocked, id=23080, stack(0x0000000d0bf00000,0x0000000d0c000000)]
  0x0000014fe5c65b80 JavaThread "Incoming local TCP Connector on port 62420" [_thread_in_native, id=14988, stack(0x0000000d0ba00000,0x0000000d0bb00000)]
  0x0000014feb26d760 JavaThread "Daemon periodic checks" [_thread_blocked, id=11004, stack(0x0000000d0c000000,0x0000000d0c100000)]
  0x0000014fec0488f0 JavaThread "Daemon" [_thread_blocked, id=26928, stack(0x0000000d0c200000,0x0000000d0c300000)]
  0x0000014fec380010 JavaThread "Handler for socket connection from /127.0.0.1:62420 to /127.0.0.1:62421" [_thread_in_native, id=12940, stack(0x0000000d0c300000,0x0000000d0c400000)]
  0x0000014feb94e1e0 JavaThread "Cancel handler" [_thread_blocked, id=13092, stack(0x0000000d0c400000,0x0000000d0c500000)]
  0x0000014febd75490 JavaThread "Daemon worker" [_thread_blocked, id=26388, stack(0x0000000d0c500000,0x0000000d0c600000)]
  0x0000014fec055590 JavaThread "Asynchronous log dispatcher for DefaultDaemonConnection: socket connection from /127.0.0.1:62420 to /127.0.0.1:62421" [_thread_blocked, id=14916, stack(0x0000000d0c600000,0x0000000d0c700000)]
  0x0000014fec055aa0 JavaThread "Stdin handler" [_thread_blocked, id=23172, stack(0x0000000d0c700000,0x0000000d0c800000)]
  0x0000014fec0573f0 JavaThread "Daemon client event forwarder" [_thread_blocked, id=13676, stack(0x0000000d0c800000,0x0000000d0c900000)]
  0x0000014fec054b70 JavaThread "Cache worker for journal cache (C:\Users\alexeycode\.gradle\caches\journal-1)" [_thread_blocked, id=22240, stack(0x0000000d0d000000,0x0000000d0d100000)]
  0x0000014fec055080 JavaThread "File lock request listener" [_thread_in_native, id=12744, stack(0x0000000d0d100000,0x0000000d0d200000)]
  0x0000014fec056ee0 JavaThread "Cache worker for file hash cache (C:\Users\alexeycode\.gradle\caches\8.4\fileHashes)" [_thread_blocked, id=11116, stack(0x0000000d0d200000,0x0000000d0d300000)]
  0x0000014fec055fb0 JavaThread "File watcher server" daemon [_thread_blocked, id=15480, stack(0x0000000d0d300000,0x0000000d0d400000)]
  0x0000014fec0564c0 JavaThread "File watcher consumer" daemon [_thread_blocked, id=21248, stack(0x0000000d0d400000,0x0000000d0d500000)]
  0x0000014fec054150 JavaThread "jar transforms" [_thread_blocked, id=28256, stack(0x0000000d0d500000,0x0000000d0d600000)]
  0x0000014fec053c40 JavaThread "jar transforms Thread 2" [_thread_blocked, id=18212, stack(0x0000000d0d600000,0x0000000d0d700000)]
  0x0000014fec054660 JavaThread "jar transforms Thread 3" [_thread_blocked, id=24336, stack(0x0000000d0d700000,0x0000000d0d800000)]
  0x0000014fecd65090 JavaThread "jar transforms Thread 4" [_thread_blocked, id=16056, stack(0x0000000d0d800000,0x0000000d0d900000)]
  0x0000014fecd65fc0 JavaThread "jar transforms Thread 5" [_thread_blocked, id=9040, stack(0x0000000d0d900000,0x0000000d0da00000)]
  0x0000014fecd64160 JavaThread "jar transforms Thread 6" [_thread_blocked, id=15520, stack(0x0000000d0da00000,0x0000000d0db00000)]
  0x0000014fecd5f060 JavaThread "jar transforms Thread 7" [_thread_blocked, id=2188, stack(0x0000000d0db00000,0x0000000d0dc00000)]
  0x0000014fecd61df0 JavaThread "jar transforms Thread 8" [_thread_blocked, id=19516, stack(0x0000000d0dc00000,0x0000000d0dd00000)]
  0x0000014fecd62300 JavaThread "jar transforms Thread 9" [_thread_blocked, id=4616, stack(0x0000000d0dd00000,0x0000000d0de00000)]
  0x0000014fecd664d0 JavaThread "jar transforms Thread 10" [_thread_blocked, id=2868, stack(0x0000000d0de00000,0x0000000d0df00000)]
  0x0000014fecd5f570 JavaThread "jar transforms Thread 11" [_thread_blocked, id=18816, stack(0x0000000d0df00000,0x0000000d0e000000)]
  0x0000014fecd604a0 JavaThread "jar transforms Thread 12" [_thread_blocked, id=1296, stack(0x0000000d0e000000,0x0000000d0e100000)]
  0x0000014fecd655a0 JavaThread "Cache worker for checksums cache (C:\Users\alexeycode\AndroidStudioProjects\ThirdKotlinProject\.gradle\8.4\checksums)" [_thread_blocked, id=14664, stack(0x0000000d0e100000,0x0000000d0e200000)]
  0x0000014fecd62d20 JavaThread "Cache worker for file hash cache (C:\Users\alexeycode\AndroidStudioProjects\ThirdKotlinProject\.gradle\8.4\fileHashes)" [_thread_blocked, id=17100, stack(0x0000000d0e200000,0x0000000d0e300000)]
  0x0000014fecd64670 JavaThread "Cache worker for cache directory md-supplier (C:\Users\alexeycode\.gradle\caches\8.4\md-supplier)" [_thread_blocked, id=3984, stack(0x0000000d0e400000,0x0000000d0e500000)]
  0x0000014fecd65ab0 JavaThread "Cache worker for file content cache (C:\Users\alexeycode\.gradle\caches\8.4\fileContent)" [_thread_blocked, id=17240, stack(0x0000000d0e500000,0x0000000d0e600000)]
  0x0000014fecd669e0 JavaThread "Cache worker for cache directory md-rule (C:\Users\alexeycode\.gradle\caches\8.4\md-rule)" [_thread_blocked, id=23796, stack(0x0000000d0e600000,0x0000000d0e700000)]
  0x0000014fecd5fa80 JavaThread "Cache worker for execution history cache (C:\Users\alexeycode\.gradle\caches\8.4\executionHistory)" [_thread_blocked, id=17172, stack(0x0000000d0e700000,0x0000000d0e800000)]
  0x0000014fecd609b0 JavaThread "Cache worker for kotlin-dsl (C:\Users\alexeycode\.gradle\caches\8.4\kotlin-dsl)" [_thread_blocked, id=12416, stack(0x0000000d0e800000,0x0000000d0e900000)]
  0x0000014fecd613d0 JavaThread "Cache worker for dependencies-accessors (C:\Users\alexeycode\AndroidStudioProjects\ThirdKotlinProject\.gradle\8.4\dependencies-accessors)" [_thread_blocked, id=19940, stack(0x0000000d0e900000,0x0000000d0ea00000)]
  0x0000014fecd618e0 JavaThread "Cache worker for Build Output Cleanup Cache (C:\Users\alexeycode\AndroidStudioProjects\ThirdKotlinProject\.gradle\buildOutputCleanup)" [_thread_blocked, id=14516, stack(0x0000000d0ea00000,0x0000000d0eb00000)]
  0x0000014fede0e560 JavaThread "Unconstrained build operations" [_thread_blocked, id=18952, stack(0x0000000d0f200000,0x0000000d0f300000)]
  0x0000014fede14aa0 JavaThread "Unconstrained build operations Thread 2" [_thread_blocked, id=28356, stack(0x0000000d0f300000,0x0000000d0f400000)]
  0x0000014fede0ea70 JavaThread "Unconstrained build operations Thread 3" [_thread_blocked, id=25860, stack(0x0000000d0f400000,0x0000000d0f500000)]
  0x0000014fede0ef80 JavaThread "Unconstrained build operations Thread 4" [_thread_blocked, id=3804, stack(0x0000000d0f500000,0x0000000d0f600000)]
  0x0000014fede0d630 JavaThread "Unconstrained build operations Thread 5" [_thread_blocked, id=23680, stack(0x0000000d0f600000,0x0000000d0f700000)]
  0x0000014fede12c40 JavaThread "Unconstrained build operations Thread 6" [_thread_blocked, id=24864, stack(0x0000000d0f700000,0x0000000d0f800000)]
  0x0000014fede13660 JavaThread "Unconstrained build operations Thread 7" [_thread_blocked, id=27696, stack(0x0000000d0f800000,0x0000000d0f900000)]
  0x0000014fede0f9a0 JavaThread "Unconstrained build operations Thread 8" [_thread_blocked, id=13780, stack(0x0000000d0f900000,0x0000000d0fa00000)]
  0x0000014fede0feb0 JavaThread "Unconstrained build operations Thread 9" [_thread_blocked, id=1584, stack(0x0000000d0fa00000,0x0000000d0fb00000)]
  0x0000014fede14fb0 JavaThread "Unconstrained build operations Thread 10" [_thread_blocked, id=22284, stack(0x0000000d0fb00000,0x0000000d0fc00000)]
  0x0000014fede13150 JavaThread "Unconstrained build operations Thread 11" [_thread_blocked, id=8236, stack(0x0000000d0fc00000,0x0000000d0fd00000)]

Other Threads:
=>0x0000014fe5830b90 VMThread "VM Thread" [stack: 0x0000000d0ad00000,0x0000000d0ae00000] [id=28936]
  0x0000014fcb58d9d0 WatcherThread [stack: 0x0000000d0b900000,0x0000000d0ba00000] [id=14780]
  0x0000014fcb5e9cd0 GCTaskThread "GC Thread#0" [stack: 0x0000000d0a800000,0x0000000d0a900000] [id=26056]
  0x0000014feabddbb0 GCTaskThread "GC Thread#1" [stack: 0x0000000d0bb00000,0x0000000d0bc00000] [id=28504]
  0x0000014feafffd00 GCTaskThread "GC Thread#2" [stack: 0x0000000d0bc00000,0x0000000d0bd00000] [id=17296]
  0x0000014fead45050 GCTaskThread "GC Thread#3" [stack: 0x0000000d0bd00000,0x0000000d0be00000] [id=17936]
  0x0000014fea0d4200 GCTaskThread "GC Thread#4" [stack: 0x0000000d0be00000,0x0000000d0bf00000] [id=15172]
  0x0000014feb7b3040 GCTaskThread "GC Thread#5" [stack: 0x0000000d0c900000,0x0000000d0ca00000] [id=18588]
  0x0000014feb7b3300 GCTaskThread "GC Thread#6" [stack: 0x0000000d0ca00000,0x0000000d0cb00000] [id=22684]
  0x0000014feba91820 GCTaskThread "GC Thread#7" [stack: 0x0000000d0cb00000,0x0000000d0cc00000] [id=15708]
  0x0000014feba91ae0 GCTaskThread "GC Thread#8" [stack: 0x0000000d0cc00000,0x0000000d0cd00000] [id=22052]
  0x0000014fec15d820 GCTaskThread "GC Thread#9" [stack: 0x0000000d0cd00000,0x0000000d0ce00000] [id=1616]
  0x0000014fcb5fac20 ConcurrentGCThread "G1 Main Marker" [stack: 0x0000000d0a900000,0x0000000d0aa00000] [id=16272]
  0x0000014fcb5fb640 ConcurrentGCThread "G1 Conc#0" [stack: 0x0000000d0aa00000,0x0000000d0ab00000] [id=18668]
  0x0000014febe535c0 ConcurrentGCThread "G1 Conc#1" [stack: 0x0000000d0ce00000,0x0000000d0cf00000] [id=14636]
  0x0000014feaa7a6b0 ConcurrentGCThread "G1 Conc#2" [stack: 0x0000000d0cf00000,0x0000000d0d000000] [id=22152]
  0x0000014fe569c110 ConcurrentGCThread "G1 Refine#0" [stack: 0x0000000d0ab00000,0x0000000d0ac00000] [id=18496]
  0x0000014fed6fa9a0 ConcurrentGCThread "G1 Refine#1" [stack: 0x0000000d0e300000,0x0000000d0e400000] [id=29048]
  0x0000014feb10b370 ConcurrentGCThread "G1 Refine#2" [stack: 0x0000000d0c100000,0x0000000d0c200000] [id=10228]
  0x0000014feb10b950 ConcurrentGCThread "G1 Refine#3" [stack: 0x0000000d0eb00000,0x0000000d0ec00000] [id=4700]
  0x0000014feb10bc40 ConcurrentGCThread "G1 Refine#4" [stack: 0x0000000d0ec00000,0x0000000d0ed00000] [id=13568]
  0x0000014feb10c510 ConcurrentGCThread "G1 Refine#5" [stack: 0x0000000d0ed00000,0x0000000d0ee00000] [id=27436]
  0x0000014feb10bf30 ConcurrentGCThread "G1 Refine#6" [stack: 0x0000000d0ee00000,0x0000000d0ef00000] [id=20848]
  0x0000014feb10c800 ConcurrentGCThread "G1 Refine#7" [stack: 0x0000000d0ef00000,0x0000000d0f000000] [id=9692]
  0x0000014feb10c220 ConcurrentGCThread "G1 Refine#8" [stack: 0x0000000d0f000000,0x0000000d0f100000] [id=28368]
  0x0000014feefb99b0 ConcurrentGCThread "G1 Refine#9" [stack: 0x0000000d0f100000,0x0000000d0f200000] [id=9016]
  0x0000014fe569ca50 ConcurrentGCThread "G1 Service" [stack: 0x0000000d0ac00000,0x0000000d0ad00000] [id=12392]

Threads with active compile tasks:
C2 CompilerThread0    13594 9617 %     4       org.jetbrains.kotlin.com.intellij.openapi.vfs.impl.jar.CoreJarHandler::<init> @ 64 (236 bytes)

VM state: at safepoint (normal execution)

VM Mutex/Monitor currently owned by a thread:  ([mutex/lock_event])
[0x0000014fcb5866b0] Threads_lock - owner thread: 0x0000014fe5830b90
[0x0000014fcb587d30] Heap_lock - owner thread: 0x0000014febd75490

Heap address: 0x0000000080000000, size: 2048 MB, Compressed Oops mode: 32-bit

CDS archive(s) not mapped
Compressed class space mapped at: 0x0000000100000000-0x0000000140000000, reserved size: 1073741824
Narrow klass base: 0x0000000000000000, Narrow klass shift: 3, Narrow klass range: 0x140000000

GC Precious Log:
 CPUs: 12 total, 12 available
 Memory: 7514M
 Large Page Support: Disabled
 NUMA Support: Disabled
 Compressed Oops: Enabled (32-bit)
 Heap Region Size: 1M
 Heap Min Capacity: 8M
 Heap Initial Capacity: 118M
 Heap Max Capacity: 2G
 Pre-touch: Disabled
 Parallel Workers: 10
 Concurrent Workers: 3
 Concurrent Refinement Workers: 10
 Periodic GC: Disabled

Heap:
 garbage-first heap   total 193536K, used 136450K [0x0000000080000000, 0x0000000100000000)
  region size 1024K, 5 young (5120K), 5 survivors (5120K)
 Metaspace       used 119408K, committed 120128K, reserved 1179648K
  class space    used 15619K, committed 15936K, reserved 1048576K

Heap Regions: E=young(eden), S=young(survivor), O=old, HS=humongous(starts), HC=humongous(continues), CS=collection set, F=free, OA=open archive, CA=closed archive, TAMS=top-at-mark-start (previous, next)
|   0|0x0000000080000000, 0x0000000080100000, 0x0000000080100000|100%|HS|  |TAMS 0x0000000080100000, 0x0000000080100000| Complete 
|   1|0x0000000080100000, 0x0000000080200000, 0x0000000080200000|100%|HC|  |TAMS 0x0000000080200000, 0x0000000080200000| Complete 
|   2|0x0000000080200000, 0x0000000080300000, 0x0000000080300000|100%|HC|  |TAMS 0x0000000080300000, 0x0000000080300000| Complete 
|   3|0x0000000080300000, 0x0000000080400000, 0x0000000080400000|100%|HC|  |TAMS 0x0000000080400000, 0x0000000080400000| Complete 
|   4|0x0000000080400000, 0x0000000080500000, 0x0000000080500000|100%| O|  |TAMS 0x0000000080500000, 0x0000000080500000| Untracked 
|   5|0x0000000080500000, 0x0000000080600000, 0x0000000080600000|100%| O|  |TAMS 0x0000000080600000, 0x0000000080600000| Untracked 
|   6|0x0000000080600000, 0x0000000080700000, 0x0000000080700000|100%| O|  |TAMS 0x0000000080700000, 0x0000000080700000| Untracked 
|   7|0x0000000080700000, 0x0000000080800000, 0x0000000080800000|100%| O|  |TAMS 0x0000000080800000, 0x0000000080800000| Untracked 
|   8|0x0000000080800000, 0x0000000080900000, 0x0000000080900000|100%| O|  |TAMS 0x0000000080900000, 0x0000000080900000| Untracked 
|   9|0x0000000080900000, 0x0000000080a00000, 0x0000000080a00000|100%| O|  |TAMS 0x0000000080a00000, 0x0000000080a00000| Untracked 
|  10|0x0000000080a00000, 0x0000000080b00000, 0x0000000080b00000|100%| O|  |TAMS 0x0000000080a00000, 0x0000000080b00000| Untracked 
|  11|0x0000000080b00000, 0x0000000080c00000, 0x0000000080c00000|100%| O|  |TAMS 0x0000000080c00000, 0x0000000080c00000| Untracked 
|  12|0x0000000080c00000, 0x0000000080d00000, 0x0000000080d00000|100%| O|  |TAMS 0x0000000080d00000, 0x0000000080d00000| Untracked 
|  13|0x0000000080d00000, 0x0000000080e00000, 0x0000000080e00000|100%| O|  |TAMS 0x0000000080e00000, 0x0000000080e00000| Untracked 
|  14|0x0000000080e00000, 0x0000000080f00000, 0x0000000080f00000|100%| O|  |TAMS 0x0000000080f00000, 0x0000000080f00000| Untracked 
|  15|0x0000000080f00000, 0x0000000081000000, 0x0000000081000000|100%| O|  |TAMS 0x0000000081000000, 0x0000000081000000| Untracked 
|  16|0x0000000081000000, 0x0000000081100000, 0x0000000081100000|100%| O|  |TAMS 0x0000000081100000, 0x0000000081100000| Untracked 
|  17|0x0000000081100000, 0x0000000081200000, 0x0000000081200000|100%| O|  |TAMS 0x0000000081200000, 0x0000000081200000| Untracked 
|  18|0x0000000081200000, 0x0000000081300000, 0x0000000081300000|100%| O|  |TAMS 0x0000000081300000, 0x0000000081300000| Untracked 
|  19|0x0000000081300000, 0x0000000081400000, 0x0000000081400000|100%|HS|  |TAMS 0x0000000081400000, 0x0000000081400000| Complete 
|  20|0x0000000081400000, 0x0000000081500000, 0x0000000081500000|100%|HC|  |TAMS 0x0000000081500000, 0x0000000081500000| Complete 
|  21|0x0000000081500000, 0x0000000081600000, 0x0000000081600000|100%|HS|  |TAMS 0x0000000081600000, 0x0000000081600000| Complete 
|  22|0x0000000081600000, 0x0000000081700000, 0x0000000081700000|100%|HC|  |TAMS 0x0000000081700000, 0x0000000081700000| Complete 
|  23|0x0000000081700000, 0x0000000081800000, 0x0000000081800000|100%|HC|  |TAMS 0x0000000081800000, 0x0000000081800000| Complete 
|  24|0x0000000081800000, 0x0000000081900000, 0x0000000081900000|100%|HS|  |TAMS 0x0000000081900000, 0x0000000081900000| Complete 
|  25|0x0000000081900000, 0x0000000081a00000, 0x0000000081a00000|100%|HC|  |TAMS 0x0000000081a00000, 0x0000000081a00000| Complete 
|  26|0x0000000081a00000, 0x0000000081b00000, 0x0000000081b00000|100%|HC|  |TAMS 0x0000000081b00000, 0x0000000081b00000| Complete 
|  27|0x0000000081b00000, 0x0000000081c00000, 0x0000000081c00000|100%|HS|  |TAMS 0x0000000081c00000, 0x0000000081c00000| Complete 
|  28|0x0000000081c00000, 0x0000000081d00000, 0x0000000081d00000|100%|HC|  |TAMS 0x0000000081d00000, 0x0000000081d00000| Complete 
|  29|0x0000000081d00000, 0x0000000081e00000, 0x0000000081e00000|100%|HC|  |TAMS 0x0000000081e00000, 0x0000000081e00000| Complete 
|  30|0x0000000081e00000, 0x0000000081f00000, 0x0000000081f00000|100%| O|  |TAMS 0x0000000081f00000, 0x0000000081f00000| Untracked 
|  31|0x0000000081f00000, 0x0000000082000000, 0x0000000082000000|100%| O|  |TAMS 0x0000000082000000, 0x0000000082000000| Untracked 
|  32|0x0000000082000000, 0x0000000082100000, 0x0000000082100000|100%| O|  |TAMS 0x0000000082100000, 0x0000000082100000| Untracked 
|  33|0x0000000082100000, 0x0000000082200000, 0x0000000082200000|100%| O|  |TAMS 0x0000000082200000, 0x0000000082200000| Untracked 
|  34|0x0000000082200000, 0x0000000082300000, 0x0000000082300000|100%| O|  |TAMS 0x0000000082300000, 0x0000000082300000| Untracked 
|  35|0x0000000082300000, 0x0000000082400000, 0x0000000082400000|100%| O|  |TAMS 0x0000000082400000, 0x0000000082400000| Untracked 
|  36|0x0000000082400000, 0x0000000082500000, 0x0000000082500000|100%| O|  |TAMS 0x0000000082500000, 0x0000000082500000| Untracked 
|  37|0x0000000082500000, 0x0000000082600000, 0x0000000082600000|100%| O|  |TAMS 0x0000000082600000, 0x0000000082600000| Untracked 
|  38|0x0000000082600000, 0x0000000082700000, 0x0000000082700000|100%| O|  |TAMS 0x0000000082700000, 0x0000000082700000| Untracked 
|  39|0x0000000082700000, 0x0000000082800000, 0x0000000082800000|100%| O|  |TAMS 0x0000000082800000, 0x0000000082800000| Untracked 
|  40|0x0000000082800000, 0x0000000082900000, 0x0000000082900000|100%| O|  |TAMS 0x0000000082900000, 0x0000000082900000| Untracked 
|  41|0x0000000082900000, 0x0000000082a00000, 0x0000000082a00000|100%| O|  |TAMS 0x0000000082a00000, 0x0000000082a00000| Untracked 
|  42|0x0000000082a00000, 0x0000000082b00000, 0x0000000082b00000|100%| O|  |TAMS 0x0000000082b00000, 0x0000000082b00000| Untracked 
|  43|0x0000000082b00000, 0x0000000082c00000, 0x0000000082c00000|100%| O|  |TAMS 0x0000000082c00000, 0x0000000082c00000| Untracked 
|  44|0x0000000082c00000, 0x0000000082d00000, 0x0000000082d00000|100%| O|  |TAMS 0x0000000082d00000, 0x0000000082d00000| Untracked 
|  45|0x0000000082d00000, 0x0000000082e00000, 0x0000000082e00000|100%| O|  |TAMS 0x0000000082e00000, 0x0000000082e00000| Untracked 
|  46|0x0000000082e00000, 0x0000000082f00000, 0x0000000082f00000|100%|HS|  |TAMS 0x0000000082f00000, 0x0000000082f00000| Complete 
|  47|0x0000000082f00000, 0x0000000083000000, 0x0000000083000000|100%|HC|  |TAMS 0x0000000083000000, 0x0000000083000000| Complete 
|  48|0x0000000083000000, 0x0000000083100000, 0x0000000083100000|100%|HC|  |TAMS 0x0000000083100000, 0x0000000083100000| Complete 
|  49|0x0000000083100000, 0x0000000083200000, 0x0000000083200000|100%| O|  |TAMS 0x0000000083200000, 0x0000000083200000| Untracked 
|  50|0x0000000083200000, 0x0000000083300000, 0x0000000083300000|100%| O|  |TAMS 0x0000000083300000, 0x0000000083300000| Untracked 
|  51|0x0000000083300000, 0x0000000083400000, 0x0000000083400000|100%| O|  |TAMS 0x0000000083400000, 0x0000000083400000| Untracked 
|  52|0x0000000083400000, 0x0000000083500000, 0x0000000083500000|100%| O|  |TAMS 0x0000000083500000, 0x0000000083500000| Untracked 
|  53|0x0000000083500000, 0x0000000083600000, 0x0000000083600000|100%| O|  |TAMS 0x0000000083600000, 0x0000000083600000| Untracked 
|  54|0x0000000083600000, 0x0000000083700000, 0x0000000083700000|100%| O|  |TAMS 0x0000000083700000, 0x0000000083700000| Untracked 
|  55|0x0000000083700000, 0x0000000083800000, 0x0000000083800000|100%| O|  |TAMS 0x0000000083800000, 0x0000000083800000| Untracked 
|  56|0x0000000083800000, 0x0000000083900000, 0x0000000083900000|100%| O|  |TAMS 0x0000000083900000, 0x0000000083900000| Untracked 
|  57|0x0000000083900000, 0x0000000083a00000, 0x0000000083a00000|100%| O|  |TAMS 0x0000000083a00000, 0x0000000083a00000| Untracked 
|  58|0x0000000083a00000, 0x0000000083b00000, 0x0000000083b00000|100%| O|  |TAMS 0x0000000083b00000, 0x0000000083b00000| Untracked 
|  59|0x0000000083b00000, 0x0000000083c00000, 0x0000000083c00000|100%| O|  |TAMS 0x0000000083c00000, 0x0000000083c00000| Untracked 
|  60|0x0000000083c00000, 0x0000000083d00000, 0x0000000083d00000|100%| O|  |TAMS 0x0000000083d00000, 0x0000000083d00000| Untracked 
|  61|0x0000000083d00000, 0x0000000083e00000, 0x0000000083e00000|100%| O|  |TAMS 0x0000000083e00000, 0x0000000083e00000| Untracked 
|  62|0x0000000083e00000, 0x0000000083f00000, 0x0000000083f00000|100%| O|  |TAMS 0x0000000083f00000, 0x0000000083f00000| Untracked 
|  63|0x0000000083f00000, 0x0000000084000000, 0x0000000084000000|100%| O|  |TAMS 0x0000000084000000, 0x0000000084000000| Untracked 
|  64|0x0000000084000000, 0x0000000084100000, 0x0000000084100000|100%|HS|  |TAMS 0x0000000084000000, 0x0000000084100000| Complete 
|  65|0x0000000084100000, 0x0000000084200000, 0x0000000084200000|100%|HS|  |TAMS 0x0000000084200000, 0x0000000084200000| Complete 
|  66|0x0000000084200000, 0x0000000084300000, 0x0000000084300000|100%| O|  |TAMS 0x0000000084300000, 0x0000000084300000| Untracked 
|  67|0x0000000084300000, 0x0000000084400000, 0x0000000084400000|100%| O|  |TAMS 0x0000000084400000, 0x0000000084400000| Untracked 
|  68|0x0000000084400000, 0x0000000084500000, 0x0000000084500000|100%| O|  |TAMS 0x0000000084500000, 0x0000000084500000| Untracked 
|  69|0x0000000084500000, 0x0000000084600000, 0x0000000084600000|100%| O|  |TAMS 0x0000000084600000, 0x0000000084600000| Untracked 
|  70|0x0000000084600000, 0x0000000084700000, 0x0000000084700000|100%| O|  |TAMS 0x0000000084700000, 0x0000000084700000| Untracked 
|  71|0x0000000084700000, 0x0000000084800000, 0x0000000084800000|100%| O|  |TAMS 0x0000000084800000, 0x0000000084800000| Untracked 
|  72|0x0000000084800000, 0x0000000084900000, 0x0000000084900000|100%|HS|  |TAMS 0x0000000084900000, 0x0000000084900000| Complete 
|  73|0x0000000084900000, 0x0000000084a00000, 0x0000000084a00000|100%|HC|  |TAMS 0x0000000084a00000, 0x0000000084a00000| Complete 
|  74|0x0000000084a00000, 0x0000000084b00000, 0x0000000084b00000|100%|HC|  |TAMS 0x0000000084b00000, 0x0000000084b00000| Complete 
|  75|0x0000000084b00000, 0x0000000084c00000, 0x0000000084c00000|100%|HC|  |TAMS 0x0000000084c00000, 0x0000000084c00000| Complete 
|  76|0x0000000084c00000, 0x0000000084d00000, 0x0000000084d00000|100%|HC|  |TAMS 0x0000000084d00000, 0x0000000084d00000| Complete 
|  77|0x0000000084d00000, 0x0000000084e00000, 0x0000000084e00000|100%|HC|  |TAMS 0x0000000084e00000, 0x0000000084e00000| Complete 
|  78|0x0000000084e00000, 0x0000000084f00000, 0x0000000084f00000|100%| O|  |TAMS 0x0000000084f00000, 0x0000000084f00000| Untracked 
|  79|0x0000000084f00000, 0x0000000085000000, 0x0000000085000000|100%| O|  |TAMS 0x0000000085000000, 0x0000000085000000| Untracked 
|  80|0x0000000085000000, 0x0000000085100000, 0x0000000085100000|100%| O|  |TAMS 0x0000000085100000, 0x0000000085100000| Untracked 
|  81|0x0000000085100000, 0x0000000085200000, 0x0000000085200000|100%| O|  |TAMS 0x0000000085200000, 0x0000000085200000| Untracked 
|  82|0x0000000085200000, 0x0000000085300000, 0x0000000085300000|100%| O|  |TAMS 0x0000000085300000, 0x0000000085300000| Untracked 
|  83|0x0000000085300000, 0x0000000085400000, 0x0000000085400000|100%| O|  |TAMS 0x0000000085400000, 0x0000000085400000| Untracked 
|  84|0x0000000085400000, 0x0000000085500000, 0x0000000085500000|100%| O|  |TAMS 0x0000000085500000, 0x0000000085500000| Untracked 
|  85|0x0000000085500000, 0x0000000085600000, 0x0000000085600000|100%| O|  |TAMS 0x0000000085600000, 0x0000000085600000| Untracked 
|  86|0x0000000085600000, 0x0000000085700000, 0x0000000085700000|100%| O|  |TAMS 0x0000000085700000, 0x0000000085700000| Untracked 
|  87|0x0000000085700000, 0x0000000085800000, 0x0000000085800000|100%| O|  |TAMS 0x0000000085800000, 0x0000000085800000| Untracked 
|  88|0x0000000085800000, 0x0000000085900000, 0x0000000085900000|100%| O|  |TAMS 0x0000000085900000, 0x0000000085900000| Untracked 
|  89|0x0000000085900000, 0x0000000085a00000, 0x0000000085a00000|100%| O|  |TAMS 0x0000000085a00000, 0x0000000085a00000| Untracked 
|  90|0x0000000085a00000, 0x0000000085b00000, 0x0000000085b00000|100%| O|  |TAMS 0x0000000085b00000, 0x0000000085b00000| Untracked 
|  91|0x0000000085b00000, 0x0000000085c00000, 0x0000000085c00000|100%| O|  |TAMS 0x0000000085c00000, 0x0000000085c00000| Untracked 
|  92|0x0000000085c00000, 0x0000000085d00000, 0x0000000085d00000|100%| O|  |TAMS 0x0000000085d00000, 0x0000000085d00000| Untracked 
|  93|0x0000000085d00000, 0x0000000085e00000, 0x0000000085e00000|100%| O|  |TAMS 0x0000000085e00000, 0x0000000085e00000| Untracked 
|  94|0x0000000085e00000, 0x0000000085f00000, 0x0000000085f00000|100%| O|  |TAMS 0x0000000085f00000, 0x0000000085f00000| Untracked 
|  95|0x0000000085f00000, 0x0000000086000000, 0x0000000086000000|100%| O|  |TAMS 0x0000000085f18a00, 0x0000000086000000| Untracked 
|  96|0x0000000086000000, 0x0000000086100000, 0x0000000086100000|100%| O|  |TAMS 0x0000000086000000, 0x0000000086100000| Untracked 
|  97|0x0000000086100000, 0x0000000086200000, 0x0000000086200000|100%| O|  |TAMS 0x0000000086100000, 0x0000000086200000| Untracked 
|  98|0x0000000086200000, 0x0000000086300000, 0x0000000086300000|100%| O|  |TAMS 0x0000000086200000, 0x0000000086300000| Untracked 
|  99|0x0000000086300000, 0x0000000086400000, 0x0000000086400000|100%| O|  |TAMS 0x0000000086300000, 0x0000000086400000| Untracked 
| 100|0x0000000086400000, 0x0000000086400000, 0x0000000086500000|  0%| F|  |TAMS 0x0000000086400000, 0x0000000086400000| Untracked 
| 101|0x0000000086500000, 0x0000000086500000, 0x0000000086600000|  0%| F|  |TAMS 0x0000000086500000, 0x0000000086500000| Untracked 
| 102|0x0000000086600000, 0x0000000086600000, 0x0000000086700000|  0%| F|  |TAMS 0x0000000086600000, 0x0000000086600000| Untracked 
| 103|0x0000000086700000, 0x0000000086700000, 0x0000000086800000|  0%| F|  |TAMS 0x0000000086700000, 0x0000000086700000| Untracked 
| 104|0x0000000086800000, 0x0000000086900000, 0x0000000086900000|100%| O|  |TAMS 0x0000000086800000, 0x0000000086900000| Untracked 
| 105|0x0000000086900000, 0x0000000086a00000, 0x0000000086a00000|100%| O|  |TAMS 0x0000000086900000, 0x0000000086a00000| Untracked 
| 106|0x0000000086a00000, 0x0000000086b00000, 0x0000000086b00000|100%| O|  |TAMS 0x0000000086a00000, 0x0000000086b00000| Untracked 
| 107|0x0000000086b00000, 0x0000000086c00000, 0x0000000086c00000|100%| O|  |TAMS 0x0000000086b00000, 0x0000000086c00000| Untracked 
| 108|0x0000000086c00000, 0x0000000086d00000, 0x0000000086d00000|100%| O|  |TAMS 0x0000000086c00000, 0x0000000086d00000| Untracked 
| 109|0x0000000086d00000, 0x0000000086e00000, 0x0000000086e00000|100%| O|  |TAMS 0x0000000086d00000, 0x0000000086e00000| Untracked 
| 110|0x0000000086e00000, 0x0000000086f00000, 0x0000000086f00000|100%| O|  |TAMS 0x0000000086e00000, 0x0000000086f00000| Untracked 
| 111|0x0000000086f00000, 0x0000000087000000, 0x0000000087000000|100%| O|  |TAMS 0x0000000086f00000, 0x0000000087000000| Untracked 
| 112|0x0000000087000000, 0x0000000087100000, 0x0000000087100000|100%| O|  |TAMS 0x0000000087000000, 0x0000000087100000| Untracked 
| 113|0x0000000087100000, 0x0000000087200000, 0x0000000087200000|100%| O|  |TAMS 0x0000000087100000, 0x0000000087200000| Untracked 
| 114|0x0000000087200000, 0x0000000087300000, 0x0000000087300000|100%| O|  |TAMS 0x0000000087200000, 0x0000000087300000| Untracked 
| 115|0x0000000087300000, 0x0000000087400000, 0x0000000087400000|100%| O|  |TAMS 0x0000000087300000, 0x0000000087400000| Untracked 
| 116|0x0000000087400000, 0x0000000087500000, 0x0000000087500000|100%| O|  |TAMS 0x0000000087400000, 0x0000000087500000| Untracked 
| 117|0x0000000087500000, 0x0000000087600000, 0x0000000087600000|100%| O|  |TAMS 0x0000000087500000, 0x00000000875dc800| Untracked 
| 118|0x0000000087600000, 0x0000000087700000, 0x0000000087700000|100%|HS|  |TAMS 0x0000000087600000, 0x0000000087700000| Complete 
| 119|0x0000000087700000, 0x0000000087800000, 0x0000000087800000|100%|HS|  |TAMS 0x0000000087700000, 0x0000000087800000| Complete 
| 120|0x0000000087800000, 0x0000000087900000, 0x0000000087900000|100%|HC|  |TAMS 0x0000000087800000, 0x0000000087900000| Complete 
| 121|0x0000000087900000, 0x0000000087a00000, 0x0000000087a00000|100%|HS|  |TAMS 0x0000000087900000, 0x0000000087a00000| Complete 
| 122|0x0000000087a00000, 0x0000000087b00000, 0x0000000087b00000|100%|HS|  |TAMS 0x0000000087a00000, 0x0000000087b00000| Complete 
| 123|0x0000000087b00000, 0x0000000087c00000, 0x0000000087c00000|100%|HC|  |TAMS 0x0000000087b00000, 0x0000000087c00000| Complete 
| 124|0x0000000087c00000, 0x0000000087d00000, 0x0000000087d00000|100%|HC|  |TAMS 0x0000000087c00000, 0x0000000087d00000| Complete 
| 125|0x0000000087d00000, 0x0000000087e00000, 0x0000000087e00000|100%|HC|  |TAMS 0x0000000087d00000, 0x0000000087e00000| Complete 
| 126|0x0000000087e00000, 0x0000000087f00000, 0x0000000087f00000|100%| O|  |TAMS 0x0000000087e00000, 0x0000000087e00000| Untracked 
| 127|0x0000000087f00000, 0x0000000088000000, 0x0000000088000000|100%| O|  |TAMS 0x0000000087f00000, 0x0000000087f00000| Untracked 
| 128|0x0000000088000000, 0x0000000088100000, 0x0000000088100000|100%| O|  |TAMS 0x0000000088000000, 0x0000000088000000| Untracked 
| 129|0x0000000088100000, 0x0000000088200000, 0x0000000088200000|100%| O|  |TAMS 0x0000000088100000, 0x0000000088100000| Untracked 
| 130|0x0000000088200000, 0x0000000088300000, 0x0000000088300000|100%| O|  |TAMS 0x0000000088200000, 0x0000000088200000| Untracked 
| 131|0x0000000088300000, 0x0000000088400000, 0x0000000088400000|100%| O|  |TAMS 0x0000000088300000, 0x0000000088300000| Untracked 
| 132|0x0000000088400000, 0x0000000088440800, 0x0000000088500000| 25%| O|  |TAMS 0x0000000088400000, 0x0000000088400000| Untracked 
| 133|0x0000000088500000, 0x0000000088500000, 0x0000000088600000|  0%| F|  |TAMS 0x0000000088500000, 0x0000000088500000| Untracked 
| 134|0x0000000088600000, 0x0000000088600000, 0x0000000088700000|  0%| F|  |TAMS 0x0000000088600000, 0x0000000088600000| Untracked 
| 135|0x0000000088700000, 0x0000000088700000, 0x0000000088800000|  0%| F|  |TAMS 0x0000000088700000, 0x0000000088700000| Untracked 
| 136|0x0000000088800000, 0x0000000088800000, 0x0000000088900000|  0%| F|  |TAMS 0x0000000088800000, 0x0000000088800000| Untracked 
| 137|0x0000000088900000, 0x0000000088900000, 0x0000000088a00000|  0%| F|  |TAMS 0x0000000088900000, 0x0000000088900000| Untracked 
| 138|0x0000000088a00000, 0x0000000088a00000, 0x0000000088b00000|  0%| F|  |TAMS 0x0000000088a00000, 0x0000000088a00000| Untracked 
| 139|0x0000000088b00000, 0x0000000088b00000, 0x0000000088c00000|  0%| F|  |TAMS 0x0000000088b00000, 0x0000000088b00000| Untracked 
| 140|0x0000000088c00000, 0x0000000088c00000, 0x0000000088d00000|  0%| F|  |TAMS 0x0000000088c00000, 0x0000000088c00000| Untracked 
| 141|0x0000000088d00000, 0x0000000088d00000, 0x0000000088e00000|  0%| F|  |TAMS 0x0000000088d00000, 0x0000000088d00000| Untracked 
| 142|0x0000000088e00000, 0x0000000088e00000, 0x0000000088f00000|  0%| F|  |TAMS 0x0000000088e00000, 0x0000000088e00000| Untracked 
| 143|0x0000000088f00000, 0x0000000088f00000, 0x0000000089000000|  0%| F|  |TAMS 0x0000000088f00000, 0x0000000088f00000| Untracked 
| 144|0x0000000089000000, 0x0000000089000000, 0x0000000089100000|  0%| F|  |TAMS 0x0000000089000000, 0x0000000089000000| Untracked 
| 145|0x0000000089100000, 0x0000000089100000, 0x0000000089200000|  0%| F|  |TAMS 0x0000000089100000, 0x0000000089100000| Untracked 
| 146|0x0000000089200000, 0x0000000089200000, 0x0000000089300000|  0%| F|  |TAMS 0x0000000089200000, 0x0000000089200000| Untracked 
| 147|0x0000000089300000, 0x0000000089300000, 0x0000000089400000|  0%| F|  |TAMS 0x0000000089300000, 0x0000000089300000| Untracked 
| 148|0x0000000089400000, 0x0000000089500000, 0x0000000089500000|100%| S|CS|TAMS 0x0000000089400000, 0x0000000089400000| Complete 
| 149|0x0000000089500000, 0x0000000089600000, 0x0000000089600000|100%| S|CS|TAMS 0x0000000089500000, 0x0000000089500000| Complete 
| 150|0x0000000089600000, 0x0000000089700000, 0x0000000089700000|100%| S|CS|TAMS 0x0000000089600000, 0x0000000089600000| Complete 
| 151|0x0000000089700000, 0x0000000089800000, 0x0000000089800000|100%| S|CS|TAMS 0x0000000089700000, 0x0000000089700000| Complete 
| 152|0x0000000089800000, 0x0000000089900000, 0x0000000089900000|100%| S|CS|TAMS 0x0000000089800000, 0x0000000089800000| Complete 
| 153|0x0000000089900000, 0x0000000089900000, 0x0000000089a00000|  0%| F|  |TAMS 0x0000000089900000, 0x0000000089900000| Untracked 
| 154|0x0000000089a00000, 0x0000000089a00000, 0x0000000089b00000|  0%| F|  |TAMS 0x0000000089a00000, 0x0000000089a00000| Untracked 
| 155|0x0000000089b00000, 0x0000000089b00000, 0x0000000089c00000|  0%| F|  |TAMS 0x0000000089b00000, 0x0000000089b00000| Untracked 
| 156|0x0000000089c00000, 0x0000000089c00000, 0x0000000089d00000|  0%| F|  |TAMS 0x0000000089c00000, 0x0000000089c00000| Untracked 
| 157|0x0000000089d00000, 0x0000000089d00000, 0x0000000089e00000|  0%| F|  |TAMS 0x0000000089d00000, 0x0000000089d00000| Untracked 
| 158|0x0000000089e00000, 0x0000000089e00000, 0x0000000089f00000|  0%| F|  |TAMS 0x0000000089e00000, 0x0000000089e00000| Untracked 
| 159|0x0000000089f00000, 0x0000000089f00000, 0x000000008a000000|  0%| F|  |TAMS 0x0000000089f00000, 0x0000000089f00000| Untracked 
| 160|0x000000008a000000, 0x000000008a000000, 0x000000008a100000|  0%| F|  |TAMS 0x000000008a000000, 0x000000008a000000| Untracked 
| 161|0x000000008a100000, 0x000000008a100000, 0x000000008a200000|  0%| F|  |TAMS 0x000000008a100000, 0x000000008a100000| Untracked 
| 162|0x000000008a200000, 0x000000008a200000, 0x000000008a300000|  0%| F|  |TAMS 0x000000008a200000, 0x000000008a200000| Untracked 
| 163|0x000000008a300000, 0x000000008a300000, 0x000000008a400000|  0%| F|  |TAMS 0x000000008a300000, 0x000000008a300000| Untracked 
| 164|0x000000008a400000, 0x000000008a400000, 0x000000008a500000|  0%| F|  |TAMS 0x000000008a400000, 0x000000008a400000| Untracked 
| 165|0x000000008a500000, 0x000000008a500000, 0x000000008a600000|  0%| F|  |TAMS 0x000000008a500000, 0x000000008a500000| Untracked 
| 166|0x000000008a600000, 0x000000008a600000, 0x000000008a700000|  0%| F|  |TAMS 0x000000008a600000, 0x000000008a600000| Untracked 
| 167|0x000000008a700000, 0x000000008a700000, 0x000000008a800000|  0%| F|  |TAMS 0x000000008a700000, 0x000000008a700000| Untracked 
| 168|0x000000008a800000, 0x000000008a800000, 0x000000008a900000|  0%| F|  |TAMS 0x000000008a800000, 0x000000008a800000| Untracked 
| 169|0x000000008a900000, 0x000000008a900000, 0x000000008aa00000|  0%| F|  |TAMS 0x000000008a900000, 0x000000008a900000| Untracked 
| 170|0x000000008aa00000, 0x000000008aa00000, 0x000000008ab00000|  0%| F|  |TAMS 0x000000008aa00000, 0x000000008aa00000| Untracked 
| 171|0x000000008ab00000, 0x000000008ab00000, 0x000000008ac00000|  0%| F|  |TAMS 0x000000008ab00000, 0x000000008ab00000| Untracked 
| 172|0x000000008ac00000, 0x000000008ac00000, 0x000000008ad00000|  0%| F|  |TAMS 0x000000008ac00000, 0x000000008ac00000| Untracked 
| 173|0x000000008ad00000, 0x000000008ad00000, 0x000000008ae00000|  0%| F|  |TAMS 0x000000008ad00000, 0x000000008ad00000| Untracked 
| 174|0x000000008ae00000, 0x000000008ae00000, 0x000000008af00000|  0%| F|  |TAMS 0x000000008ae00000, 0x000000008ae00000| Untracked 
| 175|0x000000008af00000, 0x000000008af00000, 0x000000008b000000|  0%| F|  |TAMS 0x000000008af00000, 0x000000008af00000| Untracked 
| 176|0x000000008b000000, 0x000000008b000000, 0x000000008b100000|  0%| F|  |TAMS 0x000000008b000000, 0x000000008b000000| Untracked 
| 177|0x000000008b100000, 0x000000008b100000, 0x000000008b200000|  0%| F|  |TAMS 0x000000008b100000, 0x000000008b100000| Untracked 
| 178|0x000000008b200000, 0x000000008b200000, 0x000000008b300000|  0%| F|  |TAMS 0x000000008b200000, 0x000000008b200000| Untracked 
| 179|0x000000008b300000, 0x000000008b300000, 0x000000008b400000|  0%| F|  |TAMS 0x000000008b300000, 0x000000008b300000| Untracked 
| 180|0x000000008b400000, 0x000000008b400000, 0x000000008b500000|  0%| F|  |TAMS 0x000000008b400000, 0x000000008b400000| Untracked 
| 181|0x000000008b500000, 0x000000008b500000, 0x000000008b600000|  0%| F|  |TAMS 0x000000008b500000, 0x000000008b500000| Untracked 
| 182|0x000000008b600000, 0x000000008b600000, 0x000000008b700000|  0%| F|  |TAMS 0x000000008b600000, 0x000000008b600000| Untracked 
| 183|0x000000008b700000, 0x000000008b700000, 0x000000008b800000|  0%| F|  |TAMS 0x000000008b700000, 0x000000008b700000| Untracked 
| 184|0x000000008b800000, 0x000000008b800000, 0x000000008b900000|  0%| F|  |TAMS 0x000000008b800000, 0x000000008b800000| Untracked 
| 185|0x000000008b900000, 0x000000008b900000, 0x000000008ba00000|  0%| F|  |TAMS 0x000000008b900000, 0x000000008b900000| Untracked 
| 186|0x000000008ba00000, 0x000000008ba00000, 0x000000008bb00000|  0%| F|  |TAMS 0x000000008ba00000, 0x000000008ba00000| Untracked 
| 187|0x000000008bb00000, 0x000000008bb00000, 0x000000008bc00000|  0%| F|  |TAMS 0x000000008bb00000, 0x000000008bb00000| Untracked 
| 188|0x000000008bc00000, 0x000000008bc00000, 0x000000008bd00000|  0%| F|  |TAMS 0x000000008bc00000, 0x000000008bc00000| Untracked 

Card table byte_map: [0x0000014fde3c0000,0x0000014fde7c0000] _byte_map_base: 0x0000014fddfc0000

Marking Bits (Prev, Next): (CMBitMap*) 0x0000014fcb5ea330, (CMBitMap*) 0x0000014fcb5ea2f0
 Prev Bits: [0x0000014fe0bc0000, 0x0000014fe2bc0000)
 Next Bits: [0x0000014fdebc0000, 0x0000014fe0bc0000)

Polling page: 0x0000014fcad40000

Metaspace:

Usage:
  Non-class:    101.36 MB used.
      Class:     15.25 MB used.
       Both:    116.61 MB used.

Virtual space:
  Non-class space:      128.00 MB reserved,     101.75 MB ( 79%) committed,  2 nodes.
      Class space:        1.00 GB reserved,      15.56 MB (  2%) committed,  1 nodes.
             Both:        1.12 GB reserved,     117.31 MB ( 10%) committed. 

Chunk freelists:
   Non-Class:  10.27 MB
       Class:  256.00 KB
        Both:  10.52 MB

MaxMetaspaceSize: unlimited
CompressedClassSpaceSize: 1.00 GB
Initial GC threshold: 21.00 MB
Current GC threshold: 195.31 MB
CDS: off
MetaspaceReclaimPolicy: balanced
 - commit_granule_bytes: 65536.
 - commit_granule_words: 8192.
 - virtual_space_node_default_size: 8388608.
 - enlarge_chunks_in_place: 1.
 - new_chunks_are_fully_committed: 0.
 - uncommit_free_chunks: 1.
 - use_allocation_guard: 0.
 - handle_deallocations: 1.


Internal statistics:

num_allocs_failed_limit: 6.
num_arena_births: 838.
num_arena_deaths: 0.
num_vsnodes_births: 3.
num_vsnodes_deaths: 0.
num_space_committed: 1875.
num_space_uncommitted: 0.
num_chunks_returned_to_freelist: 6.
num_chunks_taken_from_freelist: 4860.
num_chunk_merges: 6.
num_chunk_splits: 3733.
num_chunks_enlarged: 3027.
num_inconsistent_stats: 0.

CodeHeap 'non-profiled nmethods': size=120000Kb used=4781Kb max_used=4781Kb free=115218Kb
 bounds [0x0000014fd6530000, 0x0000014fd69e0000, 0x0000014fdda60000]
CodeHeap 'profiled nmethods': size=120000Kb used=17681Kb max_used=17681Kb free=102318Kb
 bounds [0x0000014fcea60000, 0x0000014fcfbb0000, 0x0000014fd5f90000]
CodeHeap 'non-nmethods': size=5760Kb used=2497Kb max_used=2539Kb free=3262Kb
 bounds [0x0000014fd5f90000, 0x0000014fd6220000, 0x0000014fd6530000]
 total_blobs=9941 nmethods=8878 adapters=975
 compilation: enabled
              stopped_count=0, restarted_count=0
 full_count=0

Compilation events (20 events):
Event: 13.553 Thread 0x0000014fe59c5e50 9743   !   2       org.jetbrains.kotlin.metadata.jvm.JvmModuleProtoBuf$Module::<init> (844 bytes)
Event: 13.555 Thread 0x0000014fe59c5e50 nmethod 9743 0x0000014fcfb9c210 code [0x0000014fcfb9c760, 0x0000014fcfb9f6d8]
Event: 13.555 Thread 0x0000014fe59c5e50 9744       2       org.jetbrains.kotlin.metadata.ProtoBuf$StringTable::getDefaultInstance (4 bytes)
Event: 13.555 Thread 0x0000014fe59c5e50 nmethod 9744 0x0000014fcfba0e10 code [0x0000014fcfba0fa0, 0x0000014fcfba1098]
Event: 13.555 Thread 0x0000014fe59c5e50 9745       2       org.jetbrains.kotlin.metadata.ProtoBuf$QualifiedNameTable::getDefaultInstance (4 bytes)
Event: 13.555 Thread 0x0000014fe59c5e50 nmethod 9745 0x0000014fcfba1110 code [0x0000014fcfba12a0, 0x0000014fcfba1398]
Event: 13.556 Thread 0x0000014fe59c5e50 9746       2       org.jetbrains.kotlin.com.intellij.openapi.vfs.impl.jar.CoreJarVirtualFile::getFileSystem (16 bytes)
Event: 13.556 Thread 0x0000014fe59c5e50 nmethod 9746 0x0000014fcfba1410 code [0x0000014fcfba15c0, 0x0000014fcfba1738]
Event: 13.556 Thread 0x0000014fe59c5e50 9747       2       org.jetbrains.kotlin.com.intellij.openapi.vfs.impl.jar.CoreJarHandler::getFileSystem (14 bytes)
Event: 13.556 Thread 0x0000014fe59c5e50 nmethod 9747 0x0000014fcfba1810 code [0x0000014fcfba19a0, 0x0000014fcfba1ae8]
Event: 13.559 Thread 0x0000014fe59c5e50 9748       2       kotlin.collections.MapsKt__MapsKt::getValue (12 bytes)
Event: 13.560 Thread 0x0000014fe59c5e50 nmethod 9748 0x0000014fcfba1b90 code [0x0000014fcfba1d60, 0x0000014fcfba2008]
Event: 13.560 Thread 0x0000014fe59c5e50 9749       2       kotlin.collections.MapsKt__MapWithDefaultKt::getOrImplicitDefaultNullable (90 bytes)
Event: 13.560 Thread 0x0000014fe59c5e50 nmethod 9749 0x0000014fcfba2210 code [0x0000014fcfba24a0, 0x0000014fcfba2b88]
Event: 13.560 Thread 0x0000014fe59c5e50 9750   !   2       org.jetbrains.kotlin.metadata.jvm.deserialization.ModuleMapping$Companion::readVersionNumber (68 bytes)
Event: 13.560 Thread 0x0000014fe59c5e50 nmethod 9750 0x0000014fcfba2f90 code [0x0000014fcfba3180, 0x0000014fcfba35f8]
Event: 13.560 Thread 0x0000014fe59c5e50 9751       2       org.jetbrains.kotlin.metadata.builtins.BuiltInsProtoBuf::registerAllExtensions (85 bytes)
Event: 13.561 Thread 0x0000014fe59c5e50 nmethod 9751 0x0000014fcfba3990 code [0x0000014fcfba3bc0, 0x0000014fcfba3e98]
Event: 13.561 Thread 0x0000014fe59c5e50 9752       2       org.jetbrains.kotlin.cli.jvm.compiler.JvmPackagePartProviderKt$tryLoadModuleMapping$1::<init> (16 bytes)
Event: 13.561 Thread 0x0000014fe59c5e50 nmethod 9752 0x0000014fcfba4090 code [0x0000014fcfba4220, 0x0000014fcfba43d8]

GC Heap History (20 events):
Event: 9.376 GC heap after
{Heap after GC invocations=38 (full 0):
 garbage-first heap   total 178176K, used 86806K [0x0000000080000000, 0x0000000100000000)
  region size 1024K, 1 young (1024K), 1 survivors (1024K)
 Metaspace       used 93804K, committed 94464K, reserved 1179648K
  class space    used 12714K, committed 12992K, reserved 1048576K
}
Event: 9.680 GC heap before
{Heap before GC invocations=38 (full 0):
 garbage-first heap   total 178176K, used 113430K [0x0000000080000000, 0x0000000100000000)
  region size 1024K, 28 young (28672K), 1 survivors (1024K)
 Metaspace       used 96977K, committed 97600K, reserved 1179648K
  class space    used 13136K, committed 13376K, reserved 1048576K
}
Event: 9.683 GC heap after
{Heap after GC invocations=39 (full 0):
 garbage-first heap   total 178176K, used 88444K [0x0000000080000000, 0x0000000100000000)
  region size 1024K, 3 young (3072K), 3 survivors (3072K)
 Metaspace       used 96977K, committed 97600K, reserved 1179648K
  class space    used 13136K, committed 13376K, reserved 1048576K
}
Event: 10.096 GC heap before
{Heap before GC invocations=40 (full 0):
 garbage-first heap   total 178176K, used 145788K [0x0000000080000000, 0x0000000100000000)
  region size 1024K, 58 young (59392K), 3 survivors (3072K)
 Metaspace       used 98891K, committed 99584K, reserved 1179648K
  class space    used 13337K, committed 13632K, reserved 1048576K
}
Event: 10.100 GC heap after
{Heap after GC invocations=41 (full 0):
 garbage-first heap   total 178176K, used 91323K [0x0000000080000000, 0x0000000100000000)
  region size 1024K, 5 young (5120K), 5 survivors (5120K)
 Metaspace       used 98891K, committed 99584K, reserved 1179648K
  class space    used 13337K, committed 13632K, reserved 1048576K
}
Event: 10.840 GC heap before
{Heap before GC invocations=41 (full 0):
 garbage-first heap   total 178176K, used 146619K [0x0000000080000000, 0x0000000100000000)
  region size 1024K, 59 young (60416K), 5 survivors (5120K)
 Metaspace       used 104953K, committed 105600K, reserved 1179648K
  class space    used 13960K, committed 14208K, reserved 1048576K
}
Event: 10.845 GC heap after
{Heap after GC invocations=42 (full 0):
 garbage-first heap   total 178176K, used 95291K [0x0000000080000000, 0x0000000100000000)
  region size 1024K, 7 young (7168K), 7 survivors (7168K)
 Metaspace       used 104953K, committed 105600K, reserved 1179648K
  class space    used 13960K, committed 14208K, reserved 1048576K
}
Event: 11.581 GC heap before
{Heap before GC invocations=43 (full 0):
 garbage-first heap   total 178176K, used 147515K [0x0000000080000000, 0x0000000100000000)
  region size 1024K, 58 young (59392K), 7 survivors (7168K)
 Metaspace       used 112099K, committed 112704K, reserved 1179648K
  class space    used 14793K, committed 15040K, reserved 1048576K
}
Event: 11.585 GC heap after
{Heap after GC invocations=44 (full 0):
 garbage-first heap   total 178176K, used 96464K [0x0000000080000000, 0x0000000100000000)
  region size 1024K, 5 young (5120K), 5 survivors (5120K)
 Metaspace       used 112099K, committed 112704K, reserved 1179648K
  class space    used 14793K, committed 15040K, reserved 1048576K
}
Event: 11.624 GC heap before
{Heap before GC invocations=44 (full 0):
 garbage-first heap   total 178176K, used 98512K [0x0000000080000000, 0x0000000100000000)
  region size 1024K, 8 young (8192K), 5 survivors (5120K)
 Metaspace       used 112631K, committed 113280K, reserved 1179648K
  class space    used 14849K, committed 15104K, reserved 1048576K
}
Event: 11.628 GC heap after
{Heap after GC invocations=45 (full 0):
 garbage-first heap   total 178176K, used 97365K [0x0000000080000000, 0x0000000100000000)
  region size 1024K, 1 young (1024K), 1 survivors (1024K)
 Metaspace       used 112631K, committed 113280K, reserved 1179648K
  class space    used 14849K, committed 15104K, reserved 1048576K
}
Event: 12.646 GC heap before
{Heap before GC invocations=45 (full 0):
 garbage-first heap   total 178176K, used 148565K [0x0000000080000000, 0x0000000100000000)
  region size 1024K, 52 young (53248K), 1 survivors (1024K)
 Metaspace       used 118693K, committed 119360K, reserved 1179648K
  class space    used 15554K, committed 15872K, reserved 1048576K
}
Event: 12.650 GC heap after
{Heap after GC invocations=46 (full 0):
 garbage-first heap   total 178176K, used 100068K [0x0000000080000000, 0x0000000100000000)
  region size 1024K, 4 young (4096K), 4 survivors (4096K)
 Metaspace       used 118693K, committed 119360K, reserved 1179648K
  class space    used 15554K, committed 15872K, reserved 1048576K
}
Event: 13.046 GC heap before
{Heap before GC invocations=47 (full 0):
 garbage-first heap   total 178176K, used 123620K [0x0000000080000000, 0x0000000100000000)
  region size 1024K, 29 young (29696K), 4 survivors (4096K)
 Metaspace       used 119286K, committed 120000K, reserved 1179648K
  class space    used 15618K, committed 15936K, reserved 1048576K
}
Event: 13.051 GC heap after
{Heap after GC invocations=48 (full 0):
 garbage-first heap   total 178176K, used 103329K [0x0000000080000000, 0x0000000100000000)
  region size 1024K, 7 young (7168K), 7 survivors (7168K)
 Metaspace       used 119286K, committed 120000K, reserved 1179648K
  class space    used 15618K, committed 15936K, reserved 1048576K
}
Event: 13.301 GC heap before
{Heap before GC invocations=49 (full 0):
 garbage-first heap   total 193536K, used 154529K [0x0000000080000000, 0x0000000100000000)
  region size 1024K, 48 young (49152K), 7 survivors (7168K)
 Metaspace       used 119312K, committed 120000K, reserved 1179648K
  class space    used 15619K, committed 15936K, reserved 1048576K
}
Event: 13.311 GC heap after
{Heap after GC invocations=50 (full 0):
 garbage-first heap   total 193536K, used 119019K [0x0000000080000000, 0x0000000100000000)
  region size 1024K, 6 young (6144K), 6 survivors (6144K)
 Metaspace       used 119312K, committed 120000K, reserved 1179648K
  class space    used 15619K, committed 15936K, reserved 1048576K
}
Event: 13.319 GC heap before
{Heap before GC invocations=50 (full 0):
 garbage-first heap   total 193536K, used 122091K [0x0000000080000000, 0x0000000100000000)
  region size 1024K, 9 young (9216K), 6 survivors (6144K)
 Metaspace       used 119312K, committed 120000K, reserved 1179648K
  class space    used 15619K, committed 15936K, reserved 1048576K
}
Event: 13.324 GC heap after
{Heap after GC invocations=51 (full 0):
 garbage-first heap   total 193536K, used 120793K [0x0000000080000000, 0x0000000100000000)
  region size 1024K, 2 young (2048K), 2 survivors (2048K)
 Metaspace       used 119312K, committed 120000K, reserved 1179648K
  class space    used 15619K, committed 15936K, reserved 1048576K
}
Event: 13.566 GC heap before
{Heap before GC invocations=51 (full 0):
 garbage-first heap   total 193536K, used 163801K [0x0000000080000000, 0x0000000100000000)
  region size 1024K, 36 young (36864K), 2 survivors (2048K)
 Metaspace       used 119408K, committed 120128K, reserved 1179648K
  class space    used 15619K, committed 15936K, reserved 1048576K
}

Dll operation events (3 events):
Event: 0.006 Loaded shared library C:\Program Files\Android\Android Studio\jbr\bin\java.dll
Event: 0.110 Loaded shared library C:\Program Files\Android\Android Studio\jbr\bin\zip.dll
Event: 0.330 Loaded shared library C:\Program Files\Android\Android Studio\jbr\bin\verify.dll

Deoptimization events (20 events):
Event: 13.474 Thread 0x0000014febd75490 Uncommon trap: trap_request=0xffffffc6 fr.pc=0x0000014fd688f920 relative=0x0000000000000e80
Event: 13.474 Thread 0x0000014febd75490 Uncommon trap: reason=bimorphic_or_optimized_type_check action=maybe_recompile pc=0x0000014fd688f920 method=org.jetbrains.kotlin.storage.LockBasedStorageManager$MapBasedMemoizedFunction.invoke(Ljava/lang/Object;)Ljava/lang/Object; @ 235 c2
Event: 13.474 Thread 0x0000014febd75490 DEOPT PACKING pc=0x0000014fd688f920 sp=0x0000000d0c5f4f00
Event: 13.474 Thread 0x0000014febd75490 DEOPT UNPACKING pc=0x0000014fd5fe69a3 sp=0x0000000d0c5f4eb0 mode 2
Event: 13.474 Thread 0x0000014febd75490 Uncommon trap: trap_request=0xffffffc6 fr.pc=0x0000014fd688f920 relative=0x0000000000000e80
Event: 13.474 Thread 0x0000014febd75490 Uncommon trap: reason=bimorphic_or_optimized_type_check action=maybe_recompile pc=0x0000014fd688f920 method=org.jetbrains.kotlin.storage.LockBasedStorageManager$MapBasedMemoizedFunction.invoke(Ljava/lang/Object;)Ljava/lang/Object; @ 235 c2
Event: 13.474 Thread 0x0000014febd75490 DEOPT PACKING pc=0x0000014fd688f920 sp=0x0000000d0c5f4e70
Event: 13.474 Thread 0x0000014febd75490 DEOPT UNPACKING pc=0x0000014fd5fe69a3 sp=0x0000000d0c5f4e20 mode 2
Event: 13.474 Thread 0x0000014febd75490 Uncommon trap: trap_request=0xffffffc6 fr.pc=0x0000014fd688f920 relative=0x0000000000000e80
Event: 13.474 Thread 0x0000014febd75490 Uncommon trap: reason=bimorphic_or_optimized_type_check action=maybe_recompile pc=0x0000014fd688f920 method=org.jetbrains.kotlin.storage.LockBasedStorageManager$MapBasedMemoizedFunction.invoke(Ljava/lang/Object;)Ljava/lang/Object; @ 235 c2
Event: 13.474 Thread 0x0000014febd75490 DEOPT PACKING pc=0x0000014fd688f920 sp=0x0000000d0c5f4e70
Event: 13.474 Thread 0x0000014febd75490 DEOPT UNPACKING pc=0x0000014fd5fe69a3 sp=0x0000000d0c5f4e20 mode 2
Event: 13.474 Thread 0x0000014febd75490 Uncommon trap: trap_request=0xffffffc6 fr.pc=0x0000014fd688f920 relative=0x0000000000000e80
Event: 13.474 Thread 0x0000014febd75490 Uncommon trap: reason=bimorphic_or_optimized_type_check action=maybe_recompile pc=0x0000014fd688f920 method=org.jetbrains.kotlin.storage.LockBasedStorageManager$MapBasedMemoizedFunction.invoke(Ljava/lang/Object;)Ljava/lang/Object; @ 235 c2
Event: 13.474 Thread 0x0000014febd75490 DEOPT PACKING pc=0x0000014fd688f920 sp=0x0000000d0c5f4e70
Event: 13.474 Thread 0x0000014febd75490 DEOPT UNPACKING pc=0x0000014fd5fe69a3 sp=0x0000000d0c5f4e20 mode 2
Event: 13.489 Thread 0x0000014febd75490 Uncommon trap: trap_request=0xffffff45 fr.pc=0x0000014fd68b5640 relative=0x0000000000002260
Event: 13.489 Thread 0x0000014febd75490 Uncommon trap: reason=unstable_if action=reinterpret pc=0x0000014fd68b5640 method=org.jetbrains.kotlin.metadata.ProtoBuf$ValueParameter.getSerializedSize()I @ 132 c2
Event: 13.489 Thread 0x0000014febd75490 DEOPT PACKING pc=0x0000014fd68b5640 sp=0x0000000d0c5f45a0
Event: 13.489 Thread 0x0000014febd75490 DEOPT UNPACKING pc=0x0000014fd5fe69a3 sp=0x0000000d0c5f4430 mode 2

Classes unloaded (0 events):
No events

Classes redefined (0 events):
No events

Internal exceptions (20 events):
Event: 9.537 Thread 0x0000014febd75490 Exception <a 'java/lang/NoSuchMethodError'{0x0000000089f4ed70}: 'java.lang.Object java.lang.invoke.DirectMethodHandle$Holder.invokeStatic(java.lang.Object, java.lang.Object, java.lang.Object, java.lang.Object, int)'> (0x0000000089f4ed70) 
thrown [s\src\hotspot\share\interpreter\linkResolver.cpp, line 771]
Event: 9.538 Thread 0x0000014febd75490 Exception <a 'java/lang/NoSuchMethodError'{0x0000000089f5a498}: 'java.lang.Object java.lang.invoke.DirectMethodHandle$Holder.newInvokeSpecial(java.lang.Object, java.lang.Object, java.lang.Object, java.lang.Object, int)'> (0x0000000089f5a498) 
thrown [s\src\hotspot\share\interpreter\linkResolver.cpp, line 771]
Event: 9.538 Thread 0x0000014febd75490 Exception <a 'java/lang/NoSuchMethodError'{0x0000000089f60f60}: 'java.lang.Object java.lang.invoke.DirectMethodHandle$Holder.invokeSpecial(java.lang.Object, java.lang.Object, java.lang.Object, java.lang.Object, java.lang.Object, int)'> (0x0000000089f60f60) 
thrown [s\src\hotspot\share\interpreter\linkResolver.cpp, line 771]
Event: 9.538 Thread 0x0000014febd75490 Exception <a 'java/lang/NoSuchMethodError'{0x0000000089f673d8}: 'java.lang.Object java.lang.invoke.Invokers$Holder.linkToTargetMethod(java.lang.Object, java.lang.Object, java.lang.Object, int, java.lang.Object)'> (0x0000000089f673d8) 
thrown [s\src\hotspot\share\interpreter\linkResolver.cpp, line 771]
Event: 10.190 Thread 0x0000014febd75490 Implicit null exception at 0x0000014fd68985bd to 0x0000014fd6898cdc
Event: 10.737 Thread 0x0000014febd75490 Exception <a 'java/lang/NoSuchMethodError'{0x0000000087e8b8d0}: 'java.lang.Object java.lang.invoke.DirectMethodHandle$Holder.newInvokeSpecial(java.lang.Object, java.lang.Object, java.lang.Object, int, int, java.lang.Object, java.lang.Object)'> (0x0000000087e8b8d0) 
thrown [s\src\hotspot\share\interpreter\linkResolver.cpp, line 771]
Event: 12.156 Thread 0x0000014febd75490 Exception <a 'java/lang/NoSuchMethodError'{0x0000000088b47ea8}: static Lorg/gradle/api/internal/catalog/DefaultVersionCatalog;.<clinit>()V> (0x0000000088b47ea8) 
thrown [s\src\hotspot\share\prims\jni.cpp, line 1108]
Event: 12.161 Thread 0x0000014febd75490 Exception <a 'java/lang/NoSuchMethodError'{0x0000000088b993d0}: static [Ljava/lang/Object;.<clinit>()V> (0x0000000088b993d0) 
thrown [s\src\hotspot\share\prims\jni.cpp, line 1108]
Event: 12.163 Thread 0x0000014febd75490 Exception <a 'java/lang/NoSuchMethodError'{0x0000000088bcd500}: static Lorg/gradle/api/internal/catalog/DependencyModel;.<clinit>()V> (0x0000000088bcd500) 
thrown [s\src\hotspot\share\prims\jni.cpp, line 1108]
Event: 12.164 Thread 0x0000014febd75490 Exception <a 'java/lang/NoSuchMethodError'{0x0000000088bd1018}: static Lorg/gradle/api/internal/catalog/AbstractContextAwareModel;.<clinit>()V> (0x0000000088bd1018) 
thrown [s\src\hotspot\share\prims\jni.cpp, line 1108]
Event: 12.165 Thread 0x0000014febd75490 Exception <a 'java/lang/NoSuchMethodError'{0x0000000088beaad0}: static Lorg/gradle/api/internal/artifacts/dependencies/AbstractVersionConstraint;.<clinit>()V> (0x0000000088beaad0) 
thrown [s\src\hotspot\share\prims\jni.cpp, line 1108]
Event: 12.172 Thread 0x0000014febd75490 Exception <a 'java/lang/NoSuchMethodError'{0x0000000088a49e08}: static Lorg/gradle/api/internal/catalog/PluginModel;.<clinit>()V> (0x0000000088a49e08) 
thrown [s\src\hotspot\share\prims\jni.cpp, line 1108]
Event: 12.173 Thread 0x0000014febd75490 Exception <a 'java/lang/NoSuchMethodError'{0x0000000088a60d90}: static Lorg/gradle/api/internal/catalog/VersionModel;.<clinit>()V> (0x0000000088a60d90) 
thrown [s\src\hotspot\share\prims\jni.cpp, line 1108]
Event: 12.245 Thread 0x0000014febd75490 Exception <a 'java/lang/NoSuchMethodError'{0x00000000887e9578}: 'int java.lang.invoke.DirectMethodHandle$Holder.invokeSpecialIFC(java.lang.Object, java.lang.Object, java.lang.Object)'> (0x00000000887e9578) 
thrown [s\src\hotspot\share\interpreter\linkResolver.cpp, line 771]
Event: 12.306 Thread 0x0000014febd75490 Exception <a 'java/lang/NoSuchMethodError'{0x000000008839d910}: 'java.lang.Object java.lang.invoke.DirectMethodHandle$Holder.newInvokeSpecial(java.lang.Object, java.lang.Object, java.lang.Object, java.lang.Object, java.lang.Object, int)'> (0x000000008839d910) 
thrown [s\src\hotspot\share\interpreter\linkResolver.cpp, line 771]
Event: 12.307 Thread 0x0000014febd75490 Exception <a 'java/lang/NoSuchMethodError'{0x00000000883a2fc8}: 'java.lang.Object java.lang.invoke.DirectMethodHandle$Holder.invokeSpecial(java.lang.Object, java.lang.Object, java.lang.Object, java.lang.Object, java.lang.Object, java.lang.Object, int)'> (0x00000000883a2fc8) 
thrown [s\src\hotspot\share\interpreter\linkResolver.cpp, line 771]
Event: 12.311 Thread 0x0000014febd75490 Exception <a 'java/lang/NoSuchMethodError'{0x00000000883d8530}: 'java.lang.Object java.lang.invoke.DirectMethodHandle$Holder.invokeSpecial(java.lang.Object, java.lang.Object, java.lang.Object, java.lang.Object, java.lang.Object, long)'> (0x00000000883d8530) 
thrown [s\src\hotspot\share\interpreter\linkResolver.cpp, line 771]
Event: 12.313 Thread 0x0000014febd75490 Exception <a 'java/lang/NoSuchMethodError'{0x00000000883f9e30}: 'void java.lang.invoke.DirectMethodHandle$Holder.invokeStatic(java.lang.Object, java.lang.Object, java.lang.Object, int, java.lang.Object)'> (0x00000000883f9e30) 
thrown [s\src\hotspot\share\interpreter\linkResolver.cpp, line 771]
Event: 13.041 Thread 0x0000014febd75490 Exception <a 'sun/nio/fs/WindowsException'{0x000000008952cdc8}> (0x000000008952cdc8) 
thrown [s\src\hotspot\share\prims\jni.cpp, line 517]
Event: 13.041 Thread 0x0000014febd75490 Exception <a 'sun/nio/fs/WindowsException'{0x000000008952ee28}> (0x000000008952ee28) 
thrown [s\src\hotspot\share\prims\jni.cpp, line 517]

VM Operations (20 events):
Event: 12.714 Executing VM operation: HandshakeAllThreads done
Event: 12.952 Executing VM operation: ICBufferFull
Event: 12.952 Executing VM operation: ICBufferFull done
Event: 12.952 Executing VM operation: ICBufferFull
Event: 12.952 Executing VM operation: ICBufferFull done
Event: 12.952 Executing VM operation: ICBufferFull
Event: 12.952 Executing VM operation: ICBufferFull done
Event: 13.028 Executing VM operation: HandshakeAllThreads
Event: 13.028 Executing VM operation: HandshakeAllThreads done
Event: 13.046 Executing VM operation: G1TryInitiateConcMark
Event: 13.051 Executing VM operation: G1TryInitiateConcMark done
Event: 13.085 Executing VM operation: G1PauseRemark
Event: 13.090 Executing VM operation: G1PauseRemark done
Event: 13.103 Executing VM operation: G1PauseCleanup
Event: 13.103 Executing VM operation: G1PauseCleanup done
Event: 13.301 Executing VM operation: G1CollectForAllocation
Event: 13.311 Executing VM operation: G1CollectForAllocation done
Event: 13.319 Executing VM operation: G1CollectForAllocation
Event: 13.324 Executing VM operation: G1CollectForAllocation done
Event: 13.566 Executing VM operation: G1CollectForAllocation

Events (20 events):
Event: 12.180 loading class sun/reflect/ReflectionFactory done
Event: 12.180 loading class sun/reflect/ReflectionFactory$1
Event: 12.180 loading class sun/reflect/ReflectionFactory$1 done
Event: 12.333 loading class java/util/LinkedList$LLSpliterator
Event: 12.333 loading class java/util/LinkedList$LLSpliterator done
Event: 12.660 loading class java/util/Collections$ReverseComparator
Event: 12.660 loading class java/util/Collections$ReverseComparator done
Event: 12.660 loading class java/util/Collections$ReverseComparator2
Event: 12.660 loading class java/util/Collections$ReverseComparator2 done
Event: 12.804 Thread 0x0000014fede0e560 Thread added: 0x0000014fede0e560
Event: 12.804 Thread 0x0000014fede14aa0 Thread added: 0x0000014fede14aa0
Event: 12.804 Thread 0x0000014fede0ea70 Thread added: 0x0000014fede0ea70
Event: 12.804 Thread 0x0000014fede0ef80 Thread added: 0x0000014fede0ef80
Event: 12.805 Thread 0x0000014fede0d630 Thread added: 0x0000014fede0d630
Event: 12.805 Thread 0x0000014fede12c40 Thread added: 0x0000014fede12c40
Event: 12.805 Thread 0x0000014fede13660 Thread added: 0x0000014fede13660
Event: 12.805 Thread 0x0000014fede0f9a0 Thread added: 0x0000014fede0f9a0
Event: 12.805 Thread 0x0000014fede0feb0 Thread added: 0x0000014fede0feb0
Event: 12.805 Thread 0x0000014fede14fb0 Thread added: 0x0000014fede14fb0
Event: 12.805 Thread 0x0000014fede13150 Thread added: 0x0000014fede13150


Dynamic libraries:
0x00007ff68f500000 - 0x00007ff68f50a000 	C:\Program Files\Android\Android Studio\jbr\bin\java.exe
0x00007ffddf3d0000 - 0x00007ffddf5e7000 	C:\Windows\SYSTEM32\ntdll.dll
0x00007ffddd640000 - 0x00007ffddd704000 	C:\Windows\System32\KERNEL32.DLL
0x00007ffddc770000 - 0x00007ffddcb1d000 	C:\Windows\System32\KERNELBASE.dll
0x00007ffddcfe0000 - 0x00007ffddd0f1000 	C:\Windows\System32\ucrtbase.dll
0x00007ffdb1950000 - 0x00007ffdb1967000 	C:\Program Files\Android\Android Studio\jbr\bin\jli.dll
0x00007ffdd08d0000 - 0x00007ffdd08eb000 	C:\Program Files\Android\Android Studio\jbr\bin\VCRUNTIME140.dll
0x00007ffddf0c0000 - 0x00007ffddf26e000 	C:\Windows\System32\USER32.dll
0x00007ffddcc70000 - 0x00007ffddcc96000 	C:\Windows\System32\win32u.dll
0x00007ffddba50000 - 0x00007ffddbce3000 	C:\Windows\WinSxS\amd64_microsoft.windows.common-controls_6595b64144ccf1df_6.0.22621.3672_none_2713b9d173822955\COMCTL32.dll
0x00007ffdde430000 - 0x00007ffdde459000 	C:\Windows\System32\GDI32.dll
0x00007ffddd590000 - 0x00007ffddd637000 	C:\Windows\System32\msvcrt.dll
0x00007ffddcb20000 - 0x00007ffddcc39000 	C:\Windows\System32\gdi32full.dll
0x00007ffddcf40000 - 0x00007ffddcfda000 	C:\Windows\System32\msvcp_win.dll
0x00007ffddd550000 - 0x00007ffddd581000 	C:\Windows\System32\IMM32.DLL
0x00007ffdd8a10000 - 0x00007ffdd8a1c000 	C:\Program Files\Android\Android Studio\jbr\bin\vcruntime140_1.dll
0x00007ffd95520000 - 0x00007ffd955ad000 	C:\Program Files\Android\Android Studio\jbr\bin\msvcp140.dll
0x00007ffd4f010000 - 0x00007ffd4fc93000 	C:\Program Files\Android\Android Studio\jbr\bin\server\jvm.dll
0x00007ffddf270000 - 0x00007ffddf322000 	C:\Windows\System32\ADVAPI32.dll
0x00007ffdddf30000 - 0x00007ffdddfd9000 	C:\Windows\System32\sechost.dll
0x00007ffddcc40000 - 0x00007ffddcc68000 	C:\Windows\System32\bcrypt.dll
0x00007ffddd730000 - 0x00007ffddd844000 	C:\Windows\System32\RPCRT4.dll
0x00007ffddc000000 - 0x00007ffddc04d000 	C:\Windows\SYSTEM32\POWRPROF.dll
0x00007ffdb9d20000 - 0x00007ffdb9d29000 	C:\Windows\SYSTEM32\WSOCK32.dll
0x00007ffdd89c0000 - 0x00007ffdd89f4000 	C:\Windows\SYSTEM32\WINMM.dll
0x00007ffddb000000 - 0x00007ffddb00a000 	C:\Windows\SYSTEM32\VERSION.dll
0x00007ffdde470000 - 0x00007ffdde4e1000 	C:\Windows\System32\WS2_32.dll
0x00007ffddbed0000 - 0x00007ffddbee3000 	C:\Windows\SYSTEM32\UMPDC.dll
0x00007ffdda780000 - 0x00007ffdda798000 	C:\Windows\SYSTEM32\kernel.appcore.dll
0x00007ffdd3b10000 - 0x00007ffdd3b1a000 	C:\Program Files\Android\Android Studio\jbr\bin\jimage.dll
0x00007ffddc050000 - 0x00007ffddc282000 	C:\Windows\SYSTEM32\DBGHELP.DLL
0x00007ffddd1c0000 - 0x00007ffddd54e000 	C:\Windows\System32\combase.dll
0x00007ffdddfe0000 - 0x00007ffdde0b7000 	C:\Windows\System32\OLEAUT32.dll
0x00007ffddbef0000 - 0x00007ffddbf22000 	C:\Windows\SYSTEM32\dbgcore.DLL
0x00007ffddc6f0000 - 0x00007ffddc76b000 	C:\Windows\System32\bcryptPrimitives.dll
0x00007ffdca760000 - 0x00007ffdca76e000 	C:\Program Files\Android\Android Studio\jbr\bin\instrument.dll
0x00007ffdc4730000 - 0x00007ffdc4755000 	C:\Program Files\Android\Android Studio\jbr\bin\java.dll
0x00007ffdc4690000 - 0x00007ffdc46a8000 	C:\Program Files\Android\Android Studio\jbr\bin\zip.dll
0x00007ffdde750000 - 0x00007ffddefb7000 	C:\Windows\System32\SHELL32.dll
0x00007ffdd96f0000 - 0x00007ffdd9fef000 	C:\Windows\SYSTEM32\windows.storage.dll
0x00007ffdd95b0000 - 0x00007ffdd96ef000 	C:\Windows\SYSTEM32\wintypes.dll
0x00007ffddefc0000 - 0x00007ffddf0b9000 	C:\Windows\System32\SHCORE.dll
0x00007ffddded0000 - 0x00007ffdddf2e000 	C:\Windows\System32\shlwapi.dll
0x00007ffddc620000 - 0x00007ffddc647000 	C:\Windows\SYSTEM32\profapi.dll
0x00007ffdc4670000 - 0x00007ffdc4689000 	C:\Program Files\Android\Android Studio\jbr\bin\net.dll
0x00007ffdd6890000 - 0x00007ffdd69c6000 	C:\Windows\SYSTEM32\WINHTTP.dll
0x00007ffddab90000 - 0x00007ffddabf9000 	C:\Windows\system32\mswsock.dll
0x00007ffdb5290000 - 0x00007ffdb52a6000 	C:\Program Files\Android\Android Studio\jbr\bin\nio.dll
0x00007ffdcae40000 - 0x00007ffdcae50000 	C:\Program Files\Android\Android Studio\jbr\bin\verify.dll
0x00007ffdd7370000 - 0x00007ffdd7397000 	C:\Users\alexeycode\.gradle\native\c067742578af261105cb4f569cf0c3c89f3d7b1fecec35dd04571415982c5e48\windows-amd64\native-platform.dll
0x00007ffd92eb0000 - 0x00007ffd92ff4000 	C:\Users\alexeycode\.gradle\native\38dada09dfb8b06ba9b0570ebf7e218e3eb74d4ef43ca46872605cf95ebc2f47\windows-amd64\native-platform-file-events.dll
0x00007ffdd0630000 - 0x00007ffdd0639000 	C:\Program Files\Android\Android Studio\jbr\bin\management.dll
0x00007ffdcf8c0000 - 0x00007ffdcf8cb000 	C:\Program Files\Android\Android Studio\jbr\bin\management_ext.dll
0x00007ffdde460000 - 0x00007ffdde468000 	C:\Windows\System32\PSAPI.DLL
0x00007ffddc390000 - 0x00007ffddc3ab000 	C:\Windows\SYSTEM32\CRYPTSP.dll
0x00007ffdda890000 - 0x00007ffdda8c5000 	C:\Windows\system32\rsaenh.dll
0x00007ffddac30000 - 0x00007ffddac58000 	C:\Windows\SYSTEM32\USERENV.dll
0x00007ffddaec0000 - 0x00007ffddaecc000 	C:\Windows\SYSTEM32\CRYPTBASE.dll
0x00007ffdda290000 - 0x00007ffdda2bd000 	C:\Windows\SYSTEM32\IPHLPAPI.DLL
0x00007ffddd9d0000 - 0x00007ffddd9d9000 	C:\Windows\System32\NSI.dll
0x00007ffdd66e0000 - 0x00007ffdd66f9000 	C:\Windows\SYSTEM32\dhcpcsvc6.DLL
0x00007ffdd6580000 - 0x00007ffdd659f000 	C:\Windows\SYSTEM32\dhcpcsvc.DLL
0x00007ffdda2c0000 - 0x00007ffdda3b8000 	C:\Windows\SYSTEM32\DNSAPI.dll
0x00007ffdcacc0000 - 0x00007ffdcacc8000 	C:\Windows\system32\wshunix.dll

dbghelp: loaded successfully - version: 4.0.5 - missing functions: none
symbol engine: initialized successfully - sym options: 0x614 - pdb path: .;C:\Program Files\Android\Android Studio\jbr\bin;C:\Windows\SYSTEM32;C:\Windows\WinSxS\amd64_microsoft.windows.common-controls_6595b64144ccf1df_6.0.22621.3672_none_2713b9d173822955;C:\Program Files\Android\Android Studio\jbr\bin\server;C:\Users\alexeycode\.gradle\native\c067742578af261105cb4f569cf0c3c89f3d7b1fecec35dd04571415982c5e48\windows-amd64;C:\Users\alexeycode\.gradle\native\38dada09dfb8b06ba9b0570ebf7e218e3eb74d4ef43ca46872605cf95ebc2f47\windows-amd64

VM Arguments:
jvm_args: --add-opens=java.base/java.util=ALL-UNNAMED --add-opens=java.base/java.lang=ALL-UNNAMED --add-opens=java.base/java.lang.invoke=ALL-UNNAMED --add-opens=java.prefs/java.util.prefs=ALL-UNNAMED --add-opens=java.base/java.nio.charset=ALL-UNNAMED --add-opens=java.base/java.net=ALL-UNNAMED --add-opens=java.base/java.util.concurrent.atomic=ALL-UNNAMED -Xmx2048m -Dfile.encoding=UTF-8 -Duser.country=RU -Duser.language=ru -Duser.variant -javaagent:C:\Users\alexeycode\.gradle\wrapper\dists\gradle-8.4-bin\1w5dpkrfk8irigvoxmyhowfim\gradle-8.4\lib\agents\gradle-instrumentation-agent-8.4.jar 
java_command: org.gradle.launcher.daemon.bootstrap.GradleDaemon 8.4
java_class_path (initial): C:\Users\alexeycode\.gradle\wrapper\dists\gradle-8.4-bin\1w5dpkrfk8irigvoxmyhowfim\gradle-8.4\lib\gradle-launcher-8.4.jar
Launcher Type: SUN_STANDARD

[Global flags]
     intx CICompilerCount                          = 4                                         {product} {ergonomic}
     uint ConcGCThreads                            = 3                                         {product} {ergonomic}
     uint G1ConcRefinementThreads                  = 10                                        {product} {ergonomic}
   size_t G1HeapRegionSize                         = 1048576                                   {product} {ergonomic}
    uintx GCDrainStackTargetSize                   = 64                                        {product} {ergonomic}
   size_t InitialHeapSize                          = 123731968                                 {product} {ergonomic}
   size_t MarkStackSize                            = 4194304                                   {product} {ergonomic}
   size_t MaxHeapSize                              = 2147483648                                {product} {command line}
   size_t MaxNewSize                               = 1287651328                                {product} {ergonomic}
   size_t MinHeapDeltaBytes                        = 1048576                                   {product} {ergonomic}
   size_t MinHeapSize                              = 8388608                                   {product} {ergonomic}
    uintx NonNMethodCodeHeapSize                   = 5839372                                {pd product} {ergonomic}
    uintx NonProfiledCodeHeapSize                  = 122909434                              {pd product} {ergonomic}
    uintx ProfiledCodeHeapSize                     = 122909434                              {pd product} {ergonomic}
    uintx ReservedCodeCacheSize                    = 251658240                              {pd product} {ergonomic}
     bool SegmentedCodeCache                       = true                                      {product} {ergonomic}
   size_t SoftMaxHeapSize                          = 2147483648                             {manageable} {ergonomic}
     bool UseCompressedClassPointers               = true                           {product lp64_product} {ergonomic}
     bool UseCompressedOops                        = true                           {product lp64_product} {ergonomic}
     bool UseG1GC                                  = true                                      {product} {ergonomic}
     bool UseLargePagesIndividualAllocation        = false                                  {pd product} {ergonomic}

Logging:
Log output configuration:
 #0: stdout all=warning uptime,level,tags
 #1: stderr all=off uptime,level,tags

Environment Variables:
PATH=C:\Program Files\Common Files\Oracle\Java\javapath;C:\Program Files\Microsoft\jdk-11.0.16.101-hotspot\bin;C:\Windows\system32;C:\Windows;C:\Windows\System32\Wbem;C:\Windows\System32\WindowsPowerShell\v1.0\;C:\Windows\System32\OpenSSH\;C:\Program Files (x86)\Windows Kits\10\Windows Performance Toolkit\;C:\Program Files\Git\cmd;C:\Program Files\Docker\Docker\resources\bin;C:\Program Files\LLVM\bin;C:\Program Files\CMake\bin;C:\Program Files (x86)\Android\android-sdk\platform-tools;C:\Program Files\ninja-win;C:\make-4.4\make-4.4;C:\Program Files\Cloudflare\Cloudflare WARP\;C:\Users\alexeycode\AppData\Local\Microsoft\WindowsApps;C:\Users\alexeycode\AppData\Local\GitHubDesktop\bin;C:\Users\alexeycode\AppData\Local\Programs\Microsoft VS Code\bin;C:\Users\alexeycode\AppData\Local\JetBrains\Toolbox\scripts;
USERNAME=alexeycode
OS=Windows_NT
PROCESSOR_IDENTIFIER=AMD64 Family 23 Model 104 Stepping 1, AuthenticAMD
TMP=C:\Users\ALEXEY~1\AppData\Local\Temp
TEMP=C:\Users\ALEXEY~1\AppData\Local\Temp



Periodic native trim disabled

JNI global refs:
JNI global refs: 28, weak refs: 13

JNI global refs memory usage: 843, weak refs: 841

OOME stack traces (most recent first):
Classloader memory used:
Loader org.gradle.internal.classloader.VisitableURLClassLoader                         : 10958K
Loader bootstrap                                                                       : 2540K
Loader org.gradle.initialization.MixInLegacyTypesClassLoader                           : 1057K
Loader org.gradle.internal.classloader.VisitableURLClassLoader$InstrumentingVisitableURLClassLoader: 100966B
Loader org.gradle.internal.classloader.VisitableURLClassLoader                         : 89781B
Loader jdk.internal.loader.ClassLoaders$PlatformClassLoader                            : 66942B
Loader jdk.internal.jrtfs.JrtFileSystemProvider$JrtFsLoader                            : 41127B
Loader jdk.internal.reflect.DelegatingClassLoader                                      : 33997B
Loader jdk.internal.loader.ClassLoaders$AppClassLoader                                 : 28118B
Loader org.gradle.groovy.scripts.internal.DefaultScriptCompilationHandler$ScriptClassLoader: 10919B
Loader org.codehaus.groovy.runtime.callsite.CallSiteClassLoader                        : 6362B

Classes loaded by more than one classloader:
Class org.gradle.internal.Cast                                                        : loaded 3 times (x 69B)
Class Program                                                                         : loaded 3 times (x 70B)
Class org.gradle.api.GradleException                                                  : loaded 3 times (x 80B)
Class org.gradle.internal.classpath.ClassPath                                         : loaded 2 times (x 68B)
Class org.gradle.api.internal.classpath.DefaultModuleRegistry                         : loaded 2 times (x 84B)
Class org.gradle.internal.exceptions.NonGradleCauseExceptionsHolder                   : loaded 2 times (x 68B)
Class Settings_gradle$1$1                                                             : loaded 2 times (x 72B)
Class com.intellij.openapi.externalSystem.model.ExternalSystemException               : loaded 2 times (x 84B)
Class jdk.internal.jimage.BasicImageReader$1                                          : loaded 2 times (x 75B)
Class org.gradle.api.Action                                                           : loaded 2 times (x 68B)
Class sync_studio_tooling5439_8wsapzquoelzqfjb9ragskw2w$_run_closure1                 : loaded 2 times (x 137B)
Class org.jetbrains.kotlin.idea.gradleTooling.model.samWithReceiver.SamWithReceiverModel: loaded 2 times (x 68B)
Class org.jetbrains.plugins.gradle.model.ExternalProject                              : loaded 2 times (x 68B)
Class org.jetbrains.plugins.gradle.model.IntelliJSettings                             : loaded 2 times (x 68B)
Class jdk.internal.jimage.ImageBufferCache$1                                          : loaded 2 times (x 78B)
Class jdk.internal.jimage.ImageBufferCache$2                                          : loaded 2 times (x 89B)
Class org.jetbrains.kotlin.idea.gradleTooling.KotlinMPPGradleModel                    : loaded 2 times (x 68B)
Class org.gradle.api.internal.DefaultClassPathProvider                                : loaded 2 times (x 74B)
Class org.gradle.internal.installation.GradleInstallation$1                           : loaded 2 times (x 73B)
Class jdk.internal.jrtfs.SystemImage$1                                                : loaded 2 times (x 76B)
Class jdk.internal.jrtfs.SystemImage$2                                                : loaded 2 times (x 74B)
Class org.gradle.internal.exceptions.DefaultMultiCauseException                       : loaded 2 times (x 89B)
Class org.gradle.tooling.model.UnsupportedMethodException                             : loaded 2 times (x 80B)
Class org.gradle.internal.time.MonotonicClock                                         : loaded 2 times (x 75B)
Class org.gradle.internal.classloader.FilteringClassLoader                            : loaded 2 times (x 103B)
Class jdk.internal.jimage.ImageReader$Resource                                        : loaded 2 times (x 82B)
Class jdk.internal.jrtfs.SystemImage                                                  : loaded 2 times (x 72B)
Class org.gradle.tooling.model.Model                                                  : loaded 2 times (x 68B)
Class org.gradle.internal.classpath.DefaultClassPath$ImmutableUniqueList$Builder      : loaded 2 times (x 73B)
Class org.jetbrains.kotlin.idea.gradleTooling.KotlinSourceSetContainer                : loaded 2 times (x 68B)
Class jdk.internal.jrtfs.JrtDirectoryStream$1                                         : loaded 2 times (x 81B)
Class org.gradle.internal.classloader.ClassLoaderVisitor                              : loaded 2 times (x 74B)
Class org.gradle.internal.time.DefaultCountdownTimer                                  : loaded 2 times (x 86B)
Class org.gradle.internal.service.DefaultServiceLocator                               : loaded 2 times (x 81B)
Class org.gradle.internal.service.UnknownServiceException                             : loaded 2 times (x 81B)
Class org.jetbrains.plugins.gradle.model.DependencyAccessorsModel                     : loaded 2 times (x 68B)
Class org.gradle.internal.classloader.DefaultClassLoaderFactory                       : loaded 2 times (x 80B)
Class jdk.internal.jimage.ImageReader$SharedImageReader                               : loaded 2 times (x 93B)
Class org.jetbrains.plugins.gradle.model.GradleExtensions                             : loaded 2 times (x 68B)
Class jdk.internal.jimage.decompressor.ZipDecompressorFactory                         : loaded 2 times (x 72B)
Class org.jetbrains.plugins.gradle.model.VersionCatalogsModel                         : loaded 2 times (x 68B)
Class org.gradle.internal.classloader.VisitableURLClassLoader$Spec                    : loaded 2 times (x 72B)
Class org.gradle.tooling.model.ProjectModel                                           : loaded 2 times (x 68B)
Class org.jetbrains.plugins.gradle.model.MavenRepositoryModel                         : loaded 2 times (x 68B)
Class org.gradle.tooling.internal.gradle.DefaultProjectIdentifier                     : loaded 2 times (x 84B)
Class org.gradle.util.GradleVersion                                                   : loaded 2 times (x 81B)
Class org.jetbrains.plugins.gradle.model.RepositoriesModel                            : loaded 2 times (x 68B)
Class kotlin.jvm.internal.markers.KMappedMarker                                       : loaded 2 times (x 68B)
Class org.gradle.api.internal.ClassPathProvider                                       : loaded 2 times (x 68B)
Class org.gradle.internal.classloader.ClasspathUtil$1                                 : loaded 2 times (x 74B)
Class org.gradle.internal.classloader.ClassLoaderFactory                              : loaded 2 times (x 68B)
Class jdk.internal.jimage.ImageHeader                                                 : loaded 2 times (x 69B)
Class org.gradle.api.internal.classpath.ManifestUtil                                  : loaded 2 times (x 69B)
Class org.gradle.api.specs.Spec                                                       : loaded 2 times (x 68B)
Class org.gradle.tooling.internal.gradle.GradleBuildIdentity                          : loaded 2 times (x 68B)
Class org.gradle.internal.IoActions                                                   : loaded 2 times (x 69B)
Class jdk.internal.jimage.decompressor.StringSharingDecompressorFactory               : loaded 2 times (x 72B)
Class org.gradle.api.internal.classpath.EffectiveClassPath                            : loaded 2 times (x 88B)
Class kotlin.jvm.internal.DefaultConstructorMarker                                    : loaded 2 times (x 69B)
Class org.jetbrains.kotlin.idea.gradleTooling.model.annotation.AnnotationBasedPluginModel: loaded 2 times (x 68B)
Class org.jetbrains.kotlin.idea.gradleTooling.model.assignment.AssignmentModel        : loaded 2 times (x 68B)
Class org.gradle.internal.installation.CurrentGradleInstallation                      : loaded 2 times (x 71B)
Class org.gradle.internal.agents.InstrumentingClassLoader                             : loaded 2 times (x 68B)
Class org.gradle.internal.installation.CurrentGradleInstallationLocator               : loaded 2 times (x 69B)
Class org.gradle.api.internal.classpath.Module                                        : loaded 2 times (x 68B)
Class ijInit4_dsgjcs3i55w9wtnsnl518t41l                                               : loaded 2 times (x 177B)
Class org.gradle.internal.service.CachingServiceLocator                               : loaded 2 times (x 80B)
Class org.gradle.internal.time.Timer                                                  : loaded 2 times (x 68B)
Class org.jetbrains.plugins.gradle.model.tests.ExternalTestsModel                     : loaded 2 times (x 68B)
Class org.jetbrains.kotlin.idea.gradleTooling.KotlinDslScriptAdditionalTask           : loaded 2 times (x 68B)
Class org.gradle.internal.classpath.DefaultClassPath                                  : loaded 2 times (x 88B)
Class jdk.internal.jimage.BasicImageReader                                            : loaded 2 times (x 93B)
Class com.intellij.openapi.externalSystem.model.project.dependencies.ProjectDependencies: loaded 2 times (x 68B)
Class org.jetbrains.kotlin.idea.gradleTooling.PrepareKotlinIdeImportTaskModel         : loaded 2 times (x 68B)
Class jdk.internal.jimage.ImageLocation                                               : loaded 2 times (x 88B)
Class org.gradle.internal.impldep.com.google.common.base.Preconditions                : loaded 2 times (x 69B)
Class kotlin.jvm.functions.Function1                                                  : loaded 2 times (x 68B)
Class jdk.internal.jimage.ImageReader$Node                                            : loaded 2 times (x 82B)
Class org.gradle.internal.time.Time                                                   : loaded 2 times (x 69B)
Class jdk.internal.jimage.decompressor.CompressedResourceHeader                       : loaded 2 times (x 69B)
Class org.gradle.internal.time.TimeSource$1                                           : loaded 2 times (x 75B)
Class jdk.internal.jrtfs.JrtPath                                                      : loaded 2 times (x 116B)
Class jdk.internal.jimage.ImageStrings                                                : loaded 2 times (x 68B)
Class jdk.internal.jrtfs.JrtFileAttributes                                            : loaded 2 times (x 81B)
Class org.gradle.internal.classloader.SystemClassLoaderSpec                           : loaded 2 times (x 69B)
Class jdk.internal.jimage.decompressor.ResourceDecompressorRepository                 : loaded 2 times (x 69B)
Class kotlin.Function                                                                 : loaded 2 times (x 68B)
Class org.gradle.api.UncheckedIOException                                             : loaded 2 times (x 80B)
Class jdk.internal.jimage.decompressor.ResourceDecompressor$StringsProvider           : loaded 2 times (x 68B)
Class org.gradle.api.internal.classpath.ModuleRegistry                                : loaded 2 times (x 68B)
Class sync_studio_tooling5439_8wsapzquoelzqfjb9ragskw2w                               : loaded 2 times (x 177B)
Class jdk.internal.jimage.decompressor.Decompressor                                   : loaded 2 times (x 70B)
Class jdk.internal.jrtfs.JrtFileSystem                                                : loaded 2 times (x 100B)
Class org.gradle.tooling.internal.gradle.GradleProjectIdentity                        : loaded 2 times (x 68B)
Class jdk.internal.jrtfs.JrtFileSystemProvider                                        : loaded 2 times (x 97B)
Class org.gradle.internal.time.CountdownTimer                                         : loaded 2 times (x 68B)
Class org.gradle.internal.time.Clock                                                  : loaded 2 times (x 68B)
Class org.gradle.internal.classloader.ClasspathUtil                                   : loaded 2 times (x 69B)
Class jdk.internal.jrtfs.JrtDirectoryStream                                           : loaded 2 times (x 87B)
Class org.gradle.tooling.model.BuildIdentifier                                        : loaded 2 times (x 68B)
Class jdk.internal.jimage.decompressor.ResourceDecompressor                           : loaded 2 times (x 68B)
Class org.gradle.api.internal.DefaultClassPathRegistry                                : loaded 2 times (x 74B)
Class org.gradle.api.internal.classpath.DefaultModuleRegistry$DefaultModule           : loaded 2 times (x 84B)
Class org.gradle.internal.time.TimeSource                                             : loaded 2 times (x 68B)
Class org.jetbrains.kotlin.android.synthetic.idea.AndroidExtensionsGradleModel        : loaded 2 times (x 68B)
Class org.gradle.api.internal.classpath.UnknownModuleException                        : loaded 2 times (x 80B)
Class org.jetbrains.plugins.gradle.model.IntelliJProjectSettings                      : loaded 2 times (x 68B)
Class org.gradle.internal.service.ServiceLookupException                              : loaded 2 times (x 80B)
Class jdk.internal.jimage.ImageStringsReader                                          : loaded 2 times (x 78B)
Class org.gradle.cache.GlobalCache                                                    : loaded 2 times (x 68B)
Class jdk.internal.jimage.decompressor.ResourceDecompressorFactory                    : loaded 2 times (x 72B)
Class org.jetbrains.kotlin.idea.gradleTooling.model.lombok.LombokModel                : loaded 2 times (x 68B)
Class org.gradle.tooling.model.ProjectIdentifier                                      : loaded 2 times (x 68B)
Class [Lorg.gradle.api.internal.ClassPathProvider;                                    : loaded 2 times (x 67B)
Class jdk.internal.jimage.ImageReader$SharedImageReader$LocationVisitor               : loaded 2 times (x 68B)
Class org.gradle.internal.operations.MultipleBuildOperationFailures                   : loaded 2 times (x 89B)
Class org.gradle.util.internal.GUtil                                                  : loaded 2 times (x 69B)
Class jdk.internal.jimage.decompressor.ZipDecompressor                                : loaded 2 times (x 73B)
Class org.jetbrains.plugins.gradle.model.AnnotationProcessingModel                    : loaded 2 times (x 68B)
Class org.gradle.internal.classloader.ClassLoaderSpec                                 : loaded 2 times (x 69B)
Class org.jetbrains.plugins.gradle.model.BuildScriptClasspathModel                    : loaded 2 times (x 68B)
Class org.gradle.internal.classloader.VisitableURLClassLoader                         : loaded 2 times (x 115B)
Class org.gradle.internal.installation.GradleInstallation                             : loaded 2 times (x 73B)
Class org.gradle.api.internal.ClassPathRegistry                                       : loaded 2 times (x 68B)
Class org.gradle.internal.classloader.VisitableURLClassLoader$InstrumentingVisitableURLClassLoader: loaded 2 times (x 121B)
Class org.gradle.internal.classloader.ClassLoaderHierarchy                            : loaded 2 times (x 68B)
Class org.gradle.internal.exceptions.MultiCauseException                              : loaded 2 times (x 68B)
Class jdk.internal.jimage.ImageReader                                                 : loaded 2 times (x 73B)
Class org.jetbrains.kotlin.idea.gradleTooling.model.parcelize.ParcelizeGradleModel    : loaded 2 times (x 68B)
Class org.gradle.internal.InternalTransformer                                         : loaded 2 times (x 68B)
Class org.jetbrains.kotlin.idea.gradleTooling.model.noarg.NoArgModel                  : loaded 2 times (x 68B)
Class org.jetbrains.kotlin.idea.gradleTooling.KotlinGradleModel                       : loaded 2 times (x 68B)
Class org.gradle.tooling.internal.gradle.DefaultBuildIdentifier                       : loaded 2 times (x 77B)
Class org.gradle.internal.service.ServiceLocator                                      : loaded 2 times (x 68B)
Class Settings_gradle$1                                                               : loaded 2 times (x 72B)
Class org.jetbrains.kotlin.idea.gradleTooling.model.allopen.AllOpenModel              : loaded 2 times (x 68B)
Class org.gradle.internal.classpath.DefaultClassPath$ImmutableUniqueList              : loaded 2 times (x 159B)
Class jdk.internal.jimage.ImageBufferCache                                            : loaded 2 times (x 69B)
Class org.gradle.internal.time.DefaultTimer                                           : loaded 2 times (x 78B)
Class org.gradle.internal.classpath.TransformedClassPath                              : loaded 2 times (x 94B)
Class Settings_gradle                                                                 : loaded 2 times (x 126B)
Class jdk.internal.jimage.ImageReader$Directory                                       : loaded 2 times (x 82B)


---------------  S Y S T E M  ---------------

OS:
 Windows 11 , 64 bit Build 22621 (10.0.22621.3958)
OS uptime: 1 days 17:07 hours
Hyper-V role detected

CPU: total 12 (initial active 12) (12 cores per cpu, 2 threads per core) family 23 model 104 stepping 1 microcode 0x0, cx8, cmov, fxsr, ht, mmx, 3dnowpref, sse, sse2, sse3, ssse3, sse4a, sse4.1, sse4.2, popcnt, lzcnt, tsc, tscinvbit, avx, avx2, aes, clmul, bmi1, bmi2, adx, sha, fma, vzeroupper, clflush, clflushopt, hv
Processor Information for processor 0
  Max Mhz: 2100, Current Mhz: 2100, Mhz Limit: 2100
Processor Information for processor 1
  Max Mhz: 2100, Current Mhz: 1988, Mhz Limit: 2100
Processor Information for processor 2
  Max Mhz: 2100, Current Mhz: 2100, Mhz Limit: 2100
Processor Information for processor 3
  Max Mhz: 2100, Current Mhz: 2100, Mhz Limit: 2100
Processor Information for processor 4
  Max Mhz: 2100, Current Mhz: 2100, Mhz Limit: 2100
Processor Information for processor 5
  Max Mhz: 2100, Current Mhz: 2100, Mhz Limit: 2100
Processor Information for processor 6
  Max Mhz: 2100, Current Mhz: 2100, Mhz Limit: 2100
Processor Information for processor 7
  Max Mhz: 2100, Current Mhz: 1988, Mhz Limit: 2100
Processor Information for processor 8
  Max Mhz: 2100, Current Mhz: 2100, Mhz Limit: 2100
Processor Information for processor 9
  Max Mhz: 2100, Current Mhz: 1988, Mhz Limit: 2100
Processor Information for processor 10
  Max Mhz: 2100, Current Mhz: 2100, Mhz Limit: 2100
Processor Information for processor 11
  Max Mhz: 2100, Current Mhz: 1988, Mhz Limit: 2100

Memory: 4k page, system-wide physical 7514M (246M free)
TotalPageFile size 31066M (AvailPageFile size 85M)
current process WorkingSet (physical memory assigned to process): 468M, peak: 468M
current process commit charge ("private bytes"): 504M, peak: 718M

vm_info: OpenJDK 64-Bit Server VM (17.0.9+0--11185874) for windows-amd64 JRE (17.0.9+0--11185874), built on Dec  6 2023 18:57:44 by "androidbuild" with MS VC++ 16.10 / 16.11 (VS2019)

END.
