#
# There is insufficient memory for the Java Runtime Environment to continue.
# Native memory allocation (mmap) failed to map 176160768 bytes for G1 virtual space
# Possible reasons:
#   The system is out of physical RAM or swap space
#   The process is running with CompressedOops enabled, and the Java Heap may be blocking the growth of the native heap
# Possible solutions:
#   Reduce memory load on the system
#   Increase physical memory or swap space
#   Check if swap backing store is full
#   Decrease Java heap size (-Xmx/-Xms)
#   Decrease number of Java threads
#   Decrease Java thread stack sizes (-Xss)
#   Set larger code cache with -XX:ReservedCodeCacheSize=
#   JVM is running with Unscaled Compressed Oops mode in which the Java heap is
#     placed in the first 4GB address space. The Java Heap base address is the
#     maximum limit for the native heap growth. Please use -XX:HeapBaseMinAddress
#     to set the Java Heap base and to place the Java Heap above 4GB virtual address.
# This output file may be truncated or incomplete.
#
#  Out of Memory Error (os_windows.cpp:3825), pid=26372, tid=2088
#
# JRE version: OpenJDK Runtime Environment (17.0.9) (build 17.0.9+0--11185874)
# Java VM: OpenJDK 64-Bit Server VM (17.0.9+0--11185874, mixed mode, tiered, compressed oops, compressed class ptrs, g1 gc, windows-amd64)
# No core dump will be written. Minidumps are not enabled by default on client versions of Windows
#

---------------  S U M M A R Y ------------

Command Line: --add-opens=java.base/java.util=ALL-UNNAMED --add-opens=java.base/java.lang=ALL-UNNAMED --add-opens=java.base/java.lang.invoke=ALL-UNNAMED --add-opens=java.prefs/java.util.prefs=ALL-UNNAMED --add-opens=java.base/java.nio.charset=ALL-UNNAMED --add-opens=java.base/java.net=ALL-UNNAMED --add-opens=java.base/java.util.concurrent.atomic=ALL-UNNAMED -Xmx2048m -Dfile.encoding=UTF-8 -Duser.country=RU -Duser.language=ru -Duser.variant -javaagent:C:\Users\alexeycode\.gradle\wrapper\dists\gradle-8.4-bin\1w5dpkrfk8irigvoxmyhowfim\gradle-8.4\lib\agents\gradle-instrumentation-agent-8.4.jar org.gradle.launcher.daemon.bootstrap.GradleDaemon 8.4

Host: AMD Ryzen 5 5500U with Radeon Graphics         , 12 cores, 7G,  Windows 11 , 64 bit Build 22621 (10.0.22621.3958)
Time: Wed Sep 18 15:51:41 2024 RTZ 2 (s 11 , 64 bit Build 22621 (10.0.22621.3958) elapsed time: 8.371652 seconds (0d 0h 0m 8s)

---------------  T H R E A D  ---------------

Current thread (0x000002197fbf2e80):  VMThread "VM Thread" [stack: 0x000000de1d500000,0x000000de1d600000] [id=2088]

Stack: [0x000000de1d500000,0x000000de1d600000]
Native frames: (J=compiled Java code, j=interpreted, Vv=VM code, C=native code)
V  [jvm.dll+0x6886e9]
V  [jvm.dll+0x841e4a]
V  [jvm.dll+0x843a8e]
V  [jvm.dll+0x8440f3]
V  [jvm.dll+0x24c14f]
V  [jvm.dll+0x685499]
V  [jvm.dll+0x679c2a]
V  [jvm.dll+0x30cf9b]
V  [jvm.dll+0x314446]
V  [jvm.dll+0x36425e]
V  [jvm.dll+0x36448f]
V  [jvm.dll+0x2e2d68]
V  [jvm.dll+0x2e0f44]
V  [jvm.dll+0x2e054c]
V  [jvm.dll+0x325721]
V  [jvm.dll+0x8487eb]
V  [jvm.dll+0x849531]
V  [jvm.dll+0x849a4d]
V  [jvm.dll+0x849e24]
V  [jvm.dll+0x849ef0]
V  [jvm.dll+0x7f06aa]
V  [jvm.dll+0x687565]
C  [ucrtbase.dll+0x29333]
C  [KERNEL32.DLL+0x1257d]
C  [ntdll.dll+0x5af28]

VM_Operation (0x000000de1edf3810): G1TryInitiateConcMark, mode: safepoint, requested by thread 0x0000021905b68dd0


---------------  P R O C E S S  ---------------

Threads class SMR info:
_java_thread_list=0x0000021908da6a10, length=59, elements={
0x000002196594b870, 0x000002197fbf5930, 0x000002197fbf67b0, 0x000002190403b210,
0x000002190403d340, 0x000002190403fe10, 0x00000219040407d0, 0x00000219040414c0,
0x0000021904041f70, 0x0000021904044980, 0x0000021904152060, 0x0000021904301620,
0x00000219061db3d0, 0x00000219064362f0, 0x0000021905871ca0, 0x00000219053eb0c0,
0x00000219053eb5a0, 0x0000021905b684f0, 0x0000021905b68dd0, 0x000002190672ca60,
0x000002190672c550, 0x000002190672cf70, 0x000002190672bb30, 0x000002190672c040,
0x0000021906298560, 0x000002190629c730, 0x0000021906299eb0, 0x000002190629b2f0,
0x0000021906296700, 0x0000021906298a70, 0x0000021906297630, 0x0000021906297b40,
0x0000021906298050, 0x000002190629c220, 0x000002190629cc40, 0x0000021906299490,
0x000002190629a8d0, 0x000002190629a3c0, 0x00000219062999a0, 0x0000021906298f80,
0x0000021906297120, 0x000002190629ade0, 0x000002190629b800, 0x000002190629bd10,
0x00000219062957d0, 0x0000021906296c10, 0x00000219084b38e0, 0x00000219084b3df0,
0x00000219084b4300, 0x00000219084b1f90, 0x00000219084b29b0, 0x00000219084b4810,
0x00000219084b1060, 0x00000219084b2ec0, 0x00000219084b1570, 0x00000219084b24a0,
0x00000219084b33d0, 0x00000219084b1a80, 0x00000219089ceee0
}

Java Threads: ( => current thread )
  0x000002196594b870 JavaThread "main" [_thread_blocked, id=1588, stack(0x000000de1cf00000,0x000000de1d000000)]
  0x000002197fbf5930 JavaThread "Reference Handler" daemon [_thread_blocked, id=19632, stack(0x000000de1d600000,0x000000de1d700000)]
  0x000002197fbf67b0 JavaThread "Finalizer" daemon [_thread_blocked, id=15472, stack(0x000000de1d700000,0x000000de1d800000)]
  0x000002190403b210 JavaThread "Signal Dispatcher" daemon [_thread_blocked, id=15400, stack(0x000000de1d800000,0x000000de1d900000)]
  0x000002190403d340 JavaThread "Attach Listener" daemon [_thread_blocked, id=5224, stack(0x000000de1d900000,0x000000de1da00000)]
  0x000002190403fe10 JavaThread "Service Thread" daemon [_thread_blocked, id=18980, stack(0x000000de1da00000,0x000000de1db00000)]
  0x00000219040407d0 JavaThread "Monitor Deflation Thread" daemon [_thread_blocked, id=11640, stack(0x000000de1db00000,0x000000de1dc00000)]
  0x00000219040414c0 JavaThread "C2 CompilerThread0" daemon [_thread_blocked, id=12052, stack(0x000000de1dc00000,0x000000de1dd00000)]
  0x0000021904041f70 JavaThread "C1 CompilerThread0" daemon [_thread_blocked, id=6904, stack(0x000000de1dd00000,0x000000de1de00000)]
  0x0000021904044980 JavaThread "Sweeper thread" daemon [_thread_blocked, id=25812, stack(0x000000de1de00000,0x000000de1df00000)]
  0x0000021904152060 JavaThread "Common-Cleaner" daemon [_thread_blocked, id=25664, stack(0x000000de1df00000,0x000000de1e000000)]
  0x0000021904301620 JavaThread "Notification Thread" daemon [_thread_blocked, id=29256, stack(0x000000de1e000000,0x000000de1e100000)]
  0x00000219061db3d0 JavaThread "Daemon health stats" [_thread_blocked, id=12380, stack(0x000000de1e700000,0x000000de1e800000)]
  0x00000219064362f0 JavaThread "Incoming local TCP Connector on port 62440" [_thread_in_native, id=424, stack(0x000000de1e800000,0x000000de1e900000)]
  0x0000021905871ca0 JavaThread "Daemon periodic checks" [_thread_blocked, id=11300, stack(0x000000de1e900000,0x000000de1ea00000)]
  0x00000219053eb0c0 JavaThread "Daemon" [_thread_blocked, id=11664, stack(0x000000de1ea00000,0x000000de1eb00000)]
  0x00000219053eb5a0 JavaThread "Handler for socket connection from /127.0.0.1:62440 to /127.0.0.1:62441" [_thread_in_native, id=16180, stack(0x000000de1eb00000,0x000000de1ec00000)]
  0x0000021905b684f0 JavaThread "Cancel handler" [_thread_blocked, id=6796, stack(0x000000de1ec00000,0x000000de1ed00000)]
  0x0000021905b68dd0 JavaThread "Daemon worker" [_thread_blocked, id=24044, stack(0x000000de1ed00000,0x000000de1ee00000)]
  0x000002190672ca60 JavaThread "Asynchronous log dispatcher for DefaultDaemonConnection: socket connection from /127.0.0.1:62440 to /127.0.0.1:62441" [_thread_blocked, id=27828, stack(0x000000de1ee00000,0x000000de1ef00000)]
  0x000002190672c550 JavaThread "Stdin handler" [_thread_blocked, id=16404, stack(0x000000de1ef00000,0x000000de1f000000)]
  0x000002190672cf70 JavaThread "Daemon client event forwarder" [_thread_blocked, id=22276, stack(0x000000de1f000000,0x000000de1f100000)]
  0x000002190672bb30 JavaThread "Cache worker for journal cache (C:\Users\alexeycode\.gradle\caches\journal-1)" [_thread_blocked, id=9952, stack(0x000000de1f800000,0x000000de1f900000)]
  0x000002190672c040 JavaThread "File lock request listener" [_thread_in_native, id=21648, stack(0x000000de1f900000,0x000000de1fa00000)]
  0x0000021906298560 JavaThread "Cache worker for file hash cache (C:\Users\alexeycode\.gradle\caches\8.4\fileHashes)" [_thread_blocked, id=17212, stack(0x000000de1fa00000,0x000000de1fb00000)]
  0x000002190629c730 JavaThread "File watcher server" daemon [_thread_blocked, id=9012, stack(0x000000de1fb00000,0x000000de1fc00000)]
  0x0000021906299eb0 JavaThread "File watcher consumer" daemon [_thread_blocked, id=17476, stack(0x000000de1fc00000,0x000000de1fd00000)]
  0x000002190629b2f0 JavaThread "jar transforms" [_thread_blocked, id=27996, stack(0x000000de1fd00000,0x000000de1fe00000)]
  0x0000021906296700 JavaThread "jar transforms Thread 2" [_thread_blocked, id=22136, stack(0x000000de1fe00000,0x000000de1ff00000)]
  0x0000021906298a70 JavaThread "jar transforms Thread 3" [_thread_blocked, id=7728, stack(0x000000de1ff00000,0x000000de20000000)]
  0x0000021906297630 JavaThread "jar transforms Thread 4" [_thread_blocked, id=27580, stack(0x000000de20000000,0x000000de20100000)]
  0x0000021906297b40 JavaThread "jar transforms Thread 5" [_thread_blocked, id=26852, stack(0x000000de20100000,0x000000de20200000)]
  0x0000021906298050 JavaThread "jar transforms Thread 6" [_thread_blocked, id=7852, stack(0x000000de20200000,0x000000de20300000)]
  0x000002190629c220 JavaThread "jar transforms Thread 7" [_thread_blocked, id=22772, stack(0x000000de20300000,0x000000de20400000)]
  0x000002190629cc40 JavaThread "jar transforms Thread 8" [_thread_blocked, id=4328, stack(0x000000de20400000,0x000000de20500000)]
  0x0000021906299490 JavaThread "jar transforms Thread 9" [_thread_blocked, id=24348, stack(0x000000de20500000,0x000000de20600000)]
  0x000002190629a8d0 JavaThread "jar transforms Thread 10" [_thread_blocked, id=5012, stack(0x000000de20600000,0x000000de20700000)]
  0x000002190629a3c0 JavaThread "jar transforms Thread 11" [_thread_blocked, id=4164, stack(0x000000de20700000,0x000000de20800000)]
  0x00000219062999a0 JavaThread "jar transforms Thread 12" [_thread_blocked, id=3388, stack(0x000000de20800000,0x000000de20900000)]
  0x0000021906298f80 JavaThread "Cache worker for checksums cache (C:\Users\alexeycode\AndroidStudioProjects\ThirdKotlinProject\.gradle\8.4\checksums)" [_thread_blocked, id=2700, stack(0x000000de20900000,0x000000de20a00000)]
  0x0000021906297120 JavaThread "Cache worker for file hash cache (C:\Users\alexeycode\AndroidStudioProjects\ThirdKotlinProject\.gradle\8.4\fileHashes)" [_thread_blocked, id=21384, stack(0x000000de20a00000,0x000000de20b00000)]
  0x000002190629ade0 JavaThread "Cache worker for cache directory md-supplier (C:\Users\alexeycode\.gradle\caches\8.4\md-supplier)" [_thread_blocked, id=24804, stack(0x000000de20c00000,0x000000de20d00000)]
  0x000002190629b800 JavaThread "Cache worker for file content cache (C:\Users\alexeycode\.gradle\caches\8.4\fileContent)" [_thread_blocked, id=10404, stack(0x000000de20d00000,0x000000de20e00000)]
  0x000002190629bd10 JavaThread "Cache worker for cache directory md-rule (C:\Users\alexeycode\.gradle\caches\8.4\md-rule)" [_thread_blocked, id=5168, stack(0x000000de20f00000,0x000000de21000000)]
  0x00000219062957d0 JavaThread "Cache worker for execution history cache (C:\Users\alexeycode\.gradle\caches\8.4\executionHistory)" [_thread_blocked, id=27712, stack(0x000000de21000000,0x000000de21100000)]
  0x0000021906296c10 JavaThread "Cache worker for kotlin-dsl (C:\Users\alexeycode\.gradle\caches\8.4\kotlin-dsl)" [_thread_blocked, id=15452, stack(0x000000de21100000,0x000000de21200000)]
  0x00000219084b38e0 JavaThread "Cache worker for dependencies-accessors (C:\Users\alexeycode\AndroidStudioProjects\ThirdKotlinProject\.gradle\8.4\dependencies-accessors)" [_thread_blocked, id=20652, stack(0x000000de21200000,0x000000de21300000)]
  0x00000219084b3df0 JavaThread "Cache worker for Build Output Cleanup Cache (C:\Users\alexeycode\AndroidStudioProjects\ThirdKotlinProject\.gradle\buildOutputCleanup)" [_thread_blocked, id=23040, stack(0x000000de21300000,0x000000de21400000)]
  0x00000219084b4300 JavaThread "Unconstrained build operations" [_thread_blocked, id=26024, stack(0x000000de21400000,0x000000de21500000)]
  0x00000219084b1f90 JavaThread "Unconstrained build operations Thread 2" [_thread_blocked, id=26376, stack(0x000000de21500000,0x000000de21600000)]
  0x00000219084b29b0 JavaThread "Unconstrained build operations Thread 3" [_thread_blocked, id=12820, stack(0x000000de21600000,0x000000de21700000)]
  0x00000219084b4810 JavaThread "Unconstrained build operations Thread 4" [_thread_blocked, id=11572, stack(0x000000de21700000,0x000000de21800000)]
  0x00000219084b1060 JavaThread "Unconstrained build operations Thread 5" [_thread_blocked, id=21364, stack(0x000000de21800000,0x000000de21900000)]
  0x00000219084b2ec0 JavaThread "Unconstrained build operations Thread 6" [_thread_blocked, id=23068, stack(0x000000de21900000,0x000000de21a00000)]
  0x00000219084b1570 JavaThread "Unconstrained build operations Thread 7" [_thread_blocked, id=29072, stack(0x000000de21a00000,0x000000de21b00000)]
  0x00000219084b24a0 JavaThread "Unconstrained build operations Thread 8" [_thread_blocked, id=19548, stack(0x000000de21b00000,0x000000de21c00000)]
  0x00000219084b33d0 JavaThread "Unconstrained build operations Thread 9" [_thread_blocked, id=1340, stack(0x000000de21c00000,0x000000de21d00000)]
  0x00000219084b1a80 JavaThread "Unconstrained build operations Thread 10" [_thread_blocked, id=26996, stack(0x000000de21d00000,0x000000de21e00000)]
  0x00000219089ceee0 JavaThread "Unconstrained build operations Thread 11" [_thread_blocked, id=11212, stack(0x000000de21e00000,0x000000de21f00000)]

Other Threads:
=>0x000002197fbf2e80 VMThread "VM Thread" [stack: 0x000000de1d500000,0x000000de1d600000] [id=2088]
  0x000002196594c6f0 WatcherThread [stack: 0x000000de1e100000,0x000000de1e200000] [id=25064]
  0x00000219659a7000 GCTaskThread "GC Thread#0" [stack: 0x000000de1d000000,0x000000de1d100000] [id=23336]
  0x0000021904c936c0 GCTaskThread "GC Thread#1" [stack: 0x000000de1e300000,0x000000de1e400000] [id=21400]
  0x00000219047ed5a0 GCTaskThread "GC Thread#2" [stack: 0x000000de1e400000,0x000000de1e500000] [id=18532]
  0x0000021904c981c0 GCTaskThread "GC Thread#3" [stack: 0x000000de1e500000,0x000000de1e600000] [id=14344]
  0x000002190501f7e0 GCTaskThread "GC Thread#4" [stack: 0x000000de1e600000,0x000000de1e700000] [id=8908]
  0x00000219060dc830 GCTaskThread "GC Thread#5" [stack: 0x000000de1f100000,0x000000de1f200000] [id=20980]
  0x0000021906169100 GCTaskThread "GC Thread#6" [stack: 0x000000de1f200000,0x000000de1f300000] [id=25052]
  0x0000021905b86ce0 GCTaskThread "GC Thread#7" [stack: 0x000000de1f300000,0x000000de1f400000] [id=3780]
  0x0000021905c9b670 GCTaskThread "GC Thread#8" [stack: 0x000000de1f400000,0x000000de1f500000] [id=9788]
  0x000002190599a740 GCTaskThread "GC Thread#9" [stack: 0x000000de1f500000,0x000000de1f600000] [id=27244]
  0x00000219659b7f50 ConcurrentGCThread "G1 Main Marker" [stack: 0x000000de1d100000,0x000000de1d200000] [id=6748]
  0x00000219659b8970 ConcurrentGCThread "G1 Conc#0" [stack: 0x000000de1d200000,0x000000de1d300000] [id=20760]
  0x0000021905c8f0f0 ConcurrentGCThread "G1 Conc#1" [stack: 0x000000de1f600000,0x000000de1f700000] [id=22592]
  0x0000021905c8f670 ConcurrentGCThread "G1 Conc#2" [stack: 0x000000de1f700000,0x000000de1f800000] [id=13752]
  0x000002197fa5e110 ConcurrentGCThread "G1 Refine#0" [stack: 0x000000de1d300000,0x000000de1d400000] [id=1432]
  0x00000219077e4610 ConcurrentGCThread "G1 Refine#1" [stack: 0x000000de1e200000,0x000000de1e300000] [id=6484]
  0x00000219077e4900 ConcurrentGCThread "G1 Refine#2" [stack: 0x000000de20b00000,0x000000de20c00000] [id=8304]
  0x0000021908849df0 ConcurrentGCThread "G1 Refine#3" [stack: 0x000000de20e00000,0x000000de20f00000] [id=26452]
  0x000002190884b280 ConcurrentGCThread "G1 Refine#4" [stack: 0x000000de21f00000,0x000000de22000000] [id=11124]
  0x0000021908848670 ConcurrentGCThread "G1 Refine#5" [stack: 0x000000de22000000,0x000000de22100000] [id=5728]
  0x0000021908849230 ConcurrentGCThread "G1 Refine#6" [stack: 0x000000de22100000,0x000000de22200000] [id=7396]
  0x0000021908848c50 ConcurrentGCThread "G1 Refine#7" [stack: 0x000000de22200000,0x000000de22300000] [id=16268]
  0x000002190884b570 ConcurrentGCThread "G1 Refine#8" [stack: 0x000000de22300000,0x000000de22400000] [id=13872]
  0x000002197fa5ef50 ConcurrentGCThread "G1 Service" [stack: 0x000000de1d400000,0x000000de1d500000] [id=4084]

Threads with active compile tasks:
C2 CompilerThread0     8382 6990       4       org.jetbrains.kotlin.com.intellij.openapi.vfs.impl.ZipEntryMap::put (80 bytes)
C1 CompilerThread0     8382 7006  s    3       java.io.FileDescriptor::close (9 bytes)

VM state: at safepoint (normal execution)

VM Mutex/Monitor currently owned by a thread:  ([mutex/lock_event])
[0x0000021965946bc0] Threads_lock - owner thread: 0x000002197fbf2e80
[0x00000219659468f0] Heap_lock - owner thread: 0x0000021905b68dd0

Heap address: 0x0000000080000000, size: 2048 MB, Compressed Oops mode: 32-bit

CDS archive(s) not mapped
Compressed class space mapped at: 0x0000000100000000-0x0000000140000000, reserved size: 1073741824
Narrow klass base: 0x0000000000000000, Narrow klass shift: 3, Narrow klass range: 0x140000000

GC Precious Log:
 CPUs: 12 total, 12 available
 Memory: 7514M
 Large Page Support: Disabled
 NUMA Support: Disabled
 Compressed Oops: Enabled (32-bit)
 Heap Region Size: 1M
 Heap Min Capacity: 8M
 Heap Initial Capacity: 118M
 Heap Max Capacity: 2G
 Pre-touch: Disabled
 Parallel Workers: 10
 Concurrent Workers: 3
 Concurrent Refinement Workers: 10
 Periodic GC: Disabled

Heap:
 garbage-first heap   total 142336K, used 81458K [0x0000000080000000, 0x0000000100000000)
  region size 1024K, 2 young (2048K), 2 survivors (2048K)
 Metaspace       used 78613K, committed 79360K, reserved 1179648K
  class space    used 11061K, committed 11392K, reserved 1048576K

Heap Regions: E=young(eden), S=young(survivor), O=old, HS=humongous(starts), HC=humongous(continues), CS=collection set, F=free, OA=open archive, CA=closed archive, TAMS=top-at-mark-start (previous, next)
|   0|0x0000000080000000, 0x0000000080100000, 0x0000000080100000|100%|HS|  |TAMS 0x0000000080100000, 0x0000000080100000| Complete 
|   1|0x0000000080100000, 0x0000000080200000, 0x0000000080200000|100%|HC|  |TAMS 0x0000000080200000, 0x0000000080200000| Complete 
|   2|0x0000000080200000, 0x0000000080300000, 0x0000000080300000|100%|HC|  |TAMS 0x0000000080300000, 0x0000000080300000| Complete 
|   3|0x0000000080300000, 0x0000000080400000, 0x0000000080400000|100%|HC|  |TAMS 0x0000000080400000, 0x0000000080400000| Complete 
|   4|0x0000000080400000, 0x0000000080500000, 0x0000000080500000|100%| O|  |TAMS 0x0000000080500000, 0x0000000080500000| Untracked 
|   5|0x0000000080500000, 0x0000000080600000, 0x0000000080600000|100%| O|  |TAMS 0x0000000080600000, 0x0000000080600000| Untracked 
|   6|0x0000000080600000, 0x0000000080700000, 0x0000000080700000|100%| O|  |TAMS 0x0000000080700000, 0x0000000080700000| Untracked 
|   7|0x0000000080700000, 0x0000000080800000, 0x0000000080800000|100%| O|  |TAMS 0x0000000080800000, 0x0000000080800000| Untracked 
|   8|0x0000000080800000, 0x0000000080900000, 0x0000000080900000|100%| O|  |TAMS 0x0000000080900000, 0x0000000080900000| Untracked 
|   9|0x0000000080900000, 0x0000000080a00000, 0x0000000080a00000|100%| O|  |TAMS 0x0000000080a00000, 0x0000000080a00000| Untracked 
|  10|0x0000000080a00000, 0x0000000080a00000, 0x0000000080b00000|  0%| F|  |TAMS 0x0000000080a00000, 0x0000000080a00000| Untracked 
|  11|0x0000000080b00000, 0x0000000080c00000, 0x0000000080c00000|100%| O|  |TAMS 0x0000000080c00000, 0x0000000080c00000| Untracked 
|  12|0x0000000080c00000, 0x0000000080d00000, 0x0000000080d00000|100%| O|  |TAMS 0x0000000080d00000, 0x0000000080d00000| Untracked 
|  13|0x0000000080d00000, 0x0000000080e00000, 0x0000000080e00000|100%| O|  |TAMS 0x0000000080e00000, 0x0000000080e00000| Untracked 
|  14|0x0000000080e00000, 0x0000000080f00000, 0x0000000080f00000|100%| O|  |TAMS 0x0000000080f00000, 0x0000000080f00000| Untracked 
|  15|0x0000000080f00000, 0x0000000081000000, 0x0000000081000000|100%| O|  |TAMS 0x0000000081000000, 0x0000000081000000| Untracked 
|  16|0x0000000081000000, 0x0000000081100000, 0x0000000081100000|100%| O|  |TAMS 0x0000000081100000, 0x0000000081100000| Untracked 
|  17|0x0000000081100000, 0x0000000081200000, 0x0000000081200000|100%| O|  |TAMS 0x0000000081200000, 0x0000000081200000| Untracked 
|  18|0x0000000081200000, 0x0000000081300000, 0x0000000081300000|100%| O|  |TAMS 0x0000000081300000, 0x0000000081300000| Untracked 
|  19|0x0000000081300000, 0x0000000081400000, 0x0000000081400000|100%|HS|  |TAMS 0x0000000081400000, 0x0000000081400000| Complete 
|  20|0x0000000081400000, 0x0000000081500000, 0x0000000081500000|100%|HC|  |TAMS 0x0000000081500000, 0x0000000081500000| Complete 
|  21|0x0000000081500000, 0x0000000081600000, 0x0000000081600000|100%|HS|  |TAMS 0x0000000081600000, 0x0000000081600000| Complete 
|  22|0x0000000081600000, 0x0000000081700000, 0x0000000081700000|100%|HC|  |TAMS 0x0000000081700000, 0x0000000081700000| Complete 
|  23|0x0000000081700000, 0x0000000081800000, 0x0000000081800000|100%|HC|  |TAMS 0x0000000081800000, 0x0000000081800000| Complete 
|  24|0x0000000081800000, 0x0000000081900000, 0x0000000081900000|100%|HS|  |TAMS 0x0000000081900000, 0x0000000081900000| Complete 
|  25|0x0000000081900000, 0x0000000081a00000, 0x0000000081a00000|100%|HC|  |TAMS 0x0000000081a00000, 0x0000000081a00000| Complete 
|  26|0x0000000081a00000, 0x0000000081b00000, 0x0000000081b00000|100%|HC|  |TAMS 0x0000000081b00000, 0x0000000081b00000| Complete 
|  27|0x0000000081b00000, 0x0000000081c00000, 0x0000000081c00000|100%|HS|  |TAMS 0x0000000081c00000, 0x0000000081c00000| Complete 
|  28|0x0000000081c00000, 0x0000000081d00000, 0x0000000081d00000|100%|HC|  |TAMS 0x0000000081d00000, 0x0000000081d00000| Complete 
|  29|0x0000000081d00000, 0x0000000081e00000, 0x0000000081e00000|100%|HC|  |TAMS 0x0000000081e00000, 0x0000000081e00000| Complete 
|  30|0x0000000081e00000, 0x0000000081f00000, 0x0000000081f00000|100%| O|  |TAMS 0x0000000081f00000, 0x0000000081f00000| Untracked 
|  31|0x0000000081f00000, 0x0000000082000000, 0x0000000082000000|100%| O|  |TAMS 0x0000000082000000, 0x0000000082000000| Untracked 
|  32|0x0000000082000000, 0x0000000082100000, 0x0000000082100000|100%| O|  |TAMS 0x0000000082100000, 0x0000000082100000| Untracked 
|  33|0x0000000082100000, 0x0000000082200000, 0x0000000082200000|100%| O|  |TAMS 0x0000000082200000, 0x0000000082200000| Untracked 
|  34|0x0000000082200000, 0x0000000082300000, 0x0000000082300000|100%| O|  |TAMS 0x0000000082300000, 0x0000000082300000| Untracked 
|  35|0x0000000082300000, 0x0000000082400000, 0x0000000082400000|100%| O|  |TAMS 0x0000000082400000, 0x0000000082400000| Untracked 
|  36|0x0000000082400000, 0x0000000082500000, 0x0000000082500000|100%| O|  |TAMS 0x0000000082500000, 0x0000000082500000| Untracked 
|  37|0x0000000082500000, 0x0000000082600000, 0x0000000082600000|100%| O|  |TAMS 0x0000000082600000, 0x0000000082600000| Untracked 
|  38|0x0000000082600000, 0x0000000082700000, 0x0000000082700000|100%| O|  |TAMS 0x0000000082600000, 0x0000000082700000| Untracked 
|  39|0x0000000082700000, 0x0000000082800000, 0x0000000082800000|100%| O|  |TAMS 0x0000000082800000, 0x0000000082800000| Untracked 
|  40|0x0000000082800000, 0x0000000082900000, 0x0000000082900000|100%| O|  |TAMS 0x0000000082900000, 0x0000000082900000| Untracked 
|  41|0x0000000082900000, 0x0000000082a00000, 0x0000000082a00000|100%| O|  |TAMS 0x0000000082a00000, 0x0000000082a00000| Untracked 
|  42|0x0000000082a00000, 0x0000000082b00000, 0x0000000082b00000|100%|HS|  |TAMS 0x0000000082b00000, 0x0000000082b00000| Complete 
|  43|0x0000000082b00000, 0x0000000082c00000, 0x0000000082c00000|100%|HC|  |TAMS 0x0000000082c00000, 0x0000000082c00000| Complete 
|  44|0x0000000082c00000, 0x0000000082d00000, 0x0000000082d00000|100%|HC|  |TAMS 0x0000000082d00000, 0x0000000082d00000| Complete 
|  45|0x0000000082d00000, 0x0000000082e00000, 0x0000000082e00000|100%| O|  |TAMS 0x0000000082e00000, 0x0000000082e00000| Untracked 
|  46|0x0000000082e00000, 0x0000000082f00000, 0x0000000082f00000|100%| O|  |TAMS 0x0000000082f00000, 0x0000000082f00000| Untracked 
|  47|0x0000000082f00000, 0x0000000083000000, 0x0000000083000000|100%| O|  |TAMS 0x0000000083000000, 0x0000000083000000| Untracked 
|  48|0x0000000083000000, 0x0000000083100000, 0x0000000083100000|100%| O|  |TAMS 0x0000000083100000, 0x0000000083100000| Untracked 
|  49|0x0000000083100000, 0x0000000083200000, 0x0000000083200000|100%| O|  |TAMS 0x0000000083200000, 0x0000000083200000| Untracked 
|  50|0x0000000083200000, 0x0000000083300000, 0x0000000083300000|100%| O|  |TAMS 0x0000000083300000, 0x0000000083300000| Untracked 
|  51|0x0000000083300000, 0x0000000083400000, 0x0000000083400000|100%| O|  |TAMS 0x0000000083400000, 0x0000000083400000| Untracked 
|  52|0x0000000083400000, 0x0000000083500000, 0x0000000083500000|100%| O|  |TAMS 0x0000000083500000, 0x0000000083500000| Untracked 
|  53|0x0000000083500000, 0x0000000083600000, 0x0000000083600000|100%| O|  |TAMS 0x0000000083600000, 0x0000000083600000| Untracked 
|  54|0x0000000083600000, 0x0000000083700000, 0x0000000083700000|100%| O|  |TAMS 0x0000000083700000, 0x0000000083700000| Untracked 
|  55|0x0000000083700000, 0x0000000083800000, 0x0000000083800000|100%| O|  |TAMS 0x0000000083800000, 0x0000000083800000| Untracked 
|  56|0x0000000083800000, 0x0000000083900000, 0x0000000083900000|100%| O|  |TAMS 0x0000000083900000, 0x0000000083900000| Untracked 
|  57|0x0000000083900000, 0x0000000083a00000, 0x0000000083a00000|100%| O|  |TAMS 0x0000000083a00000, 0x0000000083a00000| Untracked 
|  58|0x0000000083a00000, 0x0000000083b00000, 0x0000000083b00000|100%| O|  |TAMS 0x0000000083b00000, 0x0000000083b00000| Untracked 
|  59|0x0000000083b00000, 0x0000000083c00000, 0x0000000083c00000|100%| O|  |TAMS 0x0000000083c00000, 0x0000000083c00000| Untracked 
|  60|0x0000000083c00000, 0x0000000083d00000, 0x0000000083d00000|100%| O|  |TAMS 0x0000000083d00000, 0x0000000083d00000| Untracked 
|  61|0x0000000083d00000, 0x0000000083e00000, 0x0000000083e00000|100%| O|  |TAMS 0x0000000083e00000, 0x0000000083e00000| Untracked 
|  62|0x0000000083e00000, 0x0000000083f00000, 0x0000000083f00000|100%| O|  |TAMS 0x0000000083f00000, 0x0000000083f00000| Untracked 
|  63|0x0000000083f00000, 0x0000000084000000, 0x0000000084000000|100%| O|  |TAMS 0x0000000084000000, 0x0000000084000000| Untracked 
|  64|0x0000000084000000, 0x0000000084100000, 0x0000000084100000|100%| O|  |TAMS 0x000000008406fe00, 0x0000000084100000| Untracked 
|  65|0x0000000084100000, 0x0000000084200000, 0x0000000084200000|100%| O|  |TAMS 0x0000000084100000, 0x0000000084200000| Untracked 
|  66|0x0000000084200000, 0x0000000084300000, 0x0000000084300000|100%| O|  |TAMS 0x0000000084200000, 0x0000000084300000| Untracked 
|  67|0x0000000084300000, 0x0000000084400000, 0x0000000084400000|100%| O|  |TAMS 0x0000000084300000, 0x0000000084400000| Untracked 
|  68|0x0000000084400000, 0x0000000084500000, 0x0000000084500000|100%| O|  |TAMS 0x0000000084400000, 0x0000000084500000| Untracked 
|  69|0x0000000084500000, 0x0000000084600000, 0x0000000084600000|100%| O|  |TAMS 0x0000000084500000, 0x0000000084600000| Untracked 
|  70|0x0000000084600000, 0x0000000084700000, 0x0000000084700000|100%| O|  |TAMS 0x0000000084600000, 0x0000000084700000| Untracked 
|  71|0x0000000084700000, 0x0000000084752400, 0x0000000084800000| 32%| O|  |TAMS 0x0000000084700000, 0x0000000084752400| Untracked 
|  72|0x0000000084800000, 0x0000000084800000, 0x0000000084900000|  0%| F|  |TAMS 0x0000000084800000, 0x0000000084800000| Untracked 
|  73|0x0000000084900000, 0x0000000084a00000, 0x0000000084a00000|100%| O|  |TAMS 0x0000000084900000, 0x0000000084a00000| Untracked 
|  74|0x0000000084a00000, 0x0000000084b00000, 0x0000000084b00000|100%| O|  |TAMS 0x0000000084a00000, 0x0000000084b00000| Untracked 
|  75|0x0000000084b00000, 0x0000000084c00000, 0x0000000084c00000|100%| O|  |TAMS 0x0000000084b00000, 0x0000000084c00000| Untracked 
|  76|0x0000000084c00000, 0x0000000084d00000, 0x0000000084d00000|100%| O|  |TAMS 0x0000000084c00000, 0x0000000084d00000| Untracked 
|  77|0x0000000084d00000, 0x0000000084e00000, 0x0000000084e00000|100%| O|  |TAMS 0x0000000084d00000, 0x0000000084e00000| Untracked 
|  78|0x0000000084e00000, 0x0000000084f00000, 0x0000000084f00000|100%| O|  |TAMS 0x0000000084e00000, 0x0000000084f00000| Untracked 
|  79|0x0000000084f00000, 0x0000000084f00000, 0x0000000085000000|  0%| F|  |TAMS 0x0000000084f00000, 0x0000000084f00000| Untracked 
|  80|0x0000000085000000, 0x0000000085000000, 0x0000000085100000|  0%| F|  |TAMS 0x0000000085000000, 0x0000000085000000| Untracked 
|  81|0x0000000085100000, 0x0000000085100000, 0x0000000085200000|  0%| F|  |TAMS 0x0000000085100000, 0x0000000085100000| Untracked 
|  82|0x0000000085200000, 0x0000000085200000, 0x0000000085300000|  0%| F|  |TAMS 0x0000000085200000, 0x0000000085200000| Untracked 
|  83|0x0000000085300000, 0x0000000085300000, 0x0000000085400000|  0%| F|  |TAMS 0x0000000085300000, 0x0000000085300000| Untracked 
|  84|0x0000000085400000, 0x0000000085400000, 0x0000000085500000|  0%| F|  |TAMS 0x0000000085400000, 0x0000000085400000| Untracked 
|  85|0x0000000085500000, 0x0000000085500000, 0x0000000085600000|  0%| F|  |TAMS 0x0000000085500000, 0x0000000085500000| Untracked 
|  86|0x0000000085600000, 0x0000000085600000, 0x0000000085700000|  0%| F|  |TAMS 0x0000000085600000, 0x0000000085600000| Untracked 
|  87|0x0000000085700000, 0x0000000085700000, 0x0000000085800000|  0%| F|  |TAMS 0x0000000085700000, 0x0000000085700000| Untracked 
|  88|0x0000000085800000, 0x0000000085800000, 0x0000000085900000|  0%| F|  |TAMS 0x0000000085800000, 0x0000000085800000| Untracked 
|  89|0x0000000085900000, 0x0000000085900000, 0x0000000085a00000|  0%| F|  |TAMS 0x0000000085900000, 0x0000000085900000| Untracked 
|  90|0x0000000085a00000, 0x0000000085a00000, 0x0000000085b00000|  0%| F|  |TAMS 0x0000000085a00000, 0x0000000085a00000| Untracked 
|  91|0x0000000085b00000, 0x0000000085b00000, 0x0000000085c00000|  0%| F|  |TAMS 0x0000000085b00000, 0x0000000085b00000| Untracked 
|  92|0x0000000085c00000, 0x0000000085c00000, 0x0000000085d00000|  0%| F|  |TAMS 0x0000000085c00000, 0x0000000085c00000| Untracked 
|  93|0x0000000085d00000, 0x0000000085d00000, 0x0000000085e00000|  0%| F|  |TAMS 0x0000000085d00000, 0x0000000085d00000| Untracked 
|  94|0x0000000085e00000, 0x0000000085e00000, 0x0000000085f00000|  0%| F|  |TAMS 0x0000000085e00000, 0x0000000085e00000| Untracked 
|  95|0x0000000085f00000, 0x0000000085f00000, 0x0000000086000000|  0%| F|  |TAMS 0x0000000085f00000, 0x0000000085f00000| Untracked 
|  96|0x0000000086000000, 0x0000000086000000, 0x0000000086100000|  0%| F|  |TAMS 0x0000000086000000, 0x0000000086000000| Untracked 
|  97|0x0000000086100000, 0x0000000086100000, 0x0000000086200000|  0%| F|  |TAMS 0x0000000086100000, 0x0000000086100000| Untracked 
|  98|0x0000000086200000, 0x0000000086200000, 0x0000000086300000|  0%| F|  |TAMS 0x0000000086200000, 0x0000000086200000| Untracked 
|  99|0x0000000086300000, 0x0000000086300000, 0x0000000086400000|  0%| F|  |TAMS 0x0000000086300000, 0x0000000086300000| Untracked 
| 100|0x0000000086400000, 0x0000000086400000, 0x0000000086500000|  0%| F|  |TAMS 0x0000000086400000, 0x0000000086400000| Untracked 
| 101|0x0000000086500000, 0x0000000086500000, 0x0000000086600000|  0%| F|  |TAMS 0x0000000086500000, 0x0000000086500000| Untracked 
| 102|0x0000000086600000, 0x0000000086600000, 0x0000000086700000|  0%| F|  |TAMS 0x0000000086600000, 0x0000000086600000| Untracked 
| 103|0x0000000086700000, 0x0000000086700000, 0x0000000086800000|  0%| F|  |TAMS 0x0000000086700000, 0x0000000086700000| Untracked 
| 104|0x0000000086800000, 0x0000000086800000, 0x0000000086900000|  0%| F|  |TAMS 0x0000000086800000, 0x0000000086800000| Untracked 
| 105|0x0000000086900000, 0x0000000086900000, 0x0000000086a00000|  0%| F|  |TAMS 0x0000000086900000, 0x0000000086900000| Untracked 
| 106|0x0000000086a00000, 0x0000000086a00000, 0x0000000086b00000|  0%| F|  |TAMS 0x0000000086a00000, 0x0000000086a00000| Untracked 
| 107|0x0000000086b00000, 0x0000000086b00000, 0x0000000086c00000|  0%| F|  |TAMS 0x0000000086b00000, 0x0000000086b00000| Untracked 
| 108|0x0000000086c00000, 0x0000000086c00000, 0x0000000086d00000|  0%| F|  |TAMS 0x0000000086c00000, 0x0000000086c00000| Untracked 
| 109|0x0000000086d00000, 0x0000000086d00000, 0x0000000086e00000|  0%| F|  |TAMS 0x0000000086d00000, 0x0000000086d00000| Untracked 
| 110|0x0000000086e00000, 0x0000000086e00000, 0x0000000086f00000|  0%| F|  |TAMS 0x0000000086e00000, 0x0000000086e00000| Untracked 
| 111|0x0000000086f00000, 0x0000000086f00000, 0x0000000087000000|  0%| F|  |TAMS 0x0000000086f00000, 0x0000000086f00000| Untracked 
| 112|0x0000000087000000, 0x0000000087000000, 0x0000000087100000|  0%| F|  |TAMS 0x0000000087000000, 0x0000000087000000| Untracked 
| 113|0x0000000087100000, 0x0000000087100000, 0x0000000087200000|  0%| F|  |TAMS 0x0000000087100000, 0x0000000087100000| Untracked 
| 114|0x0000000087200000, 0x0000000087200000, 0x0000000087300000|  0%| F|  |TAMS 0x0000000087200000, 0x0000000087200000| Untracked 
| 115|0x0000000087300000, 0x0000000087300000, 0x0000000087400000|  0%| F|  |TAMS 0x0000000087300000, 0x0000000087300000| Untracked 
| 116|0x0000000087400000, 0x0000000087400000, 0x0000000087500000|  0%| F|  |TAMS 0x0000000087400000, 0x0000000087400000| Untracked 
| 117|0x0000000087500000, 0x0000000087500000, 0x0000000087600000|  0%| F|  |TAMS 0x0000000087500000, 0x0000000087500000| Untracked 
| 118|0x0000000087600000, 0x0000000087600000, 0x0000000087700000|  0%| F|  |TAMS 0x0000000087600000, 0x0000000087600000| Untracked 
| 119|0x0000000087700000, 0x0000000087700000, 0x0000000087800000|  0%| F|  |TAMS 0x0000000087700000, 0x0000000087700000| Untracked 
| 120|0x0000000087800000, 0x0000000087800000, 0x0000000087900000|  0%| F|  |TAMS 0x0000000087800000, 0x0000000087800000| Untracked 
| 121|0x0000000087900000, 0x0000000087900000, 0x0000000087a00000|  0%| F|  |TAMS 0x0000000087900000, 0x0000000087900000| Untracked 
| 122|0x0000000087a00000, 0x0000000087a00000, 0x0000000087b00000|  0%| F|  |TAMS 0x0000000087a00000, 0x0000000087a00000| Untracked 
| 123|0x0000000087b00000, 0x0000000087b00000, 0x0000000087c00000|  0%| F|  |TAMS 0x0000000087b00000, 0x0000000087b00000| Untracked 
| 124|0x0000000087c00000, 0x0000000087c00000, 0x0000000087d00000|  0%| F|  |TAMS 0x0000000087c00000, 0x0000000087c00000| Untracked 
| 125|0x0000000087d00000, 0x0000000087d00000, 0x0000000087e00000|  0%| F|  |TAMS 0x0000000087d00000, 0x0000000087d00000| Untracked 
| 126|0x0000000087e00000, 0x0000000087e00000, 0x0000000087f00000|  0%| F|  |TAMS 0x0000000087e00000, 0x0000000087e00000| Untracked 
| 127|0x0000000087f00000, 0x0000000087f00000, 0x0000000088000000|  0%| F|  |TAMS 0x0000000087f00000, 0x0000000087f00000| Untracked 
| 128|0x0000000088000000, 0x0000000088000000, 0x0000000088100000|  0%| F|  |TAMS 0x0000000088000000, 0x0000000088000000| Untracked 
| 129|0x0000000088100000, 0x0000000088100000, 0x0000000088200000|  0%| F|  |TAMS 0x0000000088100000, 0x0000000088100000| Untracked 
| 130|0x0000000088200000, 0x0000000088200000, 0x0000000088300000|  0%| F|  |TAMS 0x0000000088200000, 0x0000000088200000| Untracked 
| 131|0x0000000088300000, 0x0000000088300000, 0x0000000088400000|  0%| F|  |TAMS 0x0000000088300000, 0x0000000088300000| Untracked 
| 132|0x0000000088400000, 0x000000008843a650, 0x0000000088500000| 22%| S|CS|TAMS 0x0000000088400000, 0x0000000088400000| Complete 
| 133|0x0000000088500000, 0x0000000088600000, 0x0000000088600000|100%| S|CS|TAMS 0x0000000088500000, 0x0000000088500000| Complete 
| 134|0x0000000088600000, 0x0000000088600000, 0x0000000088700000|  0%| F|  |TAMS 0x0000000088600000, 0x0000000088600000| Untracked 
| 135|0x0000000088700000, 0x0000000088700000, 0x0000000088800000|  0%| F|  |TAMS 0x0000000088700000, 0x0000000088700000| Untracked 
| 136|0x0000000088800000, 0x0000000088800000, 0x0000000088900000|  0%| F|  |TAMS 0x0000000088800000, 0x0000000088800000| Untracked 
|2046|0x00000000ffe00000, 0x00000000fff00000, 0x00000000fff00000|100%| O|  |TAMS 0x00000000ffe00000, 0x00000000fff00000| Untracked 
|2047|0x00000000fff00000, 0x0000000100000000, 0x0000000100000000|100%| O|  |TAMS 0x0000000100000000, 0x0000000100000000| Untracked 

Card table byte_map: [0x0000021978770000,0x0000021978b70000] _byte_map_base: 0x0000021978370000

Marking Bits (Prev, Next): (CMBitMap*) 0x00000219659a7620, (CMBitMap*) 0x00000219659a7660
 Prev Bits: [0x0000021978f70000, 0x000002197af70000)
 Next Bits: [0x000002197af70000, 0x000002197cf70000)

Polling page: 0x00000219638a0000

Metaspace:

Usage:
  Non-class:     65.97 MB used.
      Class:     10.80 MB used.
       Both:     76.77 MB used.

Virtual space:
  Non-class space:      128.00 MB reserved,      66.38 MB ( 52%) committed,  2 nodes.
      Class space:        1.00 GB reserved,      11.12 MB (  1%) committed,  1 nodes.
             Both:        1.12 GB reserved,      77.50 MB (  7%) committed. 

Chunk freelists:
   Non-Class:  13.39 MB
       Class:  4.92 MB
        Both:  18.31 MB

MaxMetaspaceSize: unlimited
CompressedClassSpaceSize: 1.00 GB
Initial GC threshold: 21.00 MB
Current GC threshold: 127.62 MB
CDS: off
MetaspaceReclaimPolicy: balanced
 - commit_granule_bytes: 65536.
 - commit_granule_words: 8192.
 - virtual_space_node_default_size: 8388608.
 - enlarge_chunks_in_place: 1.
 - new_chunks_are_fully_committed: 0.
 - uncommit_free_chunks: 1.
 - use_allocation_guard: 0.
 - handle_deallocations: 1.


Internal statistics:

num_allocs_failed_limit: 3.
num_arena_births: 814.
num_arena_deaths: 0.
num_vsnodes_births: 3.
num_vsnodes_deaths: 0.
num_space_committed: 1238.
num_space_uncommitted: 0.
num_chunks_returned_to_freelist: 3.
num_chunks_taken_from_freelist: 3491.
num_chunk_merges: 3.
num_chunk_splits: 2444.
num_chunks_enlarged: 1809.
num_inconsistent_stats: 0.

CodeHeap 'non-profiled nmethods': size=120000Kb used=3167Kb max_used=3236Kb free=116832Kb
 bounds [0x00000219708f0000, 0x0000021970c20000, 0x0000021977e20000]
CodeHeap 'profiled nmethods': size=120000Kb used=11627Kb max_used=11627Kb free=108372Kb
 bounds [0x0000021968e20000, 0x0000021969980000, 0x0000021970350000]
CodeHeap 'non-nmethods': size=5760Kb used=2367Kb max_used=2389Kb free=3393Kb
 bounds [0x0000021970350000, 0x00000219705c0000, 0x00000219708f0000]
 total_blobs=7110 nmethods=6212 adapters=810
 compilation: enabled
              stopped_count=0, restarted_count=0
 full_count=0

Compilation events (20 events):
Event: 8.341 Thread 0x0000021904041f70 6998       3       org.jetbrains.kotlin.com.intellij.reference.SoftReference::dereference (13 bytes)
Event: 8.341 Thread 0x0000021904041f70 nmethod 6998 0x0000021969978a90 code [0x0000021969978c40, 0x0000021969978e48]
Event: 8.343 Thread 0x0000021904041f70 6999       3       org.jetbrains.kotlin.com.intellij.util.containers.hash.HashUtil::hash (27 bytes)
Event: 8.343 Thread 0x0000021904041f70 nmethod 6999 0x0000021969978f10 code [0x00000219699790e0, 0x0000021969979478]
Event: 8.343 Thread 0x0000021904041f70 7000       3       org.jetbrains.kotlin.com.intellij.util.io.FileAccessorCache::getHashCode (5 bytes)
Event: 8.344 Thread 0x0000021904041f70 nmethod 7000 0x0000021969979610 code [0x00000219699797c0, 0x0000021969979988]
Event: 8.344 Thread 0x0000021904041f70 7001       3       java.lang.ref.SoftReference::get (29 bytes)
Event: 8.344 Thread 0x0000021904041f70 nmethod 7001 0x0000021969979a90 code [0x0000021969979c20, 0x0000021969979df8]
Event: 8.356 Thread 0x00000219040414c0 nmethod 6985 0x0000021970c15010 code [0x0000021970c15200, 0x0000021970c15d50]
Event: 8.356 Thread 0x00000219040414c0 6990       4       org.jetbrains.kotlin.com.intellij.openapi.vfs.impl.ZipEntryMap::put (80 bytes)
Event: 8.356 Thread 0x0000021904041f70 7002       1       org.jetbrains.kotlin.com.intellij.util.containers.hash.LinkedHashMap$Entry::access$100 (5 bytes)
Event: 8.357 Thread 0x0000021904041f70 nmethod 7002 0x0000021970ab1090 code [0x0000021970ab1220, 0x0000021970ab12d8]
Event: 8.357 Thread 0x0000021904041f70 7003       1       org.jetbrains.kotlin.com.intellij.util.containers.hash.LinkedHashMap$Entry::access$000 (5 bytes)
Event: 8.357 Thread 0x0000021904041f70 nmethod 7003 0x0000021970ab0d90 code [0x0000021970ab0f20, 0x0000021970ab0fd8]
Event: 8.358 Thread 0x0000021904041f70 7004       3       java.util.TreeMap::compare (32 bytes)
Event: 8.358 Thread 0x0000021904041f70 nmethod 7004 0x0000021969979e90 code [0x000002196997a060, 0x000002196997a458]
Event: 8.366 Thread 0x0000021904041f70 7005       1       org.jetbrains.kotlin.com.intellij.util.containers.hash.LinkedHashMap$Entry::access$200 (5 bytes)
Event: 8.366 Thread 0x0000021904041f70 nmethod 7005 0x0000021970ab0a90 code [0x0000021970ab0c20, 0x0000021970ab0cd8]
Event: 8.367 Thread 0x0000021904041f70 7006  s    3       java.io.FileDescriptor::close (9 bytes)
Event: 8.367 Thread 0x0000021904041f70 nmethod 7006 0x000002196997a590 code [0x000002196997a760, 0x000002196997abb8]

GC Heap History (20 events):
Event: 5.300 GC heap after
{Heap after GC invocations=15 (full 0):
 garbage-first heap   total 117760K, used 55292K [0x0000000080000000, 0x0000000100000000)
  region size 1024K, 5 young (5120K), 5 survivors (5120K)
 Metaspace       used 51945K, committed 52480K, reserved 1114112K
  class space    used 6843K, committed 7040K, reserved 1048576K
}
Event: 5.845 GC heap before
{Heap before GC invocations=15 (full 0):
 garbage-first heap   total 117760K, used 93180K [0x0000000080000000, 0x0000000100000000)
  region size 1024K, 42 young (43008K), 5 survivors (5120K)
 Metaspace       used 56248K, committed 56768K, reserved 1114112K
  class space    used 7569K, committed 7808K, reserved 1048576K
}
Event: 5.848 GC heap after
{Heap after GC invocations=16 (full 0):
 garbage-first heap   total 117760K, used 57482K [0x0000000080000000, 0x0000000100000000)
  region size 1024K, 3 young (3072K), 3 survivors (3072K)
 Metaspace       used 56248K, committed 56768K, reserved 1114112K
  class space    used 7569K, committed 7808K, reserved 1048576K
}
Event: 6.458 GC heap before
{Heap before GC invocations=16 (full 0):
 garbage-first heap   total 117760K, used 94346K [0x0000000080000000, 0x0000000100000000)
  region size 1024K, 39 young (39936K), 3 survivors (3072K)
 Metaspace       used 59946K, committed 60608K, reserved 1114112K
  class space    used 8183K, committed 8512K, reserved 1048576K
}
Event: 6.461 GC heap after
{Heap after GC invocations=17 (full 0):
 garbage-first heap   total 117760K, used 59783K [0x0000000080000000, 0x0000000100000000)
  region size 1024K, 5 young (5120K), 5 survivors (5120K)
 Metaspace       used 59946K, committed 60608K, reserved 1114112K
  class space    used 8183K, committed 8512K, reserved 1048576K
}
Event: 6.984 GC heap before
{Heap before GC invocations=18 (full 0):
 garbage-first heap   total 117760K, used 94599K [0x0000000080000000, 0x0000000100000000)
  region size 1024K, 40 young (40960K), 5 survivors (5120K)
 Metaspace       used 61252K, committed 61888K, reserved 1114112K
  class space    used 8355K, committed 8640K, reserved 1048576K
}
Event: 6.989 GC heap after
{Heap after GC invocations=19 (full 0):
 garbage-first heap   total 117760K, used 63832K [0x0000000080000000, 0x0000000100000000)
  region size 1024K, 5 young (5120K), 5 survivors (5120K)
 Metaspace       used 61252K, committed 61888K, reserved 1114112K
  class space    used 8355K, committed 8640K, reserved 1048576K
}
Event: 7.310 GC heap before
{Heap before GC invocations=19 (full 0):
 garbage-first heap   total 117760K, used 93528K [0x0000000080000000, 0x0000000100000000)
  region size 1024K, 35 young (35840K), 5 survivors (5120K)
 Metaspace       used 66211K, committed 66816K, reserved 1114112K
  class space    used 9455K, committed 9728K, reserved 1048576K
}
Event: 7.315 GC heap after
{Heap after GC invocations=20 (full 0):
 garbage-first heap   total 117760K, used 65589K [0x0000000080000000, 0x0000000100000000)
  region size 1024K, 2 young (2048K), 2 survivors (2048K)
 Metaspace       used 66211K, committed 66816K, reserved 1114112K
  class space    used 9455K, committed 9728K, reserved 1048576K
}
Event: 7.562 GC heap before
{Heap before GC invocations=21 (full 0):
 garbage-first heap   total 117760K, used 96309K [0x0000000080000000, 0x0000000100000000)
  region size 1024K, 32 young (32768K), 2 survivors (2048K)
 Metaspace       used 69846K, committed 70464K, reserved 1114112K
  class space    used 9969K, committed 10240K, reserved 1048576K
}
Event: 7.564 GC heap after
{Heap after GC invocations=22 (full 0):
 garbage-first heap   total 141312K, used 65881K [0x0000000080000000, 0x0000000100000000)
  region size 1024K, 2 young (2048K), 2 survivors (2048K)
 Metaspace       used 69846K, committed 70464K, reserved 1114112K
  class space    used 9969K, committed 10240K, reserved 1048576K
}
Event: 7.597 GC heap before
{Heap before GC invocations=22 (full 0):
 garbage-first heap   total 141312K, used 69977K [0x0000000080000000, 0x0000000100000000)
  region size 1024K, 6 young (6144K), 2 survivors (2048K)
 Metaspace       used 70381K, committed 70976K, reserved 1114112K
  class space    used 10033K, committed 10304K, reserved 1048576K
}
Event: 7.599 GC heap after
{Heap after GC invocations=23 (full 0):
 garbage-first heap   total 141312K, used 66010K [0x0000000080000000, 0x0000000100000000)
  region size 1024K, 1 young (1024K), 1 survivors (1024K)
 Metaspace       used 70381K, committed 70976K, reserved 1114112K
  class space    used 10033K, committed 10304K, reserved 1048576K
}
Event: 8.088 GC heap before
{Heap before GC invocations=23 (full 0):
 garbage-first heap   total 141312K, used 115162K [0x0000000080000000, 0x0000000100000000)
  region size 1024K, 49 young (50176K), 1 survivors (1024K)
 Metaspace       used 77558K, committed 78144K, reserved 1179648K
  class space    used 10929K, committed 11200K, reserved 1048576K
}
Event: 8.090 GC heap after
{Heap after GC invocations=24 (full 0):
 garbage-first heap   total 141312K, used 66775K [0x0000000080000000, 0x0000000100000000)
  region size 1024K, 2 young (2048K), 2 survivors (2048K)
 Metaspace       used 77558K, committed 78144K, reserved 1179648K
  class space    used 10929K, committed 11200K, reserved 1048576K
}
Event: 8.345 GC heap before
{Heap before GC invocations=25 (full 0):
 garbage-first heap   total 141312K, used 126167K [0x0000000080000000, 0x0000000100000000)
  region size 1024K, 51 young (52224K), 2 survivors (2048K)
 Metaspace       used 78611K, committed 79360K, reserved 1179648K
  class space    used 11061K, committed 11392K, reserved 1048576K
}
Event: 8.354 GC heap after
{Heap after GC invocations=26 (full 0):
 garbage-first heap   total 142336K, used 80129K [0x0000000080000000, 0x0000000100000000)
  region size 1024K, 7 young (7168K), 7 survivors (7168K)
 Metaspace       used 78611K, committed 79360K, reserved 1179648K
  class space    used 11061K, committed 11392K, reserved 1048576K
}
Event: 8.358 GC heap before
{Heap before GC invocations=26 (full 0):
 garbage-first heap   total 142336K, used 81153K [0x0000000080000000, 0x0000000100000000)
  region size 1024K, 8 young (8192K), 7 survivors (7168K)
 Metaspace       used 78612K, committed 79360K, reserved 1179648K
  class space    used 11061K, committed 11392K, reserved 1048576K
}
Event: 8.363 GC heap after
{Heap after GC invocations=27 (full 0):
 garbage-first heap   total 142336K, used 81225K [0x0000000080000000, 0x0000000100000000)
  region size 1024K, 1 young (1024K), 1 survivors (1024K)
 Metaspace       used 78612K, committed 79360K, reserved 1179648K
  class space    used 11061K, committed 11392K, reserved 1048576K
}
Event: 8.367 GC heap before
{Heap before GC invocations=27 (full 0):
 garbage-first heap   total 142336K, used 82249K [0x0000000080000000, 0x0000000100000000)
  region size 1024K, 3 young (3072K), 1 survivors (1024K)
 Metaspace       used 78613K, committed 79360K, reserved 1179648K
  class space    used 11061K, committed 11392K, reserved 1048576K
}

Dll operation events (3 events):
Event: 0.006 Loaded shared library C:\Program Files\Android\Android Studio\jbr\bin\java.dll
Event: 0.107 Loaded shared library C:\Program Files\Android\Android Studio\jbr\bin\zip.dll
Event: 0.361 Loaded shared library C:\Program Files\Android\Android Studio\jbr\bin\verify.dll

Deoptimization events (20 events):
Event: 8.197 Thread 0x0000021905b68dd0 Uncommon trap: trap_request=0xffffff45 fr.pc=0x0000021970a03e44 relative=0x0000000000000284
Event: 8.197 Thread 0x0000021905b68dd0 Uncommon trap: reason=unstable_if action=reinterpret pc=0x0000021970a03e44 method=org.jetbrains.kotlin.com.intellij.util.text.CharArrayUtil.regionMatches(Ljava/lang/CharSequence;IILjava/lang/CharSequence;)Z @ 37 c2
Event: 8.197 Thread 0x0000021905b68dd0 DEOPT PACKING pc=0x0000021970a03e44 sp=0x000000de1edf4230
Event: 8.197 Thread 0x0000021905b68dd0 DEOPT UNPACKING pc=0x00000219703a69a3 sp=0x000000de1edf41d0 mode 2
Event: 8.297 Thread 0x0000021905b68dd0 Uncommon trap: trap_request=0xffffff45 fr.pc=0x0000021970abd72c relative=0x0000000000001b2c
Event: 8.297 Thread 0x0000021905b68dd0 Uncommon trap: reason=unstable_if action=reinterpret pc=0x0000021970abd72c method=org.jetbrains.kotlin.com.intellij.openapi.vfs.impl.ArchiveHandler.directoryEntry(Ljava/util/Map;Lorg/jetbrains/kotlin/com/intellij/openapi/diagnostic/Logger;Ljava/lang/Strin
Event: 8.297 Thread 0x0000021905b68dd0 DEOPT PACKING pc=0x0000021970abd72c sp=0x000000de1edf42f0
Event: 8.297 Thread 0x0000021905b68dd0 DEOPT UNPACKING pc=0x00000219703a69a3 sp=0x000000de1edf4268 mode 2
Event: 8.300 Thread 0x0000021905b68dd0 Uncommon trap: trap_request=0xffffff45 fr.pc=0x00000219709ff444 relative=0x0000000000000844
Event: 8.300 Thread 0x0000021905b68dd0 Uncommon trap: reason=unstable_if action=reinterpret pc=0x00000219709ff444 method=org.jetbrains.kotlin.com.intellij.openapi.vfs.impl.ZipEntryMap.get(Ljava/lang/Object;)Lorg/jetbrains/kotlin/com/intellij/openapi/vfs/impl/ArchiveHandler$EntryInfo; @ 61 c2
Event: 8.300 Thread 0x0000021905b68dd0 DEOPT PACKING pc=0x00000219709ff444 sp=0x000000de1edf42e0
Event: 8.300 Thread 0x0000021905b68dd0 DEOPT UNPACKING pc=0x00000219703a69a3 sp=0x000000de1edf42b8 mode 2
Event: 8.300 Thread 0x0000021905b68dd0 Uncommon trap: trap_request=0xffffff45 fr.pc=0x0000021970a00848 relative=0x00000000000004e8
Event: 8.300 Thread 0x0000021905b68dd0 Uncommon trap: reason=unstable_if action=reinterpret pc=0x0000021970a00848 method=org.jetbrains.kotlin.com.intellij.openapi.vfs.impl.ZipEntryMap.isTheOne(Lorg/jetbrains/kotlin/com/intellij/openapi/vfs/impl/ArchiveHandler$EntryInfo;Ljava/lang/CharSequence;
Event: 8.300 Thread 0x0000021905b68dd0 DEOPT PACKING pc=0x0000021970a00848 sp=0x000000de1edf4260
Event: 8.300 Thread 0x0000021905b68dd0 DEOPT UNPACKING pc=0x00000219703a69a3 sp=0x000000de1edf4238 mode 2
Event: 8.300 Thread 0x0000021905b68dd0 Uncommon trap: trap_request=0xffffff45 fr.pc=0x0000021970ac13d4 relative=0x0000000000000954
Event: 8.300 Thread 0x0000021905b68dd0 Uncommon trap: reason=unstable_if action=reinterpret pc=0x0000021970ac13d4 method=org.jetbrains.kotlin.com.intellij.openapi.vfs.impl.ZipEntryMap.put(Ljava/lang/String;Lorg/jetbrains/kotlin/com/intellij/openapi/vfs/impl/ArchiveHandler$EntryInfo;[Lorg/jetbr
Event: 8.300 Thread 0x0000021905b68dd0 DEOPT PACKING pc=0x0000021970ac13d4 sp=0x000000de1edf42c0
Event: 8.300 Thread 0x0000021905b68dd0 DEOPT UNPACKING pc=0x00000219703a69a3 sp=0x000000de1edf42b8 mode 2

Classes unloaded (0 events):
No events

Classes redefined (0 events):
No events

Internal exceptions (20 events):
Event: 6.496 Thread 0x0000021905b68dd0 Exception <a 'java/lang/NoSuchMethodError'{0x0000000087067fd8}: 'java.lang.Object java.lang.invoke.DirectMethodHandle$Holder.invokeSpecial(java.lang.Object, java.lang.Object, java.lang.Object, java.lang.Object, java.lang.Object, long)'> (0x0000000087067fd8) 
thrown [s\src\hotspot\share\interpreter\linkResolver.cpp, line 771]
Event: 6.498 Thread 0x0000021905b68dd0 Exception <a 'java/lang/NoSuchMethodError'{0x000000008708bb90}: 'void java.lang.invoke.DirectMethodHandle$Holder.invokeStatic(java.lang.Object, java.lang.Object, java.lang.Object, int, java.lang.Object)'> (0x000000008708bb90) 
thrown [s\src\hotspot\share\interpreter\linkResolver.cpp, line 771]
Event: 6.962 Thread 0x0000021905b68dd0 Exception <a 'java/lang/NoSuchMethodError'{0x0000000085081dc8}: 'void java.lang.invoke.DirectMethodHandle$Holder.invokeVirtual(java.lang.Object, java.lang.Object)'> (0x0000000085081dc8) 
thrown [s\src\hotspot\share\interpreter\linkResolver.cpp, line 771]
Event: 6.999 Thread 0x0000021905b68dd0 Exception <a 'java/lang/NoSuchMethodError'{0x0000000087586388}: 'java.lang.Object java.lang.invoke.DirectMethodHandle$Holder.invokeStaticInit(java.lang.Object, int)'> (0x0000000087586388) 
thrown [s\src\hotspot\share\interpreter\linkResolver.cpp, line 771]
Event: 7.346 Thread 0x0000021905b68dd0 Implicit null exception at 0x000002197092ff72 to 0x000002197093053c
Event: 7.414 Thread 0x0000021905b68dd0 Implicit null exception at 0x000002197094c4f2 to 0x000002197094cacc
Event: 7.547 Thread 0x0000021905b68dd0 Exception <a 'sun/nio/fs/WindowsException'{0x00000000856f0ff8}> (0x00000000856f0ff8) 
thrown [s\src\hotspot\share\prims\jni.cpp, line 517]
Event: 7.547 Thread 0x0000021905b68dd0 Exception <a 'sun/nio/fs/WindowsException'{0x00000000856f3058}> (0x00000000856f3058) 
thrown [s\src\hotspot\share\prims\jni.cpp, line 517]
Event: 7.612 Thread 0x0000021905b68dd0 Exception <a 'java/lang/NoSuchMethodError'{0x000000008874f240}: 'long java.lang.invoke.DirectMethodHandle$Holder.invokeStatic(java.lang.Object)'> (0x000000008874f240) 
thrown [s\src\hotspot\share\interpreter\linkResolver.cpp, line 771]
Event: 7.612 Thread 0x0000021905b68dd0 Exception <a 'java/lang/NoSuchMethodError'{0x0000000088754088}: 'long java.lang.invoke.DirectMethodHandle$Holder.invokeStaticInit(java.lang.Object)'> (0x0000000088754088) 
thrown [s\src\hotspot\share\interpreter\linkResolver.cpp, line 771]
Event: 7.655 Thread 0x0000021905b68dd0 Exception <a 'java/lang/NoSuchMethodError'{0x00000000881adc98}: 'long java.lang.invoke.Invokers$Holder.invoke_MT(java.lang.Object, java.lang.Object, java.lang.Object, java.lang.Object)'> (0x00000000881adc98) 
thrown [s\src\hotspot\share\interpreter\linkResolver.cpp, line 771]
Event: 7.657 Thread 0x0000021905b68dd0 Exception <a 'java/lang/NoSuchMethodError'{0x00000000881b72e8}: 'int java.lang.invoke.Invokers$Holder.invoke_MT(java.lang.Object, java.lang.Object, java.lang.Object, java.lang.Object)'> (0x00000000881b72e8) 
thrown [s\src\hotspot\share\interpreter\linkResolver.cpp, line 771]
Event: 7.658 Thread 0x0000021905b68dd0 Exception <a 'java/lang/NoSuchMethodError'{0x00000000881c7db8}: 'void java.lang.invoke.DelegatingMethodHandle$Holder.reinvoke_L(java.lang.Object, java.lang.Object, java.lang.Object, long, java.lang.Object)'> (0x00000000881c7db8) 
thrown [s\src\hotspot\share\interpreter\linkResolver.cpp, line 771]
Event: 7.658 Thread 0x0000021905b68dd0 Exception <a 'java/lang/NoSuchMethodError'{0x00000000881d0990}: 'java.lang.Object java.lang.invoke.DirectMethodHandle$Holder.invokeSpecial(java.lang.Object, java.lang.Object, java.lang.Object, java.lang.Object, long)'> (0x00000000881d0990) 
thrown [s\src\hotspot\share\interpreter\linkResolver.cpp, line 771]
Event: 7.659 Thread 0x0000021905b68dd0 Exception <a 'java/lang/NoSuchMethodError'{0x00000000881e1330}: 'int java.lang.invoke.DelegatingMethodHandle$Holder.reinvoke_L(java.lang.Object, java.lang.Object, java.lang.Object, long, java.lang.Object, java.lang.Object)'> (0x00000000881e1330) 
thrown [s\src\hotspot\share\interpreter\linkResolver.cpp, line 771]
Event: 7.660 Thread 0x0000021905b68dd0 Exception <a 'java/lang/NoSuchMethodError'{0x00000000881f1618}: 'int java.lang.invoke.DelegatingMethodHandle$Holder.reinvoke_L(java.lang.Object, java.lang.Object, java.lang.Object, long, int, int)'> (0x00000000881f1618) 
thrown [s\src\hotspot\share\interpreter\linkResolver.cpp, line 771]
Event: 7.660 Thread 0x0000021905b68dd0 Exception <a 'java/lang/NoSuchMethodError'{0x0000000088001ec0}: 'int java.lang.invoke.DelegatingMethodHandle$Holder.reinvoke_L(java.lang.Object, java.lang.Object, java.lang.Object, long, long, long)'> (0x0000000088001ec0) 
thrown [s\src\hotspot\share\interpreter\linkResolver.cpp, line 771]
Event: 7.661 Thread 0x0000021905b68dd0 Exception <a 'java/lang/NoSuchMethodError'{0x0000000088011c30}: 'int java.lang.invoke.DelegatingMethodHandle$Holder.reinvoke_L(java.lang.Object, java.lang.Object, java.lang.Object, long, int)'> (0x0000000088011c30) 
thrown [s\src\hotspot\share\interpreter\linkResolver.cpp, line 771]
Event: 8.112 Thread 0x0000021905b68dd0 Exception <a 'java/lang/NoSuchMethodError'{0x0000000088754bb0}: 'java.lang.Object java.lang.invoke.Invokers$Holder.invokeExact_MT(java.lang.Object, java.lang.Object, long, java.lang.Object)'> (0x0000000088754bb0) 
thrown [s\src\hotspot\share\interpreter\linkResolver.cpp, line 771]
Event: 8.157 Thread 0x0000021905b68dd0 Exception <a 'java/lang/NoSuchMethodError'{0x00000000885d9920}: 'java.lang.Object java.lang.invoke.Invokers$Holder.invoke_MT(java.lang.Object, java.lang.Object, java.lang.Object)'> (0x00000000885d9920) 
thrown [s\src\hotspot\share\interpreter\linkResolver.cpp, line 771]

VM Operations (20 events):
Event: 7.545 Executing VM operation: HandshakeAllThreads done
Event: 7.562 Executing VM operation: G1CollectForAllocation
Event: 7.564 Executing VM operation: G1CollectForAllocation done
Event: 7.597 Executing VM operation: G1CollectForAllocation
Event: 7.599 Executing VM operation: G1CollectForAllocation done
Event: 7.618 Executing VM operation: HandshakeAllThreads
Event: 7.618 Executing VM operation: HandshakeAllThreads done
Event: 8.036 Executing VM operation: HandshakeAllThreads
Event: 8.036 Executing VM operation: HandshakeAllThreads done
Event: 8.087 Executing VM operation: G1CollectForAllocation
Event: 8.090 Executing VM operation: G1CollectForAllocation done
Event: 8.113 Executing VM operation: G1PauseRemark
Event: 8.115 Executing VM operation: G1PauseRemark done
Event: 8.126 Executing VM operation: G1PauseCleanup
Event: 8.126 Executing VM operation: G1PauseCleanup done
Event: 8.345 Executing VM operation: G1CollectForAllocation
Event: 8.355 Executing VM operation: G1CollectForAllocation done
Event: 8.358 Executing VM operation: G1CollectForAllocation
Event: 8.363 Executing VM operation: G1CollectForAllocation done
Event: 8.367 Executing VM operation: G1TryInitiateConcMark

Events (20 events):
Event: 8.143 loading class jdk/internal/jrtfs/JrtFileSystemProvider$JrtFsLoader
Event: 8.143 loading class jdk/internal/jrtfs/JrtFileSystemProvider$JrtFsLoader done
Event: 8.148 loading class java/io/IOError
Event: 8.148 loading class java/io/IOError done
Event: 8.156 loading class java/nio/channels/FileChannel$MapMode
Event: 8.156 loading class java/nio/channels/FileChannel$MapMode done
Event: 8.156 loading class jdk/internal/misc/ExtendedMapMode
Event: 8.156 loading class jdk/internal/misc/ExtendedMapMode done
Event: 8.157 loading class sun/nio/ch/FileChannelImpl$DefaultUnmapper
Event: 8.158 loading class sun/nio/ch/FileChannelImpl$Unmapper
Event: 8.158 loading class jdk/internal/access/foreign/UnmapperProxy
Event: 8.158 loading class jdk/internal/access/foreign/UnmapperProxy done
Event: 8.158 loading class sun/nio/ch/FileChannelImpl$Unmapper done
Event: 8.158 loading class sun/nio/ch/FileChannelImpl$DefaultUnmapper done
Event: 8.158 loading class sun/nio/ch/Util$4
Event: 8.158 loading class sun/nio/ch/Util$4 done
Event: 8.158 loading class jdk/internal/access/foreign/MemorySegmentProxy
Event: 8.158 loading class jdk/internal/access/foreign/MemorySegmentProxy done
Event: 8.159 loading class java/io/UTFDataFormatException
Event: 8.159 loading class java/io/UTFDataFormatException done


Dynamic libraries:
0x00007ff68f500000 - 0x00007ff68f50a000 	C:\Program Files\Android\Android Studio\jbr\bin\java.exe
0x00007ffddf3d0000 - 0x00007ffddf5e7000 	C:\Windows\SYSTEM32\ntdll.dll
0x00007ffddd640000 - 0x00007ffddd704000 	C:\Windows\System32\KERNEL32.DLL
0x00007ffddc770000 - 0x00007ffddcb1d000 	C:\Windows\System32\KERNELBASE.dll
0x00007ffddcfe0000 - 0x00007ffddd0f1000 	C:\Windows\System32\ucrtbase.dll
0x00007ffdb1950000 - 0x00007ffdb1967000 	C:\Program Files\Android\Android Studio\jbr\bin\jli.dll
0x00007ffdd08d0000 - 0x00007ffdd08eb000 	C:\Program Files\Android\Android Studio\jbr\bin\VCRUNTIME140.dll
0x00007ffddf0c0000 - 0x00007ffddf26e000 	C:\Windows\System32\USER32.dll
0x00007ffddcc70000 - 0x00007ffddcc96000 	C:\Windows\System32\win32u.dll
0x00007ffddba50000 - 0x00007ffddbce3000 	C:\Windows\WinSxS\amd64_microsoft.windows.common-controls_6595b64144ccf1df_6.0.22621.3672_none_2713b9d173822955\COMCTL32.dll
0x00007ffdde430000 - 0x00007ffdde459000 	C:\Windows\System32\GDI32.dll
0x00007ffddd590000 - 0x00007ffddd637000 	C:\Windows\System32\msvcrt.dll
0x00007ffddcb20000 - 0x00007ffddcc39000 	C:\Windows\System32\gdi32full.dll
0x00007ffddcf40000 - 0x00007ffddcfda000 	C:\Windows\System32\msvcp_win.dll
0x00007ffddd550000 - 0x00007ffddd581000 	C:\Windows\System32\IMM32.DLL
0x00007ffdd8a10000 - 0x00007ffdd8a1c000 	C:\Program Files\Android\Android Studio\jbr\bin\vcruntime140_1.dll
0x00007ffdcf930000 - 0x00007ffdcf9bd000 	C:\Program Files\Android\Android Studio\jbr\bin\msvcp140.dll
0x00007ffd4f010000 - 0x00007ffd4fc93000 	C:\Program Files\Android\Android Studio\jbr\bin\server\jvm.dll
0x00007ffddf270000 - 0x00007ffddf322000 	C:\Windows\System32\ADVAPI32.dll
0x00007ffdddf30000 - 0x00007ffdddfd9000 	C:\Windows\System32\sechost.dll
0x00007ffddcc40000 - 0x00007ffddcc68000 	C:\Windows\System32\bcrypt.dll
0x00007ffddd730000 - 0x00007ffddd844000 	C:\Windows\System32\RPCRT4.dll
0x00007ffdb9d20000 - 0x00007ffdb9d29000 	C:\Windows\SYSTEM32\WSOCK32.dll
0x00007ffddb000000 - 0x00007ffddb00a000 	C:\Windows\SYSTEM32\VERSION.dll
0x00007ffddc000000 - 0x00007ffddc04d000 	C:\Windows\SYSTEM32\POWRPROF.dll
0x00007ffdde470000 - 0x00007ffdde4e1000 	C:\Windows\System32\WS2_32.dll
0x00007ffdd89c0000 - 0x00007ffdd89f4000 	C:\Windows\SYSTEM32\WINMM.dll
0x00007ffddbed0000 - 0x00007ffddbee3000 	C:\Windows\SYSTEM32\UMPDC.dll
0x00007ffdda780000 - 0x00007ffdda798000 	C:\Windows\SYSTEM32\kernel.appcore.dll
0x00007ffdd3b10000 - 0x00007ffdd3b1a000 	C:\Program Files\Android\Android Studio\jbr\bin\jimage.dll
0x00007ffddc050000 - 0x00007ffddc282000 	C:\Windows\SYSTEM32\DBGHELP.DLL
0x00007ffddd1c0000 - 0x00007ffddd54e000 	C:\Windows\System32\combase.dll
0x00007ffdddfe0000 - 0x00007ffdde0b7000 	C:\Windows\System32\OLEAUT32.dll
0x00007ffddbef0000 - 0x00007ffddbf22000 	C:\Windows\SYSTEM32\dbgcore.DLL
0x00007ffddc6f0000 - 0x00007ffddc76b000 	C:\Windows\System32\bcryptPrimitives.dll
0x00007ffdca760000 - 0x00007ffdca76e000 	C:\Program Files\Android\Android Studio\jbr\bin\instrument.dll
0x00007ffdc4730000 - 0x00007ffdc4755000 	C:\Program Files\Android\Android Studio\jbr\bin\java.dll
0x00007ffdc4690000 - 0x00007ffdc46a8000 	C:\Program Files\Android\Android Studio\jbr\bin\zip.dll
0x00007ffdde750000 - 0x00007ffddefb7000 	C:\Windows\System32\SHELL32.dll
0x00007ffdd96f0000 - 0x00007ffdd9fef000 	C:\Windows\SYSTEM32\windows.storage.dll
0x00007ffdd95b0000 - 0x00007ffdd96ef000 	C:\Windows\SYSTEM32\wintypes.dll
0x00007ffddefc0000 - 0x00007ffddf0b9000 	C:\Windows\System32\SHCORE.dll
0x00007ffddded0000 - 0x00007ffdddf2e000 	C:\Windows\System32\shlwapi.dll
0x00007ffddc620000 - 0x00007ffddc647000 	C:\Windows\SYSTEM32\profapi.dll
0x00007ffdc4670000 - 0x00007ffdc4689000 	C:\Program Files\Android\Android Studio\jbr\bin\net.dll
0x00007ffdd6890000 - 0x00007ffdd69c6000 	C:\Windows\SYSTEM32\WINHTTP.dll
0x00007ffddab90000 - 0x00007ffddabf9000 	C:\Windows\system32\mswsock.dll
0x00007ffdb5290000 - 0x00007ffdb52a6000 	C:\Program Files\Android\Android Studio\jbr\bin\nio.dll
0x00007ffdcae40000 - 0x00007ffdcae50000 	C:\Program Files\Android\Android Studio\jbr\bin\verify.dll
0x00007ffdd7370000 - 0x00007ffdd7397000 	C:\Users\alexeycode\.gradle\native\c067742578af261105cb4f569cf0c3c89f3d7b1fecec35dd04571415982c5e48\windows-amd64\native-platform.dll
0x00007ffd92eb0000 - 0x00007ffd92ff4000 	C:\Users\alexeycode\.gradle\native\38dada09dfb8b06ba9b0570ebf7e218e3eb74d4ef43ca46872605cf95ebc2f47\windows-amd64\native-platform-file-events.dll
0x00007ffdd0630000 - 0x00007ffdd0639000 	C:\Program Files\Android\Android Studio\jbr\bin\management.dll
0x00007ffdcf8c0000 - 0x00007ffdcf8cb000 	C:\Program Files\Android\Android Studio\jbr\bin\management_ext.dll
0x00007ffdde460000 - 0x00007ffdde468000 	C:\Windows\System32\PSAPI.DLL
0x00007ffddc390000 - 0x00007ffddc3ab000 	C:\Windows\SYSTEM32\CRYPTSP.dll
0x00007ffdda890000 - 0x00007ffdda8c5000 	C:\Windows\system32\rsaenh.dll
0x00007ffddac30000 - 0x00007ffddac58000 	C:\Windows\SYSTEM32\USERENV.dll
0x00007ffddaec0000 - 0x00007ffddaecc000 	C:\Windows\SYSTEM32\CRYPTBASE.dll
0x00007ffdda290000 - 0x00007ffdda2bd000 	C:\Windows\SYSTEM32\IPHLPAPI.DLL
0x00007ffddd9d0000 - 0x00007ffddd9d9000 	C:\Windows\System32\NSI.dll
0x00007ffdd66e0000 - 0x00007ffdd66f9000 	C:\Windows\SYSTEM32\dhcpcsvc6.DLL
0x00007ffdd6580000 - 0x00007ffdd659f000 	C:\Windows\SYSTEM32\dhcpcsvc.DLL
0x00007ffdda2c0000 - 0x00007ffdda3b8000 	C:\Windows\SYSTEM32\DNSAPI.dll
0x00007ffdcacc0000 - 0x00007ffdcacc8000 	C:\Windows\system32\wshunix.dll

dbghelp: loaded successfully - version: 4.0.5 - missing functions: none
symbol engine: initialized successfully - sym options: 0x614 - pdb path: .;C:\Program Files\Android\Android Studio\jbr\bin;C:\Windows\SYSTEM32;C:\Windows\WinSxS\amd64_microsoft.windows.common-controls_6595b64144ccf1df_6.0.22621.3672_none_2713b9d173822955;C:\Program Files\Android\Android Studio\jbr\bin\server;C:\Users\alexeycode\.gradle\native\c067742578af261105cb4f569cf0c3c89f3d7b1fecec35dd04571415982c5e48\windows-amd64;C:\Users\alexeycode\.gradle\native\38dada09dfb8b06ba9b0570ebf7e218e3eb74d4ef43ca46872605cf95ebc2f47\windows-amd64

VM Arguments:
jvm_args: --add-opens=java.base/java.util=ALL-UNNAMED --add-opens=java.base/java.lang=ALL-UNNAMED --add-opens=java.base/java.lang.invoke=ALL-UNNAMED --add-opens=java.prefs/java.util.prefs=ALL-UNNAMED --add-opens=java.base/java.nio.charset=ALL-UNNAMED --add-opens=java.base/java.net=ALL-UNNAMED --add-opens=java.base/java.util.concurrent.atomic=ALL-UNNAMED -Xmx2048m -Dfile.encoding=UTF-8 -Duser.country=RU -Duser.language=ru -Duser.variant -javaagent:C:\Users\alexeycode\.gradle\wrapper\dists\gradle-8.4-bin\1w5dpkrfk8irigvoxmyhowfim\gradle-8.4\lib\agents\gradle-instrumentation-agent-8.4.jar 
java_command: org.gradle.launcher.daemon.bootstrap.GradleDaemon 8.4
java_class_path (initial): C:\Users\alexeycode\.gradle\wrapper\dists\gradle-8.4-bin\1w5dpkrfk8irigvoxmyhowfim\gradle-8.4\lib\gradle-launcher-8.4.jar
Launcher Type: SUN_STANDARD

[Global flags]
     intx CICompilerCount                          = 4                                         {product} {ergonomic}
     uint ConcGCThreads                            = 3                                         {product} {ergonomic}
     uint G1ConcRefinementThreads                  = 10                                        {product} {ergonomic}
   size_t G1HeapRegionSize                         = 1048576                                   {product} {ergonomic}
    uintx GCDrainStackTargetSize                   = 64                                        {product} {ergonomic}
   size_t InitialHeapSize                          = 123731968                                 {product} {ergonomic}
   size_t MarkStackSize                            = 4194304                                   {product} {ergonomic}
   size_t MaxHeapSize                              = 2147483648                                {product} {command line}
   size_t MaxNewSize                               = 1287651328                                {product} {ergonomic}
   size_t MinHeapDeltaBytes                        = 1048576                                   {product} {ergonomic}
   size_t MinHeapSize                              = 8388608                                   {product} {ergonomic}
    uintx NonNMethodCodeHeapSize                   = 5839372                                {pd product} {ergonomic}
    uintx NonProfiledCodeHeapSize                  = 122909434                              {pd product} {ergonomic}
    uintx ProfiledCodeHeapSize                     = 122909434                              {pd product} {ergonomic}
    uintx ReservedCodeCacheSize                    = 251658240                              {pd product} {ergonomic}
     bool SegmentedCodeCache                       = true                                      {product} {ergonomic}
   size_t SoftMaxHeapSize                          = 2147483648                             {manageable} {ergonomic}
     bool UseCompressedClassPointers               = true                           {product lp64_product} {ergonomic}
     bool UseCompressedOops                        = true                           {product lp64_product} {ergonomic}
     bool UseG1GC                                  = true                                      {product} {ergonomic}
     bool UseLargePagesIndividualAllocation        = false                                  {pd product} {ergonomic}

Logging:
Log output configuration:
 #0: stdout all=warning uptime,level,tags
 #1: stderr all=off uptime,level,tags

Environment Variables:
PATH=C:\Program Files\Common Files\Oracle\Java\javapath;C:\Program Files\Microsoft\jdk-11.0.16.101-hotspot\bin;C:\Windows\system32;C:\Windows;C:\Windows\System32\Wbem;C:\Windows\System32\WindowsPowerShell\v1.0\;C:\Windows\System32\OpenSSH\;C:\Program Files (x86)\Windows Kits\10\Windows Performance Toolkit\;C:\Program Files\Git\cmd;C:\Program Files\Docker\Docker\resources\bin;C:\Program Files\LLVM\bin;C:\Program Files\CMake\bin;C:\Program Files (x86)\Android\android-sdk\platform-tools;C:\Program Files\ninja-win;C:\make-4.4\make-4.4;C:\Program Files\Cloudflare\Cloudflare WARP\;C:\Users\alexeycode\AppData\Local\Microsoft\WindowsApps;C:\Users\alexeycode\AppData\Local\GitHubDesktop\bin;C:\Users\alexeycode\AppData\Local\Programs\Microsoft VS Code\bin;C:\Users\alexeycode\AppData\Local\JetBrains\Toolbox\scripts;
USERNAME=alexeycode
OS=Windows_NT
PROCESSOR_IDENTIFIER=AMD64 Family 23 Model 104 Stepping 1, AuthenticAMD
TMP=C:\Users\ALEXEY~1\AppData\Local\Temp
TEMP=C:\Users\ALEXEY~1\AppData\Local\Temp



Periodic native trim disabled

JNI global refs:
JNI global refs: 28, weak refs: 14

JNI global refs memory usage: 843, weak refs: 841

OOME stack traces (most recent first):
Classloader memory used:
Loader org.gradle.internal.classloader.VisitableURLClassLoader                         : 5906K
Loader bootstrap                                                                       : 2509K
Loader org.gradle.initialization.MixInLegacyTypesClassLoader                           : 1055K
Loader org.gradle.internal.classloader.VisitableURLClassLoader$InstrumentingVisitableURLClassLoader: 101565B
Loader org.gradle.internal.classloader.VisitableURLClassLoader                         : 89775B
Loader jdk.internal.loader.ClassLoaders$PlatformClassLoader                            : 66848B
Loader jdk.internal.reflect.DelegatingClassLoader                                      : 33466B
Loader jdk.internal.loader.ClassLoaders$AppClassLoader                                 : 28124B
Loader jdk.internal.jrtfs.JrtFileSystemProvider$JrtFsLoader                            : 26777B
Loader org.gradle.groovy.scripts.internal.DefaultScriptCompilationHandler$ScriptClassLoader: 10837B
Loader org.codehaus.groovy.runtime.callsite.CallSiteClassLoader                        : 6362B

Classes loaded by more than one classloader:
Class org.gradle.internal.Cast                                                        : loaded 3 times (x 69B)
Class Program                                                                         : loaded 3 times (x 70B)
Class org.gradle.api.GradleException                                                  : loaded 3 times (x 80B)
Class org.gradle.internal.classpath.ClassPath                                         : loaded 2 times (x 68B)
Class org.gradle.api.internal.classpath.DefaultModuleRegistry                         : loaded 2 times (x 84B)
Class org.gradle.internal.exceptions.NonGradleCauseExceptionsHolder                   : loaded 2 times (x 68B)
Class Settings_gradle$1$1                                                             : loaded 2 times (x 72B)
Class com.intellij.openapi.externalSystem.model.ExternalSystemException               : loaded 2 times (x 84B)
Class jdk.internal.jimage.BasicImageReader$1                                          : loaded 2 times (x 75B)
Class org.gradle.api.Action                                                           : loaded 2 times (x 68B)
Class org.jetbrains.kotlin.idea.gradleTooling.model.samWithReceiver.SamWithReceiverModel: loaded 2 times (x 68B)
Class org.jetbrains.plugins.gradle.model.ExternalProject                              : loaded 2 times (x 68B)
Class org.jetbrains.plugins.gradle.model.IntelliJSettings                             : loaded 2 times (x 68B)
Class org.jetbrains.kotlin.idea.gradleTooling.KotlinMPPGradleModel                    : loaded 2 times (x 68B)
Class org.gradle.api.internal.DefaultClassPathProvider                                : loaded 2 times (x 74B)
Class org.gradle.internal.installation.GradleInstallation$1                           : loaded 2 times (x 73B)
Class jdk.internal.jrtfs.SystemImage$1                                                : loaded 2 times (x 76B)
Class jdk.internal.jrtfs.SystemImage$2                                                : loaded 2 times (x 74B)
Class org.gradle.internal.exceptions.DefaultMultiCauseException                       : loaded 2 times (x 89B)
Class org.gradle.tooling.model.UnsupportedMethodException                             : loaded 2 times (x 80B)
Class org.gradle.internal.time.MonotonicClock                                         : loaded 2 times (x 75B)
Class org.gradle.internal.classloader.FilteringClassLoader                            : loaded 2 times (x 103B)
Class jdk.internal.jimage.ImageReader$Resource                                        : loaded 2 times (x 82B)
Class jdk.internal.jrtfs.SystemImage                                                  : loaded 2 times (x 72B)
Class org.gradle.tooling.model.Model                                                  : loaded 2 times (x 68B)
Class org.gradle.internal.classpath.DefaultClassPath$ImmutableUniqueList$Builder      : loaded 2 times (x 73B)
Class org.jetbrains.kotlin.idea.gradleTooling.KotlinSourceSetContainer                : loaded 2 times (x 68B)
Class jdk.internal.jrtfs.JrtDirectoryStream$1                                         : loaded 2 times (x 81B)
Class org.gradle.internal.classloader.ClassLoaderVisitor                              : loaded 2 times (x 74B)
Class org.gradle.internal.time.DefaultCountdownTimer                                  : loaded 2 times (x 86B)
Class org.gradle.internal.service.DefaultServiceLocator                               : loaded 2 times (x 81B)
Class org.gradle.internal.service.UnknownServiceException                             : loaded 2 times (x 81B)
Class org.jetbrains.plugins.gradle.model.DependencyAccessorsModel                     : loaded 2 times (x 68B)
Class org.gradle.internal.classloader.DefaultClassLoaderFactory                       : loaded 2 times (x 80B)
Class jdk.internal.jimage.ImageReader$SharedImageReader                               : loaded 2 times (x 93B)
Class org.jetbrains.plugins.gradle.model.GradleExtensions                             : loaded 2 times (x 68B)
Class org.jetbrains.plugins.gradle.model.VersionCatalogsModel                         : loaded 2 times (x 68B)
Class org.gradle.internal.classloader.VisitableURLClassLoader$Spec                    : loaded 2 times (x 72B)
Class org.gradle.tooling.model.ProjectModel                                           : loaded 2 times (x 68B)
Class org.jetbrains.plugins.gradle.model.MavenRepositoryModel                         : loaded 2 times (x 68B)
Class org.gradle.tooling.internal.gradle.DefaultProjectIdentifier                     : loaded 2 times (x 84B)
Class org.gradle.util.GradleVersion                                                   : loaded 2 times (x 81B)
Class org.jetbrains.plugins.gradle.model.RepositoriesModel                            : loaded 2 times (x 68B)
Class kotlin.jvm.internal.markers.KMappedMarker                                       : loaded 2 times (x 68B)
Class org.gradle.api.internal.ClassPathProvider                                       : loaded 2 times (x 68B)
Class org.gradle.internal.classloader.ClasspathUtil$1                                 : loaded 2 times (x 74B)
Class org.gradle.internal.classloader.ClassLoaderFactory                              : loaded 2 times (x 68B)
Class jdk.internal.jimage.ImageHeader                                                 : loaded 2 times (x 69B)
Class org.gradle.api.internal.classpath.ManifestUtil                                  : loaded 2 times (x 69B)
Class org.gradle.api.specs.Spec                                                       : loaded 2 times (x 68B)
Class org.gradle.tooling.internal.gradle.GradleBuildIdentity                          : loaded 2 times (x 68B)
Class org.gradle.internal.IoActions                                                   : loaded 2 times (x 69B)
Class sync_studio_tooling3_cud0ggthr2tn78cs95qqx97wb                                  : loaded 2 times (x 177B)
Class org.gradle.api.internal.classpath.EffectiveClassPath                            : loaded 2 times (x 88B)
Class kotlin.jvm.internal.DefaultConstructorMarker                                    : loaded 2 times (x 69B)
Class org.jetbrains.kotlin.idea.gradleTooling.model.annotation.AnnotationBasedPluginModel: loaded 2 times (x 68B)
Class org.jetbrains.kotlin.idea.gradleTooling.model.assignment.AssignmentModel        : loaded 2 times (x 68B)
Class org.gradle.internal.installation.CurrentGradleInstallation                      : loaded 2 times (x 71B)
Class org.gradle.internal.agents.InstrumentingClassLoader                             : loaded 2 times (x 68B)
Class org.gradle.internal.installation.CurrentGradleInstallationLocator               : loaded 2 times (x 69B)
Class org.gradle.api.internal.classpath.Module                                        : loaded 2 times (x 68B)
Class ijInit4_dsgjcs3i55w9wtnsnl518t41l                                               : loaded 2 times (x 177B)
Class org.gradle.internal.service.CachingServiceLocator                               : loaded 2 times (x 80B)
Class org.gradle.internal.time.Timer                                                  : loaded 2 times (x 68B)
Class org.jetbrains.plugins.gradle.model.tests.ExternalTestsModel                     : loaded 2 times (x 68B)
Class org.jetbrains.kotlin.idea.gradleTooling.KotlinDslScriptAdditionalTask           : loaded 2 times (x 68B)
Class org.gradle.internal.classpath.DefaultClassPath                                  : loaded 2 times (x 88B)
Class jdk.internal.jimage.BasicImageReader                                            : loaded 2 times (x 93B)
Class com.intellij.openapi.externalSystem.model.project.dependencies.ProjectDependencies: loaded 2 times (x 68B)
Class org.jetbrains.kotlin.idea.gradleTooling.PrepareKotlinIdeImportTaskModel         : loaded 2 times (x 68B)
Class org.gradle.internal.impldep.com.google.common.base.Preconditions                : loaded 2 times (x 69B)
Class kotlin.jvm.functions.Function1                                                  : loaded 2 times (x 68B)
Class jdk.internal.jimage.ImageReader$Node                                            : loaded 2 times (x 82B)
Class org.gradle.internal.time.Time                                                   : loaded 2 times (x 69B)
Class sync_studio_tooling3_cud0ggthr2tn78cs95qqx97wb$_run_closure1                    : loaded 2 times (x 137B)
Class org.gradle.internal.time.TimeSource$1                                           : loaded 2 times (x 75B)
Class jdk.internal.jrtfs.JrtPath                                                      : loaded 2 times (x 116B)
Class jdk.internal.jimage.ImageStrings                                                : loaded 2 times (x 68B)
Class org.gradle.internal.classloader.SystemClassLoaderSpec                           : loaded 2 times (x 69B)
Class kotlin.Function                                                                 : loaded 2 times (x 68B)
Class org.gradle.api.UncheckedIOException                                             : loaded 2 times (x 80B)
Class org.gradle.api.internal.classpath.ModuleRegistry                                : loaded 2 times (x 68B)
Class jdk.internal.jimage.decompressor.Decompressor                                   : loaded 2 times (x 70B)
Class jdk.internal.jrtfs.JrtFileSystem                                                : loaded 2 times (x 100B)
Class org.gradle.tooling.internal.gradle.GradleProjectIdentity                        : loaded 2 times (x 68B)
Class jdk.internal.jrtfs.JrtFileSystemProvider                                        : loaded 2 times (x 97B)
Class org.gradle.internal.time.Clock                                                  : loaded 2 times (x 68B)
Class org.gradle.internal.time.CountdownTimer                                         : loaded 2 times (x 68B)
Class org.gradle.internal.classloader.ClasspathUtil                                   : loaded 2 times (x 69B)
Class jdk.internal.jrtfs.JrtDirectoryStream                                           : loaded 2 times (x 87B)
Class org.gradle.tooling.model.BuildIdentifier                                        : loaded 2 times (x 68B)
Class org.gradle.api.internal.DefaultClassPathRegistry                                : loaded 2 times (x 74B)
Class org.gradle.api.internal.classpath.DefaultModuleRegistry$DefaultModule           : loaded 2 times (x 84B)
Class org.gradle.internal.time.TimeSource                                             : loaded 2 times (x 68B)
Class org.jetbrains.kotlin.android.synthetic.idea.AndroidExtensionsGradleModel        : loaded 2 times (x 68B)
Class org.gradle.api.internal.classpath.UnknownModuleException                        : loaded 2 times (x 80B)
Class org.jetbrains.plugins.gradle.model.IntelliJProjectSettings                      : loaded 2 times (x 68B)
Class org.gradle.internal.service.ServiceLookupException                              : loaded 2 times (x 80B)
Class jdk.internal.jimage.ImageStringsReader                                          : loaded 2 times (x 78B)
Class org.gradle.cache.GlobalCache                                                    : loaded 2 times (x 68B)
Class org.jetbrains.kotlin.idea.gradleTooling.model.lombok.LombokModel                : loaded 2 times (x 68B)
Class org.gradle.tooling.model.ProjectIdentifier                                      : loaded 2 times (x 68B)
Class [Lorg.gradle.api.internal.ClassPathProvider;                                    : loaded 2 times (x 67B)
Class org.gradle.internal.operations.MultipleBuildOperationFailures                   : loaded 2 times (x 89B)
Class org.gradle.util.internal.GUtil                                                  : loaded 2 times (x 69B)
Class org.jetbrains.plugins.gradle.model.AnnotationProcessingModel                    : loaded 2 times (x 68B)
Class org.gradle.internal.classloader.ClassLoaderSpec                                 : loaded 2 times (x 69B)
Class org.jetbrains.plugins.gradle.model.BuildScriptClasspathModel                    : loaded 2 times (x 68B)
Class org.gradle.internal.classloader.VisitableURLClassLoader                         : loaded 2 times (x 115B)
Class org.gradle.internal.installation.GradleInstallation                             : loaded 2 times (x 73B)
Class org.gradle.api.internal.ClassPathRegistry                                       : loaded 2 times (x 68B)
Class org.gradle.internal.classloader.VisitableURLClassLoader$InstrumentingVisitableURLClassLoader: loaded 2 times (x 121B)
Class org.gradle.internal.classloader.ClassLoaderHierarchy                            : loaded 2 times (x 68B)
Class org.gradle.internal.exceptions.MultiCauseException                              : loaded 2 times (x 68B)
Class jdk.internal.jimage.ImageReader                                                 : loaded 2 times (x 73B)
Class org.jetbrains.kotlin.idea.gradleTooling.model.parcelize.ParcelizeGradleModel    : loaded 2 times (x 68B)
Class org.gradle.internal.InternalTransformer                                         : loaded 2 times (x 68B)
Class org.jetbrains.kotlin.idea.gradleTooling.model.noarg.NoArgModel                  : loaded 2 times (x 68B)
Class org.jetbrains.kotlin.idea.gradleTooling.KotlinGradleModel                       : loaded 2 times (x 68B)
Class org.gradle.tooling.internal.gradle.DefaultBuildIdentifier                       : loaded 2 times (x 77B)
Class org.gradle.internal.service.ServiceLocator                                      : loaded 2 times (x 68B)
Class Settings_gradle$1                                                               : loaded 2 times (x 72B)
Class org.jetbrains.kotlin.idea.gradleTooling.model.allopen.AllOpenModel              : loaded 2 times (x 68B)
Class org.gradle.internal.classpath.DefaultClassPath$ImmutableUniqueList              : loaded 2 times (x 159B)
Class org.gradle.internal.time.DefaultTimer                                           : loaded 2 times (x 78B)
Class org.gradle.internal.classpath.TransformedClassPath                              : loaded 2 times (x 94B)
Class Settings_gradle                                                                 : loaded 2 times (x 126B)
Class jdk.internal.jimage.ImageReader$Directory                                       : loaded 2 times (x 82B)


---------------  S Y S T E M  ---------------

OS:
 Windows 11 , 64 bit Build 22621 (10.0.22621.3958)
OS uptime: 1 days 17:09 hours
Hyper-V role detected

CPU: total 12 (initial active 12) (12 cores per cpu, 2 threads per core) family 23 model 104 stepping 1 microcode 0x0, cx8, cmov, fxsr, ht, mmx, 3dnowpref, sse, sse2, sse3, ssse3, sse4a, sse4.1, sse4.2, popcnt, lzcnt, tsc, tscinvbit, avx, avx2, aes, clmul, bmi1, bmi2, adx, sha, fma, vzeroupper, clflush, clflushopt, hv
Processor Information for processor 0
  Max Mhz: 2100, Current Mhz: 1988, Mhz Limit: 2100
Processor Information for processor 1
  Max Mhz: 2100, Current Mhz: 1988, Mhz Limit: 2100
Processor Information for processor 2
  Max Mhz: 2100, Current Mhz: 1988, Mhz Limit: 2100
Processor Information for processor 3
  Max Mhz: 2100, Current Mhz: 1988, Mhz Limit: 2100
Processor Information for processor 4
  Max Mhz: 2100, Current Mhz: 1988, Mhz Limit: 2100
Processor Information for processor 5
  Max Mhz: 2100, Current Mhz: 1988, Mhz Limit: 2100
Processor Information for processor 6
  Max Mhz: 2100, Current Mhz: 1988, Mhz Limit: 2100
Processor Information for processor 7
  Max Mhz: 2100, Current Mhz: 1988, Mhz Limit: 2100
Processor Information for processor 8
  Max Mhz: 2100, Current Mhz: 1988, Mhz Limit: 2100
Processor Information for processor 9
  Max Mhz: 2100, Current Mhz: 1988, Mhz Limit: 2100
Processor Information for processor 10
  Max Mhz: 2100, Current Mhz: 2100, Mhz Limit: 2100
Processor Information for processor 11
  Max Mhz: 2100, Current Mhz: 1988, Mhz Limit: 2100

Memory: 4k page, system-wide physical 7514M (354M free)
TotalPageFile size 31066M (AvailPageFile size 119M)
current process WorkingSet (physical memory assigned to process): 360M, peak: 360M
current process commit charge ("private bytes"): 398M, peak: 567M

vm_info: OpenJDK 64-Bit Server VM (17.0.9+0--11185874) for windows-amd64 JRE (17.0.9+0--11185874), built on Dec  6 2023 18:57:44 by "androidbuild" with MS VC++ 16.10 / 16.11 (VS2019)

END.
